<?xml version="1.0" encoding="UTF-8"?>
<testsuite xmlns:xsi="http://www.w3.org/2001/XMLSchema-instance" xsi:noNamespaceSchemaLocation="https://maven.apache.org/surefire/maven-surefire-plugin/xsd/surefire-test-report-3.0.xsd" version="3.0" name="TestSuite" time="65.953" tests="4" errors="0" skipped="0" failures="0">
  <properties>
    <property name="sun.desktop" value="windows"/>
    <property name="awt.toolkit" value="sun.awt.windows.WToolkit"/>
    <property name="file.encoding.pkg" value="sun.io"/>
    <property name="java.specification.version" value="1.8"/>
    <property name="sun.cpu.isalist" value="amd64"/>
    <property name="sun.jnu.encoding" value="Cp1252"/>
    <property name="java.class.path" value="C:\Users\namrotadutta\eclipse-workspace-new\AppiumCucumberProject\target\test-classes;C:\Users\namrotadutta\eclipse-workspace-new\AppiumCucumberProject\target\classes;C:\Users\namrotadutta\.m2\repository\org\apache\logging\log4j\log4j-api\2.17.1\log4j-api-2.17.1.jar;C:\Users\namrotadutta\.m2\repository\org\apache\logging\log4j\log4j-core\2.17.1\log4j-core-2.17.1.jar;C:\Users\namrotadutta\.m2\repository\org\apache\logging\log4j\log4j-1.2-api\2.0.2\log4j-1.2-api-2.0.2.jar;C:\Users\namrotadutta\.m2\repository\org\slf4j\slf4j-log4j12\1.7.26\slf4j-log4j12-1.7.26.jar;C:\Users\namrotadutta\.m2\repository\org\slf4j\slf4j-api\1.7.26\slf4j-api-1.7.26.jar;C:\Users\namrotadutta\.m2\repository\log4j\log4j\1.2.17\log4j-1.2.17.jar;C:\Users\namrotadutta\.m2\repository\com\vimalselvam\cucumber-extentsreport\3.0.2\cucumber-extentsreport-3.0.2.jar;C:\Users\namrotadutta\.m2\repository\com\aventstack\extentreports\3.0.6\extentreports-3.0.6.jar;C:\Users\namrotadutta\.m2\repository\org\freemarker\freemarker\2.3.23\freemarker-2.3.23.jar;C:\Users\namrotadutta\.m2\repository\org\mongodb\mongodb-driver\3.3.0\mongodb-driver-3.3.0.jar;C:\Users\namrotadutta\.m2\repository\org\mongodb\bson\3.3.0\bson-3.3.0.jar;C:\Users\namrotadutta\.m2\repository\org\mongodb\mongodb-driver-core\3.3.0\mongodb-driver-core-3.3.0.jar;C:\Users\namrotadutta\.m2\repository\org\apache\httpcomponents\httpclient\4.5.2\httpclient-4.5.2.jar;C:\Users\namrotadutta\.m2\repository\org\apache\httpcomponents\httpcore\4.4.4\httpcore-4.4.4.jar;C:\Users\namrotadutta\.m2\repository\commons-logging\commons-logging\1.2\commons-logging-1.2.jar;C:\Users\namrotadutta\.m2\repository\commons-codec\commons-codec\1.9\commons-codec-1.9.jar;C:\Users\namrotadutta\.m2\repository\org\apache\httpcomponents\httpmime\4.5.2\httpmime-4.5.2.jar;C:\Users\namrotadutta\.m2\repository\org\jsoup\jsoup\1.9.2\jsoup-1.9.2.jar;C:\Users\namrotadutta\.m2\repository\info\cukes\cucumber-picocontainer\1.2.5\cucumber-picocontainer-1.2.5.jar;C:\Users\namrotadutta\.m2\repository\org\picocontainer\picocontainer\2.15\picocontainer-2.15.jar;C:\Users\namrotadutta\.m2\repository\info\cukes\cucumber-java\1.2.5\cucumber-java-1.2.5.jar;C:\Users\namrotadutta\.m2\repository\info\cukes\cucumber-core\1.2.5\cucumber-core-1.2.5.jar;C:\Users\namrotadutta\.m2\repository\info\cukes\cucumber-html\0.2.3\cucumber-html-0.2.3.jar;C:\Users\namrotadutta\.m2\repository\info\cukes\cucumber-testng\1.2.5\cucumber-testng-1.2.5.jar;C:\Users\namrotadutta\.m2\repository\org\testng\testng\6.14.3\testng-6.14.3.jar;C:\Users\namrotadutta\.m2\repository\com\beust\jcommander\1.72\jcommander-1.72.jar;C:\Users\namrotadutta\.m2\repository\org\apache-extras\beanshell\bsh\2.0b6\bsh-2.0b6.jar;C:\Users\namrotadutta\.m2\repository\info\cukes\cucumber-jvm-deps\1.0.5\cucumber-jvm-deps-1.0.5.jar;C:\Users\namrotadutta\.m2\repository\net\masterthought\cucumber-reporting\1.0.0\cucumber-reporting-1.0.0.jar;C:\Users\namrotadutta\.m2\repository\com\google\code\gson\gson\2.4\gson-2.4.jar;C:\Users\namrotadutta\.m2\repository\org\apache\velocity\velocity\1.7\velocity-1.7.jar;C:\Users\namrotadutta\.m2\repository\commons-collections\commons-collections\3.2.1\commons-collections-3.2.1.jar;C:\Users\namrotadutta\.m2\repository\commons-lang\commons-lang\2.4\commons-lang-2.4.jar;C:\Users\namrotadutta\.m2\repository\velocity-tools\velocity-tools\1.4\velocity-tools-1.4.jar;C:\Users\namrotadutta\.m2\repository\joda-time\joda-time\2.9.1\joda-time-2.9.1.jar;C:\Users\namrotadutta\.m2\repository\org\apache\commons\commons-lang3\3.4\commons-lang3-3.4.jar;C:\Users\namrotadutta\.m2\repository\commons-io\commons-io\2.4\commons-io-2.4.jar;C:\Users\namrotadutta\.m2\repository\net\lingala\zip4j\zip4j\1.3.2\zip4j-1.3.2.jar;C:\Users\namrotadutta\.m2\repository\org\apache\maven\plugins\maven-gpg-plugin\1.6\maven-gpg-plugin-1.6.jar;C:\Users\namrotadutta\.m2\repository\org\apache\maven\maven-plugin-api\2.2.1\maven-plugin-api-2.2.1.jar;C:\Users\namrotadutta\.m2\repository\org\apache\maven\maven-project\2.2.1\maven-project-2.2.1.jar;C:\Users\namrotadutta\.m2\repository\org\apache\maven\maven-settings\2.2.1\maven-settings-2.2.1.jar;C:\Users\namrotadutta\.m2\repository\org\apache\maven\maven-profile\2.2.1\maven-profile-2.2.1.jar;C:\Users\namrotadutta\.m2\repository\org\apache\maven\maven-artifact-manager\2.2.1\maven-artifact-manager-2.2.1.jar;C:\Users\namrotadutta\.m2\repository\org\apache\maven\wagon\wagon-provider-api\1.0-beta-6\wagon-provider-api-1.0-beta-6.jar;C:\Users\namrotadutta\.m2\repository\backport-util-concurrent\backport-util-concurrent\3.1\backport-util-concurrent-3.1.jar;C:\Users\namrotadutta\.m2\repository\org\apache\maven\maven-plugin-registry\2.2.1\maven-plugin-registry-2.2.1.jar;C:\Users\namrotadutta\.m2\repository\org\codehaus\plexus\plexus-interpolation\1.11\plexus-interpolation-1.11.jar;C:\Users\namrotadutta\.m2\repository\org\codehaus\plexus\plexus-container-default\1.0-alpha-9-stable-1\plexus-container-default-1.0-alpha-9-stable-1.jar;C:\Users\namrotadutta\.m2\repository\junit\junit\3.8.1\junit-3.8.1.jar;C:\Users\namrotadutta\.m2\repository\classworlds\classworlds\1.1-alpha-2\classworlds-1.1-alpha-2.jar;C:\Users\namrotadutta\.m2\repository\org\apache\maven\maven-artifact\2.2.1\maven-artifact-2.2.1.jar;C:\Users\namrotadutta\.m2\repository\org\apache\maven\maven-repository-metadata\2.2.1\maven-repository-metadata-2.2.1.jar;C:\Users\namrotadutta\.m2\repository\org\apache\maven\maven-model\2.2.1\maven-model-2.2.1.jar;C:\Users\namrotadutta\.m2\repository\org\codehaus\plexus\plexus-utils\3.0.20\plexus-utils-3.0.20.jar;C:\Users\namrotadutta\.m2\repository\org\sonatype\plexus\plexus-sec-dispatcher\1.4\plexus-sec-dispatcher-1.4.jar;C:\Users\namrotadutta\.m2\repository\org\sonatype\plexus\plexus-cipher\1.4\plexus-cipher-1.4.jar;C:\Users\namrotadutta\.m2\repository\info\cukes\gherkin\2.12.2\gherkin-2.12.2.jar;C:\Users\namrotadutta\.m2\repository\io\cucumber\cucumber-java\5.7.0\cucumber-java-5.7.0.jar;C:\Users\namrotadutta\.m2\repository\io\cucumber\cucumber-core\5.7.0\cucumber-core-5.7.0.jar;C:\Users\namrotadutta\.m2\repository\io\cucumber\cucumber-gherkin\5.7.0\cucumber-gherkin-5.7.0.jar;C:\Users\namrotadutta\.m2\repository\io\cucumber\cucumber-gherkin-vintage\5.7.0\cucumber-gherkin-vintage-5.7.0.jar;C:\Users\namrotadutta\.m2\repository\io\cucumber\tag-expressions\2.0.4\tag-expressions-2.0.4.jar;C:\Users\namrotadutta\.m2\repository\io\cucumber\cucumber-expressions\8.3.1\cucumber-expressions-8.3.1.jar;C:\Users\namrotadutta\.m2\repository\io\cucumber\datatable\3.3.1\datatable-3.3.1.jar;C:\Users\namrotadutta\.m2\repository\io\cucumber\cucumber-plugin\5.7.0\cucumber-plugin-5.7.0.jar;C:\Users\namrotadutta\.m2\repository\io\cucumber\docstring\5.7.0\docstring-5.7.0.jar;C:\Users\namrotadutta\.m2\repository\org\apiguardian\apiguardian-api\1.1.0\apiguardian-api-1.1.0.jar;C:\Users\namrotadutta\.m2\repository\io\appium\java-client\6.1.0\java-client-6.1.0.jar;C:\Users\namrotadutta\.m2\repository\org\seleniumhq\selenium\selenium-support\3.12.0\selenium-support-3.12.0.jar;C:\Users\namrotadutta\.m2\repository\cglib\cglib\3.2.6\cglib-3.2.6.jar;C:\Users\namrotadutta\.m2\repository\org\ow2\asm\asm\6.0\asm-6.0.jar;C:\Users\namrotadutta\.m2\repository\org\apache\ant\ant\1.9.6\ant-1.9.6.jar;C:\Users\namrotadutta\.m2\repository\org\apache\ant\ant-launcher\1.9.6\ant-launcher-1.9.6.jar;C:\Users\namrotadutta\.m2\repository\commons-validator\commons-validator\1.6\commons-validator-1.6.jar;C:\Users\namrotadutta\.m2\repository\commons-beanutils\commons-beanutils\1.9.2\commons-beanutils-1.9.2.jar;C:\Users\namrotadutta\.m2\repository\commons-digester\commons-digester\1.8.1\commons-digester-1.8.1.jar;C:\Users\namrotadutta\.m2\repository\org\springframework\spring-context\5.0.5.RELEASE\spring-context-5.0.5.RELEASE.jar;C:\Users\namrotadutta\.m2\repository\org\springframework\spring-aop\5.0.5.RELEASE\spring-aop-5.0.5.RELEASE.jar;C:\Users\namrotadutta\.m2\repository\org\springframework\spring-beans\5.0.5.RELEASE\spring-beans-5.0.5.RELEASE.jar;C:\Users\namrotadutta\.m2\repository\org\springframework\spring-core\5.0.5.RELEASE\spring-core-5.0.5.RELEASE.jar;C:\Users\namrotadutta\.m2\repository\org\springframework\spring-jcl\5.0.5.RELEASE\spring-jcl-5.0.5.RELEASE.jar;C:\Users\namrotadutta\.m2\repository\org\springframework\spring-expression\5.0.5.RELEASE\spring-expression-5.0.5.RELEASE.jar;C:\Users\namrotadutta\.m2\repository\org\aspectj\aspectjweaver\1.9.1\aspectjweaver-1.9.1.jar;C:\Users\namrotadutta\.m2\repository\org\openpnp\opencv\3.2.0-1\opencv-3.2.0-1.jar;C:\Users\namrotadutta\.m2\repository\org\seleniumhq\selenium\selenium-java\3.141.5\selenium-java-3.141.5.jar;C:\Users\namrotadutta\.m2\repository\org\seleniumhq\selenium\selenium-chrome-driver\3.141.5\selenium-chrome-driver-3.141.5.jar;C:\Users\namrotadutta\.m2\repository\org\seleniumhq\selenium\selenium-edge-driver\3.141.5\selenium-edge-driver-3.141.5.jar;C:\Users\namrotadutta\.m2\repository\org\seleniumhq\selenium\selenium-firefox-driver\3.141.5\selenium-firefox-driver-3.141.5.jar;C:\Users\namrotadutta\.m2\repository\org\seleniumhq\selenium\selenium-ie-driver\3.141.5\selenium-ie-driver-3.141.5.jar;C:\Users\namrotadutta\.m2\repository\org\seleniumhq\selenium\selenium-opera-driver\3.141.5\selenium-opera-driver-3.141.5.jar;C:\Users\namrotadutta\.m2\repository\org\seleniumhq\selenium\selenium-remote-driver\3.141.5\selenium-remote-driver-3.141.5.jar;C:\Users\namrotadutta\.m2\repository\org\seleniumhq\selenium\selenium-safari-driver\3.141.5\selenium-safari-driver-3.141.5.jar;C:\Users\namrotadutta\.m2\repository\net\bytebuddy\byte-buddy\1.8.15\byte-buddy-1.8.15.jar;C:\Users\namrotadutta\.m2\repository\org\apache\commons\commons-exec\1.3\commons-exec-1.3.jar;C:\Users\namrotadutta\.m2\repository\com\google\guava\guava\25.0-jre\guava-25.0-jre.jar;C:\Users\namrotadutta\.m2\repository\com\google\code\findbugs\jsr305\1.3.9\jsr305-1.3.9.jar;C:\Users\namrotadutta\.m2\repository\org\checkerframework\checker-compat-qual\2.0.0\checker-compat-qual-2.0.0.jar;C:\Users\namrotadutta\.m2\repository\com\google\errorprone\error_prone_annotations\2.1.3\error_prone_annotations-2.1.3.jar;C:\Users\namrotadutta\.m2\repository\com\google\j2objc\j2objc-annotations\1.1\j2objc-annotations-1.1.jar;C:\Users\namrotadutta\.m2\repository\org\codehaus\mojo\animal-sniffer-annotations\1.14\animal-sniffer-annotations-1.14.jar;C:\Users\namrotadutta\.m2\repository\com\squareup\okhttp3\okhttp\3.11.0\okhttp-3.11.0.jar;C:\Users\namrotadutta\.m2\repository\com\squareup\okio\okio\1.14.0\okio-1.14.0.jar;C:\Users\namrotadutta\.m2\repository\org\seleniumhq\selenium\selenium-api\3.141.5\selenium-api-3.141.5.jar;"/>
    <property name="java.vm.vendor" value="Oracle Corporation"/>
    <property name="sun.arch.data.model" value="64"/>
    <property name="user.variant" value=""/>
    <property name="java.vendor.url" value="http://java.oracle.com/"/>
    <property name="user.timezone" value="Asia/Calcutta"/>
    <property name="java.vm.specification.version" value="1.8"/>
    <property name="os.name" value="Windows 10"/>
    <property name="user.country" value="IN"/>
    <property name="sun.java.launcher" value="SUN_STANDARD"/>
    <property name="sun.boot.library.path" value="C:\Program Files\Java\jdk1.8.0_202\jre\bin"/>
    <property name="sun.java.command" value="C:\Users\namrotadutta\AppData\Local\Temp\surefire8542887215225531240\surefirebooter197483204685185181.jar C:\Users\namrotadutta\AppData\Local\Temp\surefire8542887215225531240 2022-03-22T09-48-08_029-jvmRun1 surefire3470812463258609545tmp surefire_0383028619228482766tmp"/>
    <property name="surefire.test.class.path" value="C:\Users\namrotadutta\eclipse-workspace-new\AppiumCucumberProject\target\test-classes;C:\Users\namrotadutta\eclipse-workspace-new\AppiumCucumberProject\target\classes;C:\Users\namrotadutta\.m2\repository\org\apache\logging\log4j\log4j-api\2.17.1\log4j-api-2.17.1.jar;C:\Users\namrotadutta\.m2\repository\org\apache\logging\log4j\log4j-core\2.17.1\log4j-core-2.17.1.jar;C:\Users\namrotadutta\.m2\repository\org\apache\logging\log4j\log4j-1.2-api\2.0.2\log4j-1.2-api-2.0.2.jar;C:\Users\namrotadutta\.m2\repository\org\slf4j\slf4j-log4j12\1.7.26\slf4j-log4j12-1.7.26.jar;C:\Users\namrotadutta\.m2\repository\org\slf4j\slf4j-api\1.7.26\slf4j-api-1.7.26.jar;C:\Users\namrotadutta\.m2\repository\log4j\log4j\1.2.17\log4j-1.2.17.jar;C:\Users\namrotadutta\.m2\repository\com\vimalselvam\cucumber-extentsreport\3.0.2\cucumber-extentsreport-3.0.2.jar;C:\Users\namrotadutta\.m2\repository\com\aventstack\extentreports\3.0.6\extentreports-3.0.6.jar;C:\Users\namrotadutta\.m2\repository\org\freemarker\freemarker\2.3.23\freemarker-2.3.23.jar;C:\Users\namrotadutta\.m2\repository\org\mongodb\mongodb-driver\3.3.0\mongodb-driver-3.3.0.jar;C:\Users\namrotadutta\.m2\repository\org\mongodb\bson\3.3.0\bson-3.3.0.jar;C:\Users\namrotadutta\.m2\repository\org\mongodb\mongodb-driver-core\3.3.0\mongodb-driver-core-3.3.0.jar;C:\Users\namrotadutta\.m2\repository\org\apache\httpcomponents\httpclient\4.5.2\httpclient-4.5.2.jar;C:\Users\namrotadutta\.m2\repository\org\apache\httpcomponents\httpcore\4.4.4\httpcore-4.4.4.jar;C:\Users\namrotadutta\.m2\repository\commons-logging\commons-logging\1.2\commons-logging-1.2.jar;C:\Users\namrotadutta\.m2\repository\commons-codec\commons-codec\1.9\commons-codec-1.9.jar;C:\Users\namrotadutta\.m2\repository\org\apache\httpcomponents\httpmime\4.5.2\httpmime-4.5.2.jar;C:\Users\namrotadutta\.m2\repository\org\jsoup\jsoup\1.9.2\jsoup-1.9.2.jar;C:\Users\namrotadutta\.m2\repository\info\cukes\cucumber-picocontainer\1.2.5\cucumber-picocontainer-1.2.5.jar;C:\Users\namrotadutta\.m2\repository\org\picocontainer\picocontainer\2.15\picocontainer-2.15.jar;C:\Users\namrotadutta\.m2\repository\info\cukes\cucumber-java\1.2.5\cucumber-java-1.2.5.jar;C:\Users\namrotadutta\.m2\repository\info\cukes\cucumber-core\1.2.5\cucumber-core-1.2.5.jar;C:\Users\namrotadutta\.m2\repository\info\cukes\cucumber-html\0.2.3\cucumber-html-0.2.3.jar;C:\Users\namrotadutta\.m2\repository\info\cukes\cucumber-testng\1.2.5\cucumber-testng-1.2.5.jar;C:\Users\namrotadutta\.m2\repository\org\testng\testng\6.14.3\testng-6.14.3.jar;C:\Users\namrotadutta\.m2\repository\com\beust\jcommander\1.72\jcommander-1.72.jar;C:\Users\namrotadutta\.m2\repository\org\apache-extras\beanshell\bsh\2.0b6\bsh-2.0b6.jar;C:\Users\namrotadutta\.m2\repository\info\cukes\cucumber-jvm-deps\1.0.5\cucumber-jvm-deps-1.0.5.jar;C:\Users\namrotadutta\.m2\repository\net\masterthought\cucumber-reporting\1.0.0\cucumber-reporting-1.0.0.jar;C:\Users\namrotadutta\.m2\repository\com\google\code\gson\gson\2.4\gson-2.4.jar;C:\Users\namrotadutta\.m2\repository\org\apache\velocity\velocity\1.7\velocity-1.7.jar;C:\Users\namrotadutta\.m2\repository\commons-collections\commons-collections\3.2.1\commons-collections-3.2.1.jar;C:\Users\namrotadutta\.m2\repository\commons-lang\commons-lang\2.4\commons-lang-2.4.jar;C:\Users\namrotadutta\.m2\repository\velocity-tools\velocity-tools\1.4\velocity-tools-1.4.jar;C:\Users\namrotadutta\.m2\repository\joda-time\joda-time\2.9.1\joda-time-2.9.1.jar;C:\Users\namrotadutta\.m2\repository\org\apache\commons\commons-lang3\3.4\commons-lang3-3.4.jar;C:\Users\namrotadutta\.m2\repository\commons-io\commons-io\2.4\commons-io-2.4.jar;C:\Users\namrotadutta\.m2\repository\net\lingala\zip4j\zip4j\1.3.2\zip4j-1.3.2.jar;C:\Users\namrotadutta\.m2\repository\org\apache\maven\plugins\maven-gpg-plugin\1.6\maven-gpg-plugin-1.6.jar;C:\Users\namrotadutta\.m2\repository\org\apache\maven\maven-plugin-api\2.2.1\maven-plugin-api-2.2.1.jar;C:\Users\namrotadutta\.m2\repository\org\apache\maven\maven-project\2.2.1\maven-project-2.2.1.jar;C:\Users\namrotadutta\.m2\repository\org\apache\maven\maven-settings\2.2.1\maven-settings-2.2.1.jar;C:\Users\namrotadutta\.m2\repository\org\apache\maven\maven-profile\2.2.1\maven-profile-2.2.1.jar;C:\Users\namrotadutta\.m2\repository\org\apache\maven\maven-artifact-manager\2.2.1\maven-artifact-manager-2.2.1.jar;C:\Users\namrotadutta\.m2\repository\org\apache\maven\wagon\wagon-provider-api\1.0-beta-6\wagon-provider-api-1.0-beta-6.jar;C:\Users\namrotadutta\.m2\repository\backport-util-concurrent\backport-util-concurrent\3.1\backport-util-concurrent-3.1.jar;C:\Users\namrotadutta\.m2\repository\org\apache\maven\maven-plugin-registry\2.2.1\maven-plugin-registry-2.2.1.jar;C:\Users\namrotadutta\.m2\repository\org\codehaus\plexus\plexus-interpolation\1.11\plexus-interpolation-1.11.jar;C:\Users\namrotadutta\.m2\repository\org\codehaus\plexus\plexus-container-default\1.0-alpha-9-stable-1\plexus-container-default-1.0-alpha-9-stable-1.jar;C:\Users\namrotadutta\.m2\repository\junit\junit\3.8.1\junit-3.8.1.jar;C:\Users\namrotadutta\.m2\repository\classworlds\classworlds\1.1-alpha-2\classworlds-1.1-alpha-2.jar;C:\Users\namrotadutta\.m2\repository\org\apache\maven\maven-artifact\2.2.1\maven-artifact-2.2.1.jar;C:\Users\namrotadutta\.m2\repository\org\apache\maven\maven-repository-metadata\2.2.1\maven-repository-metadata-2.2.1.jar;C:\Users\namrotadutta\.m2\repository\org\apache\maven\maven-model\2.2.1\maven-model-2.2.1.jar;C:\Users\namrotadutta\.m2\repository\org\codehaus\plexus\plexus-utils\3.0.20\plexus-utils-3.0.20.jar;C:\Users\namrotadutta\.m2\repository\org\sonatype\plexus\plexus-sec-dispatcher\1.4\plexus-sec-dispatcher-1.4.jar;C:\Users\namrotadutta\.m2\repository\org\sonatype\plexus\plexus-cipher\1.4\plexus-cipher-1.4.jar;C:\Users\namrotadutta\.m2\repository\info\cukes\gherkin\2.12.2\gherkin-2.12.2.jar;C:\Users\namrotadutta\.m2\repository\io\cucumber\cucumber-java\5.7.0\cucumber-java-5.7.0.jar;C:\Users\namrotadutta\.m2\repository\io\cucumber\cucumber-core\5.7.0\cucumber-core-5.7.0.jar;C:\Users\namrotadutta\.m2\repository\io\cucumber\cucumber-gherkin\5.7.0\cucumber-gherkin-5.7.0.jar;C:\Users\namrotadutta\.m2\repository\io\cucumber\cucumber-gherkin-vintage\5.7.0\cucumber-gherkin-vintage-5.7.0.jar;C:\Users\namrotadutta\.m2\repository\io\cucumber\tag-expressions\2.0.4\tag-expressions-2.0.4.jar;C:\Users\namrotadutta\.m2\repository\io\cucumber\cucumber-expressions\8.3.1\cucumber-expressions-8.3.1.jar;C:\Users\namrotadutta\.m2\repository\io\cucumber\datatable\3.3.1\datatable-3.3.1.jar;C:\Users\namrotadutta\.m2\repository\io\cucumber\cucumber-plugin\5.7.0\cucumber-plugin-5.7.0.jar;C:\Users\namrotadutta\.m2\repository\io\cucumber\docstring\5.7.0\docstring-5.7.0.jar;C:\Users\namrotadutta\.m2\repository\org\apiguardian\apiguardian-api\1.1.0\apiguardian-api-1.1.0.jar;C:\Users\namrotadutta\.m2\repository\io\appium\java-client\6.1.0\java-client-6.1.0.jar;C:\Users\namrotadutta\.m2\repository\org\seleniumhq\selenium\selenium-support\3.12.0\selenium-support-3.12.0.jar;C:\Users\namrotadutta\.m2\repository\cglib\cglib\3.2.6\cglib-3.2.6.jar;C:\Users\namrotadutta\.m2\repository\org\ow2\asm\asm\6.0\asm-6.0.jar;C:\Users\namrotadutta\.m2\repository\org\apache\ant\ant\1.9.6\ant-1.9.6.jar;C:\Users\namrotadutta\.m2\repository\org\apache\ant\ant-launcher\1.9.6\ant-launcher-1.9.6.jar;C:\Users\namrotadutta\.m2\repository\commons-validator\commons-validator\1.6\commons-validator-1.6.jar;C:\Users\namrotadutta\.m2\repository\commons-beanutils\commons-beanutils\1.9.2\commons-beanutils-1.9.2.jar;C:\Users\namrotadutta\.m2\repository\commons-digester\commons-digester\1.8.1\commons-digester-1.8.1.jar;C:\Users\namrotadutta\.m2\repository\org\springframework\spring-context\5.0.5.RELEASE\spring-context-5.0.5.RELEASE.jar;C:\Users\namrotadutta\.m2\repository\org\springframework\spring-aop\5.0.5.RELEASE\spring-aop-5.0.5.RELEASE.jar;C:\Users\namrotadutta\.m2\repository\org\springframework\spring-beans\5.0.5.RELEASE\spring-beans-5.0.5.RELEASE.jar;C:\Users\namrotadutta\.m2\repository\org\springframework\spring-core\5.0.5.RELEASE\spring-core-5.0.5.RELEASE.jar;C:\Users\namrotadutta\.m2\repository\org\springframework\spring-jcl\5.0.5.RELEASE\spring-jcl-5.0.5.RELEASE.jar;C:\Users\namrotadutta\.m2\repository\org\springframework\spring-expression\5.0.5.RELEASE\spring-expression-5.0.5.RELEASE.jar;C:\Users\namrotadutta\.m2\repository\org\aspectj\aspectjweaver\1.9.1\aspectjweaver-1.9.1.jar;C:\Users\namrotadutta\.m2\repository\org\openpnp\opencv\3.2.0-1\opencv-3.2.0-1.jar;C:\Users\namrotadutta\.m2\repository\org\seleniumhq\selenium\selenium-java\3.141.5\selenium-java-3.141.5.jar;C:\Users\namrotadutta\.m2\repository\org\seleniumhq\selenium\selenium-chrome-driver\3.141.5\selenium-chrome-driver-3.141.5.jar;C:\Users\namrotadutta\.m2\repository\org\seleniumhq\selenium\selenium-edge-driver\3.141.5\selenium-edge-driver-3.141.5.jar;C:\Users\namrotadutta\.m2\repository\org\seleniumhq\selenium\selenium-firefox-driver\3.141.5\selenium-firefox-driver-3.141.5.jar;C:\Users\namrotadutta\.m2\repository\org\seleniumhq\selenium\selenium-ie-driver\3.141.5\selenium-ie-driver-3.141.5.jar;C:\Users\namrotadutta\.m2\repository\org\seleniumhq\selenium\selenium-opera-driver\3.141.5\selenium-opera-driver-3.141.5.jar;C:\Users\namrotadutta\.m2\repository\org\seleniumhq\selenium\selenium-remote-driver\3.141.5\selenium-remote-driver-3.141.5.jar;C:\Users\namrotadutta\.m2\repository\org\seleniumhq\selenium\selenium-safari-driver\3.141.5\selenium-safari-driver-3.141.5.jar;C:\Users\namrotadutta\.m2\repository\net\bytebuddy\byte-buddy\1.8.15\byte-buddy-1.8.15.jar;C:\Users\namrotadutta\.m2\repository\org\apache\commons\commons-exec\1.3\commons-exec-1.3.jar;C:\Users\namrotadutta\.m2\repository\com\google\guava\guava\25.0-jre\guava-25.0-jre.jar;C:\Users\namrotadutta\.m2\repository\com\google\code\findbugs\jsr305\1.3.9\jsr305-1.3.9.jar;C:\Users\namrotadutta\.m2\repository\org\checkerframework\checker-compat-qual\2.0.0\checker-compat-qual-2.0.0.jar;C:\Users\namrotadutta\.m2\repository\com\google\errorprone\error_prone_annotations\2.1.3\error_prone_annotations-2.1.3.jar;C:\Users\namrotadutta\.m2\repository\com\google\j2objc\j2objc-annotations\1.1\j2objc-annotations-1.1.jar;C:\Users\namrotadutta\.m2\repository\org\codehaus\mojo\animal-sniffer-annotations\1.14\animal-sniffer-annotations-1.14.jar;C:\Users\namrotadutta\.m2\repository\com\squareup\okhttp3\okhttp\3.11.0\okhttp-3.11.0.jar;C:\Users\namrotadutta\.m2\repository\com\squareup\okio\okio\1.14.0\okio-1.14.0.jar;C:\Users\namrotadutta\.m2\repository\org\seleniumhq\selenium\selenium-api\3.141.5\selenium-api-3.141.5.jar;"/>
    <property name="sun.cpu.endian" value="little"/>
    <property name="user.home" value="C:\Users\namrotadutta"/>
    <property name="user.language" value="en"/>
    <property name="java.specification.vendor" value="Oracle Corporation"/>
    <property name="java.home" value="C:\Program Files\Java\jdk1.8.0_202\jre"/>
    <property name="basedir" value="C:\Users\namrotadutta\eclipse-workspace-new\AppiumCucumberProject"/>
    <property name="file.separator" value="\"/>
    <property name="line.separator" value="&#10;"/>
    <property name="java.vm.specification.vendor" value="Oracle Corporation"/>
    <property name="java.specification.name" value="Java Platform API Specification"/>
    <property name="java.awt.graphicsenv" value="sun.awt.Win32GraphicsEnvironment"/>
    <property name="surefire.real.class.path" value="C:\Users\namrotadutta\AppData\Local\Temp\surefire8542887215225531240\surefirebooter197483204685185181.jar"/>
    <property name="sun.boot.class.path" value="C:\Program Files\Java\jdk1.8.0_202\jre\lib\resources.jar;C:\Program Files\Java\jdk1.8.0_202\jre\lib\rt.jar;C:\Program Files\Java\jdk1.8.0_202\jre\lib\sunrsasign.jar;C:\Program Files\Java\jdk1.8.0_202\jre\lib\jsse.jar;C:\Program Files\Java\jdk1.8.0_202\jre\lib\jce.jar;C:\Program Files\Java\jdk1.8.0_202\jre\lib\charsets.jar;C:\Program Files\Java\jdk1.8.0_202\jre\lib\jfr.jar;C:\Program Files\Java\jdk1.8.0_202\jre\classes"/>
    <property name="user.script" value=""/>
    <property name="sun.management.compiler" value="HotSpot 64-Bit Tiered Compilers"/>
    <property name="java.runtime.version" value="1.8.0_202-b08"/>
    <property name="user.name" value="namrotadutta"/>
    <property name="path.separator" value=";"/>
    <property name="os.version" value="10.0"/>
    <property name="java.endorsed.dirs" value="C:\Program Files\Java\jdk1.8.0_202\jre\lib\endorsed"/>
    <property name="java.runtime.name" value="Java(TM) SE Runtime Environment"/>
    <property name="file.encoding" value="Cp1252"/>
    <property name="java.vm.name" value="Java HotSpot(TM) 64-Bit Server VM"/>
    <property name="localRepository" value="C:\Users\namrotadutta\.m2\repository"/>
    <property name="java.vendor.url.bug" value="http://bugreport.sun.com/bugreport/"/>
    <property name="java.io.tmpdir" value="C:\Users\NAMROT~1\AppData\Local\Temp\"/>
    <property name="java.version" value="1.8.0_202"/>
    <property name="user.dir" value="C:\Users\namrotadutta\eclipse-workspace-new\AppiumCucumberProject"/>
    <property name="os.arch" value="amd64"/>
    <property name="java.vm.specification.name" value="Java Virtual Machine Specification"/>
    <property name="java.awt.printerjob" value="sun.awt.windows.WPrinterJob"/>
    <property name="sun.os.patch.level" value=""/>
    <property name="java.library.path" value="C:\Program Files\Java\jdk1.8.0_202\jre\bin;C:\Windows\Sun\Java\bin;C:\Windows\system32;C:\Windows;C:\Program Files (x86)\Common Files\Oracle\Java\javapath;C:\Program Files\Python39\Scripts\;C:\Program Files\Python39\;C:\Program Files\Microsoft MPI\Bin\;C:\Windows\system32;C:\Windows;C:\Windows\System32\Wbem;C:\Windows\System32\WindowsPowerShell\v1.0\;C:\Windows\System32\OpenSSH\;C:\Program Files\TortoiseSVN\bin;C:\Program Files\dotnet\;C:\Program Files\Microsoft SQL Server\130\Tools\Binn\;C:\Program Files\Microsoft SQL Server\Client SDK\ODBC\170\Tools\Binn\;C:\Program Files\Java\jdk1.8.0_202\bin;C:\Program Files\Git\cmd;C:\Program Files\nodejs\;C:\Program Files (x86)\Microsoft SQL Server\150\DTS\Binn\;C:\Program Files\Azure Data Studio\bin;C:\Program Files (x86)\Microsoft SQL Server\140\Tools\Binn\;C:\Program Files\Microsoft SQL Server\140\Tools\Binn\;C:\Program Files (x86)\Microsoft SQL Server\140\DTS\Binn\;C:\Program Files\Microsoft SQL Server\140\DTS\Binn\;C:\Program Files\Microsoft SQL Server\Client SDK\ODBC\130\Tools\Binn\;C:\Program Files\RedHat\java-1.8.0-openjdk-1.8.0.302-1;C:\Program Files\apache-maven-3.8.4\bin;C:\Program Files (x86)\Microsoft SQL Server\150\Tools\Binn\;C:\Program Files\Microsoft SQL Server\150\Tools\Binn\;C:\Program Files\Microsoft SQL Server\150\DTS\Binn\;C:\Program Files (x86)\dotnet\;C:\Users\namrotadutta\AppData\Local\Android\Sdk\tools;C:\Users\namrotadutta\AppData\Local\Microsoft\WindowsApps;C:\Users\namrotadutta\.dotnet\tools;C:\Users\namrotadutta\AppData\Roaming\npm;C:\Program Files\Azure Data Studio\bin;C:\Users\namrotadutta\AppData\Local\Programs\Microsoft VS Code\bin;."/>
    <property name="java.vm.info" value="mixed mode"/>
    <property name="java.vendor" value="Oracle Corporation"/>
    <property name="java.vm.version" value="25.202-b08"/>
    <property name="java.ext.dirs" value="C:\Program Files\Java\jdk1.8.0_202\jre\lib\ext;C:\Windows\Sun\Java\lib\ext"/>
    <property name="sun.io.unicode.encoding" value="UnicodeLittle"/>
    <property name="java.class.version" value="52.0"/>
  </properties>
  <testcase name="feature[content/assets/read asset](1)" classname="com.Runner.Runner" time="15.401">
    <system-out><![CDATA[[TestNGContentHandler] [WARN] It is strongly recommended to add "<!DOCTYPE suite SYSTEM "http://testng.org/testng-1.0.dtd" >" at the top of your file, otherwise TestNG may fail or not work as expected.
&amp#27;[35m[Appium]&amp#27;[39m Welcome to Appium v1.22.2
&amp#27;[35m[Appium]&amp#27;[39m Appium REST http interface listener started on 0.0.0.0:4723
&amp#27;[35m[HTTP]&amp#27;[39m &amp#27;[37m-->&amp#27;[39m &amp#27;[37mGET&amp#27;[39m &amp#27;[37m/wd/hub/status&amp#27;[39m
&amp#27;[35m[HTTP]&amp#27;[39m &amp#27;[90m{}&amp#27;[39m
[debug] &amp#27;[35m[GENERIC]&amp#27;[39m Calling AppiumDriver.getStatus() with args: []
[debug] &amp#27;[35m[GENERIC]&amp#27;[39m Responding to client with driver.getStatus() result: {"build":{"version":"1.22.2"}}
&amp#27;[35m[HTTP]&amp#27;[39m &amp#27;[37m<-- GET /wd/hub/status &amp#27;[39m&amp#27;[32m200&amp#27;[39m &amp#27;[90m11 ms - 68&amp#27;[39m
&amp#27;[35m[HTTP]&amp#27;[39m &amp#27;[90m&amp#27;[39m
&amp#27;[35m[HTTP]&amp#27;[39m &amp#27;[37m-->&amp#27;[39m &amp#27;[37mPOST&amp#27;[39m &amp#27;[37m/wd/hub/session&amp#27;[39m
&amp#27;[35m[HTTP]&amp#27;[39m &amp#27;[90m{"desiredCapabilities":{"app":"../AppiumCucumberProject/ApiDemos-debug.apk","appActivity":"io.appium.android.apis.ApiDemos","appPackage":"io.appium.android.apis","isHeadless":true,"avdArgs":"-no-window","platformVersion":"8.1","platformName":"Android","deviceName":"android"},"capabilities":{"alwaysMatch":{"appium:app":"../AppiumCucumberProject/ApiDemos-debug.apk","appium:appActivity":"io.appium.android.apis.ApiDemos","appium:appPackage":"io.appium.android.apis","appium:avdArgs":"-no-window","appium:deviceName":"android","isHeadless":true,"platformName":"android","appium:platformVersion":"8.1"},"firstMatch":[{}]}}&amp#27;[39m
[debug] &amp#27;[35m[W3C]&amp#27;[39m Calling AppiumDriver.createSession() with args: [{"app":"../AppiumCucumberProject/ApiDemos-debug.apk","appActivity":"io.appium.android.apis.ApiDemos","appPackage":"io.appium.android.apis","isHeadless":true,"avdArgs":"-no-window","platformVersion":"8.1","platformName":"Android","deviceName":"android"},null,{"alwaysMatch":{"appium:app":"../AppiumCucumberProject/ApiDemos-debug.apk","appium:appActivity":"io.appium.android.apis.ApiDemos","appium:appPackage":"io.appium.android.apis","appium:avdArgs":"-no-window","appium:deviceName":"android","isHeadless":true,"platformName":"android","appium:platformVersion":"8.1"},"firstMatch":[{}]}]
[debug] &amp#27;[35m[BaseDriver]&amp#27;[39m Event 'newSessionRequested' logged at 1647922693315 (09:48:13 GMT+0530 (India Standard Time))
&amp#27;[35m[BaseDriver]&amp#27;[39m The following capabilities are not standard capabilities and should have an extension prefix:
&amp#27;[35m[BaseDriver]&amp#27;[39m   isHeadless
&amp#27;[35m[Appium]&amp#27;[39m 
&amp#27;[35m[Appium]&amp#27;[39m ======================================================================
&amp#27;[35m[Appium]&amp#27;[39m   DEPRECATION WARNING:
&amp#27;[35m[Appium]&amp#27;[39m 
&amp#27;[35m[Appium]&amp#27;[39m   The 'automationName' capability was not provided in the desired 
&amp#27;[35m[Appium]&amp#27;[39m   capabilities for this Android session
&amp#27;[35m[Appium]&amp#27;[39m 
&amp#27;[35m[Appium]&amp#27;[39m   Setting 'automationName=UiAutomator2' by default and using the 
&amp#27;[35m[Appium]&amp#27;[39m   UiAutomator2 Driver
&amp#27;[35m[Appium]&amp#27;[39m 
&amp#27;[35m[Appium]&amp#27;[39m   The next major version of Appium (2.x) will **require** the 
&amp#27;[35m[Appium]&amp#27;[39m   'automationName' capability to be set for all sessions on all 
&amp#27;[35m[Appium]&amp#27;[39m   platforms
&amp#27;[35m[Appium]&amp#27;[39m 
&amp#27;[35m[Appium]&amp#27;[39m   In previous versions (Appium <= 1.13.x), the default was 
&amp#27;[35m[Appium]&amp#27;[39m   'automationName=UiAutomator1'
&amp#27;[35m[Appium]&amp#27;[39m 
&amp#27;[35m[Appium]&amp#27;[39m   If you wish to use that automation instead of UiAutomator2, please 
&amp#27;[35m[Appium]&amp#27;[39m   add 'automationName=UiAutomator1' to your desired capabilities
&amp#27;[35m[Appium]&amp#27;[39m 
&amp#27;[35m[Appium]&amp#27;[39m   For more information about drivers, please visit 
&amp#27;[35m[Appium]&amp#27;[39m   http://appium.io/docs/en/about-appium/intro/ and explore the 
&amp#27;[35m[Appium]&amp#27;[39m   'Drivers' menu
&amp#27;[35m[Appium]&amp#27;[39m 
&amp#27;[35m[Appium]&amp#27;[39m ======================================================================
&amp#27;[35m[Appium]&amp#27;[39m 
&amp#27;[35m[Appium]&amp#27;[39m Appium v1.22.2 creating new AndroidUiautomator2Driver (v1.70.1) session
[debug] &amp#27;[35m[BaseDriver]&amp#27;[39m W3C capabilities and MJSONWP desired capabilities were provided
[debug] &amp#27;[35m[BaseDriver]&amp#27;[39m Creating session with W3C capabilities: {
[debug] &amp#27;[35m[BaseDriver]&amp#27;[39m   "alwaysMatch": {
[debug] &amp#27;[35m[BaseDriver]&amp#27;[39m     "appium:isHeadless": true,
[debug] &amp#27;[35m[BaseDriver]&amp#27;[39m     "platformName": "android",
[debug] &amp#27;[35m[BaseDriver]&amp#27;[39m     "appium:app": "../AppiumCucumberProject/ApiDemos-debug.apk",
[debug] &amp#27;[35m[BaseDriver]&amp#27;[39m     "appium:appActivity": "io.appium.android.apis.ApiDemos",
[debug] &amp#27;[35m[BaseDriver]&amp#27;[39m     "appium:appPackage": "io.appium.android.apis",
[debug] &amp#27;[35m[BaseDriver]&amp#27;[39m     "appium:avdArgs": "-no-window",
[debug] &amp#27;[35m[BaseDriver]&amp#27;[39m     "appium:deviceName": "android",
[debug] &amp#27;[35m[BaseDriver]&amp#27;[39m     "appium:platformVersion": "8.1"
[debug] &amp#27;[35m[BaseDriver]&amp#27;[39m   },
[debug] &amp#27;[35m[BaseDriver]&amp#27;[39m   "firstMatch": [
[debug] &amp#27;[35m[BaseDriver]&amp#27;[39m     {}
[debug] &amp#27;[35m[BaseDriver]&amp#27;[39m   ]
[debug] &amp#27;[35m[BaseDriver]&amp#27;[39m }
&amp#27;[35m[BaseDriver]&amp#27;[39m Session created with session id: ac412304-d954-48df-8100-0ca983f5f5c2
&amp#27;[35m[BaseDriver]&amp#27;[39m Using local app '../AppiumCucumberProject/ApiDemos-debug.apk'
&amp#27;[35m[BaseDriver]&amp#27;[39m The current application path '../AppiumCucumberProject/ApiDemos-debug.apk' is not absolute and has been rewritten to 'C:\Users\namrotadutta\eclipse-workspace-new\AppiumCucumberProject\ApiDemos-debug.apk'. Consider using absolute paths rather than relative
[debug] &amp#27;[35m[UiAutomator2]&amp#27;[39m Checking whether app is actually present
&amp#27;[35m[ADB]&amp#27;[39m Found 1 'build-tools' folders under 'C:\Users\namrotadutta\AppData\Local\Android\Sdk' (newest first):
&amp#27;[35m[ADB]&amp#27;[39m     C:/Users/namrotadutta/AppData/Local/Android/Sdk/build-tools/31.0.0
&amp#27;[35m[ADB]&amp#27;[39m Using 'adb.exe' from 'C:\Users\namrotadutta\AppData\Local\Android\Sdk\platform-tools\adb.exe'
[debug] &amp#27;[35m[ADB]&amp#27;[39m Running 'C:\Users\namrotadutta\AppData\Local\Android\Sdk\platform-tools\adb.exe -P 5037 start-server'
&amp#27;[35m[AndroidDriver]&amp#27;[39m Retrieving device list
[debug] &amp#27;[35m[ADB]&amp#27;[39m Trying to find a connected android device
[debug] &amp#27;[35m[ADB]&amp#27;[39m Getting connected devices
[debug] &amp#27;[35m[ADB]&amp#27;[39m Connected devices: [{"udid":"emulator-5554","state":"device"}]
&amp#27;[35m[AndroidDriver]&amp#27;[39m Looking for a device with Android '8.1.0'
[debug] &amp#27;[35m[ADB]&amp#27;[39m Setting device id to emulator-5554
&amp#27;[35m[ADB]&amp#27;[39m Getting device platform version
[debug] &amp#27;[35m[ADB]&amp#27;[39m Running 'C:\Users\namrotadutta\AppData\Local\Android\Sdk\platform-tools\adb.exe -P 5037 -s emulator-5554 shell getprop ro.build.version.release'
[debug] &amp#27;[35m[ADB]&amp#27;[39m Current device property 'ro.build.version.release': 8.1.0
&amp#27;[35m[AndroidDriver]&amp#27;[39m Using device: emulator-5554
&amp#27;[35m[ADB]&amp#27;[39m Using 'adb.exe' from 'C:\Users\namrotadutta\AppData\Local\Android\Sdk\platform-tools\adb.exe'
[debug] &amp#27;[35m[ADB]&amp#27;[39m Running 'C:\Users\namrotadutta\AppData\Local\Android\Sdk\platform-tools\adb.exe -P 5037 start-server'
[debug] &amp#27;[35m[ADB]&amp#27;[39m Setting device id to emulator-5554
[debug] &amp#27;[35m[ADB]&amp#27;[39m Running 'C:\Users\namrotadutta\AppData\Local\Android\Sdk\platform-tools\adb.exe -P 5037 -s emulator-5554 shell getprop ro.build.version.sdk'
[debug] &amp#27;[35m[ADB]&amp#27;[39m Current device property 'ro.build.version.sdk': 27
[debug] &amp#27;[35m[ADB]&amp#27;[39m Device API level: 27
[debug] &amp#27;[35m[ADB]&amp#27;[39m Running 'C:\Users\namrotadutta\AppData\Local\Android\Sdk\platform-tools\adb.exe -P 5037 -s emulator-5554 wait-for-device'
[debug] &amp#27;[35m[ADB]&amp#27;[39m Running 'C:\Users\namrotadutta\AppData\Local\Android\Sdk\platform-tools\adb.exe -P 5037 -s emulator-5554 shell echo ping'
[debug] &amp#27;[35m[AndroidDriver]&amp#27;[39m Pushing settings apk to device...
[debug] &amp#27;[35m[ADB]&amp#27;[39m Getting install status for io.appium.settings
[debug] &amp#27;[35m[ADB]&amp#27;[39m Running 'C:\Users\namrotadutta\AppData\Local\Android\Sdk\platform-tools\adb.exe -P 5037 -s emulator-5554 shell dumpsys package io.appium.settings'
[debug] &amp#27;[35m[ADB]&amp#27;[39m 'io.appium.settings' is installed
[debug] &amp#27;[35m[ADB]&amp#27;[39m Getting package info for 'io.appium.settings'
[debug] &amp#27;[35m[ADB]&amp#27;[39m Running 'C:\Users\namrotadutta\AppData\Local\Android\Sdk\platform-tools\adb.exe -P 5037 -s emulator-5554 shell dumpsys package io.appium.settings'
[debug] &amp#27;[35m[ADB]&amp#27;[39m The version name of the installed 'io.appium.settings' is greater or equal to the application version name ('3.4.0' >= '3.4.0')
[debug] &amp#27;[35m[ADB]&amp#27;[39m There is no need to install/upgrade 'C:\Users\namrotadutta\AppData\Roaming\npm\node_modules\appium\node_modules\io.appium.settings\apks\settings_apk-debug.apk'
[debug] &amp#27;[35m[ADB]&amp#27;[39m Getting IDs of all 'io.appium.settings' processes
[debug] &amp#27;[35m[ADB]&amp#27;[39m Running 'C:\Users\namrotadutta\AppData\Local\Android\Sdk\platform-tools\adb.exe -P 5037 -s emulator-5554 shell 'pgrep --help; echo $?''
[debug] &amp#27;[35m[ADB]&amp#27;[39m Running 'C:\Users\namrotadutta\AppData\Local\Android\Sdk\platform-tools\adb.exe -P 5037 -s emulator-5554 shell pgrep -f \(\[\[:blank:\]\]\|\^\)io\.appium\.settings\(\[\[:blank:\]\]\|\$\)'
[debug] &amp#27;[35m[AndroidDriver]&amp#27;[39m io.appium.settings is already running. There is no need to reset its permissions.
[debug] &amp#27;[35m[Logcat]&amp#27;[39m Starting logs capture with command: C:\\Users\\namrotadutta\\AppData\\Local\\Android\\Sdk\\platform-tools\\adb.exe -P 5037 -s emulator-5554 logcat -v threadtime
[debug] &amp#27;[35m[UiAutomator2]&amp#27;[39m Forwarding UiAutomator2 Server port 6790 to local port 8200
[debug] &amp#27;[35m[ADB]&amp#27;[39m Forwarding system: 8200 to device: 6790
[debug] &amp#27;[35m[ADB]&amp#27;[39m Running 'C:\Users\namrotadutta\AppData\Local\Android\Sdk\platform-tools\adb.exe -P 5037 -s emulator-5554 forward tcp:8200 tcp:6790'
[debug] &amp#27;[35m[ADB]&amp#27;[39m Getting install status for io.appium.uiautomator2.server
[debug] &amp#27;[35m[ADB]&amp#27;[39m Running 'C:\Users\namrotadutta\AppData\Local\Android\Sdk\platform-tools\adb.exe -P 5037 -s emulator-5554 shell dumpsys package io.appium.uiautomator2.server'
[debug] &amp#27;[35m[ADB]&amp#27;[39m 'io.appium.uiautomator2.server' is installed
[debug] &amp#27;[35m[ADB]&amp#27;[39m Getting package info for 'io.appium.uiautomator2.server'
[debug] &amp#27;[35m[ADB]&amp#27;[39m Running 'C:\Users\namrotadutta\AppData\Local\Android\Sdk\platform-tools\adb.exe -P 5037 -s emulator-5554 shell dumpsys package io.appium.uiautomator2.server'
[debug] &amp#27;[35m[ADB]&amp#27;[39m The version name of the installed 'io.appium.uiautomator2.server' is greater or equal to the application version name ('4.27.0' >= '4.27.0')
[debug] &amp#27;[35m[UiAutomator2]&amp#27;[39m io.appium.uiautomator2.server installation state: sameVersionInstalled
[debug] &amp#27;[35m[ADB]&amp#27;[39m Checking app cert for C:\Users\namrotadutta\AppData\Roaming\npm\node_modules\appium\node_modules\appium-uiautomator2-server\apks\appium-uiautomator2-server-v4.27.0.apk
&amp#27;[35m[ADB]&amp#27;[39m Using 'apksigner.jar' from 'C:\Users\namrotadutta\AppData\Local\Android\Sdk\build-tools\31.0.0\lib\apksigner.jar'
[debug] &amp#27;[35m[ADB]&amp#27;[39m Starting apksigner: 'C:\\Program Files\\Java\\jdk1.8.0_202\\bin\\java.exe' -Xmx1024M -Xss1m -jar C:\\Users\\namrotadutta\\AppData\\Local\\Android\\Sdk\\build-tools\\31.0.0\\lib\\apksigner.jar verify --print-certs C:\\Users\\namrotadutta\\AppData\\Roaming\\npm\\node_modules\\appium\\node_modules\\appium-uiautomator2-server\\apks\\appium-uiautomator2-server-v4.27.0.apk
[debug] &amp#27;[35m[ADB]&amp#27;[39m apksigner stdout: Signer #1 certificate DN: EMAILADDRESS=android@android.com, CN=Android, OU=Android, O=Android, L=Mountain View, ST=California, C=US
[debug] &amp#27;[35m[ADB]&amp#27;[39m Signer #1 certificate SHA-256 digest: a40da80a59d170caa950cf15c18c454d47a39b26989d8b640ecd745ba71bf5dc
[debug] &amp#27;[35m[ADB]&amp#27;[39m Signer #1 certificate SHA-1 digest: 61ed377e85d386a8dfee6b864bd85b0bfaa5af81
[debug] &amp#27;[35m[ADB]&amp#27;[39m Signer #1 certificate MD5 digest: e89b158e4bcf988ebd09eb83f5378e87
[debug] &amp#27;[35m[ADB]&amp#27;[39m 
[debug] &amp#27;[35m[ADB]&amp#27;[39m sha256 hash did match for 'appium-uiautomator2-server-v4.27.0.apk'
&amp#27;[35m[ADB]&amp#27;[39m 'C:\Users\namrotadutta\AppData\Roaming\npm\node_modules\appium\node_modules\appium-uiautomator2-server\apks\appium-uiautomator2-server-v4.27.0.apk' is signed with the default certificate
[debug] &amp#27;[35m[ADB]&amp#27;[39m Getting install status for io.appium.uiautomator2.server.test
[debug] &amp#27;[35m[ADB]&amp#27;[39m Running 'C:\Users\namrotadutta\AppData\Local\Android\Sdk\platform-tools\adb.exe -P 5037 -s emulator-5554 shell dumpsys package io.appium.uiautomator2.server.test'
[debug] &amp#27;[35m[ADB]&amp#27;[39m 'io.appium.uiautomator2.server.test' is installed
[debug] &amp#27;[35m[ADB]&amp#27;[39m Checking app cert for C:\Users\namrotadutta\AppData\Roaming\npm\node_modules\appium\node_modules\appium-uiautomator2-server\apks\appium-uiautomator2-server-debug-androidTest.apk
[debug] &amp#27;[35m[ADB]&amp#27;[39m Starting apksigner: 'C:\\Program Files\\Java\\jdk1.8.0_202\\bin\\java.exe' -Xmx1024M -Xss1m -jar C:\\Users\\namrotadutta\\AppData\\Local\\Android\\Sdk\\build-tools\\31.0.0\\lib\\apksigner.jar verify --print-certs C:\\Users\\namrotadutta\\AppData\\Roaming\\npm\\node_modules\\appium\\node_modules\\appium-uiautomator2-server\\apks\\appium-uiautomator2-server-debug-androidTest.apk
[debug] &amp#27;[35m[ADB]&amp#27;[39m apksigner stdout: Signer #1 certificate DN: EMAILADDRESS=android@android.com, CN=Android, OU=Android, O=Android, L=Mountain View, ST=California, C=US
[debug] &amp#27;[35m[ADB]&amp#27;[39m Signer #1 certificate SHA-256 digest: a40da80a59d170caa950cf15c18c454d47a39b26989d8b640ecd745ba71bf5dc
[debug] &amp#27;[35m[ADB]&amp#27;[39m Signer #1 certificate SHA-1 digest: 61ed377e85d386a8dfee6b864bd85b0bfaa5af81
[debug] &amp#27;[35m[ADB]&amp#27;[39m Signer #1 certificate MD5 digest: e89b158e4bcf988ebd09eb83f5378e87
[debug] &amp#27;[35m[ADB]&amp#27;[39m 
[debug] &amp#27;[35m[ADB]&amp#27;[39m sha256 hash did match for 'appium-uiautomator2-server-debug-androidTest.apk'
&amp#27;[35m[ADB]&amp#27;[39m 'C:\Users\namrotadutta\AppData\Roaming\npm\node_modules\appium\node_modules\appium-uiautomator2-server\apks\appium-uiautomator2-server-debug-androidTest.apk' is signed with the default certificate
&amp#27;[35m[UiAutomator2]&amp#27;[39m Server packages are not going to be (re)installed
[debug] &amp#27;[35m[UiAutomator2]&amp#27;[39m Waiting up to 30000ms for services to be available
[debug] &amp#27;[35m[ADB]&amp#27;[39m Running 'C:\Users\namrotadutta\AppData\Local\Android\Sdk\platform-tools\adb.exe -P 5037 -s emulator-5554 shell pm list instrumentation'
[debug] &amp#27;[35m[UiAutomator2]&amp#27;[39m Instrumentation target 'io.appium.uiautomator2.server.test/androidx.test.runner.AndroidJUnitRunner' is available
&amp#27;[35m[ADB]&amp#27;[39m Adding packages ["io.appium.settings","io.appium.uiautomator2.server","io.appium.uiautomator2.server.test"] to Doze whitelist
[debug] &amp#27;[35m[ADB]&amp#27;[39m Got the following command chunks to execute: [["dumpsys","deviceidle","whitelist","+io.appium.settings",";","dumpsys","deviceidle","whitelist","+io.appium.uiautomator2.server",";","dumpsys","deviceidle","whitelist","+io.appium.uiautomator2.server.test",";"]]
[debug] &amp#27;[35m[ADB]&amp#27;[39m Running 'C:\Users\namrotadutta\AppData\Local\Android\Sdk\platform-tools\adb.exe -P 5037 -s emulator-5554 shell dumpsys deviceidle whitelist +io.appium.settings ; dumpsys deviceidle whitelist +io.appium.uiautomator2.server ; dumpsys deviceidle whitelist +io.appium.uiautomator2.server.test ;'
[debug] &amp#27;[35m[ADB]&amp#27;[39m Checking app cert for C:\Users\namrotadutta\eclipse-workspace-new\AppiumCucumberProject\ApiDemos-debug.apk
[debug] &amp#27;[35m[ADB]&amp#27;[39m Starting apksigner: 'C:\\Program Files\\Java\\jdk1.8.0_202\\bin\\java.exe' -Xmx1024M -Xss1m -jar C:\\Users\\namrotadutta\\AppData\\Local\\Android\\Sdk\\build-tools\\31.0.0\\lib\\apksigner.jar verify --print-certs C:\\Users\\namrotadutta\\eclipse-workspace-new\\AppiumCucumberProject\\ApiDemos-debug.apk
[debug] &amp#27;[35m[ADB]&amp#27;[39m apksigner stdout: Signer #1 certificate DN: EMAILADDRESS=android@android.com, CN=Android, OU=Android, O=Android, L=Mountain View, ST=California, C=US
[debug] &amp#27;[35m[ADB]&amp#27;[39m Signer #1 certificate SHA-256 digest: a40da80a59d170caa950cf15c18c454d47a39b26989d8b640ecd745ba71bf5dc
[debug] &amp#27;[35m[ADB]&amp#27;[39m Signer #1 certificate SHA-1 digest: 61ed377e85d386a8dfee6b864bd85b0bfaa5af81
[debug] &amp#27;[35m[ADB]&amp#27;[39m Signer #1 certificate MD5 digest: e89b158e4bcf988ebd09eb83f5378e87
[debug] &amp#27;[35m[ADB]&amp#27;[39m 
[debug] &amp#27;[35m[ADB]&amp#27;[39m sha256 hash did match for 'ApiDemos-debug.apk'
&amp#27;[35m[ADB]&amp#27;[39m 'C:\Users\namrotadutta\eclipse-workspace-new\AppiumCucumberProject\ApiDemos-debug.apk' is signed with the default certificate
[debug] &amp#27;[35m[ADB]&amp#27;[39m Getting install status for io.appium.android.apis
[debug] &amp#27;[35m[ADB]&amp#27;[39m Running 'C:\Users\namrotadutta\AppData\Local\Android\Sdk\platform-tools\adb.exe -P 5037 -s emulator-5554 shell dumpsys package io.appium.android.apis'
[debug] &amp#27;[35m[ADB]&amp#27;[39m 'io.appium.android.apis' is installed
[debug] &amp#27;[35m[ADB]&amp#27;[39m Getting package info for 'io.appium.android.apis'
[debug] &amp#27;[35m[ADB]&amp#27;[39m Running 'C:\Users\namrotadutta\AppData\Local\Android\Sdk\platform-tools\adb.exe -P 5037 -s emulator-5554 shell dumpsys package io.appium.android.apis'
&amp#27;[35m[ADB]&amp#27;[39m Cannot read version codes of 'C:\Users\namrotadutta\eclipse-workspace-new\AppiumCucumberProject\ApiDemos-debug.apk' and/or 'io.appium.android.apis'
&amp#27;[35m[ADB]&amp#27;[39m Cannot read version names of 'C:\Users\namrotadutta\eclipse-workspace-new\AppiumCucumberProject\ApiDemos-debug.apk' and/or 'io.appium.android.apis'
[debug] &amp#27;[35m[ADB]&amp#27;[39m The current install state of 'C:\Users\namrotadutta\eclipse-workspace-new\AppiumCucumberProject\ApiDemos-debug.apk' is unknown. Installing anyway
[debug] &amp#27;[35m[ADB]&amp#27;[39m Running 'C:\Users\namrotadutta\AppData\Local\Android\Sdk\platform-tools\adb.exe -P 5037 -s emulator-5554 help'
[debug] &amp#27;[35m[ADB]&amp#27;[39m Running 'C:\Users\namrotadutta\AppData\Local\Android\Sdk\platform-tools\adb.exe -P 5037 -s emulator-5554 features'
&amp#27;[35m[ADB]&amp#27;[39m The application at 'C:\Users\namrotadutta\eclipse-workspace-new\AppiumCucumberProject\ApiDemos-debug.apk' will not be cached, because the device under test has confirmed the support of streamed installs
[debug] &amp#27;[35m[ADB]&amp#27;[39m Running 'C:\Users\namrotadutta\AppData\Local\Android\Sdk\platform-tools\adb.exe -P 5037 -s emulator-5554 install -r C:\Users\namrotadutta\eclipse-workspace-new\AppiumCucumberProject\ApiDemos-debug.apk'
&amp#27;[35m[ADB]&amp#27;[39m The installation of 'ApiDemos-debug.apk' took 489ms
[debug] &amp#27;[35m[ADB]&amp#27;[39m Install command stdout: Performing Streamed Install
[debug] &amp#27;[35m[ADB]&amp#27;[39m Success
&amp#27;[35m[AndroidDriver]&amp#27;[39m Performing fast reset on 'io.appium.android.apis'
[debug] &amp#27;[35m[ADB]&amp#27;[39m Getting install status for io.appium.android.apis
[debug] &amp#27;[35m[ADB]&amp#27;[39m Running 'C:\Users\namrotadutta\AppData\Local\Android\Sdk\platform-tools\adb.exe -P 5037 -s emulator-5554 shell dumpsys package io.appium.android.apis'
[debug] &amp#27;[35m[ADB]&amp#27;[39m 'io.appium.android.apis' is installed
[debug] &amp#27;[35m[ADB]&amp#27;[39m Running 'C:\Users\namrotadutta\AppData\Local\Android\Sdk\platform-tools\adb.exe -P 5037 -s emulator-5554 shell am force-stop io.appium.android.apis'
[debug] &amp#27;[35m[ADB]&amp#27;[39m Running 'C:\Users\namrotadutta\AppData\Local\Android\Sdk\platform-tools\adb.exe -P 5037 -s emulator-5554 shell pm clear io.appium.android.apis'
[debug] &amp#27;[35m[AndroidDriver]&amp#27;[39m Performed fast reset on the installed 'io.appium.android.apis' application (stop and clear)
[debug] &amp#27;[35m[UiAutomator2]&amp#27;[39m Performing shallow cleanup of automation leftovers
[debug] &amp#27;[35m[UiAutomator2]&amp#27;[39m No obsolete sessions have been detected (socket hang up)
[debug] &amp#27;[35m[ADB]&amp#27;[39m Running 'C:\Users\namrotadutta\AppData\Local\Android\Sdk\platform-tools\adb.exe -P 5037 -s emulator-5554 shell am force-stop io.appium.uiautomator2.server.test'
&amp#27;[35m[UiAutomator2]&amp#27;[39m Starting UIAutomator2 server 4.27.0
&amp#27;[35m[UiAutomator2]&amp#27;[39m Using UIAutomator2 server from 'C:\Users\namrotadutta\AppData\Roaming\npm\node_modules\appium\node_modules\appium-uiautomator2-server\apks\appium-uiautomator2-server-v4.27.0.apk' and test from 'C:\Users\namrotadutta\AppData\Roaming\npm\node_modules\appium\node_modules\appium-uiautomator2-server\apks\appium-uiautomator2-server-debug-androidTest.apk'
&amp#27;[35m[UiAutomator2]&amp#27;[39m Waiting up to 30000ms for UiAutomator2 to be online...
[debug] &amp#27;[35m[ADB]&amp#27;[39m Creating ADB subprocess with args: ["-P",5037,"-s","emulator-5554","shell","am","instrument","-w","-e","disableAnalytics",true,"io.appium.uiautomator2.server.test/androidx.test.runner.AndroidJUnitRunner"]
[debug] &amp#27;[35m[WD Proxy]&amp#27;[39m Matched '/status' to command name 'getStatus'
[debug] &amp#27;[35m[WD Proxy]&amp#27;[39m Proxying [GET /status] to [GET http://127.0.0.1:8200/wd/hub/status] with no body
&amp#27;[35m[WD Proxy]&amp#27;[39m socket hang up
[debug] &amp#27;[35m[Instrumentation]&amp#27;[39m io.appium.uiautomator2.server.test.AppiumUiAutomator2Server:
[debug] &amp#27;[35m[WD Proxy]&amp#27;[39m Matched '/status' to command name 'getStatus'
[debug] &amp#27;[35m[WD Proxy]&amp#27;[39m Proxying [GET /status] to [GET http://127.0.0.1:8200/wd/hub/status] with no body
&amp#27;[35m[WD Proxy]&amp#27;[39m socket hang up
[debug] &amp#27;[35m[WD Proxy]&amp#27;[39m Matched '/status' to command name 'getStatus'
[debug] &amp#27;[35m[WD Proxy]&amp#27;[39m Proxying [GET /status] to [GET http://127.0.0.1:8200/wd/hub/status] with no body
[debug] &amp#27;[35m[WD Proxy]&amp#27;[39m Got response with status 200: {"sessionId":"None","value":{"message":"UiAutomator2 Server is ready to accept commands","ready":true}}
[debug] &amp#27;[35m[UiAutomator2]&amp#27;[39m The initialization of the instrumentation process took 2137ms
[debug] &amp#27;[35m[WD Proxy]&amp#27;[39m Matched '/session' to command name 'createSession'
[debug] &amp#27;[35m[WD Proxy]&amp#27;[39m Proxying [POST /session] to [POST http://127.0.0.1:8200/wd/hub/session] with body: {"capabilities":{"firstMatch":[{"platform":"LINUX","webStorageEnabled":false,"takesScreenshot":true,"javascriptEnabled":true,"databaseEnabled":false,"networkConnectionEnabled":true,"locationContextEnabled":false,"warnings":{},"desired":{"platformName":"android","isHeadless":true,"app":"../AppiumCucumberProject/ApiDemos-debug.apk","appActivity":"io.appium.android.apis.ApiDemos","appPackage":"io.appium.android.apis","avdArgs":"-no-window","deviceName":"android","platformVersion":"8.1"},"platformName":"android","isHeadless":true,"app":"../AppiumCucumberProject/ApiDemos-debug.apk","appActivity":"io.appium.android.apis.ApiDemos","appPackage":"io.appium.android.apis","avdArgs":"-no-window","deviceName":"emulator-5554","platformVersion":"8.1","deviceUDID":"emulator-5554"}],"alwaysMatch":{}}}
[debug] &amp#27;[35m[WD Proxy]&amp#27;[39m Got response with status 200: {"sessionId":"41e84685-e8a2-43f1-b7a1-a3d8386f7d7b","value":{"capabilities":{"firstMatch":[{"platform":"LINUX","webStorageEnabled":false,"takesScreenshot":true,"javascriptEnabled":true,"databaseEnabled":false,"networkConnectionEnabled":true,"locationContextEnabled":false,"warnings":{},"desired":{"platformName":"android","isHeadless":true,"app":"../AppiumCucumberProject/ApiDemos-debug.apk","appActivity":"io.appium.android.apis.ApiDemos","appPackage":"io.appium.android.apis","avdArgs":"-no-window","deviceName":"android","platformVersion":"8.1"},"platformName":"android","isHeadless":true,"app":"../AppiumCucumberProject/ApiDemos-debug.apk","appActivity":"io.appium.android.apis.ApiDemos","appPackage":"io.appium.android.apis","avdArgs":"-no-window","deviceName":"emulator-5554","platformVersion":"8.1","deviceUDID":"emulator-5554"}],"alwaysMatch":{}},"sessionId":"41e84685-e8a2-43f1-b7a1-a3d8386f7d7b"}}
&amp#27;[35m[WD Proxy]&amp#27;[39m Determined the downstream protocol as 'W3C'
[debug] &amp#27;[35m[WD Proxy]&amp#27;[39m Proxying [GET /appium/device/info] to [GET http://127.0.0.1:8200/wd/hub/session/41e84685-e8a2-43f1-b7a1-a3d8386f7d7b/appium/device/info] with no body
[debug] &amp#27;[35m[WD Proxy]&amp#27;[39m Got response with status 200: {"sessionId":"41e84685-e8a2-43f1-b7a1-a3d8386f7d7b","value":{"androidId":"7807f091a0b83f49","apiVersion":"27","bluetooth":null,"brand":"google","carrierName":"Android","displayDensity":420,"locale":"en_US","manufacturer":"Google","model":"Android SDK built for x86","networks":[{"capabilities":{"SSID":null,"linkDownBandwidthKbps":102400,"linkUpstreamBandwidthKbps":51200,"networkCapabilities":"NET_CAPABILITY_MMS,NET_CAPABILITY_SUPL,NET_CAPABILITY_DUN,NET_CAPABILITY_FOTA,NET_CAPABILITY_IMS,NET_CAPABILITY_CBS,NET_CAPABILITY_IA,NET_CAPABILITY_INTERNET,NET_CAPABILITY_NOT_RESTRICTED,NET_CAPABILITY_TRUSTED,NET_CAPABILITY_NOT_VPN,NET_CAPABILITY_VALIDATED","signalStrength":-2147483648,"transportTypes":"TRANSPORT_CELLULAR"},"detailedState":"CONNECTED","extraInfo":"epc.tmobile.com","isAvailable":true,"isConnected":true,"isFailover":false,"isRoaming":false,"state":"CONNECTED","subtype":13,"subtypeName":"LTE","type":0,"typeName":"MOBILE"},{"capabilities":{"SSID":null,"linkDownBandwidthKbps":1048576,"linkUpstreamBandwidt...
[debug] &amp#27;[35m[ADB]&amp#27;[39m Running 'C:\Users\namrotadutta\AppData\Local\Android\Sdk\platform-tools\adb.exe -P 5037 -s emulator-5554 shell dumpsys window'
&amp#27;[35m[AndroidDriver]&amp#27;[39m Screen already unlocked, doing nothing
&amp#27;[35m[UiAutomator2]&amp#27;[39m Starting 'io.appium.android.apis/io.appium.android.apis.ApiDemos and waiting for 'io.appium.android.apis/io.appium.android.apis.ApiDemos'
[debug] &amp#27;[35m[ADB]&amp#27;[39m Running 'C:\Users\namrotadutta\AppData\Local\Android\Sdk\platform-tools\adb.exe -P 5037 -s emulator-5554 shell am start -W -n io.appium.android.apis/io.appium.android.apis.ApiDemos -S -a android.intent.action.MAIN -c android.intent.category.LAUNCHER -f 0x10200000'
[debug] &amp#27;[35m[WD Proxy]&amp#27;[39m Proxying [GET /appium/device/pixel_ratio] to [GET http://127.0.0.1:8200/wd/hub/session/41e84685-e8a2-43f1-b7a1-a3d8386f7d7b/appium/device/pixel_ratio] with no body
[debug] &amp#27;[35m[WD Proxy]&amp#27;[39m Got response with status 200: {"sessionId":"41e84685-e8a2-43f1-b7a1-a3d8386f7d7b","value":2.625}
[debug] &amp#27;[35m[WD Proxy]&amp#27;[39m Matched '/appium/device/system_bars' to command name 'getSystemBars'
[debug] &amp#27;[35m[WD Proxy]&amp#27;[39m Proxying [GET /appium/device/system_bars] to [GET http://127.0.0.1:8200/wd/hub/session/41e84685-e8a2-43f1-b7a1-a3d8386f7d7b/appium/device/system_bars] with no body
[debug] &amp#27;[35m[WD Proxy]&amp#27;[39m Got response with status 200: {"sessionId":"41e84685-e8a2-43f1-b7a1-a3d8386f7d7b","value":{"statusBar":63}}
[debug] &amp#27;[35m[WD Proxy]&amp#27;[39m Matched '/window/current/size' to command name 'getWindowSize'
[debug] &amp#27;[35m[WD Proxy]&amp#27;[39m Proxying [GET /window/current/size] to [GET http://127.0.0.1:8200/wd/hub/session/41e84685-e8a2-43f1-b7a1-a3d8386f7d7b/window/current/size] with no body
[debug] &amp#27;[35m[WD Proxy]&amp#27;[39m Got response with status 200: {"sessionId":"41e84685-e8a2-43f1-b7a1-a3d8386f7d7b","value":{"height":1794,"width":1080}}
&amp#27;[35m[Appium]&amp#27;[39m New AndroidUiautomator2Driver session created successfully, session ac412304-d954-48df-8100-0ca983f5f5c2 added to master session list
[debug] &amp#27;[35m[BaseDriver]&amp#27;[39m Event 'newSessionStarted' logged at 1647922701462 (09:48:21 GMT+0530 (India Standard Time))
[debug] &amp#27;[35m[W3C (ac412304)]&amp#27;[39m Cached the protocol value 'W3C' for the new session ac412304-d954-48df-8100-0ca983f5f5c2
[debug] &amp#27;[35m[W3C (ac412304)]&amp#27;[39m Responding to client with driver.createSession() result: {"capabilities":{"platform":"LINUX","webStorageEnabled":false,"takesScreenshot":true,"javascriptEnabled":true,"databaseEnabled":false,"networkConnectionEnabled":true,"locationContextEnabled":false,"warnings":{},"desired":{"platformName":"android","isHeadless":true,"app":"../AppiumCucumberProject/ApiDemos-debug.apk","appActivity":"io.appium.android.apis.ApiDemos","appPackage":"io.appium.android.apis","avdArgs":"-no-window","deviceName":"android","platformVersion":"8.1"},"platformName":"android","isHeadless":true,"app":"../AppiumCucumberProject/ApiDemos-debug.apk","appActivity":"io.appium.android.apis.ApiDemos","appPackage":"io.appium.android.apis","avdArgs":"-no-window","deviceName":"emulator-5554","platformVersion":"8.1.0","deviceUDID":"emulator-5554","deviceApiLevel":27,"deviceScreenSize":"1080x1920","deviceScreenDensity":420,"deviceModel":"Android SDK built for x86","deviceManufacturer":"Google","pixelRatio":2.625,"statBarHeight":63,"viewportRect":{"left":0,"top":63,"width":1080,"height":1731}}}
&amp#27;[35m[HTTP]&amp#27;[39m &amp#27;[37m<-- POST /wd/hub/session &amp#27;[39m&amp#27;[32m200&amp#27;[39m &amp#27;[90m8152 ms - 1073&amp#27;[39m
&amp#27;[35m[HTTP]&amp#27;[39m &amp#27;[90m&amp#27;[39m
&amp#27;[35m[HTTP]&amp#27;[39m &amp#27;[37m-->&amp#27;[39m &amp#27;[37mGET&amp#27;[39m &amp#27;[37m/wd/hub/session/ac412304-d954-48df-8100-0ca983f5f5c2&amp#27;[39m
&amp#27;[35m[HTTP]&amp#27;[39m &amp#27;[90m{}&amp#27;[39m
[debug] &amp#27;[35m[W3C (ac412304)]&amp#27;[39m Calling AppiumDriver.getSession() with args: ["ac412304-d954-48df-8100-0ca983f5f5c2"]
[debug] &amp#27;[35m[UiAutomator2]&amp#27;[39m Getting session details from server to mix in
[debug] &amp#27;[35m[WD Proxy]&amp#27;[39m Matched '/' to command name 'getSession'
[debug] &amp#27;[35m[WD Proxy]&amp#27;[39m Proxying [GET /] to [GET http://127.0.0.1:8200/wd/hub/session/41e84685-e8a2-43f1-b7a1-a3d8386f7d7b] with no body
[debug] &amp#27;[35m[WD Proxy]&amp#27;[39m Got response with status 200: {"sessionId":"41e84685-e8a2-43f1-b7a1-a3d8386f7d7b","value":{"lastScrollData":null}}
[debug] &amp#27;[35m[W3C (ac412304)]&amp#27;[39m Responding to client with driver.getSession() result: {"platform":"LINUX","webStorageEnabled":false,"takesScreenshot":true,"javascriptEnabled":true,"databaseEnabled":false,"networkConnectionEnabled":true,"locationContextEnabled":false,"warnings":{},"desired":{"platformName":"android","isHeadless":true,"app":"../AppiumCucumberProject/ApiDemos-debug.apk","appActivity":"io.appium.android.apis.ApiDemos","appPackage":"io.appium.android.apis","avdArgs":"-no-window","deviceName":"android","platformVersion":"8.1"},"platformName":"android","isHeadless":true,"app":"../AppiumCucumberProject/ApiDemos-debug.apk","appActivity":"io.appium.android.apis.ApiDemos","appPackage":"io.appium.android.apis","avdArgs":"-no-window","deviceName":"emulator-5554","platformVersion":"8.1.0","deviceUDID":"emulator-5554","deviceApiLevel":27,"deviceScreenSize":"1080x1920","deviceScreenDensity":420,"deviceModel":"Android SDK built for x86","deviceManufacturer":"Google","pixelRatio":2.625,"statBarHeight":63,"viewportRect":{"left":0,"top":63,"width":1080,"height":1731},"lastScrollData":null}
&amp#27;[35m[HTTP]&amp#27;[39m &amp#27;[37m<-- GET /wd/hub/session/ac412304-d954-48df-8100-0ca983f5f5c2 &amp#27;[39m&amp#27;[32m200&amp#27;[39m &amp#27;[90m23 ms - 1027&amp#27;[39m
&amp#27;[35m[HTTP]&amp#27;[39m &amp#27;[90m&amp#27;[39m
&amp#27;[35m[HTTP]&amp#27;[39m &amp#27;[37m-->&amp#27;[39m &amp#27;[37mGET&amp#27;[39m &amp#27;[37m/wd/hub/session/ac412304-d954-48df-8100-0ca983f5f5c2&amp#27;[39m
&amp#27;[35m[HTTP]&amp#27;[39m &amp#27;[90m{}&amp#27;[39m
[debug] &amp#27;[35m[W3C (ac412304)]&amp#27;[39m Calling AppiumDriver.getSession() with args: ["ac412304-d954-48df-8100-0ca983f5f5c2"]
[debug] &amp#27;[35m[UiAutomator2]&amp#27;[39m Getting session details from server to mix in
[debug] &amp#27;[35m[WD Proxy]&amp#27;[39m Matched '/' to command name 'getSession'
[debug] &amp#27;[35m[WD Proxy]&amp#27;[39m Proxying [GET /] to [GET http://127.0.0.1:8200/wd/hub/session/41e84685-e8a2-43f1-b7a1-a3d8386f7d7b] with no body
[debug] &amp#27;[35m[WD Proxy]&amp#27;[39m Got response with status 200: {"sessionId":"41e84685-e8a2-43f1-b7a1-a3d8386f7d7b","value":{"lastScrollData":null}}
[debug] &amp#27;[35m[W3C (ac412304)]&amp#27;[39m Responding to client with driver.getSession() result: {"platform":"LINUX","webStorageEnabled":false,"takesScreenshot":true,"javascriptEnabled":true,"databaseEnabled":false,"networkConnectionEnabled":true,"locationContextEnabled":false,"warnings":{},"desired":{"platformName":"android","isHeadless":true,"app":"../AppiumCucumberProject/ApiDemos-debug.apk","appActivity":"io.appium.android.apis.ApiDemos","appPackage":"io.appium.android.apis","avdArgs":"-no-window","deviceName":"android","platformVersion":"8.1"},"platformName":"android","isHeadless":true,"app":"../AppiumCucumberProject/ApiDemos-debug.apk","appActivity":"io.appium.android.apis.ApiDemos","appPackage":"io.appium.android.apis","avdArgs":"-no-window","deviceName":"emulator-5554","platformVersion":"8.1.0","deviceUDID":"emulator-5554","deviceApiLevel":27,"deviceScreenSize":"1080x1920","deviceScreenDensity":420,"deviceModel":"Android SDK built for x86","deviceManufacturer":"Google","pixelRatio":2.625,"statBarHeight":63,"viewportRect":{"left":0,"top":63,"width":1080,"height":1731},"lastScrollData":null}
&amp#27;[35m[HTTP]&amp#27;[39m &amp#27;[37m<-- GET /wd/hub/session/ac412304-d954-48df-8100-0ca983f5f5c2 &amp#27;[39m&amp#27;[32m200&amp#27;[39m &amp#27;[90m15 ms - 1027&amp#27;[39m
&amp#27;[35m[HTTP]&amp#27;[39m &amp#27;[90m&amp#27;[39m
&amp#27;[35m[HTTP]&amp#27;[39m &amp#27;[37m-->&amp#27;[39m &amp#27;[37mPOST&amp#27;[39m &amp#27;[37m/wd/hub/session/ac412304-d954-48df-8100-0ca983f5f5c2/timeouts&amp#27;[39m
&amp#27;[35m[HTTP]&amp#27;[39m &amp#27;[90m{"implicit":20000}&amp#27;[39m
[debug] &amp#27;[35m[W3C (ac412304)]&amp#27;[39m Calling AppiumDriver.timeouts() with args: [null,null,null,null,20000,"ac412304-d954-48df-8100-0ca983f5f5c2"]
[debug] &amp#27;[35m[BaseDriver]&amp#27;[39m W3C timeout argument: {"implicit":20000}}
[debug] &amp#27;[35m[BaseDriver]&amp#27;[39m Set implicit wait to 20000ms
[debug] &amp#27;[35m[W3C (ac412304)]&amp#27;[39m Responding to client with driver.timeouts() result: null
&amp#27;[35m[HTTP]&amp#27;[39m &amp#27;[37m<-- POST /wd/hub/session/ac412304-d954-48df-8100-0ca983f5f5c2/timeouts &amp#27;[39m&amp#27;[32m200&amp#27;[39m &amp#27;[90m4 ms - 14&amp#27;[39m
&amp#27;[35m[HTTP]&amp#27;[39m &amp#27;[90m&amp#27;[39m
&amp#27;[35m[HTTP]&amp#27;[39m &amp#27;[37m-->&amp#27;[39m &amp#27;[37mGET&amp#27;[39m &amp#27;[37m/wd/hub/session/ac412304-d954-48df-8100-0ca983f5f5c2&amp#27;[39m
&amp#27;[35m[HTTP]&amp#27;[39m &amp#27;[90m{}&amp#27;[39m
[debug] &amp#27;[35m[W3C (ac412304)]&amp#27;[39m Calling AppiumDriver.getSession() with args: ["ac412304-d954-48df-8100-0ca983f5f5c2"]
[debug] &amp#27;[35m[UiAutomator2]&amp#27;[39m Getting session details from server to mix in
[debug] &amp#27;[35m[WD Proxy]&amp#27;[39m Matched '/' to command name 'getSession'
[debug] &amp#27;[35m[WD Proxy]&amp#27;[39m Proxying [GET /] to [GET http://127.0.0.1:8200/wd/hub/session/41e84685-e8a2-43f1-b7a1-a3d8386f7d7b] with no body
[debug] &amp#27;[35m[WD Proxy]&amp#27;[39m Got response with status 200: {"sessionId":"41e84685-e8a2-43f1-b7a1-a3d8386f7d7b","value":{"lastScrollData":null}}
[debug] &amp#27;[35m[W3C (ac412304)]&amp#27;[39m Responding to client with driver.getSession() result: {"platform":"LINUX","webStorageEnabled":false,"takesScreenshot":true,"javascriptEnabled":true,"databaseEnabled":false,"networkConnectionEnabled":true,"locationContextEnabled":false,"warnings":{},"desired":{"platformName":"android","isHeadless":true,"app":"../AppiumCucumberProject/ApiDemos-debug.apk","appActivity":"io.appium.android.apis.ApiDemos","appPackage":"io.appium.android.apis","avdArgs":"-no-window","deviceName":"android","platformVersion":"8.1"},"platformName":"android","isHeadless":true,"app":"../AppiumCucumberProject/ApiDemos-debug.apk","appActivity":"io.appium.android.apis.ApiDemos","appPackage":"io.appium.android.apis","avdArgs":"-no-window","deviceName":"emulator-5554","platformVersion":"8.1.0","deviceUDID":"emulator-5554","deviceApiLevel":27,"deviceScreenSize":"1080x1920","deviceScreenDensity":420,"deviceModel":"Android SDK built for x86","deviceManufacturer":"Google","pixelRatio":2.625,"statBarHeight":63,"viewportRect":{"left":0,"top":63,"width":1080,"height":1731},"lastScrollData":null}
&amp#27;[35m[HTTP]&amp#27;[39m &amp#27;[37m<-- GET /wd/hub/session/ac412304-d954-48df-8100-0ca983f5f5c2 &amp#27;[39m&amp#27;[32m200&amp#27;[39m &amp#27;[90m18 ms - 1027&amp#27;[39m
&amp#27;[35m[HTTP]&amp#27;[39m &amp#27;[90m&amp#27;[39m
&amp#27;[35m[HTTP]&amp#27;[39m &amp#27;[37m-->&amp#27;[39m &amp#27;[37mGET&amp#27;[39m &amp#27;[37m/wd/hub/session/ac412304-d954-48df-8100-0ca983f5f5c2&amp#27;[39m
&amp#27;[35m[HTTP]&amp#27;[39m &amp#27;[90m{}&amp#27;[39m
[debug] &amp#27;[35m[W3C (ac412304)]&amp#27;[39m Calling AppiumDriver.getSession() with args: ["ac412304-d954-48df-8100-0ca983f5f5c2"]
[debug] &amp#27;[35m[UiAutomator2]&amp#27;[39m Getting session details from server to mix in
[debug] &amp#27;[35m[WD Proxy]&amp#27;[39m Matched '/' to command name 'getSession'
[debug] &amp#27;[35m[WD Proxy]&amp#27;[39m Proxying [GET /] to [GET http://127.0.0.1:8200/wd/hub/session/41e84685-e8a2-43f1-b7a1-a3d8386f7d7b] with no body
[debug] &amp#27;[35m[WD Proxy]&amp#27;[39m Got response with status 200: {"sessionId":"41e84685-e8a2-43f1-b7a1-a3d8386f7d7b","value":{"lastScrollData":null}}
[debug] &amp#27;[35m[W3C (ac412304)]&amp#27;[39m Responding to client with driver.getSession() result: {"platform":"LINUX","webStorageEnabled":false,"takesScreenshot":true,"javascriptEnabled":true,"databaseEnabled":false,"networkConnectionEnabled":true,"locationContextEnabled":false,"warnings":{},"desired":{"platformName":"android","isHeadless":true,"app":"../AppiumCucumberProject/ApiDemos-debug.apk","appActivity":"io.appium.android.apis.ApiDemos","appPackage":"io.appium.android.apis","avdArgs":"-no-window","deviceName":"android","platformVersion":"8.1"},"platformName":"android","isHeadless":true,"app":"../AppiumCucumberProject/ApiDemos-debug.apk","appActivity":"io.appium.android.apis.ApiDemos","appPackage":"io.appium.android.apis","avdArgs":"-no-window","deviceName":"emulator-5554","platformVersion":"8.1.0","deviceUDID":"emulator-5554","deviceApiLevel":27,"deviceScreenSize":"1080x1920","deviceScreenDensity":420,"deviceModel":"Android SDK built for x86","deviceManufacturer":"Google","pixelRatio":2.625,"statBarHeight":63,"viewportRect":{"left":0,"top":63,"width":1080,"height":1731},"lastScrollData":null}
&amp#27;[35m[HTTP]&amp#27;[39m &amp#27;[37m<-- GET /wd/hub/session/ac412304-d954-48df-8100-0ca983f5f5c2 &amp#27;[39m&amp#27;[32m200&amp#27;[39m &amp#27;[90m18 ms - 1027&amp#27;[39m
&amp#27;[35m[HTTP]&amp#27;[39m &amp#27;[90m&amp#27;[39m
&amp#27;[35m[HTTP]&amp#27;[39m &amp#27;[37m-->&amp#27;[39m &amp#27;[37mGET&amp#27;[39m &amp#27;[37m/wd/hub/session/ac412304-d954-48df-8100-0ca983f5f5c2&amp#27;[39m
&amp#27;[35m[HTTP]&amp#27;[39m &amp#27;[90m{}&amp#27;[39m
[debug] &amp#27;[35m[W3C (ac412304)]&amp#27;[39m Calling AppiumDriver.getSession() with args: ["ac412304-d954-48df-8100-0ca983f5f5c2"]
[debug] &amp#27;[35m[UiAutomator2]&amp#27;[39m Getting session details from server to mix in
[debug] &amp#27;[35m[WD Proxy]&amp#27;[39m Matched '/' to command name 'getSession'
[debug] &amp#27;[35m[WD Proxy]&amp#27;[39m Proxying [GET /] to [GET http://127.0.0.1:8200/wd/hub/session/41e84685-e8a2-43f1-b7a1-a3d8386f7d7b] with no body
[debug] &amp#27;[35m[WD Proxy]&amp#27;[39m Got response with status 200: {"sessionId":"41e84685-e8a2-43f1-b7a1-a3d8386f7d7b","value":{"lastScrollData":null}}
[debug] &amp#27;[35m[W3C (ac412304)]&amp#27;[39m Responding to client with driver.getSession() result: {"platform":"LINUX","webStorageEnabled":false,"takesScreenshot":true,"javascriptEnabled":true,"databaseEnabled":false,"networkConnectionEnabled":true,"locationContextEnabled":false,"warnings":{},"desired":{"platformName":"android","isHeadless":true,"app":"../AppiumCucumberProject/ApiDemos-debug.apk","appActivity":"io.appium.android.apis.ApiDemos","appPackage":"io.appium.android.apis","avdArgs":"-no-window","deviceName":"android","platformVersion":"8.1"},"platformName":"android","isHeadless":true,"app":"../AppiumCucumberProject/ApiDemos-debug.apk","appActivity":"io.appium.android.apis.ApiDemos","appPackage":"io.appium.android.apis","avdArgs":"-no-window","deviceName":"emulator-5554","platformVersion":"8.1.0","deviceUDID":"emulator-5554","deviceApiLevel":27,"deviceScreenSize":"1080x1920","deviceScreenDensity":420,"deviceModel":"Android SDK built for x86","deviceManufacturer":"Google","pixelRatio":2.625,"statBarHeight":63,"viewportRect":{"left":0,"top":63,"width":1080,"height":1731},"lastScrollData":null}
&amp#27;[35m[HTTP]&amp#27;[39m &amp#27;[37m<-- GET /wd/hub/session/ac412304-d954-48df-8100-0ca983f5f5c2 &amp#27;[39m&amp#27;[32m200&amp#27;[39m &amp#27;[90m19 ms - 1027&amp#27;[39m
&amp#27;[35m[HTTP]&amp#27;[39m &amp#27;[90m&amp#27;[39m
&amp#27;[35m[HTTP]&amp#27;[39m &amp#27;[37m-->&amp#27;[39m &amp#27;[37mPOST&amp#27;[39m &amp#27;[37m/wd/hub/session/ac412304-d954-48df-8100-0ca983f5f5c2/element&amp#27;[39m
&amp#27;[35m[HTTP]&amp#27;[39m &amp#27;[90m{"using":"xpath","value":"//android.widget.TextView[@content-desc=\"Content\"]"}&amp#27;[39m
[debug] &amp#27;[35m[W3C (ac412304)]&amp#27;[39m Calling AppiumDriver.findElement() with args: ["xpath","//android.widget.TextView[@content-desc=\"Content\"]","ac412304-d954-48df-8100-0ca983f5f5c2"]
[debug] &amp#27;[35m[BaseDriver]&amp#27;[39m Valid locator strategies for this request: xpath, id, class name, accessibility id, css selector, -android uiautomator
[debug] &amp#27;[35m[BaseDriver]&amp#27;[39m Waiting up to 20000 ms for condition
[debug] &amp#27;[35m[WD Proxy]&amp#27;[39m Matched '/element' to command name 'findElement'
[debug] &amp#27;[35m[WD Proxy]&amp#27;[39m Proxying [POST /element] to [POST http://127.0.0.1:8200/wd/hub/session/41e84685-e8a2-43f1-b7a1-a3d8386f7d7b/element] with body: {"strategy":"xpath","selector":"//android.widget.TextView[@content-desc=\"Content\"]","context":"","multiple":false}
[debug] &amp#27;[35m[WD Proxy]&amp#27;[39m Got response with status 200: {"sessionId":"41e84685-e8a2-43f1-b7a1-a3d8386f7d7b","value":{"ELEMENT":"00000000-0000-0051-ffff-ffff00000008","element-6066-11e4-a52e-4f735466cecf":"00000000-0000-0051-ffff-ffff00000008"}}
[debug] &amp#27;[35m[W3C (ac412304)]&amp#27;[39m Responding to client with driver.findElement() result: {"element-6066-11e4-a52e-4f735466cecf":"00000000-0000-0051-ffff-ffff00000008","ELEMENT":"00000000-0000-0051-ffff-ffff00000008"}
&amp#27;[35m[HTTP]&amp#27;[39m &amp#27;[37m<-- POST /wd/hub/session/ac412304-d954-48df-8100-0ca983f5f5c2/element &amp#27;[39m&amp#27;[32m200&amp#27;[39m &amp#27;[90m459 ms - 137&amp#27;[39m
&amp#27;[35m[HTTP]&amp#27;[39m &amp#27;[90m&amp#27;[39m
&amp#27;[35m[HTTP]&amp#27;[39m &amp#27;[37m-->&amp#27;[39m &amp#27;[37mPOST&amp#27;[39m &amp#27;[37m/wd/hub/session/ac412304-d954-48df-8100-0ca983f5f5c2/element/00000000-0000-0051-ffff-ffff00000008/click&amp#27;[39m
&amp#27;[35m[HTTP]&amp#27;[39m &amp#27;[90m{"id":"00000000-0000-0051-ffff-ffff00000008"}&amp#27;[39m
[debug] &amp#27;[35m[W3C (ac412304)]&amp#27;[39m Calling AppiumDriver.click() with args: ["00000000-0000-0051-ffff-ffff00000008","ac412304-d954-48df-8100-0ca983f5f5c2"]
[debug] &amp#27;[35m[WD Proxy]&amp#27;[39m Matched '/element/00000000-0000-0051-ffff-ffff00000008/click' to command name 'click'
[debug] &amp#27;[35m[WD Proxy]&amp#27;[39m Proxying [POST /element/00000000-0000-0051-ffff-ffff00000008/click] to [POST http://127.0.0.1:8200/wd/hub/session/41e84685-e8a2-43f1-b7a1-a3d8386f7d7b/element/00000000-0000-0051-ffff-ffff00000008/click] with body: {"element":"00000000-0000-0051-ffff-ffff00000008"}
[debug] &amp#27;[35m[WD Proxy]&amp#27;[39m Got response with status 200: {"sessionId":"41e84685-e8a2-43f1-b7a1-a3d8386f7d7b","value":null}
[debug] &amp#27;[35m[W3C (ac412304)]&amp#27;[39m Responding to client with driver.click() result: null
&amp#27;[35m[HTTP]&amp#27;[39m &amp#27;[37m<-- POST /wd/hub/session/ac412304-d954-48df-8100-0ca983f5f5c2/element/00000000-0000-0051-ffff-ffff00000008/click &amp#27;[39m&amp#27;[32m200&amp#27;[39m &amp#27;[90m1195 ms - 14&amp#27;[39m
&amp#27;[35m[HTTP]&amp#27;[39m &amp#27;[90m&amp#27;[39m
[INFO ] 2022-03-22 09:48:23.939 [main] ContentScreen - user click in the content in the homepage
&amp#27;[35m[HTTP]&amp#27;[39m &amp#27;[37m-->&amp#27;[39m &amp#27;[37mGET&amp#27;[39m &amp#27;[37m/wd/hub/session/ac412304-d954-48df-8100-0ca983f5f5c2/screenshot&amp#27;[39m
&amp#27;[35m[HTTP]&amp#27;[39m &amp#27;[90m{}&amp#27;[39m
[debug] &amp#27;[35m[W3C (ac412304)]&amp#27;[39m Calling AppiumDriver.getScreenshot() with args: ["ac412304-d954-48df-8100-0ca983f5f5c2"]
[debug] &amp#27;[35m[WD Proxy]&amp#27;[39m Matched '/screenshot' to command name 'getScreenshot'
[debug] &amp#27;[35m[WD Proxy]&amp#27;[39m Proxying [GET /screenshot] to [GET http://127.0.0.1:8200/wd/hub/session/41e84685-e8a2-43f1-b7a1-a3d8386f7d7b/screenshot] with no body
[debug] &amp#27;[35m[WD Proxy]&amp#27;[39m Got response with status 200: {"sessionId":"41e84685-e8a2-43f1-b7a1-a3d8386f7d7b","value":"iVBORw0KGgoAAAANSUhEUgAABDgAAAeACAYAAAArYecKAAAABHNCSVQICAgIfAhkiAAAIABJREFU\neJzs3Xd0VNXaBvDnTEmbVEgDUiQBAklAQSmJSJcEKYaWIFggFAtKEcV2ISDoRVFQ6UZE4XLVUASl\nC0gzYAPxklClhRAgIZ20ad8fWTMfYc4kk8nMJBOe31os15yy954U5Dyz97sFAFoQEREREREREdkx\nSX0PgIiIiIiIiIiorhhwEBEREREREZHdY8BBRERERERERHaPAQcRERERERER2T0GHERERERERERk\n9xhwEBEREREREZHdY8BBRERERERERHaPAQcRERERERER2T1ZfQ+AbEcQBCgUCkRERCA2NhYDBgxA\nYGCg6LVarRZpaWnYsmULDhw4gIsXL6KiogJardbGoyYiIiIiIiKqmQCAT6yNmCAIAICwsDB88MEH\nePjhhwEAEolpk3d0gYZKpcKOHTvwzjvvIC8vj0EHERERERERNSj3dcAhCAJkMhlkMvGJLFqtFiqV\nCiqVysYjswxBEBAaGoodO3bAxcXF5FCjOmq1Gjk5OXj44Yeh0WgsMErbEwQBEokEDg4OZt2v1WpR\nUVFhl+9f997vpVar62E0RERERERElnPfLlHRLdfo1KkTvL29Ra9Rq9W4du0aTp48aXchh4eHB9as\nWYMuXbpYJNjQkUql8PHxQbdu3ZCammqxdm1FEAQ4OjqiTZs2aNWqlVltKJVKXLx4EdnZ2cjNzW3Q\nPxuCIOiDPKlUCplMBoVCAZlMBkEQoNVqoVarUVhYCI1GA7VaDZVKZZfhDREREVlOREQE3N3dUVhY\niLS0tPoeDjUyOTk5Jl1n7DmNyJj7NuCQyWTo1KkTvv3222qvu3btGkaMGIGrV6/aaGR1IwgCunfv\nji+//BIKhcJqfUydOhVHjx7V...
[debug] &amp#27;[35m[W3C (ac412304)]&amp#27;[39m Responding to client with driver.getScreenshot() result: "iVBORw0KGgoAAAANSUhEUgAABDgAAAeACAYAAAArYecKAAAABHNCSVQICAgIfAhkiAAAIABJREFU\neJzs3Xd0VNXaBvDnTEmbVEgDUiQBAklAQSmJSJcEKYaWIFggFAtKEcV2ISDoRVFQ6UZE4XLVUASl\nC0gzYAPxklClhRAgIZ20ad8fWTMfYc4kk8nMJBOe31os15yy954U5Dyz97sFAFoQEREREREREdkx\nSX0PgIiIiIiIiIiorhhwEBEREREREZHdY8BBRERERERERHaPAQcRERERERER2T0GHERERERERERk\n9xhwEBEREREREZHdY8BBRERERERERHaPAQcRERERERER2T1ZfQ+AbEcQBCgUCkRERCA2NhYDBgxA\nYGCg6LVarRZpaWnYsmULDhw4gIsXL6KiogJardbGoyYiIiIiIiKqmQCAT6yNmCAIAICwsDB88MEH\nePjhhwEAEolpk3d0gYZKpcKOHTvwzjvvIC8vj0EHERERERERNSj3dcAhCAJkMhlkMvGJLFqtFiqV\nCiqVysYjswxBEBAaGoodO3bAxcXF5FCjOmq1Gjk5OXj44Yeh0WgsMErbEwQBEokEDg4OZt2v1WpR\nUVFhl+9f997vpVar62E0RERERERElnPfLlHRLdfo1KkTvL29Ra9Rq9W4du0aTp48aXchh4eHB9as\nWYMuXbpYJNjQkUql8PHxQbdu3ZCammqxdm1FEAQ4OjqiTZs2aNWqlVltKJVKXLx4EdnZ2cjNzW3Q\nPxuCIOiDPKlUCplMBoVCAZlMBkEQoNVqoVarUVhYCI1GA7VaDZVKZZfhDREREVlOREQE3N3dUVhY\niLS0tPoeDjUyOTk5Jl1n7DmNyJj7NuCQyWTo1KkTvv3222qvu3btGkaMGIGrV6/aaGR1IwgCunfv\nji+//BIKhcJqfUydOhVHjx7VL1XRPSw3ZLpwo0uXLliwYAEeeOABs9sqLy/H4cOHsXDhQvzvf/+z\n3CAtRB...
&amp#27;[35m[HTTP]&amp#27;[39m &amp#27;[37m<-- GET /wd/hub/session/ac412304-d954-48df-8100-0ca983f5f5c2/screenshot &amp#27;[39m&amp#27;[32m200&amp#27;[39m &amp#27;[90m245 ms - 85164&amp#27;[39m
&amp#27;[35m[HTTP]&amp#27;[39m &amp#27;[90m&amp#27;[39m
&amp#27;[35m[HTTP]&amp#27;[39m &amp#27;[37m-->&amp#27;[39m &amp#27;[37mGET&amp#27;[39m &amp#27;[37m/wd/hub/session/ac412304-d954-48df-8100-0ca983f5f5c2&amp#27;[39m
&amp#27;[35m[HTTP]&amp#27;[39m &amp#27;[90m{}&amp#27;[39m
[debug] &amp#27;[35m[W3C (ac412304)]&amp#27;[39m Calling AppiumDriver.getSession() with args: ["ac412304-d954-48df-8100-0ca983f5f5c2"]
[debug] &amp#27;[35m[UiAutomator2]&amp#27;[39m Getting session details from server to mix in
[debug] &amp#27;[35m[WD Proxy]&amp#27;[39m Matched '/' to command name 'getSession'
[debug] &amp#27;[35m[WD Proxy]&amp#27;[39m Proxying [GET /] to [GET http://127.0.0.1:8200/wd/hub/session/41e84685-e8a2-43f1-b7a1-a3d8386f7d7b] with no body
[debug] &amp#27;[35m[WD Proxy]&amp#27;[39m Got response with status 200: {"sessionId":"41e84685-e8a2-43f1-b7a1-a3d8386f7d7b","value":{"lastScrollData":null}}
[debug] &amp#27;[35m[W3C (ac412304)]&amp#27;[39m Responding to client with driver.getSession() result: {"platform":"LINUX","webStorageEnabled":false,"takesScreenshot":true,"javascriptEnabled":true,"databaseEnabled":false,"networkConnectionEnabled":true,"locationContextEnabled":false,"warnings":{},"desired":{"platformName":"android","isHeadless":true,"app":"../AppiumCucumberProject/ApiDemos-debug.apk","appActivity":"io.appium.android.apis.ApiDemos","appPackage":"io.appium.android.apis","avdArgs":"-no-window","deviceName":"android","platformVersion":"8.1"},"platformName":"android","isHeadless":true,"app":"../AppiumCucumberProject/ApiDemos-debug.apk","appActivity":"io.appium.android.apis.ApiDemos","appPackage":"io.appium.android.apis","avdArgs":"-no-window","deviceName":"emulator-5554","platformVersion":"8.1.0","deviceUDID":"emulator-5554","deviceApiLevel":27,"deviceScreenSize":"1080x1920","deviceScreenDensity":420,"deviceModel":"Android SDK built for x86","deviceManufacturer":"Google","pixelRatio":2.625,"statBarHeight":63,"viewportRect":{"left":0,"top":63,"width":1080,"height":1731},"lastScrollData":null}
&amp#27;[35m[HTTP]&amp#27;[39m &amp#27;[37m<-- GET /wd/hub/session/ac412304-d954-48df-8100-0ca983f5f5c2 &amp#27;[39m&amp#27;[32m200&amp#27;[39m &amp#27;[90m23 ms - 1027&amp#27;[39m
&amp#27;[35m[HTTP]&amp#27;[39m &amp#27;[90m&amp#27;[39m
&amp#27;[35m[HTTP]&amp#27;[39m &amp#27;[37m-->&amp#27;[39m &amp#27;[37mPOST&amp#27;[39m &amp#27;[37m/wd/hub/session/ac412304-d954-48df-8100-0ca983f5f5c2/element&amp#27;[39m
&amp#27;[35m[HTTP]&amp#27;[39m &amp#27;[90m{"using":"xpath","value":"//android.widget.TextView[@content-desc=\"Assets\"]"}&amp#27;[39m
[debug] &amp#27;[35m[W3C (ac412304)]&amp#27;[39m Calling AppiumDriver.findElement() with args: ["xpath","//android.widget.TextView[@content-desc=\"Assets\"]","ac412304-d954-48df-8100-0ca983f5f5c2"]
[debug] &amp#27;[35m[BaseDriver]&amp#27;[39m Valid locator strategies for this request: xpath, id, class name, accessibility id, css selector, -android uiautomator
[debug] &amp#27;[35m[BaseDriver]&amp#27;[39m Waiting up to 20000 ms for condition
[debug] &amp#27;[35m[WD Proxy]&amp#27;[39m Matched '/element' to command name 'findElement'
[debug] &amp#27;[35m[WD Proxy]&amp#27;[39m Proxying [POST /element] to [POST http://127.0.0.1:8200/wd/hub/session/41e84685-e8a2-43f1-b7a1-a3d8386f7d7b/element] with body: {"strategy":"xpath","selector":"//android.widget.TextView[@content-desc=\"Assets\"]","context":"","multiple":false}
[debug] &amp#27;[35m[WD Proxy]&amp#27;[39m Got response with status 200: {"sessionId":"41e84685-e8a2-43f1-b7a1-a3d8386f7d7b","value":{"ELEMENT":"00000000-0000-0052-ffff-ffff00000019","element-6066-11e4-a52e-4f735466cecf":"00000000-0000-0052-ffff-ffff00000019"}}
[debug] &amp#27;[35m[W3C (ac412304)]&amp#27;[39m Responding to client with driver.findElement() result: {"element-6066-11e4-a52e-4f735466cecf":"00000000-0000-0052-ffff-ffff00000019","ELEMENT":"00000000-0000-0052-ffff-ffff00000019"}
&amp#27;[35m[HTTP]&amp#27;[39m &amp#27;[37m<-- POST /wd/hub/session/ac412304-d954-48df-8100-0ca983f5f5c2/element &amp#27;[39m&amp#27;[32m200&amp#27;[39m &amp#27;[90m59 ms - 137&amp#27;[39m
&amp#27;[35m[HTTP]&amp#27;[39m &amp#27;[90m&amp#27;[39m
&amp#27;[35m[HTTP]&amp#27;[39m &amp#27;[37m-->&amp#27;[39m &amp#27;[37mPOST&amp#27;[39m &amp#27;[37m/wd/hub/session/ac412304-d954-48df-8100-0ca983f5f5c2/element/00000000-0000-0052-ffff-ffff00000019/click&amp#27;[39m
&amp#27;[35m[HTTP]&amp#27;[39m &amp#27;[90m{"id":"00000000-0000-0052-ffff-ffff00000019"}&amp#27;[39m
[debug] &amp#27;[35m[W3C (ac412304)]&amp#27;[39m Calling AppiumDriver.click() with args: ["00000000-0000-0052-ffff-ffff00000019","ac412304-d954-48df-8100-0ca983f5f5c2"]
[debug] &amp#27;[35m[WD Proxy]&amp#27;[39m Matched '/element/00000000-0000-0052-ffff-ffff00000019/click' to command name 'click'
[debug] &amp#27;[35m[WD Proxy]&amp#27;[39m Proxying [POST /element/00000000-0000-0052-ffff-ffff00000019/click] to [POST http://127.0.0.1:8200/wd/hub/session/41e84685-e8a2-43f1-b7a1-a3d8386f7d7b/element/00000000-0000-0052-ffff-ffff00000019/click] with body: {"element":"00000000-0000-0052-ffff-ffff00000019"}
[debug] &amp#27;[35m[WD Proxy]&amp#27;[39m Got response with status 200: {"sessionId":"41e84685-e8a2-43f1-b7a1-a3d8386f7d7b","value":null}
[debug] &amp#27;[35m[W3C (ac412304)]&amp#27;[39m Responding to client with driver.click() result: null
&amp#27;[35m[HTTP]&amp#27;[39m &amp#27;[37m<-- POST /wd/hub/session/ac412304-d954-48df-8100-0ca983f5f5c2/element/00000000-0000-0052-ffff-ffff00000019/click &amp#27;[39m&amp#27;[32m200&amp#27;[39m &amp#27;[90m25 ms - 14&amp#27;[39m
&amp#27;[35m[HTTP]&amp#27;[39m &amp#27;[90m&amp#27;[39m
[INFO ] 2022-03-22 09:48:24.444 [main] ContentScreen - user want to check assets
&amp#27;[35m[HTTP]&amp#27;[39m &amp#27;[37m-->&amp#27;[39m &amp#27;[37mGET&amp#27;[39m &amp#27;[37m/wd/hub/session/ac412304-d954-48df-8100-0ca983f5f5c2&amp#27;[39m
&amp#27;[35m[HTTP]&amp#27;[39m &amp#27;[90m{}&amp#27;[39m
[debug] &amp#27;[35m[W3C (ac412304)]&amp#27;[39m Calling AppiumDriver.getSession() with args: ["ac412304-d954-48df-8100-0ca983f5f5c2"]
[debug] &amp#27;[35m[UiAutomator2]&amp#27;[39m Getting session details from server to mix in
[debug] &amp#27;[35m[WD Proxy]&amp#27;[39m Matched '/' to command name 'getSession'
[debug] &amp#27;[35m[WD Proxy]&amp#27;[39m Proxying [GET /] to [GET http://127.0.0.1:8200/wd/hub/session/41e84685-e8a2-43f1-b7a1-a3d8386f7d7b] with no body
[debug] &amp#27;[35m[WD Proxy]&amp#27;[39m Got response with status 200: {"sessionId":"41e84685-e8a2-43f1-b7a1-a3d8386f7d7b","value":{"lastScrollData":null}}
[debug] &amp#27;[35m[W3C (ac412304)]&amp#27;[39m Responding to client with driver.getSession() result: {"platform":"LINUX","webStorageEnabled":false,"takesScreenshot":true,"javascriptEnabled":true,"databaseEnabled":false,"networkConnectionEnabled":true,"locationContextEnabled":false,"warnings":{},"desired":{"platformName":"android","isHeadless":true,"app":"../AppiumCucumberProject/ApiDemos-debug.apk","appActivity":"io.appium.android.apis.ApiDemos","appPackage":"io.appium.android.apis","avdArgs":"-no-window","deviceName":"android","platformVersion":"8.1"},"platformName":"android","isHeadless":true,"app":"../AppiumCucumberProject/ApiDemos-debug.apk","appActivity":"io.appium.android.apis.ApiDemos","appPackage":"io.appium.android.apis","avdArgs":"-no-window","deviceName":"emulator-5554","platformVersion":"8.1.0","deviceUDID":"emulator-5554","deviceApiLevel":27,"deviceScreenSize":"1080x1920","deviceScreenDensity":420,"deviceModel":"Android SDK built for x86","deviceManufacturer":"Google","pixelRatio":2.625,"statBarHeight":63,"viewportRect":{"left":0,"top":63,"width":1080,"height":1731},"lastScrollData":null}
&amp#27;[35m[HTTP]&amp#27;[39m &amp#27;[37m<-- GET /wd/hub/session/ac412304-d954-48df-8100-0ca983f5f5c2 &amp#27;[39m&amp#27;[32m200&amp#27;[39m &amp#27;[90m17 ms - 1027&amp#27;[39m
&amp#27;[35m[HTTP]&amp#27;[39m &amp#27;[90m&amp#27;[39m
&amp#27;[35m[HTTP]&amp#27;[39m &amp#27;[37m-->&amp#27;[39m &amp#27;[37mPOST&amp#27;[39m &amp#27;[37m/wd/hub/session/ac412304-d954-48df-8100-0ca983f5f5c2/element&amp#27;[39m
&amp#27;[35m[HTTP]&amp#27;[39m &amp#27;[90m{"using":"xpath","value":"//android.widget.TextView[@content-desc=\"Read Asset\"]"}&amp#27;[39m
[debug] &amp#27;[35m[W3C (ac412304)]&amp#27;[39m Calling AppiumDriver.findElement() with args: ["xpath","//android.widget.TextView[@content-desc=\"Read Asset\"]","ac412304-d954-48df-8100-0ca983f5f5c2"]
[debug] &amp#27;[35m[BaseDriver]&amp#27;[39m Valid locator strategies for this request: xpath, id, class name, accessibility id, css selector, -android uiautomator
[debug] &amp#27;[35m[BaseDriver]&amp#27;[39m Waiting up to 20000 ms for condition
[debug] &amp#27;[35m[WD Proxy]&amp#27;[39m Matched '/element' to command name 'findElement'
[debug] &amp#27;[35m[WD Proxy]&amp#27;[39m Proxying [POST /element] to [POST http://127.0.0.1:8200/wd/hub/session/41e84685-e8a2-43f1-b7a1-a3d8386f7d7b/element] with body: {"strategy":"xpath","selector":"//android.widget.TextView[@content-desc=\"Read Asset\"]","context":"","multiple":false}
[debug] &amp#27;[35m[WD Proxy]&amp#27;[39m Got response with status 200: {"sessionId":"41e84685-e8a2-43f1-b7a1-a3d8386f7d7b","value":{"ELEMENT":"00000000-0000-0053-ffff-ffff00000024","element-6066-11e4-a52e-4f735466cecf":"00000000-0000-0053-ffff-ffff00000024"}}
[debug] &amp#27;[35m[W3C (ac412304)]&amp#27;[39m Responding to client with driver.findElement() result: {"element-6066-11e4-a52e-4f735466cecf":"00000000-0000-0053-ffff-ffff00000024","ELEMENT":"00000000-0000-0053-ffff-ffff00000024"}
&amp#27;[35m[HTTP]&amp#27;[39m &amp#27;[37m<-- POST /wd/hub/session/ac412304-d954-48df-8100-0ca983f5f5c2/element &amp#27;[39m&amp#27;[32m200&amp#27;[39m &amp#27;[90m1140 ms - 137&amp#27;[39m
&amp#27;[35m[HTTP]&amp#27;[39m &amp#27;[90m&amp#27;[39m
&amp#27;[35m[HTTP]&amp#27;[39m &amp#27;[37m-->&amp#27;[39m &amp#27;[37mPOST&amp#27;[39m &amp#27;[37m/wd/hub/session/ac412304-d954-48df-8100-0ca983f5f5c2/element/00000000-0000-0053-ffff-ffff00000024/click&amp#27;[39m
&amp#27;[35m[HTTP]&amp#27;[39m &amp#27;[90m{"id":"00000000-0000-0053-ffff-ffff00000024"}&amp#27;[39m
[debug] &amp#27;[35m[W3C (ac412304)]&amp#27;[39m Calling AppiumDriver.click() with args: ["00000000-0000-0053-ffff-ffff00000024","ac412304-d954-48df-8100-0ca983f5f5c2"]
[debug] &amp#27;[35m[WD Proxy]&amp#27;[39m Matched '/element/00000000-0000-0053-ffff-ffff00000024/click' to command name 'click'
[debug] &amp#27;[35m[WD Proxy]&amp#27;[39m Proxying [POST /element/00000000-0000-0053-ffff-ffff00000024/click] to [POST http://127.0.0.1:8200/wd/hub/session/41e84685-e8a2-43f1-b7a1-a3d8386f7d7b/element/00000000-0000-0053-ffff-ffff00000024/click] with body: {"element":"00000000-0000-0053-ffff-ffff00000024"}
[debug] &amp#27;[35m[WD Proxy]&amp#27;[39m Got response with status 200: {"sessionId":"41e84685-e8a2-43f1-b7a1-a3d8386f7d7b","value":null}
[debug] &amp#27;[35m[W3C (ac412304)]&amp#27;[39m Responding to client with driver.click() result: null
&amp#27;[35m[HTTP]&amp#27;[39m &amp#27;[37m<-- POST /wd/hub/session/ac412304-d954-48df-8100-0ca983f5f5c2/element/00000000-0000-0053-ffff-ffff00000024/click &amp#27;[39m&amp#27;[32m200&amp#27;[39m &amp#27;[90m1058 ms - 14&amp#27;[39m
&amp#27;[35m[HTTP]&amp#27;[39m &amp#27;[90m&amp#27;[39m
[INFO ] 2022-03-22 09:48:26.692 [main] ContentScreen - user click read assets to read asset
&amp#27;[35m[HTTP]&amp#27;[39m &amp#27;[37m-->&amp#27;[39m &amp#27;[37mGET&amp#27;[39m &amp#27;[37m/wd/hub/session/ac412304-d954-48df-8100-0ca983f5f5c2/screenshot&amp#27;[39m
&amp#27;[35m[HTTP]&amp#27;[39m &amp#27;[90m{}&amp#27;[39m
[debug] &amp#27;[35m[W3C (ac412304)]&amp#27;[39m Calling AppiumDriver.getScreenshot() with args: ["ac412304-d954-48df-8100-0ca983f5f5c2"]
[debug] &amp#27;[35m[WD Proxy]&amp#27;[39m Matched '/screenshot' to command name 'getScreenshot'
[debug] &amp#27;[35m[WD Proxy]&amp#27;[39m Proxying [GET /screenshot] to [GET http://127.0.0.1:8200/wd/hub/session/41e84685-e8a2-43f1-b7a1-a3d8386f7d7b/screenshot] with no body
[debug] &amp#27;[35m[WD Proxy]&amp#27;[39m Got response with status 200: {"sessionId":"41e84685-e8a2-43f1-b7a1-a3d8386f7d7b","value":"iVBORw0KGgoAAAANSUhEUgAABDgAAAeACAYAAAArYecKAAAABHNCSVQICAgIfAhkiAAAIABJREFU\neJzs3Xd0VNX6N/DvmZI2qRBSTBNCCCQBBGlBOkiCFKkBFVE6VxQpgqI/KYJexQsooIJY8cUSEAHp\nTZqAyBVBEhAwlAQCJCSkl2nvH6yZyzBnJpPJlEz4ftZisbLPOXvvmTk5mfOcvZ8tANCCiIiIiIiI\niMiFSZzdASIiIiIiIiKimmKAg4iIiIiIiIhcHgMcREREREREROTyGOAgIiIiIiIiIpfHAAcRERER\nERERuTwGOIiIiIiIiIjI5THAQUREREREREQujwEOIiIiIiIiInJ5Mmd3gBxHEAQoFArEx8cjOTkZ\nffr0QUREhOi+Wq0WaWlp2LhxI/bv34+MjAxUVlZCq9U6uNdEREREREREVRMA8I61DhMEAQAQGxuL\n9957D48++igAQCKxbPCOLqChUqmwbds2vPHGG8jPz2egg4iIiIiIiGqVBzrAIQgCZDIZZDLxgSxa\nrRYqlQoqlcrBPbMNQRAQHR2Nbdu2wcvLy+KghjlqtRq5ubl49NFHodFobNBLxxMEARKJBG5ublYd\nr9VqUVlZ6ZKvX/fa76dWq53QGyIiIiIiItt5YKeo6KZrtG7dGoGBgaL7qNVqZGVl4dSpUy4X5PDz\n88OXX36Jdu3a2SSwoSOVStGgQQN06NABR44csVm9jiIIAtzd3dGkSRM0btzYqjqUSiUyMjKQk5OD\nvLy8Wn1uCIKgD+RJpVLIZDIoFArIZDIIggCtVgu1Wo3CwkJoNBqo1WqoVCqXDN4QERGR7cTHx8PX\n1xeFhYVIS0tzdneojsnNzbVoP1P3aUSmPLABDplMhtatW+P77783u19WVhaGDh2Kq1evOqhnNSMI\nAjp16oQvvvgCCoXCbm28/PLL...
[debug] &amp#27;[35m[W3C (ac412304)]&amp#27;[39m Responding to client with driver.getScreenshot() result: "iVBORw0KGgoAAAANSUhEUgAABDgAAAeACAYAAAArYecKAAAABHNCSVQICAgIfAhkiAAAIABJREFU\neJzs3Xd0VNX6N/DvmZI2qRBSTBNCCCQBBGlBOkiCFKkBFVE6VxQpgqI/KYJexQsooIJY8cUSEAHp\nTZqAyBVBEhAwlAQCJCSkl2nvH6yZyzBnJpPJlEz4ftZisbLPOXvvmTk5mfOcvZ8tANCCiIiIiIiI\niMiFSZzdASIiIiIiIiKimmKAg4iIiIiIiIhcHgMcREREREREROTyGOAgIiIiIiIiIpfHAAcRERER\nERERuTwGOIiIiIiIiIjI5THAQUREREREREQujwEOIiIiIiIiInJ5Mmd3gBxHEAQoFArEx8cjOTkZ\nffr0QUREhOi+Wq0WaWlp2LhxI/bv34+MjAxUVlZCq9U6uNdEREREREREVRMA8I61DhMEAQAQGxuL\n9957D48++igAQCKxbPCOLqChUqmwbds2vPHGG8jPz2egg4iIiIiIiGqVBzrAIQgCZDIZZDLxgSxa\nrRYqlQoqlcrBPbMNQRAQHR2Nbdu2wcvLy+KghjlqtRq5ubl49NFHodFobNBLxxMEARKJBG5ublYd\nr9VqUVlZ6ZKvX/fa76dWq53QGyIiIiIiItt5YKeo6KZrtG7dGoGBgaL7qNVqZGVl4dSpUy4X5PDz\n88OXX36Jdu3a2SSwoSOVStGgQQN06NABR44csVm9jiIIAtzd3dGkSRM0btzYqjqUSiUyMjKQk5OD\nvLy8Wn1uCIKgD+RJpVLIZDIoFArIZDIIggCtVgu1Wo3CwkJoNBqo1WqoVCqXDN4QERGR7cTHx8PX\n1xeFhYVIS0tzdneojsnNzbVoP1P3aUSmPLABDplMhtatW+P77783u19WVhaGDh2Kq1evOqhnNSMI\nAjp16oQvvvgCCoXCbm28/PLLOHr0qH6qiu5muTbTBTfatWuHd999Fw8//LDVdVVUVODQoUN4//33\n8ddff9...
&amp#27;[35m[HTTP]&amp#27;[39m &amp#27;[37m<-- GET /wd/hub/session/ac412304-d954-48df-8100-0ca983f5f5c2/screenshot &amp#27;[39m&amp#27;[32m200&amp#27;[39m &amp#27;[90m250 ms - 73328&amp#27;[39m
&amp#27;[35m[HTTP]&amp#27;[39m &amp#27;[90m&amp#27;[39m
&amp#27;[35m[HTTP]&amp#27;[39m &amp#27;[37m-->&amp#27;[39m &amp#27;[37mGET&amp#27;[39m &amp#27;[37m/wd/hub/session/ac412304-d954-48df-8100-0ca983f5f5c2&amp#27;[39m
&amp#27;[35m[HTTP]&amp#27;[39m &amp#27;[90m{}&amp#27;[39m
[debug] &amp#27;[35m[W3C (ac412304)]&amp#27;[39m Calling AppiumDriver.getSession() with args: ["ac412304-d954-48df-8100-0ca983f5f5c2"]
[debug] &amp#27;[35m[UiAutomator2]&amp#27;[39m Getting session details from server to mix in
[debug] &amp#27;[35m[WD Proxy]&amp#27;[39m Matched '/' to command name 'getSession'
[debug] &amp#27;[35m[WD Proxy]&amp#27;[39m Proxying [GET /] to [GET http://127.0.0.1:8200/wd/hub/session/41e84685-e8a2-43f1-b7a1-a3d8386f7d7b] with no body
[debug] &amp#27;[35m[WD Proxy]&amp#27;[39m Got response with status 200: {"sessionId":"41e84685-e8a2-43f1-b7a1-a3d8386f7d7b","value":{"lastScrollData":null}}
[debug] &amp#27;[35m[W3C (ac412304)]&amp#27;[39m Responding to client with driver.getSession() result: {"platform":"LINUX","webStorageEnabled":false,"takesScreenshot":true,"javascriptEnabled":true,"databaseEnabled":false,"networkConnectionEnabled":true,"locationContextEnabled":false,"warnings":{},"desired":{"platformName":"android","isHeadless":true,"app":"../AppiumCucumberProject/ApiDemos-debug.apk","appActivity":"io.appium.android.apis.ApiDemos","appPackage":"io.appium.android.apis","avdArgs":"-no-window","deviceName":"android","platformVersion":"8.1"},"platformName":"android","isHeadless":true,"app":"../AppiumCucumberProject/ApiDemos-debug.apk","appActivity":"io.appium.android.apis.ApiDemos","appPackage":"io.appium.android.apis","avdArgs":"-no-window","deviceName":"emulator-5554","platformVersion":"8.1.0","deviceUDID":"emulator-5554","deviceApiLevel":27,"deviceScreenSize":"1080x1920","deviceScreenDensity":420,"deviceModel":"Android SDK built for x86","deviceManufacturer":"Google","pixelRatio":2.625,"statBarHeight":63,"viewportRect":{"left":0,"top":63,"width":1080,"height":1731},"lastScrollData":null}
&amp#27;[35m[HTTP]&amp#27;[39m &amp#27;[37m<-- GET /wd/hub/session/ac412304-d954-48df-8100-0ca983f5f5c2 &amp#27;[39m&amp#27;[32m200&amp#27;[39m &amp#27;[90m12 ms - 1027&amp#27;[39m
&amp#27;[35m[HTTP]&amp#27;[39m &amp#27;[90m&amp#27;[39m
&amp#27;[35m[HTTP]&amp#27;[39m &amp#27;[37m-->&amp#27;[39m &amp#27;[37mPOST&amp#27;[39m &amp#27;[37m/wd/hub/session/ac412304-d954-48df-8100-0ca983f5f5c2/element&amp#27;[39m
&amp#27;[35m[HTTP]&amp#27;[39m &amp#27;[90m{"using":"xpath","value":"/hierarchy/android.widget.FrameLayout/android.view.ViewGroup/android.widget.FrameLayout[1]/android.view.ViewGroup/android.widget.TextView"}&amp#27;[39m
[debug] &amp#27;[35m[W3C (ac412304)]&amp#27;[39m Calling AppiumDriver.findElement() with args: ["xpath","/hierarchy/android.widget.FrameLayout/android.view.ViewGroup/android.widget.FrameLayout[1]/android.view.ViewGroup/android.widget.TextView","ac412304-d954-48df-8100-0ca983f5f5c2"]
[debug] &amp#27;[35m[BaseDriver]&amp#27;[39m Valid locator strategies for this request: xpath, id, class name, accessibility id, css selector, -android uiautomator
[debug] &amp#27;[35m[BaseDriver]&amp#27;[39m Waiting up to 20000 ms for condition
[debug] &amp#27;[35m[WD Proxy]&amp#27;[39m Matched '/element' to command name 'findElement'
[debug] &amp#27;[35m[WD Proxy]&amp#27;[39m Proxying [POST /element] to [POST http://127.0.0.1:8200/wd/hub/session/41e84685-e8a2-43f1-b7a1-a3d8386f7d7b/element] with body: {"strategy":"xpath","selector":"/hierarchy/android.widget.FrameLayout/android.view.ViewGroup/android.widget.FrameLayout[1]/android.view.ViewGroup/android.widget.TextView","context":"","multiple":false}
[debug] &amp#27;[35m[WD Proxy]&amp#27;[39m Got response with status 200: {"sessionId":"41e84685-e8a2-43f1-b7a1-a3d8386f7d7b","value":{"ELEMENT":"00000000-0000-0054-ffff-ffff0000002c","element-6066-11e4-a52e-4f735466cecf":"00000000-0000-0054-ffff-ffff0000002c"}}
[debug] &amp#27;[35m[W3C (ac412304)]&amp#27;[39m Responding to client with driver.findElement() result: {"element-6066-11e4-a52e-4f735466cecf":"00000000-0000-0054-ffff-ffff0000002c","ELEMENT":"00000000-0000-0054-ffff-ffff0000002c"}
&amp#27;[35m[HTTP]&amp#27;[39m &amp#27;[37m<-- POST /wd/hub/session/ac412304-d954-48df-8100-0ca983f5f5c2/element &amp#27;[39m&amp#27;[32m200&amp#27;[39m &amp#27;[90m61 ms - 137&amp#27;[39m
&amp#27;[35m[HTTP]&amp#27;[39m &amp#27;[90m&amp#27;[39m
&amp#27;[35m[HTTP]&amp#27;[39m &amp#27;[37m-->&amp#27;[39m &amp#27;[37mGET&amp#27;[39m &amp#27;[37m/wd/hub/session/ac412304-d954-48df-8100-0ca983f5f5c2/element/00000000-0000-0054-ffff-ffff0000002c/text&amp#27;[39m
&amp#27;[35m[HTTP]&amp#27;[39m &amp#27;[90m{}&amp#27;[39m
&amp#27;[35m[W3C (ac412304)]&amp#27;[39m Driver proxy active, passing request on via HTTP proxy
[debug] &amp#27;[35m[WD Proxy]&amp#27;[39m Matched '/wd/hub/session/ac412304-d954-48df-8100-0ca983f5f5c2/element/00000000-0000-0054-ffff-ffff0000002c/text' to command name 'getText'
[debug] &amp#27;[35m[WD Proxy]&amp#27;[39m Proxying [GET /wd/hub/session/ac412304-d954-48df-8100-0ca983f5f5c2/element/00000000-0000-0054-ffff-ffff0000002c/text] to [GET http://127.0.0.1:8200/wd/hub/session/41e84685-e8a2-43f1-b7a1-a3d8386f7d7b/element/00000000-0000-0054-ffff-ffff0000002c/text] with no body
[debug] &amp#27;[35m[WD Proxy]&amp#27;[39m Got response with status 200: {"sessionId":"41e84685-e8a2-43f1-b7a1-a3d8386f7d7b","value":"Content/Assets/Read Asset"}
&amp#27;[35m[WD Proxy]&amp#27;[39m Replacing sessionId 41e84685-e8a2-43f1-b7a1-a3d8386f7d7b with ac412304-d954-48df-8100-0ca983f5f5c2
&amp#27;[35m[HTTP]&amp#27;[39m &amp#27;[37m<-- GET /wd/hub/session/ac412304-d954-48df-8100-0ca983f5f5c2/element/00000000-0000-0054-ffff-ffff0000002c/text &amp#27;[39m&amp#27;[32m200&amp#27;[39m &amp#27;[90m14 ms - 88&amp#27;[39m
&amp#27;[35m[HTTP]&amp#27;[39m &amp#27;[90m&amp#27;[39m
&amp#27;[35m[HTTP]&amp#27;[39m &amp#27;[37m-->&amp#27;[39m &amp#27;[37mGET&amp#27;[39m &amp#27;[37m/wd/hub/session/ac412304-d954-48df-8100-0ca983f5f5c2/screenshot&amp#27;[39m
&amp#27;[35m[HTTP]&amp#27;[39m &amp#27;[90m{}&amp#27;[39m
[debug] &amp#27;[35m[W3C (ac412304)]&amp#27;[39m Calling AppiumDriver.getScreenshot() with args: ["ac412304-d954-48df-8100-0ca983f5f5c2"]
[debug] &amp#27;[35m[WD Proxy]&amp#27;[39m Matched '/screenshot' to command name 'getScreenshot'
[debug] &amp#27;[35m[WD Proxy]&amp#27;[39m Proxying [GET /screenshot] to [GET http://127.0.0.1:8200/wd/hub/session/41e84685-e8a2-43f1-b7a1-a3d8386f7d7b/screenshot] with no body
[debug] &amp#27;[35m[WD Proxy]&amp#27;[39m Got response with status 200: {"sessionId":"41e84685-e8a2-43f1-b7a1-a3d8386f7d7b","value":"iVBORw0KGgoAAAANSUhEUgAABDgAAAeACAYAAAArYecKAAAABHNCSVQICAgIfAhkiAAAIABJREFU\neJzs3Xd0VNX6N/DvmZI2qRBSTBNCCCQBBGlBOkiCFKkBFVE6VxQpgqI/KYJexQsooIJY8cUSEAHp\nTZqAyBVBEhAwlAQCJCSkl2nvH6yZyzBnJpPJlEz4ftZisbLPOXvvmTk5mfOcvZ8tANCCiIiIiIiI\niMiFSZzdASIiIiIiIiKimmKAg4iIiIiIiIhcHgMcREREREREROTyGOAgIiIiIiIiIpfHAAcRERER\nERERuTwGOIiIiIiIiIjI5THAQUREREREREQujwEOIiIiIiIiInJ5Mmd3gBxHEAQoFArEx8cjOTkZ\nffr0QUREhOi+Wq0WaWlp2LhxI/bv34+MjAxUVlZCq9U6uNdEREREREREVRMA8I61DhMEAQAQGxuL\n9957D48++igAQCKxbPCOLqChUqmwbds2vPHGG8jPz2egg4iIiIiIiGqVBzrAIQgCZDIZZDLxgSxa\nrRYqlQoqlcrBPbMNQRAQHR2Nbdu2wcvLy+KghjlqtRq5ubl49NFHodFobNBLxxMEARKJBG5ublYd\nr9VqUVlZ6ZKvX/fa76dWq53QGyIiIiIiItt5YKeo6KZrtG7dGoGBgaL7qNVqZGVl4dSpUy4X5PDz\n88OXX36Jdu3a2SSwoSOVStGgQQN06NABR44csVm9jiIIAtzd3dGkSRM0btzYqjqUSiUyMjKQk5OD\nvLy8Wn1uCIKgD+RJpVLIZDIoFArIZDIIggCtVgu1Wo3CwkJoNBqo1WqoVCqXDN4QERGR7cTHx8PX\n1xeFhYVIS0tzdneojsnNzbVoP1P3aUSmPLABDplMhtatW+P77783u19WVhaGDh2Kq1evOqhnNSMI\nAjp16oQvvvgCCoXCbm28/PLL...
[debug] &amp#27;[35m[W3C (ac412304)]&amp#27;[39m Responding to client with driver.getScreenshot() result: "iVBORw0KGgoAAAANSUhEUgAABDgAAAeACAYAAAArYecKAAAABHNCSVQICAgIfAhkiAAAIABJREFU\neJzs3Xd0VNX6N/DvmZI2qRBSTBNCCCQBBGlBOkiCFKkBFVE6VxQpgqI/KYJexQsooIJY8cUSEAHp\nTZqAyBVBEhAwlAQCJCSkl2nvH6yZyzBnJpPJlEz4ftZisbLPOXvvmTk5mfOcvZ8tANCCiIiIiIiI\niMiFSZzdASIiIiIiIiKimmKAg4iIiIiIiIhcHgMcREREREREROTyGOAgIiIiIiIiIpfHAAcRERER\nERERuTwGOIiIiIiIiIjI5THAQUREREREREQujwEOIiIiIiIiInJ5Mmd3gBxHEAQoFArEx8cjOTkZ\nffr0QUREhOi+Wq0WaWlp2LhxI/bv34+MjAxUVlZCq9U6uNdEREREREREVRMA8I61DhMEAQAQGxuL\n9957D48++igAQCKxbPCOLqChUqmwbds2vPHGG8jPz2egg4iIiIiIiGqVBzrAIQgCZDIZZDLxgSxa\nrRYqlQoqlcrBPbMNQRAQHR2Nbdu2wcvLy+KghjlqtRq5ubl49NFHodFobNBLxxMEARKJBG5ublYd\nr9VqUVlZ6ZKvX/fa76dWq53QGyIiIiIiItt5YKeo6KZrtG7dGoGBgaL7qNVqZGVl4dSpUy4X5PDz\n88OXX36Jdu3a2SSwoSOVStGgQQN06NABR44csVm9jiIIAtzd3dGkSRM0btzYqjqUSiUyMjKQk5OD\nvLy8Wn1uCIKgD+RJpVLIZDIoFArIZDIIggCtVgu1Wo3CwkJoNBqo1WqoVCqXDN4QERGR7cTHx8PX\n1xeFhYVIS0tzdneojsnNzbVoP1P3aUSmPLABDplMhtatW+P77783u19WVhaGDh2Kq1evOqhnNSMI\nAjp16oQvvvgCCoXCbm28/PLLOHr0qH6qiu5muTbTBTfatWuHd999Fw8//LDVdVVUVODQoUN4//33\n8ddff9...
&amp#27;[35m[HTTP]&amp#27;[39m &amp#27;[37m<-- GET /wd/hub/session/ac412304-d954-48df-8100-0ca983f5f5c2/screenshot &amp#27;[39m&amp#27;[32m200&amp#27;[39m &amp#27;[90m217 ms - 73328&amp#27;[39m
&amp#27;[35m[HTTP]&amp#27;[39m &amp#27;[90m&amp#27;[39m
&amp#27;[35m[HTTP]&amp#27;[39m &amp#27;[37m-->&amp#27;[39m &amp#27;[37mDELETE&amp#27;[39m &amp#27;[37m/wd/hub/session/ac412304-d954-48df-8100-0ca983f5f5c2&amp#27;[39m
&amp#27;[35m[HTTP]&amp#27;[39m &amp#27;[90m{}&amp#27;[39m
[debug] &amp#27;[35m[W3C (ac412304)]&amp#27;[39m Calling AppiumDriver.deleteSession() with args: ["ac412304-d954-48df-8100-0ca983f5f5c2"]
[debug] &amp#27;[35m[BaseDriver]&amp#27;[39m Event 'quitSessionRequested' logged at 1647922707325 (09:48:27 GMT+0530 (India Standard Time))
&amp#27;[35m[Appium]&amp#27;[39m Removing session ac412304-d954-48df-8100-0ca983f5f5c2 from our master session list
[debug] &amp#27;[35m[UiAutomator2]&amp#27;[39m Deleting UiAutomator2 session
[debug] &amp#27;[35m[UiAutomator2]&amp#27;[39m Deleting UiAutomator2 server session
[debug] &amp#27;[35m[WD Proxy]&amp#27;[39m Matched '/' to command name 'deleteSession'
[debug] &amp#27;[35m[WD Proxy]&amp#27;[39m Proxying [DELETE /] to [DELETE http://127.0.0.1:8200/wd/hub/session/41e84685-e8a2-43f1-b7a1-a3d8386f7d7b] with no body
[debug] &amp#27;[35m[WD Proxy]&amp#27;[39m Got response with status 200: {"sessionId":"41e84685-e8a2-43f1-b7a1-a3d8386f7d7b","value":null}
[debug] &amp#27;[35m[ADB]&amp#27;[39m Running 'C:\Users\namrotadutta\AppData\Local\Android\Sdk\platform-tools\adb.exe -P 5037 -s emulator-5554 shell am force-stop io.appium.android.apis'
[debug] &amp#27;[35m[Logcat]&amp#27;[39m Stopping logcat capture
[debug] &amp#27;[35m[ADB]&amp#27;[39m Removing forwarded port socket connection: 8200 
[debug] &amp#27;[35m[ADB]&amp#27;[39m Running 'C:\Users\namrotadutta\AppData\Local\Android\Sdk\platform-tools\adb.exe -P 5037 -s emulator-5554 forward --remove tcp:8200'
[debug] &amp#27;[35m[BaseDriver]&amp#27;[39m Event 'quitSessionFinished' logged at 1647922707515 (09:48:27 GMT+0530 (India Standard Time))
[debug] &amp#27;[35m[W3C (ac412304)]&amp#27;[39m Received response: null
[debug] &amp#27;[35m[W3C (ac412304)]&amp#27;[39m But deleting session, so not returning
[debug] &amp#27;[35m[W3C (ac412304)]&amp#27;[39m Responding to client with driver.deleteSession() result: null
&amp#27;[35m[HTTP]&amp#27;[39m &amp#27;[37m<-- DELETE /wd/hub/session/ac412304-d954-48df-8100-0ca983f5f5c2 &amp#27;[39m&amp#27;[32m200&amp#27;[39m &amp#27;[90m193 ms - 14&amp#27;[39m
&amp#27;[35m[HTTP]&amp#27;[39m &amp#27;[90m&amp#27;[39m
]]></system-out>
    <system-err><![CDATA[Mar 22, 2022 9:48:21 AM io.appium.java_client.remote.AppiumCommandExecutor$1 lambda$0
INFO: Detected dialect: W3C
]]></system-err>
  </testcase>
  <testcase name="feature[Display show title in app](2)" classname="com.Runner.Runner" time="12.553">
    <system-out><![CDATA[&amp#27;[35m[HTTP]&amp#27;[39m &amp#27;[37m-->&amp#27;[39m &amp#27;[37mPOST&amp#27;[39m &amp#27;[37m/wd/hub/session&amp#27;[39m
&amp#27;[35m[HTTP]&amp#27;[39m &amp#27;[90m{"desiredCapabilities":{"app":"../AppiumCucumberProject/ApiDemos-debug.apk","appActivity":"io.appium.android.apis.ApiDemos","appPackage":"io.appium.android.apis","isHeadless":true,"avdArgs":"-no-window","platformVersion":"8.1","platformName":"Android","deviceName":"android"},"capabilities":{"alwaysMatch":{"appium:app":"../AppiumCucumberProject/ApiDemos-debug.apk","appium:appActivity":"io.appium.android.apis.ApiDemos","appium:appPackage":"io.appium.android.apis","appium:avdArgs":"-no-window","appium:deviceName":"android","isHeadless":true,"platformName":"android","appium:platformVersion":"8.1"},"firstMatch":[{}]}}&amp#27;[39m
[debug] &amp#27;[35m[W3C]&amp#27;[39m Calling AppiumDriver.createSession() with args: [{"app":"../AppiumCucumberProject/ApiDemos-debug.apk","appActivity":"io.appium.android.apis.ApiDemos","appPackage":"io.appium.android.apis","isHeadless":true,"avdArgs":"-no-window","platformVersion":"8.1","platformName":"Android","deviceName":"android"},null,{"alwaysMatch":{"appium:app":"../AppiumCucumberProject/ApiDemos-debug.apk","appium:appActivity":"io.appium.android.apis.ApiDemos","appium:appPackage":"io.appium.android.apis","appium:avdArgs":"-no-window","appium:deviceName":"android","isHeadless":true,"platformName":"android","appium:platformVersion":"8.1"},"firstMatch":[{}]}]
[debug] &amp#27;[35m[BaseDriver]&amp#27;[39m Event 'newSessionRequested' logged at 1647922707542 (09:48:27 GMT+0530 (India Standard Time))
&amp#27;[35m[BaseDriver]&amp#27;[39m The following capabilities are not standard capabilities and should have an extension prefix:
&amp#27;[35m[BaseDriver]&amp#27;[39m   isHeadless
&amp#27;[35m[Appium]&amp#27;[39m 
&amp#27;[35m[Appium]&amp#27;[39m ======================================================================
&amp#27;[35m[Appium]&amp#27;[39m   DEPRECATION WARNING:
&amp#27;[35m[Appium]&amp#27;[39m 
&amp#27;[35m[Appium]&amp#27;[39m   The 'automationName' capability was not provided in the desired 
&amp#27;[35m[Appium]&amp#27;[39m   capabilities for this Android session
&amp#27;[35m[Appium]&amp#27;[39m 
&amp#27;[35m[Appium]&amp#27;[39m   Setting 'automationName=UiAutomator2' by default and using the 
&amp#27;[35m[Appium]&amp#27;[39m   UiAutomator2 Driver
&amp#27;[35m[Appium]&amp#27;[39m 
&amp#27;[35m[Appium]&amp#27;[39m   The next major version of Appium (2.x) will **require** the 
&amp#27;[35m[Appium]&amp#27;[39m   'automationName' capability to be set for all sessions on all 
&amp#27;[35m[Appium]&amp#27;[39m   platforms
&amp#27;[35m[Appium]&amp#27;[39m 
&amp#27;[35m[Appium]&amp#27;[39m   In previous versions (Appium <= 1.13.x), the default was 
&amp#27;[35m[Appium]&amp#27;[39m   'automationName=UiAutomator1'
&amp#27;[35m[Appium]&amp#27;[39m 
&amp#27;[35m[Appium]&amp#27;[39m   If you wish to use that automation instead of UiAutomator2, please 
&amp#27;[35m[Appium]&amp#27;[39m   add 'automationName=UiAutomator1' to your desired capabilities
&amp#27;[35m[Appium]&amp#27;[39m 
&amp#27;[35m[Appium]&amp#27;[39m   For more information about drivers, please visit 
&amp#27;[35m[Appium]&amp#27;[39m   http://appium.io/docs/en/about-appium/intro/ and explore the 
&amp#27;[35m[Appium]&amp#27;[39m   'Drivers' menu
&amp#27;[35m[Appium]&amp#27;[39m 
&amp#27;[35m[Appium]&amp#27;[39m ======================================================================
&amp#27;[35m[Appium]&amp#27;[39m 
&amp#27;[35m[Appium]&amp#27;[39m Appium v1.22.2 creating new AndroidUiautomator2Driver (v1.70.1) session
[debug] &amp#27;[35m[BaseDriver]&amp#27;[39m W3C capabilities and MJSONWP desired capabilities were provided
[debug] &amp#27;[35m[BaseDriver]&amp#27;[39m Creating session with W3C capabilities: {
[debug] &amp#27;[35m[BaseDriver]&amp#27;[39m   "alwaysMatch": {
[debug] &amp#27;[35m[BaseDriver]&amp#27;[39m     "appium:isHeadless": true,
[debug] &amp#27;[35m[BaseDriver]&amp#27;[39m     "platformName": "android",
[debug] &amp#27;[35m[BaseDriver]&amp#27;[39m     "appium:app": "../AppiumCucumberProject/ApiDemos-debug.apk",
[debug] &amp#27;[35m[BaseDriver]&amp#27;[39m     "appium:appActivity": "io.appium.android.apis.ApiDemos",
[debug] &amp#27;[35m[BaseDriver]&amp#27;[39m     "appium:appPackage": "io.appium.android.apis",
[debug] &amp#27;[35m[BaseDriver]&amp#27;[39m     "appium:avdArgs": "-no-window",
[debug] &amp#27;[35m[BaseDriver]&amp#27;[39m     "appium:deviceName": "android",
[debug] &amp#27;[35m[BaseDriver]&amp#27;[39m     "appium:platformVersion": "8.1"
[debug] &amp#27;[35m[BaseDriver]&amp#27;[39m   },
[debug] &amp#27;[35m[BaseDriver]&amp#27;[39m   "firstMatch": [
[debug] &amp#27;[35m[BaseDriver]&amp#27;[39m     {}
[debug] &amp#27;[35m[BaseDriver]&amp#27;[39m   ]
[debug] &amp#27;[35m[BaseDriver]&amp#27;[39m }
&amp#27;[35m[BaseDriver]&amp#27;[39m Session created with session id: b5338cb7-6556-4bf2-ab5e-5ab35212b5c5
&amp#27;[35m[BaseDriver]&amp#27;[39m Using local app '../AppiumCucumberProject/ApiDemos-debug.apk'
&amp#27;[35m[BaseDriver]&amp#27;[39m The current application path '../AppiumCucumberProject/ApiDemos-debug.apk' is not absolute and has been rewritten to 'C:\Users\namrotadutta\eclipse-workspace-new\AppiumCucumberProject\ApiDemos-debug.apk'. Consider using absolute paths rather than relative
[debug] &amp#27;[35m[UiAutomator2]&amp#27;[39m Checking whether app is actually present
&amp#27;[35m[ADB]&amp#27;[39m Using 'adb.exe' from 'C:\Users\namrotadutta\AppData\Local\Android\Sdk\platform-tools\adb.exe'
[debug] &amp#27;[35m[ADB]&amp#27;[39m Running 'C:\Users\namrotadutta\AppData\Local\Android\Sdk\platform-tools\adb.exe -P 5037 start-server'
&amp#27;[35m[AndroidDriver]&amp#27;[39m Retrieving device list
[debug] &amp#27;[35m[ADB]&amp#27;[39m Trying to find a connected android device
[debug] &amp#27;[35m[ADB]&amp#27;[39m Getting connected devices
[debug] &amp#27;[35m[ADB]&amp#27;[39m Connected devices: [{"udid":"emulator-5554","state":"device"}]
&amp#27;[35m[AndroidDriver]&amp#27;[39m Looking for a device with Android '8.1.0'
[debug] &amp#27;[35m[ADB]&amp#27;[39m Setting device id to emulator-5554
&amp#27;[35m[ADB]&amp#27;[39m Getting device platform version
[debug] &amp#27;[35m[ADB]&amp#27;[39m Running 'C:\Users\namrotadutta\AppData\Local\Android\Sdk\platform-tools\adb.exe -P 5037 -s emulator-5554 shell getprop ro.build.version.release'
[debug] &amp#27;[35m[Instrumentation]&amp#27;[39m .
[debug] &amp#27;[35m[Instrumentation]&amp#27;[39m Time: 9.071
[debug] &amp#27;[35m[Instrumentation]&amp#27;[39m 
[debug] &amp#27;[35m[Instrumentation]&amp#27;[39m OK (1 test)
[debug] &amp#27;[35m[ADB]&amp#27;[39m Current device property 'ro.build.version.release': 8.1.0
&amp#27;[35m[AndroidDriver]&amp#27;[39m Using device: emulator-5554
&amp#27;[35m[ADB]&amp#27;[39m Using 'adb.exe' from 'C:\Users\namrotadutta\AppData\Local\Android\Sdk\platform-tools\adb.exe'
[debug] &amp#27;[35m[ADB]&amp#27;[39m Running 'C:\Users\namrotadutta\AppData\Local\Android\Sdk\platform-tools\adb.exe -P 5037 start-server'
[debug] &amp#27;[35m[ADB]&amp#27;[39m Setting device id to emulator-5554
[debug] &amp#27;[35m[ADB]&amp#27;[39m Running 'C:\Users\namrotadutta\AppData\Local\Android\Sdk\platform-tools\adb.exe -P 5037 -s emulator-5554 shell getprop ro.build.version.sdk'
[debug] &amp#27;[35m[ADB]&amp#27;[39m Current device property 'ro.build.version.sdk': 27
[debug] &amp#27;[35m[ADB]&amp#27;[39m Device API level: 27
[debug] &amp#27;[35m[ADB]&amp#27;[39m Running 'C:\Users\namrotadutta\AppData\Local\Android\Sdk\platform-tools\adb.exe -P 5037 -s emulator-5554 wait-for-device'
[debug] &amp#27;[35m[ADB]&amp#27;[39m Running 'C:\Users\namrotadutta\AppData\Local\Android\Sdk\platform-tools\adb.exe -P 5037 -s emulator-5554 shell echo ping'
[debug] &amp#27;[35m[Instrumentation]&amp#27;[39m The process has exited with code 0
[debug] &amp#27;[35m[AndroidDriver]&amp#27;[39m Pushing settings apk to device...
[debug] &amp#27;[35m[ADB]&amp#27;[39m Getting install status for io.appium.settings
[debug] &amp#27;[35m[ADB]&amp#27;[39m Running 'C:\Users\namrotadutta\AppData\Local\Android\Sdk\platform-tools\adb.exe -P 5037 -s emulator-5554 shell dumpsys package io.appium.settings'
[debug] &amp#27;[35m[ADB]&amp#27;[39m 'io.appium.settings' is installed
[debug] &amp#27;[35m[ADB]&amp#27;[39m Getting package info for 'io.appium.settings'
[debug] &amp#27;[35m[ADB]&amp#27;[39m Running 'C:\Users\namrotadutta\AppData\Local\Android\Sdk\platform-tools\adb.exe -P 5037 -s emulator-5554 shell dumpsys package io.appium.settings'
[debug] &amp#27;[35m[ADB]&amp#27;[39m The version name of the installed 'io.appium.settings' is greater or equal to the application version name ('3.4.0' >= '3.4.0')
[debug] &amp#27;[35m[ADB]&amp#27;[39m There is no need to install/upgrade 'C:\Users\namrotadutta\AppData\Roaming\npm\node_modules\appium\node_modules\io.appium.settings\apks\settings_apk-debug.apk'
[debug] &amp#27;[35m[ADB]&amp#27;[39m Getting IDs of all 'io.appium.settings' processes
[debug] &amp#27;[35m[ADB]&amp#27;[39m Running 'C:\Users\namrotadutta\AppData\Local\Android\Sdk\platform-tools\adb.exe -P 5037 -s emulator-5554 shell 'pgrep --help; echo $?''
[debug] &amp#27;[35m[ADB]&amp#27;[39m Running 'C:\Users\namrotadutta\AppData\Local\Android\Sdk\platform-tools\adb.exe -P 5037 -s emulator-5554 shell pgrep -f \(\[\[:blank:\]\]\|\^\)io\.appium\.settings\(\[\[:blank:\]\]\|\$\)'
[debug] &amp#27;[35m[AndroidDriver]&amp#27;[39m io.appium.settings is already running. There is no need to reset its permissions.
[debug] &amp#27;[35m[Logcat]&amp#27;[39m Starting logs capture with command: C:\\Users\\namrotadutta\\AppData\\Local\\Android\\Sdk\\platform-tools\\adb.exe -P 5037 -s emulator-5554 logcat -v threadtime
[debug] &amp#27;[35m[UiAutomator2]&amp#27;[39m Forwarding UiAutomator2 Server port 6790 to local port 8200
[debug] &amp#27;[35m[ADB]&amp#27;[39m Forwarding system: 8200 to device: 6790
[debug] &amp#27;[35m[ADB]&amp#27;[39m Running 'C:\Users\namrotadutta\AppData\Local\Android\Sdk\platform-tools\adb.exe -P 5037 -s emulator-5554 forward tcp:8200 tcp:6790'
[debug] &amp#27;[35m[ADB]&amp#27;[39m Getting install status for io.appium.uiautomator2.server
[debug] &amp#27;[35m[ADB]&amp#27;[39m Running 'C:\Users\namrotadutta\AppData\Local\Android\Sdk\platform-tools\adb.exe -P 5037 -s emulator-5554 shell dumpsys package io.appium.uiautomator2.server'
[debug] &amp#27;[35m[ADB]&amp#27;[39m 'io.appium.uiautomator2.server' is installed
[debug] &amp#27;[35m[ADB]&amp#27;[39m Getting package info for 'io.appium.uiautomator2.server'
[debug] &amp#27;[35m[ADB]&amp#27;[39m Running 'C:\Users\namrotadutta\AppData\Local\Android\Sdk\platform-tools\adb.exe -P 5037 -s emulator-5554 shell dumpsys package io.appium.uiautomator2.server'
[debug] &amp#27;[35m[ADB]&amp#27;[39m The version name of the installed 'io.appium.uiautomator2.server' is greater or equal to the application version name ('4.27.0' >= '4.27.0')
[debug] &amp#27;[35m[UiAutomator2]&amp#27;[39m io.appium.uiautomator2.server installation state: sameVersionInstalled
[debug] &amp#27;[35m[ADB]&amp#27;[39m Checking app cert for C:\Users\namrotadutta\AppData\Roaming\npm\node_modules\appium\node_modules\appium-uiautomator2-server\apks\appium-uiautomator2-server-v4.27.0.apk
[debug] &amp#27;[35m[ADB]&amp#27;[39m Using the previously cached signature entry for 'appium-uiautomator2-server-v4.27.0.apk'
[debug] &amp#27;[35m[ADB]&amp#27;[39m sha256 hash did match for 'appium-uiautomator2-server-v4.27.0.apk'
[debug] &amp#27;[35m[ADB]&amp#27;[39m Getting install status for io.appium.uiautomator2.server.test
[debug] &amp#27;[35m[ADB]&amp#27;[39m Running 'C:\Users\namrotadutta\AppData\Local\Android\Sdk\platform-tools\adb.exe -P 5037 -s emulator-5554 shell dumpsys package io.appium.uiautomator2.server.test'
[debug] &amp#27;[35m[ADB]&amp#27;[39m 'io.appium.uiautomator2.server.test' is installed
[debug] &amp#27;[35m[ADB]&amp#27;[39m Checking app cert for C:\Users\namrotadutta\AppData\Roaming\npm\node_modules\appium\node_modules\appium-uiautomator2-server\apks\appium-uiautomator2-server-debug-androidTest.apk
[debug] &amp#27;[35m[ADB]&amp#27;[39m Using the previously cached signature entry for 'appium-uiautomator2-server-debug-androidTest.apk'
[debug] &amp#27;[35m[ADB]&amp#27;[39m sha256 hash did match for 'appium-uiautomator2-server-debug-androidTest.apk'
&amp#27;[35m[UiAutomator2]&amp#27;[39m Server packages are not going to be (re)installed
[debug] &amp#27;[35m[UiAutomator2]&amp#27;[39m Waiting up to 30000ms for services to be available
[debug] &amp#27;[35m[ADB]&amp#27;[39m Running 'C:\Users\namrotadutta\AppData\Local\Android\Sdk\platform-tools\adb.exe -P 5037 -s emulator-5554 shell pm list instrumentation'
[debug] &amp#27;[35m[UiAutomator2]&amp#27;[39m Instrumentation target 'io.appium.uiautomator2.server.test/androidx.test.runner.AndroidJUnitRunner' is available
&amp#27;[35m[ADB]&amp#27;[39m Adding packages ["io.appium.settings","io.appium.uiautomator2.server","io.appium.uiautomator2.server.test"] to Doze whitelist
[debug] &amp#27;[35m[ADB]&amp#27;[39m Got the following command chunks to execute: [["dumpsys","deviceidle","whitelist","+io.appium.settings",";","dumpsys","deviceidle","whitelist","+io.appium.uiautomator2.server",";","dumpsys","deviceidle","whitelist","+io.appium.uiautomator2.server.test",";"]]
[debug] &amp#27;[35m[ADB]&amp#27;[39m Running 'C:\Users\namrotadutta\AppData\Local\Android\Sdk\platform-tools\adb.exe -P 5037 -s emulator-5554 shell dumpsys deviceidle whitelist +io.appium.settings ; dumpsys deviceidle whitelist +io.appium.uiautomator2.server ; dumpsys deviceidle whitelist +io.appium.uiautomator2.server.test ;'
[debug] &amp#27;[35m[ADB]&amp#27;[39m Checking app cert for C:\Users\namrotadutta\eclipse-workspace-new\AppiumCucumberProject\ApiDemos-debug.apk
[debug] &amp#27;[35m[ADB]&amp#27;[39m Using the previously cached signature entry for 'ApiDemos-debug.apk'
[debug] &amp#27;[35m[ADB]&amp#27;[39m Getting install status for io.appium.android.apis
[debug] &amp#27;[35m[ADB]&amp#27;[39m Running 'C:\Users\namrotadutta\AppData\Local\Android\Sdk\platform-tools\adb.exe -P 5037 -s emulator-5554 shell dumpsys package io.appium.android.apis'
[debug] &amp#27;[35m[ADB]&amp#27;[39m 'io.appium.android.apis' is installed
[debug] &amp#27;[35m[ADB]&amp#27;[39m Getting package info for 'io.appium.android.apis'
[debug] &amp#27;[35m[ADB]&amp#27;[39m Running 'C:\Users\namrotadutta\AppData\Local\Android\Sdk\platform-tools\adb.exe -P 5037 -s emulator-5554 shell dumpsys package io.appium.android.apis'
&amp#27;[35m[ADB]&amp#27;[39m Cannot read version codes of 'C:\Users\namrotadutta\eclipse-workspace-new\AppiumCucumberProject\ApiDemos-debug.apk' and/or 'io.appium.android.apis'
&amp#27;[35m[ADB]&amp#27;[39m Cannot read version names of 'C:\Users\namrotadutta\eclipse-workspace-new\AppiumCucumberProject\ApiDemos-debug.apk' and/or 'io.appium.android.apis'
[debug] &amp#27;[35m[ADB]&amp#27;[39m The current install state of 'C:\Users\namrotadutta\eclipse-workspace-new\AppiumCucumberProject\ApiDemos-debug.apk' is unknown. Installing anyway
[debug] &amp#27;[35m[ADB]&amp#27;[39m Running 'C:\Users\namrotadutta\AppData\Local\Android\Sdk\platform-tools\adb.exe -P 5037 -s emulator-5554 features'
&amp#27;[35m[ADB]&amp#27;[39m The application at 'C:\Users\namrotadutta\eclipse-workspace-new\AppiumCucumberProject\ApiDemos-debug.apk' will not be cached, because the device under test has confirmed the support of streamed installs
[debug] &amp#27;[35m[ADB]&amp#27;[39m Running 'C:\Users\namrotadutta\AppData\Local\Android\Sdk\platform-tools\adb.exe -P 5037 -s emulator-5554 install -r C:\Users\namrotadutta\eclipse-workspace-new\AppiumCucumberProject\ApiDemos-debug.apk'
&amp#27;[35m[ADB]&amp#27;[39m The installation of 'ApiDemos-debug.apk' took 532ms
[debug] &amp#27;[35m[ADB]&amp#27;[39m Install command stdout: Performing Streamed Install
[debug] &amp#27;[35m[ADB]&amp#27;[39m Success
&amp#27;[35m[AndroidDriver]&amp#27;[39m Performing fast reset on 'io.appium.android.apis'
[debug] &amp#27;[35m[ADB]&amp#27;[39m Getting install status for io.appium.android.apis
[debug] &amp#27;[35m[ADB]&amp#27;[39m Running 'C:\Users\namrotadutta\AppData\Local\Android\Sdk\platform-tools\adb.exe -P 5037 -s emulator-5554 shell dumpsys package io.appium.android.apis'
[debug] &amp#27;[35m[ADB]&amp#27;[39m 'io.appium.android.apis' is installed
[debug] &amp#27;[35m[ADB]&amp#27;[39m Running 'C:\Users\namrotadutta\AppData\Local\Android\Sdk\platform-tools\adb.exe -P 5037 -s emulator-5554 shell am force-stop io.appium.android.apis'
[debug] &amp#27;[35m[ADB]&amp#27;[39m Running 'C:\Users\namrotadutta\AppData\Local\Android\Sdk\platform-tools\adb.exe -P 5037 -s emulator-5554 shell pm clear io.appium.android.apis'
[debug] &amp#27;[35m[AndroidDriver]&amp#27;[39m Performed fast reset on the installed 'io.appium.android.apis' application (stop and clear)
[debug] &amp#27;[35m[UiAutomator2]&amp#27;[39m Performing shallow cleanup of automation leftovers
[debug] &amp#27;[35m[UiAutomator2]&amp#27;[39m No obsolete sessions have been detected (socket hang up)
[debug] &amp#27;[35m[ADB]&amp#27;[39m Running 'C:\Users\namrotadutta\AppData\Local\Android\Sdk\platform-tools\adb.exe -P 5037 -s emulator-5554 shell am force-stop io.appium.uiautomator2.server.test'
&amp#27;[35m[UiAutomator2]&amp#27;[39m Starting UIAutomator2 server 4.27.0
&amp#27;[35m[UiAutomator2]&amp#27;[39m Using UIAutomator2 server from 'C:\Users\namrotadutta\AppData\Roaming\npm\node_modules\appium\node_modules\appium-uiautomator2-server\apks\appium-uiautomator2-server-v4.27.0.apk' and test from 'C:\Users\namrotadutta\AppData\Roaming\npm\node_modules\appium\node_modules\appium-uiautomator2-server\apks\appium-uiautomator2-server-debug-androidTest.apk'
&amp#27;[35m[UiAutomator2]&amp#27;[39m Waiting up to 30000ms for UiAutomator2 to be online...
[debug] &amp#27;[35m[ADB]&amp#27;[39m Creating ADB subprocess with args: ["-P",5037,"-s","emulator-5554","shell","am","instrument","-w","-e","disableAnalytics",true,"io.appium.uiautomator2.server.test/androidx.test.runner.AndroidJUnitRunner"]
[debug] &amp#27;[35m[WD Proxy]&amp#27;[39m Matched '/status' to command name 'getStatus'
[debug] &amp#27;[35m[WD Proxy]&amp#27;[39m Proxying [GET /status] to [GET http://127.0.0.1:8200/wd/hub/status] with no body
&amp#27;[35m[WD Proxy]&amp#27;[39m socket hang up
[debug] &amp#27;[35m[Instrumentation]&amp#27;[39m io.appium.uiautomator2.server.test.AppiumUiAutomator2Server:
[debug] &amp#27;[35m[WD Proxy]&amp#27;[39m Matched '/status' to command name 'getStatus'
[debug] &amp#27;[35m[WD Proxy]&amp#27;[39m Proxying [GET /status] to [GET http://127.0.0.1:8200/wd/hub/status] with no body
&amp#27;[35m[WD Proxy]&amp#27;[39m socket hang up
[debug] &amp#27;[35m[WD Proxy]&amp#27;[39m Matched '/status' to command name 'getStatus'
[debug] &amp#27;[35m[WD Proxy]&amp#27;[39m Proxying [GET /status] to [GET http://127.0.0.1:8200/wd/hub/status] with no body
[debug] &amp#27;[35m[WD Proxy]&amp#27;[39m Got response with status 200: {"sessionId":"None","value":{"message":"UiAutomator2 Server is ready to accept commands","ready":true}}
[debug] &amp#27;[35m[UiAutomator2]&amp#27;[39m The initialization of the instrumentation process took 2146ms
[debug] &amp#27;[35m[WD Proxy]&amp#27;[39m Matched '/session' to command name 'createSession'
[debug] &amp#27;[35m[WD Proxy]&amp#27;[39m Proxying [POST /session] to [POST http://127.0.0.1:8200/wd/hub/session] with body: {"capabilities":{"firstMatch":[{"platform":"LINUX","webStorageEnabled":false,"takesScreenshot":true,"javascriptEnabled":true,"databaseEnabled":false,"networkConnectionEnabled":true,"locationContextEnabled":false,"warnings":{},"desired":{"platformName":"android","isHeadless":true,"app":"../AppiumCucumberProject/ApiDemos-debug.apk","appActivity":"io.appium.android.apis.ApiDemos","appPackage":"io.appium.android.apis","avdArgs":"-no-window","deviceName":"android","platformVersion":"8.1"},"platformName":"android","isHeadless":true,"app":"../AppiumCucumberProject/ApiDemos-debug.apk","appActivity":"io.appium.android.apis.ApiDemos","appPackage":"io.appium.android.apis","avdArgs":"-no-window","deviceName":"emulator-5554","platformVersion":"8.1","deviceUDID":"emulator-5554"}],"alwaysMatch":{}}}
[debug] &amp#27;[35m[WD Proxy]&amp#27;[39m Got response with status 200: {"sessionId":"ac5d42af-3c1f-421c-8b83-84529d460cf1","value":{"capabilities":{"firstMatch":[{"platform":"LINUX","webStorageEnabled":false,"takesScreenshot":true,"javascriptEnabled":true,"databaseEnabled":false,"networkConnectionEnabled":true,"locationContextEnabled":false,"warnings":{},"desired":{"platformName":"android","isHeadless":true,"app":"../AppiumCucumberProject/ApiDemos-debug.apk","appActivity":"io.appium.android.apis.ApiDemos","appPackage":"io.appium.android.apis","avdArgs":"-no-window","deviceName":"android","platformVersion":"8.1"},"platformName":"android","isHeadless":true,"app":"../AppiumCucumberProject/ApiDemos-debug.apk","appActivity":"io.appium.android.apis.ApiDemos","appPackage":"io.appium.android.apis","avdArgs":"-no-window","deviceName":"emulator-5554","platformVersion":"8.1","deviceUDID":"emulator-5554"}],"alwaysMatch":{}},"sessionId":"ac5d42af-3c1f-421c-8b83-84529d460cf1"}}
&amp#27;[35m[WD Proxy]&amp#27;[39m Determined the downstream protocol as 'W3C'
[debug] &amp#27;[35m[WD Proxy]&amp#27;[39m Proxying [GET /appium/device/info] to [GET http://127.0.0.1:8200/wd/hub/session/ac5d42af-3c1f-421c-8b83-84529d460cf1/appium/device/info] with no body
[debug] &amp#27;[35m[WD Proxy]&amp#27;[39m Got response with status 200: {"sessionId":"ac5d42af-3c1f-421c-8b83-84529d460cf1","value":{"androidId":"7807f091a0b83f49","apiVersion":"27","bluetooth":null,"brand":"google","carrierName":"Android","displayDensity":420,"locale":"en_US","manufacturer":"Google","model":"Android SDK built for x86","networks":[{"capabilities":{"SSID":null,"linkDownBandwidthKbps":102400,"linkUpstreamBandwidthKbps":51200,"networkCapabilities":"NET_CAPABILITY_MMS,NET_CAPABILITY_SUPL,NET_CAPABILITY_DUN,NET_CAPABILITY_FOTA,NET_CAPABILITY_IMS,NET_CAPABILITY_CBS,NET_CAPABILITY_IA,NET_CAPABILITY_INTERNET,NET_CAPABILITY_NOT_RESTRICTED,NET_CAPABILITY_TRUSTED,NET_CAPABILITY_NOT_VPN,NET_CAPABILITY_VALIDATED","signalStrength":-2147483648,"transportTypes":"TRANSPORT_CELLULAR"},"detailedState":"CONNECTED","extraInfo":"epc.tmobile.com","isAvailable":true,"isConnected":true,"isFailover":false,"isRoaming":false,"state":"CONNECTED","subtype":13,"subtypeName":"LTE","type":0,"typeName":"MOBILE"},{"capabilities":{"SSID":null,"linkDownBandwidthKbps":1048576,"linkUpstreamBandwidt...
[debug] &amp#27;[35m[ADB]&amp#27;[39m Running 'C:\Users\namrotadutta\AppData\Local\Android\Sdk\platform-tools\adb.exe -P 5037 -s emulator-5554 shell dumpsys window'
&amp#27;[35m[AndroidDriver]&amp#27;[39m Screen already unlocked, doing nothing
&amp#27;[35m[UiAutomator2]&amp#27;[39m Starting 'io.appium.android.apis/io.appium.android.apis.ApiDemos and waiting for 'io.appium.android.apis/io.appium.android.apis.ApiDemos'
[debug] &amp#27;[35m[ADB]&amp#27;[39m Running 'C:\Users\namrotadutta\AppData\Local\Android\Sdk\platform-tools\adb.exe -P 5037 -s emulator-5554 shell am start -W -n io.appium.android.apis/io.appium.android.apis.ApiDemos -S -a android.intent.action.MAIN -c android.intent.category.LAUNCHER -f 0x10200000'
[debug] &amp#27;[35m[WD Proxy]&amp#27;[39m Proxying [GET /appium/device/pixel_ratio] to [GET http://127.0.0.1:8200/wd/hub/session/ac5d42af-3c1f-421c-8b83-84529d460cf1/appium/device/pixel_ratio] with no body
[debug] &amp#27;[35m[WD Proxy]&amp#27;[39m Got response with status 200: {"sessionId":"ac5d42af-3c1f-421c-8b83-84529d460cf1","value":2.625}
[debug] &amp#27;[35m[WD Proxy]&amp#27;[39m Matched '/appium/device/system_bars' to command name 'getSystemBars'
[debug] &amp#27;[35m[WD Proxy]&amp#27;[39m Proxying [GET /appium/device/system_bars] to [GET http://127.0.0.1:8200/wd/hub/session/ac5d42af-3c1f-421c-8b83-84529d460cf1/appium/device/system_bars] with no body
[debug] &amp#27;[35m[WD Proxy]&amp#27;[39m Got response with status 200: {"sessionId":"ac5d42af-3c1f-421c-8b83-84529d460cf1","value":{"statusBar":63}}
[debug] &amp#27;[35m[WD Proxy]&amp#27;[39m Matched '/window/current/size' to command name 'getWindowSize'
[debug] &amp#27;[35m[WD Proxy]&amp#27;[39m Proxying [GET /window/current/size] to [GET http://127.0.0.1:8200/wd/hub/session/ac5d42af-3c1f-421c-8b83-84529d460cf1/window/current/size] with no body
[debug] &amp#27;[35m[WD Proxy]&amp#27;[39m Got response with status 200: {"sessionId":"ac5d42af-3c1f-421c-8b83-84529d460cf1","value":{"height":1794,"width":1080}}
&amp#27;[35m[Appium]&amp#27;[39m New AndroidUiautomator2Driver session created successfully, session b5338cb7-6556-4bf2-ab5e-5ab35212b5c5 added to master session list
[debug] &amp#27;[35m[BaseDriver]&amp#27;[39m Event 'newSessionStarted' logged at 1647922713810 (09:48:33 GMT+0530 (India Standard Time))
[debug] &amp#27;[35m[W3C (b5338cb7)]&amp#27;[39m Cached the protocol value 'W3C' for the new session b5338cb7-6556-4bf2-ab5e-5ab35212b5c5
[debug] &amp#27;[35m[W3C (b5338cb7)]&amp#27;[39m Responding to client with driver.createSession() result: {"capabilities":{"platform":"LINUX","webStorageEnabled":false,"takesScreenshot":true,"javascriptEnabled":true,"databaseEnabled":false,"networkConnectionEnabled":true,"locationContextEnabled":false,"warnings":{},"desired":{"platformName":"android","isHeadless":true,"app":"../AppiumCucumberProject/ApiDemos-debug.apk","appActivity":"io.appium.android.apis.ApiDemos","appPackage":"io.appium.android.apis","avdArgs":"-no-window","deviceName":"android","platformVersion":"8.1"},"platformName":"android","isHeadless":true,"app":"../AppiumCucumberProject/ApiDemos-debug.apk","appActivity":"io.appium.android.apis.ApiDemos","appPackage":"io.appium.android.apis","avdArgs":"-no-window","deviceName":"emulator-5554","platformVersion":"8.1.0","deviceUDID":"emulator-5554","deviceApiLevel":27,"deviceScreenSize":"1080x1920","deviceScreenDensity":420,"deviceModel":"Android SDK built for x86","deviceManufacturer":"Google","pixelRatio":2.625,"statBarHeight":63,"viewportRect":{"left":0,"top":63,"width":1080,"height":1731}}}
&amp#27;[35m[HTTP]&amp#27;[39m &amp#27;[37m<-- POST /wd/hub/session &amp#27;[39m&amp#27;[32m200&amp#27;[39m &amp#27;[90m6271 ms - 1073&amp#27;[39m
&amp#27;[35m[HTTP]&amp#27;[39m &amp#27;[90m&amp#27;[39m
&amp#27;[35m[HTTP]&amp#27;[39m &amp#27;[37m-->&amp#27;[39m &amp#27;[37mGET&amp#27;[39m &amp#27;[37m/wd/hub/session/b5338cb7-6556-4bf2-ab5e-5ab35212b5c5&amp#27;[39m
&amp#27;[35m[HTTP]&amp#27;[39m &amp#27;[90m{}&amp#27;[39m
[debug] &amp#27;[35m[W3C (b5338cb7)]&amp#27;[39m Calling AppiumDriver.getSession() with args: ["b5338cb7-6556-4bf2-ab5e-5ab35212b5c5"]
[debug] &amp#27;[35m[UiAutomator2]&amp#27;[39m Getting session details from server to mix in
[debug] &amp#27;[35m[WD Proxy]&amp#27;[39m Matched '/' to command name 'getSession'
[debug] &amp#27;[35m[WD Proxy]&amp#27;[39m Proxying [GET /] to [GET http://127.0.0.1:8200/wd/hub/session/ac5d42af-3c1f-421c-8b83-84529d460cf1] with no body
[debug] &amp#27;[35m[WD Proxy]&amp#27;[39m Got response with status 200: {"sessionId":"ac5d42af-3c1f-421c-8b83-84529d460cf1","value":{"lastScrollData":null}}
[debug] &amp#27;[35m[W3C (b5338cb7)]&amp#27;[39m Responding to client with driver.getSession() result: {"platform":"LINUX","webStorageEnabled":false,"takesScreenshot":true,"javascriptEnabled":true,"databaseEnabled":false,"networkConnectionEnabled":true,"locationContextEnabled":false,"warnings":{},"desired":{"platformName":"android","isHeadless":true,"app":"../AppiumCucumberProject/ApiDemos-debug.apk","appActivity":"io.appium.android.apis.ApiDemos","appPackage":"io.appium.android.apis","avdArgs":"-no-window","deviceName":"android","platformVersion":"8.1"},"platformName":"android","isHeadless":true,"app":"../AppiumCucumberProject/ApiDemos-debug.apk","appActivity":"io.appium.android.apis.ApiDemos","appPackage":"io.appium.android.apis","avdArgs":"-no-window","deviceName":"emulator-5554","platformVersion":"8.1.0","deviceUDID":"emulator-5554","deviceApiLevel":27,"deviceScreenSize":"1080x1920","deviceScreenDensity":420,"deviceModel":"Android SDK built for x86","deviceManufacturer":"Google","pixelRatio":2.625,"statBarHeight":63,"viewportRect":{"left":0,"top":63,"width":1080,"height":1731},"lastScrollData":null}
&amp#27;[35m[HTTP]&amp#27;[39m &amp#27;[37m<-- GET /wd/hub/session/b5338cb7-6556-4bf2-ab5e-5ab35212b5c5 &amp#27;[39m&amp#27;[32m200&amp#27;[39m &amp#27;[90m13 ms - 1027&amp#27;[39m
&amp#27;[35m[HTTP]&amp#27;[39m &amp#27;[90m&amp#27;[39m
&amp#27;[35m[HTTP]&amp#27;[39m &amp#27;[37m-->&amp#27;[39m &amp#27;[37mGET&amp#27;[39m &amp#27;[37m/wd/hub/session/b5338cb7-6556-4bf2-ab5e-5ab35212b5c5&amp#27;[39m
&amp#27;[35m[HTTP]&amp#27;[39m &amp#27;[90m{}&amp#27;[39m
[debug] &amp#27;[35m[W3C (b5338cb7)]&amp#27;[39m Calling AppiumDriver.getSession() with args: ["b5338cb7-6556-4bf2-ab5e-5ab35212b5c5"]
[debug] &amp#27;[35m[UiAutomator2]&amp#27;[39m Getting session details from server to mix in
[debug] &amp#27;[35m[WD Proxy]&amp#27;[39m Matched '/' to command name 'getSession'
[debug] &amp#27;[35m[WD Proxy]&amp#27;[39m Proxying [GET /] to [GET http://127.0.0.1:8200/wd/hub/session/ac5d42af-3c1f-421c-8b83-84529d460cf1] with no body
[debug] &amp#27;[35m[WD Proxy]&amp#27;[39m Got response with status 200: {"sessionId":"ac5d42af-3c1f-421c-8b83-84529d460cf1","value":{"lastScrollData":null}}
[debug] &amp#27;[35m[W3C (b5338cb7)]&amp#27;[39m Responding to client with driver.getSession() result: {"platform":"LINUX","webStorageEnabled":false,"takesScreenshot":true,"javascriptEnabled":true,"databaseEnabled":false,"networkConnectionEnabled":true,"locationContextEnabled":false,"warnings":{},"desired":{"platformName":"android","isHeadless":true,"app":"../AppiumCucumberProject/ApiDemos-debug.apk","appActivity":"io.appium.android.apis.ApiDemos","appPackage":"io.appium.android.apis","avdArgs":"-no-window","deviceName":"android","platformVersion":"8.1"},"platformName":"android","isHeadless":true,"app":"../AppiumCucumberProject/ApiDemos-debug.apk","appActivity":"io.appium.android.apis.ApiDemos","appPackage":"io.appium.android.apis","avdArgs":"-no-window","deviceName":"emulator-5554","platformVersion":"8.1.0","deviceUDID":"emulator-5554","deviceApiLevel":27,"deviceScreenSize":"1080x1920","deviceScreenDensity":420,"deviceModel":"Android SDK built for x86","deviceManufacturer":"Google","pixelRatio":2.625,"statBarHeight":63,"viewportRect":{"left":0,"top":63,"width":1080,"height":1731},"lastScrollData":null}
&amp#27;[35m[HTTP]&amp#27;[39m &amp#27;[37m<-- GET /wd/hub/session/b5338cb7-6556-4bf2-ab5e-5ab35212b5c5 &amp#27;[39m&amp#27;[32m200&amp#27;[39m &amp#27;[90m12 ms - 1027&amp#27;[39m
&amp#27;[35m[HTTP]&amp#27;[39m &amp#27;[90m&amp#27;[39m
&amp#27;[35m[HTTP]&amp#27;[39m &amp#27;[37m-->&amp#27;[39m &amp#27;[37mPOST&amp#27;[39m &amp#27;[37m/wd/hub/session/b5338cb7-6556-4bf2-ab5e-5ab35212b5c5/timeouts&amp#27;[39m
&amp#27;[35m[HTTP]&amp#27;[39m &amp#27;[90m{"implicit":20000}&amp#27;[39m
[debug] &amp#27;[35m[W3C (b5338cb7)]&amp#27;[39m Calling AppiumDriver.timeouts() with args: [null,null,null,null,20000,"b5338cb7-6556-4bf2-ab5e-5ab35212b5c5"]
[debug] &amp#27;[35m[BaseDriver]&amp#27;[39m W3C timeout argument: {"implicit":20000}}
[debug] &amp#27;[35m[BaseDriver]&amp#27;[39m Set implicit wait to 20000ms
[debug] &amp#27;[35m[W3C (b5338cb7)]&amp#27;[39m Responding to client with driver.timeouts() result: null
&amp#27;[35m[HTTP]&amp#27;[39m &amp#27;[37m<-- POST /wd/hub/session/b5338cb7-6556-4bf2-ab5e-5ab35212b5c5/timeouts &amp#27;[39m&amp#27;[32m200&amp#27;[39m &amp#27;[90m4 ms - 14&amp#27;[39m
&amp#27;[35m[HTTP]&amp#27;[39m &amp#27;[90m&amp#27;[39m
&amp#27;[35m[HTTP]&amp#27;[39m &amp#27;[37m-->&amp#27;[39m &amp#27;[37mGET&amp#27;[39m &amp#27;[37m/wd/hub/session/b5338cb7-6556-4bf2-ab5e-5ab35212b5c5&amp#27;[39m
&amp#27;[35m[HTTP]&amp#27;[39m &amp#27;[90m{}&amp#27;[39m
[debug] &amp#27;[35m[W3C (b5338cb7)]&amp#27;[39m Calling AppiumDriver.getSession() with args: ["b5338cb7-6556-4bf2-ab5e-5ab35212b5c5"]
[debug] &amp#27;[35m[UiAutomator2]&amp#27;[39m Getting session details from server to mix in
[debug] &amp#27;[35m[WD Proxy]&amp#27;[39m Matched '/' to command name 'getSession'
[debug] &amp#27;[35m[WD Proxy]&amp#27;[39m Proxying [GET /] to [GET http://127.0.0.1:8200/wd/hub/session/ac5d42af-3c1f-421c-8b83-84529d460cf1] with no body
[debug] &amp#27;[35m[WD Proxy]&amp#27;[39m Got response with status 200: {"sessionId":"ac5d42af-3c1f-421c-8b83-84529d460cf1","value":{"lastScrollData":null}}
[debug] &amp#27;[35m[W3C (b5338cb7)]&amp#27;[39m Responding to client with driver.getSession() result: {"platform":"LINUX","webStorageEnabled":false,"takesScreenshot":true,"javascriptEnabled":true,"databaseEnabled":false,"networkConnectionEnabled":true,"locationContextEnabled":false,"warnings":{},"desired":{"platformName":"android","isHeadless":true,"app":"../AppiumCucumberProject/ApiDemos-debug.apk","appActivity":"io.appium.android.apis.ApiDemos","appPackage":"io.appium.android.apis","avdArgs":"-no-window","deviceName":"android","platformVersion":"8.1"},"platformName":"android","isHeadless":true,"app":"../AppiumCucumberProject/ApiDemos-debug.apk","appActivity":"io.appium.android.apis.ApiDemos","appPackage":"io.appium.android.apis","avdArgs":"-no-window","deviceName":"emulator-5554","platformVersion":"8.1.0","deviceUDID":"emulator-5554","deviceApiLevel":27,"deviceScreenSize":"1080x1920","deviceScreenDensity":420,"deviceModel":"Android SDK built for x86","deviceManufacturer":"Google","pixelRatio":2.625,"statBarHeight":63,"viewportRect":{"left":0,"top":63,"width":1080,"height":1731},"lastScrollData":null}
&amp#27;[35m[HTTP]&amp#27;[39m &amp#27;[37m<-- GET /wd/hub/session/b5338cb7-6556-4bf2-ab5e-5ab35212b5c5 &amp#27;[39m&amp#27;[32m200&amp#27;[39m &amp#27;[90m22 ms - 1027&amp#27;[39m
&amp#27;[35m[HTTP]&amp#27;[39m &amp#27;[90m&amp#27;[39m
&amp#27;[35m[HTTP]&amp#27;[39m &amp#27;[37m-->&amp#27;[39m &amp#27;[37mGET&amp#27;[39m &amp#27;[37m/wd/hub/session/b5338cb7-6556-4bf2-ab5e-5ab35212b5c5&amp#27;[39m
&amp#27;[35m[HTTP]&amp#27;[39m &amp#27;[90m{}&amp#27;[39m
[debug] &amp#27;[35m[W3C (b5338cb7)]&amp#27;[39m Calling AppiumDriver.getSession() with args: ["b5338cb7-6556-4bf2-ab5e-5ab35212b5c5"]
[debug] &amp#27;[35m[UiAutomator2]&amp#27;[39m Getting session details from server to mix in
[debug] &amp#27;[35m[WD Proxy]&amp#27;[39m Matched '/' to command name 'getSession'
[debug] &amp#27;[35m[WD Proxy]&amp#27;[39m Proxying [GET /] to [GET http://127.0.0.1:8200/wd/hub/session/ac5d42af-3c1f-421c-8b83-84529d460cf1] with no body
[debug] &amp#27;[35m[WD Proxy]&amp#27;[39m Got response with status 200: {"sessionId":"ac5d42af-3c1f-421c-8b83-84529d460cf1","value":{"lastScrollData":null}}
[debug] &amp#27;[35m[W3C (b5338cb7)]&amp#27;[39m Responding to client with driver.getSession() result: {"platform":"LINUX","webStorageEnabled":false,"takesScreenshot":true,"javascriptEnabled":true,"databaseEnabled":false,"networkConnectionEnabled":true,"locationContextEnabled":false,"warnings":{},"desired":{"platformName":"android","isHeadless":true,"app":"../AppiumCucumberProject/ApiDemos-debug.apk","appActivity":"io.appium.android.apis.ApiDemos","appPackage":"io.appium.android.apis","avdArgs":"-no-window","deviceName":"android","platformVersion":"8.1"},"platformName":"android","isHeadless":true,"app":"../AppiumCucumberProject/ApiDemos-debug.apk","appActivity":"io.appium.android.apis.ApiDemos","appPackage":"io.appium.android.apis","avdArgs":"-no-window","deviceName":"emulator-5554","platformVersion":"8.1.0","deviceUDID":"emulator-5554","deviceApiLevel":27,"deviceScreenSize":"1080x1920","deviceScreenDensity":420,"deviceModel":"Android SDK built for x86","deviceManufacturer":"Google","pixelRatio":2.625,"statBarHeight":63,"viewportRect":{"left":0,"top":63,"width":1080,"height":1731},"lastScrollData":null}
&amp#27;[35m[HTTP]&amp#27;[39m &amp#27;[37m<-- GET /wd/hub/session/b5338cb7-6556-4bf2-ab5e-5ab35212b5c5 &amp#27;[39m&amp#27;[32m200&amp#27;[39m &amp#27;[90m18 ms - 1027&amp#27;[39m
&amp#27;[35m[HTTP]&amp#27;[39m &amp#27;[90m&amp#27;[39m
&amp#27;[35m[HTTP]&amp#27;[39m &amp#27;[37m-->&amp#27;[39m &amp#27;[37mGET&amp#27;[39m &amp#27;[37m/wd/hub/session/b5338cb7-6556-4bf2-ab5e-5ab35212b5c5&amp#27;[39m
&amp#27;[35m[HTTP]&amp#27;[39m &amp#27;[90m{}&amp#27;[39m
[debug] &amp#27;[35m[W3C (b5338cb7)]&amp#27;[39m Calling AppiumDriver.getSession() with args: ["b5338cb7-6556-4bf2-ab5e-5ab35212b5c5"]
[debug] &amp#27;[35m[UiAutomator2]&amp#27;[39m Getting session details from server to mix in
[debug] &amp#27;[35m[WD Proxy]&amp#27;[39m Matched '/' to command name 'getSession'
[debug] &amp#27;[35m[WD Proxy]&amp#27;[39m Proxying [GET /] to [GET http://127.0.0.1:8200/wd/hub/session/ac5d42af-3c1f-421c-8b83-84529d460cf1] with no body
[debug] &amp#27;[35m[WD Proxy]&amp#27;[39m Got response with status 200: {"sessionId":"ac5d42af-3c1f-421c-8b83-84529d460cf1","value":{"lastScrollData":null}}
[debug] &amp#27;[35m[W3C (b5338cb7)]&amp#27;[39m Responding to client with driver.getSession() result: {"platform":"LINUX","webStorageEnabled":false,"takesScreenshot":true,"javascriptEnabled":true,"databaseEnabled":false,"networkConnectionEnabled":true,"locationContextEnabled":false,"warnings":{},"desired":{"platformName":"android","isHeadless":true,"app":"../AppiumCucumberProject/ApiDemos-debug.apk","appActivity":"io.appium.android.apis.ApiDemos","appPackage":"io.appium.android.apis","avdArgs":"-no-window","deviceName":"android","platformVersion":"8.1"},"platformName":"android","isHeadless":true,"app":"../AppiumCucumberProject/ApiDemos-debug.apk","appActivity":"io.appium.android.apis.ApiDemos","appPackage":"io.appium.android.apis","avdArgs":"-no-window","deviceName":"emulator-5554","platformVersion":"8.1.0","deviceUDID":"emulator-5554","deviceApiLevel":27,"deviceScreenSize":"1080x1920","deviceScreenDensity":420,"deviceModel":"Android SDK built for x86","deviceManufacturer":"Google","pixelRatio":2.625,"statBarHeight":63,"viewportRect":{"left":0,"top":63,"width":1080,"height":1731},"lastScrollData":null}
&amp#27;[35m[HTTP]&amp#27;[39m &amp#27;[37m<-- GET /wd/hub/session/b5338cb7-6556-4bf2-ab5e-5ab35212b5c5 &amp#27;[39m&amp#27;[32m200&amp#27;[39m &amp#27;[90m14 ms - 1027&amp#27;[39m
&amp#27;[35m[HTTP]&amp#27;[39m &amp#27;[90m&amp#27;[39m
&amp#27;[35m[HTTP]&amp#27;[39m &amp#27;[37m-->&amp#27;[39m &amp#27;[37mPOST&amp#27;[39m &amp#27;[37m/wd/hub/session/b5338cb7-6556-4bf2-ab5e-5ab35212b5c5/element&amp#27;[39m
&amp#27;[35m[HTTP]&amp#27;[39m &amp#27;[90m{"using":"xpath","value":"/hierarchy/android.widget.FrameLayout/android.view.ViewGroup/android.widget.FrameLayout[1]/android.view.ViewGroup/android.widget.TextView"}&amp#27;[39m
[debug] &amp#27;[35m[W3C (b5338cb7)]&amp#27;[39m Calling AppiumDriver.findElement() with args: ["xpath","/hierarchy/android.widget.FrameLayout/android.view.ViewGroup/android.widget.FrameLayout[1]/android.view.ViewGroup/android.widget.TextView","b5338cb7-6556-4bf2-ab5e-5ab35212b5c5"]
[debug] &amp#27;[35m[BaseDriver]&amp#27;[39m Valid locator strategies for this request: xpath, id, class name, accessibility id, css selector, -android uiautomator
[debug] &amp#27;[35m[BaseDriver]&amp#27;[39m Waiting up to 20000 ms for condition
[debug] &amp#27;[35m[WD Proxy]&amp#27;[39m Matched '/element' to command name 'findElement'
[debug] &amp#27;[35m[WD Proxy]&amp#27;[39m Proxying [POST /element] to [POST http://127.0.0.1:8200/wd/hub/session/ac5d42af-3c1f-421c-8b83-84529d460cf1/element] with body: {"strategy":"xpath","selector":"/hierarchy/android.widget.FrameLayout/android.view.ViewGroup/android.widget.FrameLayout[1]/android.view.ViewGroup/android.widget.TextView","context":"","multiple":false}
[debug] &amp#27;[35m[WD Proxy]&amp#27;[39m Got response with status 200: {"sessionId":"ac5d42af-3c1f-421c-8b83-84529d460cf1","value":{"ELEMENT":"00000000-0000-005d-ffff-ffff00000010","element-6066-11e4-a52e-4f735466cecf":"00000000-0000-005d-ffff-ffff00000010"}}
[debug] &amp#27;[35m[W3C (b5338cb7)]&amp#27;[39m Responding to client with driver.findElement() result: {"element-6066-11e4-a52e-4f735466cecf":"00000000-0000-005d-ffff-ffff00000010","ELEMENT":"00000000-0000-005d-ffff-ffff00000010"}
&amp#27;[35m[HTTP]&amp#27;[39m &amp#27;[37m<-- POST /wd/hub/session/b5338cb7-6556-4bf2-ab5e-5ab35212b5c5/element &amp#27;[39m&amp#27;[32m200&amp#27;[39m &amp#27;[90m1081 ms - 137&amp#27;[39m
&amp#27;[35m[HTTP]&amp#27;[39m &amp#27;[90m&amp#27;[39m
&amp#27;[35m[HTTP]&amp#27;[39m &amp#27;[37m-->&amp#27;[39m &amp#27;[37mGET&amp#27;[39m &amp#27;[37m/wd/hub/session/b5338cb7-6556-4bf2-ab5e-5ab35212b5c5/element/00000000-0000-005d-ffff-ffff00000010/text&amp#27;[39m
&amp#27;[35m[HTTP]&amp#27;[39m &amp#27;[90m{}&amp#27;[39m
&amp#27;[35m[W3C (b5338cb7)]&amp#27;[39m Driver proxy active, passing request on via HTTP proxy
[debug] &amp#27;[35m[WD Proxy]&amp#27;[39m Matched '/wd/hub/session/b5338cb7-6556-4bf2-ab5e-5ab35212b5c5/element/00000000-0000-005d-ffff-ffff00000010/text' to command name 'getText'
[debug] &amp#27;[35m[WD Proxy]&amp#27;[39m Proxying [GET /wd/hub/session/b5338cb7-6556-4bf2-ab5e-5ab35212b5c5/element/00000000-0000-005d-ffff-ffff00000010/text] to [GET http://127.0.0.1:8200/wd/hub/session/ac5d42af-3c1f-421c-8b83-84529d460cf1/element/00000000-0000-005d-ffff-ffff00000010/text] with no body
[debug] &amp#27;[35m[WD Proxy]&amp#27;[39m Got response with status 200: {"sessionId":"ac5d42af-3c1f-421c-8b83-84529d460cf1","value":"API Demos"}
&amp#27;[35m[WD Proxy]&amp#27;[39m Replacing sessionId ac5d42af-3c1f-421c-8b83-84529d460cf1 with b5338cb7-6556-4bf2-ab5e-5ab35212b5c5
&amp#27;[35m[HTTP]&amp#27;[39m &amp#27;[37m<-- GET /wd/hub/session/b5338cb7-6556-4bf2-ab5e-5ab35212b5c5/element/00000000-0000-005d-ffff-ffff00000010/text &amp#27;[39m&amp#27;[32m200&amp#27;[39m &amp#27;[90m26 ms - 72&amp#27;[39m
&amp#27;[35m[HTTP]&amp#27;[39m &amp#27;[90m&amp#27;[39m
&amp#27;[35m[HTTP]&amp#27;[39m &amp#27;[37m-->&amp#27;[39m &amp#27;[37mGET&amp#27;[39m &amp#27;[37m/wd/hub/session/b5338cb7-6556-4bf2-ab5e-5ab35212b5c5&amp#27;[39m
&amp#27;[35m[HTTP]&amp#27;[39m &amp#27;[90m{}&amp#27;[39m
[debug] &amp#27;[35m[W3C (b5338cb7)]&amp#27;[39m Calling AppiumDriver.getSession() with args: ["b5338cb7-6556-4bf2-ab5e-5ab35212b5c5"]
[debug] &amp#27;[35m[UiAutomator2]&amp#27;[39m Getting session details from server to mix in
[debug] &amp#27;[35m[WD Proxy]&amp#27;[39m Matched '/' to command name 'getSession'
[debug] &amp#27;[35m[WD Proxy]&amp#27;[39m Proxying [GET /] to [GET http://127.0.0.1:8200/wd/hub/session/ac5d42af-3c1f-421c-8b83-84529d460cf1] with no body
[debug] &amp#27;[35m[WD Proxy]&amp#27;[39m Got response with status 200: {"sessionId":"ac5d42af-3c1f-421c-8b83-84529d460cf1","value":{"lastScrollData":null}}
[debug] &amp#27;[35m[W3C (b5338cb7)]&amp#27;[39m Responding to client with driver.getSession() result: {"platform":"LINUX","webStorageEnabled":false,"takesScreenshot":true,"javascriptEnabled":true,"databaseEnabled":false,"networkConnectionEnabled":true,"locationContextEnabled":false,"warnings":{},"desired":{"platformName":"android","isHeadless":true,"app":"../AppiumCucumberProject/ApiDemos-debug.apk","appActivity":"io.appium.android.apis.ApiDemos","appPackage":"io.appium.android.apis","avdArgs":"-no-window","deviceName":"android","platformVersion":"8.1"},"platformName":"android","isHeadless":true,"app":"../AppiumCucumberProject/ApiDemos-debug.apk","appActivity":"io.appium.android.apis.ApiDemos","appPackage":"io.appium.android.apis","avdArgs":"-no-window","deviceName":"emulator-5554","platformVersion":"8.1.0","deviceUDID":"emulator-5554","deviceApiLevel":27,"deviceScreenSize":"1080x1920","deviceScreenDensity":420,"deviceModel":"Android SDK built for x86","deviceManufacturer":"Google","pixelRatio":2.625,"statBarHeight":63,"viewportRect":{"left":0,"top":63,"width":1080,"height":1731},"lastScrollData":null}
&amp#27;[35m[HTTP]&amp#27;[39m &amp#27;[37m<-- GET /wd/hub/session/b5338cb7-6556-4bf2-ab5e-5ab35212b5c5 &amp#27;[39m&amp#27;[32m200&amp#27;[39m &amp#27;[90m21 ms - 1027&amp#27;[39m
&amp#27;[35m[HTTP]&amp#27;[39m &amp#27;[90m&amp#27;[39m
&amp#27;[35m[HTTP]&amp#27;[39m &amp#27;[37m-->&amp#27;[39m &amp#27;[37mPOST&amp#27;[39m &amp#27;[37m/wd/hub/session/b5338cb7-6556-4bf2-ab5e-5ab35212b5c5/element&amp#27;[39m
&amp#27;[35m[HTTP]&amp#27;[39m &amp#27;[90m{"using":"xpath","value":"//android.widget.TextView[@content-desc=\"App\"]"}&amp#27;[39m
[debug] &amp#27;[35m[W3C (b5338cb7)]&amp#27;[39m Calling AppiumDriver.findElement() with args: ["xpath","//android.widget.TextView[@content-desc=\"App\"]","b5338cb7-6556-4bf2-ab5e-5ab35212b5c5"]
[debug] &amp#27;[35m[BaseDriver]&amp#27;[39m Valid locator strategies for this request: xpath, id, class name, accessibility id, css selector, -android uiautomator
[debug] &amp#27;[35m[BaseDriver]&amp#27;[39m Waiting up to 20000 ms for condition
[debug] &amp#27;[35m[WD Proxy]&amp#27;[39m Matched '/element' to command name 'findElement'
[debug] &amp#27;[35m[WD Proxy]&amp#27;[39m Proxying [POST /element] to [POST http://127.0.0.1:8200/wd/hub/session/ac5d42af-3c1f-421c-8b83-84529d460cf1/element] with body: {"strategy":"xpath","selector":"//android.widget.TextView[@content-desc=\"App\"]","context":"","multiple":false}
[debug] &amp#27;[35m[WD Proxy]&amp#27;[39m Got response with status 200: {"sessionId":"ac5d42af-3c1f-421c-8b83-84529d460cf1","value":{"ELEMENT":"00000000-0000-005d-ffff-ffff00000007","element-6066-11e4-a52e-4f735466cecf":"00000000-0000-005d-ffff-ffff00000007"}}
[debug] &amp#27;[35m[W3C (b5338cb7)]&amp#27;[39m Responding to client with driver.findElement() result: {"element-6066-11e4-a52e-4f735466cecf":"00000000-0000-005d-ffff-ffff00000007","ELEMENT":"00000000-0000-005d-ffff-ffff00000007"}
&amp#27;[35m[HTTP]&amp#27;[39m &amp#27;[37m<-- POST /wd/hub/session/b5338cb7-6556-4bf2-ab5e-5ab35212b5c5/element &amp#27;[39m&amp#27;[32m200&amp#27;[39m &amp#27;[90m107 ms - 137&amp#27;[39m
&amp#27;[35m[HTTP]&amp#27;[39m &amp#27;[90m&amp#27;[39m
&amp#27;[35m[HTTP]&amp#27;[39m &amp#27;[37m-->&amp#27;[39m &amp#27;[37mPOST&amp#27;[39m &amp#27;[37m/wd/hub/session/b5338cb7-6556-4bf2-ab5e-5ab35212b5c5/element/00000000-0000-005d-ffff-ffff00000007/click&amp#27;[39m
&amp#27;[35m[HTTP]&amp#27;[39m &amp#27;[90m{"id":"00000000-0000-005d-ffff-ffff00000007"}&amp#27;[39m
[debug] &amp#27;[35m[W3C (b5338cb7)]&amp#27;[39m Calling AppiumDriver.click() with args: ["00000000-0000-005d-ffff-ffff00000007","b5338cb7-6556-4bf2-ab5e-5ab35212b5c5"]
[debug] &amp#27;[35m[WD Proxy]&amp#27;[39m Matched '/element/00000000-0000-005d-ffff-ffff00000007/click' to command name 'click'
[debug] &amp#27;[35m[WD Proxy]&amp#27;[39m Proxying [POST /element/00000000-0000-005d-ffff-ffff00000007/click] to [POST http://127.0.0.1:8200/wd/hub/session/ac5d42af-3c1f-421c-8b83-84529d460cf1/element/00000000-0000-005d-ffff-ffff00000007/click] with body: {"element":"00000000-0000-005d-ffff-ffff00000007"}
[debug] &amp#27;[35m[WD Proxy]&amp#27;[39m Got response with status 200: {"sessionId":"ac5d42af-3c1f-421c-8b83-84529d460cf1","value":null}
[debug] &amp#27;[35m[W3C (b5338cb7)]&amp#27;[39m Responding to client with driver.click() result: null
&amp#27;[35m[HTTP]&amp#27;[39m &amp#27;[37m<-- POST /wd/hub/session/b5338cb7-6556-4bf2-ab5e-5ab35212b5c5/element/00000000-0000-005d-ffff-ffff00000007/click &amp#27;[39m&amp#27;[32m200&amp#27;[39m &amp#27;[90m1240 ms - 14&amp#27;[39m
&amp#27;[35m[HTTP]&amp#27;[39m &amp#27;[90m&amp#27;[39m
[INFO ] 2022-03-22 09:48:36.488 [main] DisplayOptions - user click in the app of the homepage
&amp#27;[35m[HTTP]&amp#27;[39m &amp#27;[37m-->&amp#27;[39m &amp#27;[37mGET&amp#27;[39m &amp#27;[37m/wd/hub/session/b5338cb7-6556-4bf2-ab5e-5ab35212b5c5&amp#27;[39m
&amp#27;[35m[HTTP]&amp#27;[39m &amp#27;[90m{}&amp#27;[39m
[debug] &amp#27;[35m[W3C (b5338cb7)]&amp#27;[39m Calling AppiumDriver.getSession() with args: ["b5338cb7-6556-4bf2-ab5e-5ab35212b5c5"]
[debug] &amp#27;[35m[UiAutomator2]&amp#27;[39m Getting session details from server to mix in
[debug] &amp#27;[35m[WD Proxy]&amp#27;[39m Matched '/' to command name 'getSession'
[debug] &amp#27;[35m[WD Proxy]&amp#27;[39m Proxying [GET /] to [GET http://127.0.0.1:8200/wd/hub/session/ac5d42af-3c1f-421c-8b83-84529d460cf1] with no body
[debug] &amp#27;[35m[WD Proxy]&amp#27;[39m Got response with status 200: {"sessionId":"ac5d42af-3c1f-421c-8b83-84529d460cf1","value":{"lastScrollData":null}}
[debug] &amp#27;[35m[W3C (b5338cb7)]&amp#27;[39m Responding to client with driver.getSession() result: {"platform":"LINUX","webStorageEnabled":false,"takesScreenshot":true,"javascriptEnabled":true,"databaseEnabled":false,"networkConnectionEnabled":true,"locationContextEnabled":false,"warnings":{},"desired":{"platformName":"android","isHeadless":true,"app":"../AppiumCucumberProject/ApiDemos-debug.apk","appActivity":"io.appium.android.apis.ApiDemos","appPackage":"io.appium.android.apis","avdArgs":"-no-window","deviceName":"android","platformVersion":"8.1"},"platformName":"android","isHeadless":true,"app":"../AppiumCucumberProject/ApiDemos-debug.apk","appActivity":"io.appium.android.apis.ApiDemos","appPackage":"io.appium.android.apis","avdArgs":"-no-window","deviceName":"emulator-5554","platformVersion":"8.1.0","deviceUDID":"emulator-5554","deviceApiLevel":27,"deviceScreenSize":"1080x1920","deviceScreenDensity":420,"deviceModel":"Android SDK built for x86","deviceManufacturer":"Google","pixelRatio":2.625,"statBarHeight":63,"viewportRect":{"left":0,"top":63,"width":1080,"height":1731},"lastScrollData":null}
&amp#27;[35m[HTTP]&amp#27;[39m &amp#27;[37m<-- GET /wd/hub/session/b5338cb7-6556-4bf2-ab5e-5ab35212b5c5 &amp#27;[39m&amp#27;[32m200&amp#27;[39m &amp#27;[90m16 ms - 1027&amp#27;[39m
&amp#27;[35m[HTTP]&amp#27;[39m &amp#27;[90m&amp#27;[39m
&amp#27;[35m[HTTP]&amp#27;[39m &amp#27;[37m-->&amp#27;[39m &amp#27;[37mPOST&amp#27;[39m &amp#27;[37m/wd/hub/session/b5338cb7-6556-4bf2-ab5e-5ab35212b5c5/element&amp#27;[39m
&amp#27;[35m[HTTP]&amp#27;[39m &amp#27;[90m{"using":"xpath","value":"//android.widget.TextView[@content-desc=\"Action Bar\"]"}&amp#27;[39m
[debug] &amp#27;[35m[W3C (b5338cb7)]&amp#27;[39m Calling AppiumDriver.findElement() with args: ["xpath","//android.widget.TextView[@content-desc=\"Action Bar\"]","b5338cb7-6556-4bf2-ab5e-5ab35212b5c5"]
[debug] &amp#27;[35m[BaseDriver]&amp#27;[39m Valid locator strategies for this request: xpath, id, class name, accessibility id, css selector, -android uiautomator
[debug] &amp#27;[35m[BaseDriver]&amp#27;[39m Waiting up to 20000 ms for condition
[debug] &amp#27;[35m[WD Proxy]&amp#27;[39m Matched '/element' to command name 'findElement'
[debug] &amp#27;[35m[WD Proxy]&amp#27;[39m Proxying [POST /element] to [POST http://127.0.0.1:8200/wd/hub/session/ac5d42af-3c1f-421c-8b83-84529d460cf1/element] with body: {"strategy":"xpath","selector":"//android.widget.TextView[@content-desc=\"Action Bar\"]","context":"","multiple":false}
[debug] &amp#27;[35m[WD Proxy]&amp#27;[39m Got response with status 200: {"sessionId":"ac5d42af-3c1f-421c-8b83-84529d460cf1","value":{"ELEMENT":"00000000-0000-005e-ffff-ffff00000017","element-6066-11e4-a52e-4f735466cecf":"00000000-0000-005e-ffff-ffff00000017"}}
[debug] &amp#27;[35m[W3C (b5338cb7)]&amp#27;[39m Responding to client with driver.findElement() result: {"element-6066-11e4-a52e-4f735466cecf":"00000000-0000-005e-ffff-ffff00000017","ELEMENT":"00000000-0000-005e-ffff-ffff00000017"}
&amp#27;[35m[HTTP]&amp#27;[39m &amp#27;[37m<-- POST /wd/hub/session/b5338cb7-6556-4bf2-ab5e-5ab35212b5c5/element &amp#27;[39m&amp#27;[32m200&amp#27;[39m &amp#27;[90m77 ms - 137&amp#27;[39m
&amp#27;[35m[HTTP]&amp#27;[39m &amp#27;[90m&amp#27;[39m
&amp#27;[35m[HTTP]&amp#27;[39m &amp#27;[37m-->&amp#27;[39m &amp#27;[37mPOST&amp#27;[39m &amp#27;[37m/wd/hub/session/b5338cb7-6556-4bf2-ab5e-5ab35212b5c5/element/00000000-0000-005e-ffff-ffff00000017/click&amp#27;[39m
&amp#27;[35m[HTTP]&amp#27;[39m &amp#27;[90m{"id":"00000000-0000-005e-ffff-ffff00000017"}&amp#27;[39m
[debug] &amp#27;[35m[W3C (b5338cb7)]&amp#27;[39m Calling AppiumDriver.click() with args: ["00000000-0000-005e-ffff-ffff00000017","b5338cb7-6556-4bf2-ab5e-5ab35212b5c5"]
[debug] &amp#27;[35m[WD Proxy]&amp#27;[39m Matched '/element/00000000-0000-005e-ffff-ffff00000017/click' to command name 'click'
[debug] &amp#27;[35m[WD Proxy]&amp#27;[39m Proxying [POST /element/00000000-0000-005e-ffff-ffff00000017/click] to [POST http://127.0.0.1:8200/wd/hub/session/ac5d42af-3c1f-421c-8b83-84529d460cf1/element/00000000-0000-005e-ffff-ffff00000017/click] with body: {"element":"00000000-0000-005e-ffff-ffff00000017"}
[debug] &amp#27;[35m[WD Proxy]&amp#27;[39m Got response with status 200: {"sessionId":"ac5d42af-3c1f-421c-8b83-84529d460cf1","value":null}
[debug] &amp#27;[35m[W3C (b5338cb7)]&amp#27;[39m Responding to client with driver.click() result: null
&amp#27;[35m[HTTP]&amp#27;[39m &amp#27;[37m<-- POST /wd/hub/session/b5338cb7-6556-4bf2-ab5e-5ab35212b5c5/element/00000000-0000-005e-ffff-ffff00000017/click &amp#27;[39m&amp#27;[32m200&amp#27;[39m &amp#27;[90m1164 ms - 14&amp#27;[39m
&amp#27;[35m[HTTP]&amp#27;[39m &amp#27;[90m&amp#27;[39m
[INFO ] 2022-03-22 09:48:37.779 [main] DisplayOptions - user click in the action bar
&amp#27;[35m[HTTP]&amp#27;[39m &amp#27;[37m-->&amp#27;[39m &amp#27;[37mGET&amp#27;[39m &amp#27;[37m/wd/hub/session/b5338cb7-6556-4bf2-ab5e-5ab35212b5c5/screenshot&amp#27;[39m
&amp#27;[35m[HTTP]&amp#27;[39m &amp#27;[90m{}&amp#27;[39m
[debug] &amp#27;[35m[W3C (b5338cb7)]&amp#27;[39m Calling AppiumDriver.getScreenshot() with args: ["b5338cb7-6556-4bf2-ab5e-5ab35212b5c5"]
[debug] &amp#27;[35m[WD Proxy]&amp#27;[39m Matched '/screenshot' to command name 'getScreenshot'
[debug] &amp#27;[35m[WD Proxy]&amp#27;[39m Proxying [GET /screenshot] to [GET http://127.0.0.1:8200/wd/hub/session/ac5d42af-3c1f-421c-8b83-84529d460cf1/screenshot] with no body
[debug] &amp#27;[35m[WD Proxy]&amp#27;[39m Got response with status 200: {"sessionId":"ac5d42af-3c1f-421c-8b83-84529d460cf1","value":"iVBORw0KGgoAAAANSUhEUgAABDgAAAeACAYAAAArYecKAAAABHNCSVQICAgIfAhkiAAAIABJREFU\neJzs3Xd0VNXaBvDnTEmbVEgDUiQBAklAQSmJSJcEKYaWIFggFAtKEcV2ISDoRVFQ6UZE4XLVUASl\nC0gzYAPxklClhRAgIZ20ad8fWTMfYc4kk8nMJBOe31os15yy954U5Dyz97sFAFoQEREREREREdkx\nSX0PgIiIiIiIiIiorhhwEBEREREREZHdY8BBRERERERERHaPAQcRERERERER2T0GHERERERERERk\n9xhwEBEREREREZHdY8BBRERERERERHaPAQcRERERERER2T1ZfQ+AbEcQBCgUCkRERCA2NhYDBgxA\nYGCg6LVarRZpaWnYsmULDhw4gIsXL6KiogJardbGoyYiIiIiIiKqmQCAT6yNmCAIAICwsDB88MEH\nePjhhwEAEolpk3d0gYZKpcKOHTvwzjvvIC8vj0EHERERERERNSj3dcAhCAJkMhlkMvGJLFqtFiqV\nCiqVysYjswxBEBAaGoodO3bAxcXF5FCjOmq1Gjk5OXj44Yeh0WgsMErbEwQBEokEDg4OZt2v1WpR\nUVFhl+9f997vpVar62E0RERERERElnPfLlHRLdfo1KkTvL29Ra9Rq9W4du0aTp48aXchh4eHB9as\nWYMuXbpYJNjQkUql8PHxQbdu3ZCammqxdm1FEAQ4OjqiTZs2aNWqlVltKJVKXLx4EdnZ2cjNzW3Q\nPxuCIOiDPKlUCplMBoVCAZlMBkEQoNVqoVarUVhYCI1GA7VaDZVKZZfhDREREVlOREQE3N3dUVhY\niLS0tPoeDjUyOTk5Jl1n7DmNyJj7NuCQyWTo1KkTvv3222qvu3btGkaMGIGrV6/aaGR1IwgCunfv\nji+//BIKhcJqfUydOhVHjx7V...
[debug] &amp#27;[35m[W3C (b5338cb7)]&amp#27;[39m Responding to client with driver.getScreenshot() result: "iVBORw0KGgoAAAANSUhEUgAABDgAAAeACAYAAAArYecKAAAABHNCSVQICAgIfAhkiAAAIABJREFU\neJzs3Xd0VNXaBvDnTEmbVEgDUiQBAklAQSmJSJcEKYaWIFggFAtKEcV2ISDoRVFQ6UZE4XLVUASl\nC0gzYAPxklClhRAgIZ20ad8fWTMfYc4kk8nMJBOe31os15yy954U5Dyz97sFAFoQEREREREREdkx\nSX0PgIiIiIiIiIiorhhwEBEREREREZHdY8BBRERERERERHaPAQcRERERERER2T0GHERERERERERk\n9xhwEBEREREREZHdY8BBRERERERERHaPAQcRERERERER2T1ZfQ+AbEcQBCgUCkRERCA2NhYDBgxA\nYGCg6LVarRZpaWnYsmULDhw4gIsXL6KiogJardbGoyYiIiIiIiKqmQCAT6yNmCAIAICwsDB88MEH\nePjhhwEAEolpk3d0gYZKpcKOHTvwzjvvIC8vj0EHERERERERNSj3dcAhCAJkMhlkMvGJLFqtFiqV\nCiqVysYjswxBEBAaGoodO3bAxcXF5FCjOmq1Gjk5OXj44Yeh0WgsMErbEwQBEokEDg4OZt2v1WpR\nUVFhl+9f997vpVar62E0RERERERElnPfLlHRLdfo1KkTvL29Ra9Rq9W4du0aTp48aXchh4eHB9as\nWYMuXbpYJNjQkUql8PHxQbdu3ZCammqxdm1FEAQ4OjqiTZs2aNWqlVltKJVKXLx4EdnZ2cjNzW3Q\nPxuCIOiDPKlUCplMBoVCAZlMBkEQoNVqoVarUVhYCI1GA7VaDZVKZZfhDREREVlOREQE3N3dUVhY\niLS0tPoeDjUyOTk5Jl1n7DmNyJj7NuCQyWTo1KkTvv3222qvu3btGkaMGIGrV6/aaGR1IwgCunfv\nji+//BIKhcJqfUydOhVHjx7VL1XRPSw3ZLpwo0uXLliwYAEeeOABs9sqLy/H4cOHsXDhQvzvf/+z\n3CAtRB...
&amp#27;[35m[HTTP]&amp#27;[39m &amp#27;[37m<-- GET /wd/hub/session/b5338cb7-6556-4bf2-ab5e-5ab35212b5c5/screenshot &amp#27;[39m&amp#27;[32m200&amp#27;[39m &amp#27;[90m225 ms - 95498&amp#27;[39m
&amp#27;[35m[HTTP]&amp#27;[39m &amp#27;[90m&amp#27;[39m
&amp#27;[35m[HTTP]&amp#27;[39m &amp#27;[37m-->&amp#27;[39m &amp#27;[37mGET&amp#27;[39m &amp#27;[37m/wd/hub/session/b5338cb7-6556-4bf2-ab5e-5ab35212b5c5&amp#27;[39m
&amp#27;[35m[HTTP]&amp#27;[39m &amp#27;[90m{}&amp#27;[39m
[debug] &amp#27;[35m[W3C (b5338cb7)]&amp#27;[39m Calling AppiumDriver.getSession() with args: ["b5338cb7-6556-4bf2-ab5e-5ab35212b5c5"]
[debug] &amp#27;[35m[UiAutomator2]&amp#27;[39m Getting session details from server to mix in
[debug] &amp#27;[35m[WD Proxy]&amp#27;[39m Matched '/' to command name 'getSession'
[debug] &amp#27;[35m[WD Proxy]&amp#27;[39m Proxying [GET /] to [GET http://127.0.0.1:8200/wd/hub/session/ac5d42af-3c1f-421c-8b83-84529d460cf1] with no body
[debug] &amp#27;[35m[WD Proxy]&amp#27;[39m Got response with status 200: {"sessionId":"ac5d42af-3c1f-421c-8b83-84529d460cf1","value":{"lastScrollData":null}}
[debug] &amp#27;[35m[W3C (b5338cb7)]&amp#27;[39m Responding to client with driver.getSession() result: {"platform":"LINUX","webStorageEnabled":false,"takesScreenshot":true,"javascriptEnabled":true,"databaseEnabled":false,"networkConnectionEnabled":true,"locationContextEnabled":false,"warnings":{},"desired":{"platformName":"android","isHeadless":true,"app":"../AppiumCucumberProject/ApiDemos-debug.apk","appActivity":"io.appium.android.apis.ApiDemos","appPackage":"io.appium.android.apis","avdArgs":"-no-window","deviceName":"android","platformVersion":"8.1"},"platformName":"android","isHeadless":true,"app":"../AppiumCucumberProject/ApiDemos-debug.apk","appActivity":"io.appium.android.apis.ApiDemos","appPackage":"io.appium.android.apis","avdArgs":"-no-window","deviceName":"emulator-5554","platformVersion":"8.1.0","deviceUDID":"emulator-5554","deviceApiLevel":27,"deviceScreenSize":"1080x1920","deviceScreenDensity":420,"deviceModel":"Android SDK built for x86","deviceManufacturer":"Google","pixelRatio":2.625,"statBarHeight":63,"viewportRect":{"left":0,"top":63,"width":1080,"height":1731},"lastScrollData":null}
&amp#27;[35m[HTTP]&amp#27;[39m &amp#27;[37m<-- GET /wd/hub/session/b5338cb7-6556-4bf2-ab5e-5ab35212b5c5 &amp#27;[39m&amp#27;[32m200&amp#27;[39m &amp#27;[90m14 ms - 1027&amp#27;[39m
&amp#27;[35m[HTTP]&amp#27;[39m &amp#27;[90m&amp#27;[39m
&amp#27;[35m[HTTP]&amp#27;[39m &amp#27;[37m-->&amp#27;[39m &amp#27;[37mPOST&amp#27;[39m &amp#27;[37m/wd/hub/session/b5338cb7-6556-4bf2-ab5e-5ab35212b5c5/element&amp#27;[39m
&amp#27;[35m[HTTP]&amp#27;[39m &amp#27;[90m{"using":"xpath","value":"//android.widget.TextView[@content-desc=\"Display Options\"]"}&amp#27;[39m
[debug] &amp#27;[35m[W3C (b5338cb7)]&amp#27;[39m Calling AppiumDriver.findElement() with args: ["xpath","//android.widget.TextView[@content-desc=\"Display Options\"]","b5338cb7-6556-4bf2-ab5e-5ab35212b5c5"]
[debug] &amp#27;[35m[BaseDriver]&amp#27;[39m Valid locator strategies for this request: xpath, id, class name, accessibility id, css selector, -android uiautomator
[debug] &amp#27;[35m[BaseDriver]&amp#27;[39m Waiting up to 20000 ms for condition
[debug] &amp#27;[35m[WD Proxy]&amp#27;[39m Matched '/element' to command name 'findElement'
[debug] &amp#27;[35m[WD Proxy]&amp#27;[39m Proxying [POST /element] to [POST http://127.0.0.1:8200/wd/hub/session/ac5d42af-3c1f-421c-8b83-84529d460cf1/element] with body: {"strategy":"xpath","selector":"//android.widget.TextView[@content-desc=\"Display Options\"]","context":"","multiple":false}
[debug] &amp#27;[35m[WD Proxy]&amp#27;[39m Got response with status 200: {"sessionId":"ac5d42af-3c1f-421c-8b83-84529d460cf1","value":{"ELEMENT":"00000000-0000-005f-ffff-ffff0000002f","element-6066-11e4-a52e-4f735466cecf":"00000000-0000-005f-ffff-ffff0000002f"}}
[debug] &amp#27;[35m[W3C (b5338cb7)]&amp#27;[39m Responding to client with driver.findElement() result: {"element-6066-11e4-a52e-4f735466cecf":"00000000-0000-005f-ffff-ffff0000002f","ELEMENT":"00000000-0000-005f-ffff-ffff0000002f"}
&amp#27;[35m[HTTP]&amp#27;[39m &amp#27;[37m<-- POST /wd/hub/session/b5338cb7-6556-4bf2-ab5e-5ab35212b5c5/element &amp#27;[39m&amp#27;[32m200&amp#27;[39m &amp#27;[90m58 ms - 137&amp#27;[39m
&amp#27;[35m[HTTP]&amp#27;[39m &amp#27;[90m&amp#27;[39m
&amp#27;[35m[HTTP]&amp#27;[39m &amp#27;[37m-->&amp#27;[39m &amp#27;[37mPOST&amp#27;[39m &amp#27;[37m/wd/hub/session/b5338cb7-6556-4bf2-ab5e-5ab35212b5c5/element/00000000-0000-005f-ffff-ffff0000002f/click&amp#27;[39m
&amp#27;[35m[HTTP]&amp#27;[39m &amp#27;[90m{"id":"00000000-0000-005f-ffff-ffff0000002f"}&amp#27;[39m
[debug] &amp#27;[35m[W3C (b5338cb7)]&amp#27;[39m Calling AppiumDriver.click() with args: ["00000000-0000-005f-ffff-ffff0000002f","b5338cb7-6556-4bf2-ab5e-5ab35212b5c5"]
[debug] &amp#27;[35m[WD Proxy]&amp#27;[39m Matched '/element/00000000-0000-005f-ffff-ffff0000002f/click' to command name 'click'
[debug] &amp#27;[35m[WD Proxy]&amp#27;[39m Proxying [POST /element/00000000-0000-005f-ffff-ffff0000002f/click] to [POST http://127.0.0.1:8200/wd/hub/session/ac5d42af-3c1f-421c-8b83-84529d460cf1/element/00000000-0000-005f-ffff-ffff0000002f/click] with body: {"element":"00000000-0000-005f-ffff-ffff0000002f"}
[debug] &amp#27;[35m[WD Proxy]&amp#27;[39m Got response with status 200: {"sessionId":"ac5d42af-3c1f-421c-8b83-84529d460cf1","value":null}
[debug] &amp#27;[35m[W3C (b5338cb7)]&amp#27;[39m Responding to client with driver.click() result: null
&amp#27;[35m[HTTP]&amp#27;[39m &amp#27;[37m<-- POST /wd/hub/session/b5338cb7-6556-4bf2-ab5e-5ab35212b5c5/element/00000000-0000-005f-ffff-ffff0000002f/click &amp#27;[39m&amp#27;[32m200&amp#27;[39m &amp#27;[90m1151 ms - 14&amp#27;[39m
&amp#27;[35m[HTTP]&amp#27;[39m &amp#27;[90m&amp#27;[39m
[INFO ] 2022-03-22 09:48:39.294 [main] DisplayOptions - user click in the display option
&amp#27;[35m[HTTP]&amp#27;[39m &amp#27;[37m-->&amp#27;[39m &amp#27;[37mGET&amp#27;[39m &amp#27;[37m/wd/hub/session/b5338cb7-6556-4bf2-ab5e-5ab35212b5c5&amp#27;[39m
&amp#27;[35m[HTTP]&amp#27;[39m &amp#27;[90m{}&amp#27;[39m
[debug] &amp#27;[35m[W3C (b5338cb7)]&amp#27;[39m Calling AppiumDriver.getSession() with args: ["b5338cb7-6556-4bf2-ab5e-5ab35212b5c5"]
[debug] &amp#27;[35m[UiAutomator2]&amp#27;[39m Getting session details from server to mix in
[debug] &amp#27;[35m[WD Proxy]&amp#27;[39m Matched '/' to command name 'getSession'
[debug] &amp#27;[35m[WD Proxy]&amp#27;[39m Proxying [GET /] to [GET http://127.0.0.1:8200/wd/hub/session/ac5d42af-3c1f-421c-8b83-84529d460cf1] with no body
[debug] &amp#27;[35m[WD Proxy]&amp#27;[39m Got response with status 200: {"sessionId":"ac5d42af-3c1f-421c-8b83-84529d460cf1","value":{"lastScrollData":null}}
[debug] &amp#27;[35m[W3C (b5338cb7)]&amp#27;[39m Responding to client with driver.getSession() result: {"platform":"LINUX","webStorageEnabled":false,"takesScreenshot":true,"javascriptEnabled":true,"databaseEnabled":false,"networkConnectionEnabled":true,"locationContextEnabled":false,"warnings":{},"desired":{"platformName":"android","isHeadless":true,"app":"../AppiumCucumberProject/ApiDemos-debug.apk","appActivity":"io.appium.android.apis.ApiDemos","appPackage":"io.appium.android.apis","avdArgs":"-no-window","deviceName":"android","platformVersion":"8.1"},"platformName":"android","isHeadless":true,"app":"../AppiumCucumberProject/ApiDemos-debug.apk","appActivity":"io.appium.android.apis.ApiDemos","appPackage":"io.appium.android.apis","avdArgs":"-no-window","deviceName":"emulator-5554","platformVersion":"8.1.0","deviceUDID":"emulator-5554","deviceApiLevel":27,"deviceScreenSize":"1080x1920","deviceScreenDensity":420,"deviceModel":"Android SDK built for x86","deviceManufacturer":"Google","pixelRatio":2.625,"statBarHeight":63,"viewportRect":{"left":0,"top":63,"width":1080,"height":1731},"lastScrollData":null}
&amp#27;[35m[HTTP]&amp#27;[39m &amp#27;[37m<-- GET /wd/hub/session/b5338cb7-6556-4bf2-ab5e-5ab35212b5c5 &amp#27;[39m&amp#27;[32m200&amp#27;[39m &amp#27;[90m15 ms - 1027&amp#27;[39m
&amp#27;[35m[HTTP]&amp#27;[39m &amp#27;[90m&amp#27;[39m
&amp#27;[35m[HTTP]&amp#27;[39m &amp#27;[37m-->&amp#27;[39m &amp#27;[37mPOST&amp#27;[39m &amp#27;[37m/wd/hub/session/b5338cb7-6556-4bf2-ab5e-5ab35212b5c5/element&amp#27;[39m
&amp#27;[35m[HTTP]&amp#27;[39m &amp#27;[90m{"using":"xpath","value":"/hierarchy/android.widget.FrameLayout/android.view.ViewGroup/android.widget.FrameLayout[1]/android.view.ViewGroup/android.widget.TextView"}&amp#27;[39m
[debug] &amp#27;[35m[W3C (b5338cb7)]&amp#27;[39m Calling AppiumDriver.findElement() with args: ["xpath","/hierarchy/android.widget.FrameLayout/android.view.ViewGroup/android.widget.FrameLayout[1]/android.view.ViewGroup/android.widget.TextView","b5338cb7-6556-4bf2-ab5e-5ab35212b5c5"]
[debug] &amp#27;[35m[BaseDriver]&amp#27;[39m Valid locator strategies for this request: xpath, id, class name, accessibility id, css selector, -android uiautomator
[debug] &amp#27;[35m[BaseDriver]&amp#27;[39m Waiting up to 20000 ms for condition
[debug] &amp#27;[35m[WD Proxy]&amp#27;[39m Matched '/element' to command name 'findElement'
[debug] &amp#27;[35m[WD Proxy]&amp#27;[39m Proxying [POST /element] to [POST http://127.0.0.1:8200/wd/hub/session/ac5d42af-3c1f-421c-8b83-84529d460cf1/element] with body: {"strategy":"xpath","selector":"/hierarchy/android.widget.FrameLayout/android.view.ViewGroup/android.widget.FrameLayout[1]/android.view.ViewGroup/android.widget.TextView","context":"","multiple":false}
[debug] &amp#27;[35m[WD Proxy]&amp#27;[39m Got response with status 200: {"sessionId":"ac5d42af-3c1f-421c-8b83-84529d460cf1","value":{"ELEMENT":"00000000-0000-0060-ffff-ffff0000003e","element-6066-11e4-a52e-4f735466cecf":"00000000-0000-0060-ffff-ffff0000003e"}}
[debug] &amp#27;[35m[W3C (b5338cb7)]&amp#27;[39m Responding to client with driver.findElement() result: {"element-6066-11e4-a52e-4f735466cecf":"00000000-0000-0060-ffff-ffff0000003e","ELEMENT":"00000000-0000-0060-ffff-ffff0000003e"}
&amp#27;[35m[HTTP]&amp#27;[39m &amp#27;[37m<-- POST /wd/hub/session/b5338cb7-6556-4bf2-ab5e-5ab35212b5c5/element &amp#27;[39m&amp#27;[32m200&amp#27;[39m &amp#27;[90m71 ms - 137&amp#27;[39m
&amp#27;[35m[HTTP]&amp#27;[39m &amp#27;[90m&amp#27;[39m
&amp#27;[35m[HTTP]&amp#27;[39m &amp#27;[37m-->&amp#27;[39m &amp#27;[37mGET&amp#27;[39m &amp#27;[37m/wd/hub/session/b5338cb7-6556-4bf2-ab5e-5ab35212b5c5/element/00000000-0000-0060-ffff-ffff0000003e/text&amp#27;[39m
&amp#27;[35m[HTTP]&amp#27;[39m &amp#27;[90m{}&amp#27;[39m
&amp#27;[35m[W3C (b5338cb7)]&amp#27;[39m Driver proxy active, passing request on via HTTP proxy
[debug] &amp#27;[35m[WD Proxy]&amp#27;[39m Matched '/wd/hub/session/b5338cb7-6556-4bf2-ab5e-5ab35212b5c5/element/00000000-0000-0060-ffff-ffff0000003e/text' to command name 'getText'
[debug] &amp#27;[35m[WD Proxy]&amp#27;[39m Proxying [GET /wd/hub/session/b5338cb7-6556-4bf2-ab5e-5ab35212b5c5/element/00000000-0000-0060-ffff-ffff0000003e/text] to [GET http://127.0.0.1:8200/wd/hub/session/ac5d42af-3c1f-421c-8b83-84529d460cf1/element/00000000-0000-0060-ffff-ffff0000003e/text] with no body
[debug] &amp#27;[35m[WD Proxy]&amp#27;[39m Got response with status 200: {"sessionId":"ac5d42af-3c1f-421c-8b83-84529d460cf1","value":"App/Action Bar/Display Options"}
&amp#27;[35m[WD Proxy]&amp#27;[39m Replacing sessionId ac5d42af-3c1f-421c-8b83-84529d460cf1 with b5338cb7-6556-4bf2-ab5e-5ab35212b5c5
&amp#27;[35m[HTTP]&amp#27;[39m &amp#27;[37m<-- GET /wd/hub/session/b5338cb7-6556-4bf2-ab5e-5ab35212b5c5/element/00000000-0000-0060-ffff-ffff0000003e/text &amp#27;[39m&amp#27;[32m200&amp#27;[39m &amp#27;[90m16 ms - 93&amp#27;[39m
&amp#27;[35m[HTTP]&amp#27;[39m &amp#27;[90m&amp#27;[39m
&amp#27;[35m[HTTP]&amp#27;[39m &amp#27;[37m-->&amp#27;[39m &amp#27;[37mGET&amp#27;[39m &amp#27;[37m/wd/hub/session/b5338cb7-6556-4bf2-ab5e-5ab35212b5c5/screenshot&amp#27;[39m
&amp#27;[35m[HTTP]&amp#27;[39m &amp#27;[90m{}&amp#27;[39m
[debug] &amp#27;[35m[W3C (b5338cb7)]&amp#27;[39m Calling AppiumDriver.getScreenshot() with args: ["b5338cb7-6556-4bf2-ab5e-5ab35212b5c5"]
[debug] &amp#27;[35m[WD Proxy]&amp#27;[39m Matched '/screenshot' to command name 'getScreenshot'
[debug] &amp#27;[35m[WD Proxy]&amp#27;[39m Proxying [GET /screenshot] to [GET http://127.0.0.1:8200/wd/hub/session/ac5d42af-3c1f-421c-8b83-84529d460cf1/screenshot] with no body
[debug] &amp#27;[35m[WD Proxy]&amp#27;[39m Got response with status 200: {"sessionId":"ac5d42af-3c1f-421c-8b83-84529d460cf1","value":"iVBORw0KGgoAAAANSUhEUgAABDgAAAeACAYAAAArYecKAAAABHNCSVQICAgIfAhkiAAAIABJREFU\neJzs3Xd0VNXaBvDnTEmbVAhJkBRIqAldKcHQkQTpJIAgIl0+C0UvqNwrRdCrgKACiqKoeBUMiKAI\nBAEpGooIFyVBKaEkEEhCep/2/ZE1cwlTMplMTZ7fWixXTtl7j3PmlPfs/W4BgBpERERERERERE5M\nZO8GEBERERERERHVFQMcREREREREROT0GOAgIiIiIiIiIqfHAAcREREREREROT0GOIiIiIiIiIjI\n6THAQUREREREREROjwEOIiIiIiIiInJ6DHAQERERERERkdOT2LsBZDuCIEAmkyEqKgpxcXEYMmQI\nQkJC9G6rVquRkpKCXbt24ciRI0hLS0NlZSXUarWNW01ERERERERUMwEAn1jrMUEQAABt2rTB22+/\njYcffhgAIBKZ1nlHE9BQKBTYu3cv/vnPfyIvL4+BDiIiIiIiInIoDTrAIQgCJBIJJBL9HVnUajUU\nCgUUCoWNW2YZgiAgIiICe/fuhYeHh8lBDWOUSiVycnLw8MMPQ6VSWaCVticIAkQiEVxcXMzaX61W\no7Ky0ik/v+azP0ipVNqhNURERERERJbTYIeoaIZrdO3aFf7+/nq3USqVyMjIwPnz550uyOHj44PP\nPvsM3bt3t0hgQ0MsFqNJkybo2bMnkpOTLVaurQiCAFdXV7Ru3RotW7Y0qwy5XI60tDRkZ2cjNzfX\noY8NQRC0gTyxWAyJRAKZTAaJRAJBEKBWq6FUKlFYWAiVSgWlUgmFQuGUwRsiIiKynKioKHh7e6Ow\nsBApKSn2bg7VMzk5OSZtZ+g5jciQBhvgkEgk6Nq1K7Zt22Z0u4yMDCQkJODmzZs2alndCIKAmJgY\nbN68GTKZzGp1zJ07FydOnNAO...
[debug] &amp#27;[35m[W3C (b5338cb7)]&amp#27;[39m Responding to client with driver.getScreenshot() result: "iVBORw0KGgoAAAANSUhEUgAABDgAAAeACAYAAAArYecKAAAABHNCSVQICAgIfAhkiAAAIABJREFU\neJzs3Xd0VNXaBvDnTEmbVAhJkBRIqAldKcHQkQTpJIAgIl0+C0UvqNwrRdCrgKACiqKoeBUMiKAI\nBAEpGooIFyVBKaEkEEhCep/2/ZE1cwlTMplMTZ7fWixXTtl7j3PmlPfs/W4BgBpERERERERERE5M\nZO8GEBERERERERHVFQMcREREREREROT0GOAgIiIiIiIiIqfHAAcREREREREROT0GOIiIiIiIiIjI\n6THAQUREREREREROjwEOIiIiIiIiInJ6DHAQERERERERkdOT2LsBZDuCIEAmkyEqKgpxcXEYMmQI\nQkJC9G6rVquRkpKCXbt24ciRI0hLS0NlZSXUarWNW01ERERERERUMwEAn1jrMUEQAABt2rTB22+/\njYcffhgAIBKZ1nlHE9BQKBTYu3cv/vnPfyIvL4+BDiIiIiIiInIoDTrAIQgCJBIJJBL9HVnUajUU\nCgUUCoWNW2YZgiAgIiICe/fuhYeHh8lBDWOUSiVycnLw8MMPQ6VSWaCVticIAkQiEVxcXMzaX61W\no7Ky0ik/v+azP0ipVNqhNURERERERJbTYIeoaIZrdO3aFf7+/nq3USqVyMjIwPnz550uyOHj44PP\nPvsM3bt3t0hgQ0MsFqNJkybo2bMnkpOTLVaurQiCAFdXV7Ru3RotW7Y0qwy5XI60tDRkZ2cjNzfX\noY8NQRC0gTyxWAyJRAKZTAaJRAJBEKBWq6FUKlFYWAiVSgWlUgmFQuGUwRsiIiKynKioKHh7e6Ow\nsBApKSn2bg7VMzk5OSZtZ+g5jciQBhvgkEgk6Nq1K7Zt22Z0u4yMDCQkJODmzZs2alndCIKAmJgY\nbN68GTKZzGp1zJ07FydOnNAOVdE8LDsyTXCje/fueOutt9C8eXOzy6qoqMDx48exatUq/Pnnn5Zr\npIUIgg...
&amp#27;[35m[HTTP]&amp#27;[39m &amp#27;[37m<-- GET /wd/hub/session/b5338cb7-6556-4bf2-ab5e-5ab35212b5c5/screenshot &amp#27;[39m&amp#27;[32m200&amp#27;[39m &amp#27;[90m212 ms - 125728&amp#27;[39m
&amp#27;[35m[HTTP]&amp#27;[39m &amp#27;[90m&amp#27;[39m
&amp#27;[35m[HTTP]&amp#27;[39m &amp#27;[37m-->&amp#27;[39m &amp#27;[37mGET&amp#27;[39m &amp#27;[37m/wd/hub/session/b5338cb7-6556-4bf2-ab5e-5ab35212b5c5&amp#27;[39m
&amp#27;[35m[HTTP]&amp#27;[39m &amp#27;[90m{}&amp#27;[39m
[debug] &amp#27;[35m[W3C (b5338cb7)]&amp#27;[39m Calling AppiumDriver.getSession() with args: ["b5338cb7-6556-4bf2-ab5e-5ab35212b5c5"]
[debug] &amp#27;[35m[UiAutomator2]&amp#27;[39m Getting session details from server to mix in
[debug] &amp#27;[35m[WD Proxy]&amp#27;[39m Matched '/' to command name 'getSession'
[debug] &amp#27;[35m[WD Proxy]&amp#27;[39m Proxying [GET /] to [GET http://127.0.0.1:8200/wd/hub/session/ac5d42af-3c1f-421c-8b83-84529d460cf1] with no body
[debug] &amp#27;[35m[WD Proxy]&amp#27;[39m Got response with status 200: {"sessionId":"ac5d42af-3c1f-421c-8b83-84529d460cf1","value":{"lastScrollData":null}}
[debug] &amp#27;[35m[W3C (b5338cb7)]&amp#27;[39m Responding to client with driver.getSession() result: {"platform":"LINUX","webStorageEnabled":false,"takesScreenshot":true,"javascriptEnabled":true,"databaseEnabled":false,"networkConnectionEnabled":true,"locationContextEnabled":false,"warnings":{},"desired":{"platformName":"android","isHeadless":true,"app":"../AppiumCucumberProject/ApiDemos-debug.apk","appActivity":"io.appium.android.apis.ApiDemos","appPackage":"io.appium.android.apis","avdArgs":"-no-window","deviceName":"android","platformVersion":"8.1"},"platformName":"android","isHeadless":true,"app":"../AppiumCucumberProject/ApiDemos-debug.apk","appActivity":"io.appium.android.apis.ApiDemos","appPackage":"io.appium.android.apis","avdArgs":"-no-window","deviceName":"emulator-5554","platformVersion":"8.1.0","deviceUDID":"emulator-5554","deviceApiLevel":27,"deviceScreenSize":"1080x1920","deviceScreenDensity":420,"deviceModel":"Android SDK built for x86","deviceManufacturer":"Google","pixelRatio":2.625,"statBarHeight":63,"viewportRect":{"left":0,"top":63,"width":1080,"height":1731},"lastScrollData":null}
&amp#27;[35m[HTTP]&amp#27;[39m &amp#27;[37m<-- GET /wd/hub/session/b5338cb7-6556-4bf2-ab5e-5ab35212b5c5 &amp#27;[39m&amp#27;[32m200&amp#27;[39m &amp#27;[90m11 ms - 1027&amp#27;[39m
&amp#27;[35m[HTTP]&amp#27;[39m &amp#27;[90m&amp#27;[39m
&amp#27;[35m[HTTP]&amp#27;[39m &amp#27;[37m-->&amp#27;[39m &amp#27;[37mPOST&amp#27;[39m &amp#27;[37m/wd/hub/session/b5338cb7-6556-4bf2-ab5e-5ab35212b5c5/element&amp#27;[39m
&amp#27;[35m[HTTP]&amp#27;[39m &amp#27;[90m{"using":"xpath","value":"//android.widget.Button[@content-desc=\"DISPLAY_SHOW_TITLE\"]"}&amp#27;[39m
[debug] &amp#27;[35m[W3C (b5338cb7)]&amp#27;[39m Calling AppiumDriver.findElement() with args: ["xpath","//android.widget.Button[@content-desc=\"DISPLAY_SHOW_TITLE\"]","b5338cb7-6556-4bf2-ab5e-5ab35212b5c5"]
[debug] &amp#27;[35m[BaseDriver]&amp#27;[39m Valid locator strategies for this request: xpath, id, class name, accessibility id, css selector, -android uiautomator
[debug] &amp#27;[35m[BaseDriver]&amp#27;[39m Waiting up to 20000 ms for condition
[debug] &amp#27;[35m[WD Proxy]&amp#27;[39m Matched '/element' to command name 'findElement'
[debug] &amp#27;[35m[WD Proxy]&amp#27;[39m Proxying [POST /element] to [POST http://127.0.0.1:8200/wd/hub/session/ac5d42af-3c1f-421c-8b83-84529d460cf1/element] with body: {"strategy":"xpath","selector":"//android.widget.Button[@content-desc=\"DISPLAY_SHOW_TITLE\"]","context":"","multiple":false}
[debug] &amp#27;[35m[WD Proxy]&amp#27;[39m Got response with status 200: {"sessionId":"ac5d42af-3c1f-421c-8b83-84529d460cf1","value":{"ELEMENT":"00000000-0000-0060-ffff-ffff0000003a","element-6066-11e4-a52e-4f735466cecf":"00000000-0000-0060-ffff-ffff0000003a"}}
[debug] &amp#27;[35m[W3C (b5338cb7)]&amp#27;[39m Responding to client with driver.findElement() result: {"element-6066-11e4-a52e-4f735466cecf":"00000000-0000-0060-ffff-ffff0000003a","ELEMENT":"00000000-0000-0060-ffff-ffff0000003a"}
&amp#27;[35m[HTTP]&amp#27;[39m &amp#27;[37m<-- POST /wd/hub/session/b5338cb7-6556-4bf2-ab5e-5ab35212b5c5/element &amp#27;[39m&amp#27;[32m200&amp#27;[39m &amp#27;[90m67 ms - 137&amp#27;[39m
&amp#27;[35m[HTTP]&amp#27;[39m &amp#27;[90m&amp#27;[39m
&amp#27;[35m[HTTP]&amp#27;[39m &amp#27;[37m-->&amp#27;[39m &amp#27;[37mPOST&amp#27;[39m &amp#27;[37m/wd/hub/session/b5338cb7-6556-4bf2-ab5e-5ab35212b5c5/element/00000000-0000-0060-ffff-ffff0000003a/click&amp#27;[39m
&amp#27;[35m[HTTP]&amp#27;[39m &amp#27;[90m{"id":"00000000-0000-0060-ffff-ffff0000003a"}&amp#27;[39m
[debug] &amp#27;[35m[W3C (b5338cb7)]&amp#27;[39m Calling AppiumDriver.click() with args: ["00000000-0000-0060-ffff-ffff0000003a","b5338cb7-6556-4bf2-ab5e-5ab35212b5c5"]
[debug] &amp#27;[35m[WD Proxy]&amp#27;[39m Matched '/element/00000000-0000-0060-ffff-ffff0000003a/click' to command name 'click'
[debug] &amp#27;[35m[WD Proxy]&amp#27;[39m Proxying [POST /element/00000000-0000-0060-ffff-ffff0000003a/click] to [POST http://127.0.0.1:8200/wd/hub/session/ac5d42af-3c1f-421c-8b83-84529d460cf1/element/00000000-0000-0060-ffff-ffff0000003a/click] with body: {"element":"00000000-0000-0060-ffff-ffff0000003a"}
[debug] &amp#27;[35m[WD Proxy]&amp#27;[39m Got response with status 200: {"sessionId":"ac5d42af-3c1f-421c-8b83-84529d460cf1","value":null}
[debug] &amp#27;[35m[W3C (b5338cb7)]&amp#27;[39m Responding to client with driver.click() result: null
&amp#27;[35m[HTTP]&amp#27;[39m &amp#27;[37m<-- POST /wd/hub/session/b5338cb7-6556-4bf2-ab5e-5ab35212b5c5/element/00000000-0000-0060-ffff-ffff0000003a/click &amp#27;[39m&amp#27;[32m200&amp#27;[39m &amp#27;[90m42 ms - 14&amp#27;[39m
&amp#27;[35m[HTTP]&amp#27;[39m &amp#27;[90m&amp#27;[39m
[INFO ] 2022-03-22 09:48:39.799 [main] DisplayOptions - user is in the show title page
&amp#27;[35m[HTTP]&amp#27;[39m &amp#27;[37m-->&amp#27;[39m &amp#27;[37mDELETE&amp#27;[39m &amp#27;[37m/wd/hub/session/b5338cb7-6556-4bf2-ab5e-5ab35212b5c5&amp#27;[39m
&amp#27;[35m[HTTP]&amp#27;[39m &amp#27;[90m{}&amp#27;[39m
[debug] &amp#27;[35m[W3C (b5338cb7)]&amp#27;[39m Calling AppiumDriver.deleteSession() with args: ["b5338cb7-6556-4bf2-ab5e-5ab35212b5c5"]
[debug] &amp#27;[35m[BaseDriver]&amp#27;[39m Event 'quitSessionRequested' logged at 1647922719818 (09:48:39 GMT+0530 (India Standard Time))
&amp#27;[35m[Appium]&amp#27;[39m Removing session b5338cb7-6556-4bf2-ab5e-5ab35212b5c5 from our master session list
[debug] &amp#27;[35m[UiAutomator2]&amp#27;[39m Deleting UiAutomator2 session
[debug] &amp#27;[35m[UiAutomator2]&amp#27;[39m Deleting UiAutomator2 server session
[debug] &amp#27;[35m[WD Proxy]&amp#27;[39m Matched '/' to command name 'deleteSession'
[debug] &amp#27;[35m[WD Proxy]&amp#27;[39m Proxying [DELETE /] to [DELETE http://127.0.0.1:8200/wd/hub/session/ac5d42af-3c1f-421c-8b83-84529d460cf1] with no body
[debug] &amp#27;[35m[WD Proxy]&amp#27;[39m Got response with status 200: {"sessionId":"ac5d42af-3c1f-421c-8b83-84529d460cf1","value":null}
[debug] &amp#27;[35m[ADB]&amp#27;[39m Running 'C:\Users\namrotadutta\AppData\Local\Android\Sdk\platform-tools\adb.exe -P 5037 -s emulator-5554 shell am force-stop io.appium.android.apis'
[debug] &amp#27;[35m[Logcat]&amp#27;[39m Stopping logcat capture
[debug] &amp#27;[35m[ADB]&amp#27;[39m Removing forwarded port socket connection: 8200 
[debug] &amp#27;[35m[ADB]&amp#27;[39m Running 'C:\Users\namrotadutta\AppData\Local\Android\Sdk\platform-tools\adb.exe -P 5037 -s emulator-5554 forward --remove tcp:8200'
[debug] &amp#27;[35m[BaseDriver]&amp#27;[39m Event 'quitSessionFinished' logged at 1647922719985 (09:48:39 GMT+0530 (India Standard Time))
[debug] &amp#27;[35m[W3C (b5338cb7)]&amp#27;[39m Received response: null
[debug] &amp#27;[35m[W3C (b5338cb7)]&amp#27;[39m But deleting session, so not returning
[debug] &amp#27;[35m[W3C (b5338cb7)]&amp#27;[39m Responding to client with driver.deleteSession() result: null
&amp#27;[35m[HTTP]&amp#27;[39m &amp#27;[37m<-- DELETE /wd/hub/session/b5338cb7-6556-4bf2-ab5e-5ab35212b5c5 &amp#27;[39m&amp#27;[32m200&amp#27;[39m &amp#27;[90m169 ms - 14&amp#27;[39m
&amp#27;[35m[HTTP]&amp#27;[39m &amp#27;[90m&amp#27;[39m
]]></system-out>
    <system-err><![CDATA[Mar 22, 2022 9:48:33 AM io.appium.java_client.remote.AppiumCommandExecutor$1 lambda$0
INFO: Detected dialect: W3C
]]></system-err>
  </testcase>
  <testcase name="feature[In amimantion hiding of buttons](3)" classname="com.Runner.Runner" time="23.031">
    <system-out><![CDATA[&amp#27;[35m[HTTP]&amp#27;[39m &amp#27;[37m-->&amp#27;[39m &amp#27;[37mPOST&amp#27;[39m &amp#27;[37m/wd/hub/session&amp#27;[39m
&amp#27;[35m[HTTP]&amp#27;[39m &amp#27;[90m{"desiredCapabilities":{"app":"../AppiumCucumberProject/ApiDemos-debug.apk","appActivity":"io.appium.android.apis.ApiDemos","appPackage":"io.appium.android.apis","isHeadless":true,"avdArgs":"-no-window","platformVersion":"8.1","platformName":"Android","deviceName":"android"},"capabilities":{"alwaysMatch":{"appium:app":"../AppiumCucumberProject/ApiDemos-debug.apk","appium:appActivity":"io.appium.android.apis.ApiDemos","appium:appPackage":"io.appium.android.apis","appium:avdArgs":"-no-window","appium:deviceName":"android","isHeadless":true,"platformName":"android","appium:platformVersion":"8.1"},"firstMatch":[{}]}}&amp#27;[39m
[debug] &amp#27;[35m[W3C]&amp#27;[39m Calling AppiumDriver.createSession() with args: [{"app":"../AppiumCucumberProject/ApiDemos-debug.apk","appActivity":"io.appium.android.apis.ApiDemos","appPackage":"io.appium.android.apis","isHeadless":true,"avdArgs":"-no-window","platformVersion":"8.1","platformName":"Android","deviceName":"android"},null,{"alwaysMatch":{"appium:app":"../AppiumCucumberProject/ApiDemos-debug.apk","appium:appActivity":"io.appium.android.apis.ApiDemos","appium:appPackage":"io.appium.android.apis","appium:avdArgs":"-no-window","appium:deviceName":"android","isHeadless":true,"platformName":"android","appium:platformVersion":"8.1"},"firstMatch":[{}]}]
[debug] &amp#27;[35m[BaseDriver]&amp#27;[39m Event 'newSessionRequested' logged at 1647922720009 (09:48:40 GMT+0530 (India Standard Time))
&amp#27;[35m[BaseDriver]&amp#27;[39m The following capabilities are not standard capabilities and should have an extension prefix:
&amp#27;[35m[BaseDriver]&amp#27;[39m   isHeadless
&amp#27;[35m[Appium]&amp#27;[39m 
&amp#27;[35m[Appium]&amp#27;[39m ======================================================================
&amp#27;[35m[Appium]&amp#27;[39m   DEPRECATION WARNING:
&amp#27;[35m[Appium]&amp#27;[39m 
&amp#27;[35m[Appium]&amp#27;[39m   The 'automationName' capability was not provided in the desired 
&amp#27;[35m[Appium]&amp#27;[39m   capabilities for this Android session
&amp#27;[35m[Appium]&amp#27;[39m 
&amp#27;[35m[Appium]&amp#27;[39m   Setting 'automationName=UiAutomator2' by default and using the 
&amp#27;[35m[Appium]&amp#27;[39m   UiAutomator2 Driver
&amp#27;[35m[Appium]&amp#27;[39m 
&amp#27;[35m[Appium]&amp#27;[39m   The next major version of Appium (2.x) will **require** the 
&amp#27;[35m[Appium]&amp#27;[39m   'automationName' capability to be set for all sessions on all 
&amp#27;[35m[Appium]&amp#27;[39m   platforms
&amp#27;[35m[Appium]&amp#27;[39m 
&amp#27;[35m[Appium]&amp#27;[39m   In previous versions (Appium <= 1.13.x), the default was 
&amp#27;[35m[Appium]&amp#27;[39m   'automationName=UiAutomator1'
&amp#27;[35m[Appium]&amp#27;[39m 
&amp#27;[35m[Appium]&amp#27;[39m   If you wish to use that automation instead of UiAutomator2, please 
&amp#27;[35m[Appium]&amp#27;[39m   add 'automationName=UiAutomator1' to your desired capabilities
&amp#27;[35m[Appium]&amp#27;[39m 
&amp#27;[35m[Appium]&amp#27;[39m   For more information about drivers, please visit 
&amp#27;[35m[Appium]&amp#27;[39m   http://appium.io/docs/en/about-appium/intro/ and explore the 
&amp#27;[35m[Appium]&amp#27;[39m   'Drivers' menu
&amp#27;[35m[Appium]&amp#27;[39m 
&amp#27;[35m[Appium]&amp#27;[39m ======================================================================
&amp#27;[35m[Appium]&amp#27;[39m 
&amp#27;[35m[Appium]&amp#27;[39m Appium v1.22.2 creating new AndroidUiautomator2Driver (v1.70.1) session
[debug] &amp#27;[35m[BaseDriver]&amp#27;[39m W3C capabilities and MJSONWP desired capabilities were provided
[debug] &amp#27;[35m[BaseDriver]&amp#27;[39m Creating session with W3C capabilities: {
[debug] &amp#27;[35m[BaseDriver]&amp#27;[39m   "alwaysMatch": {
[debug] &amp#27;[35m[BaseDriver]&amp#27;[39m     "appium:isHeadless": true,
[debug] &amp#27;[35m[BaseDriver]&amp#27;[39m     "platformName": "android",
[debug] &amp#27;[35m[BaseDriver]&amp#27;[39m     "appium:app": "../AppiumCucumberProject/ApiDemos-debug.apk",
[debug] &amp#27;[35m[BaseDriver]&amp#27;[39m     "appium:appActivity": "io.appium.android.apis.ApiDemos",
[debug] &amp#27;[35m[BaseDriver]&amp#27;[39m     "appium:appPackage": "io.appium.android.apis",
[debug] &amp#27;[35m[BaseDriver]&amp#27;[39m     "appium:avdArgs": "-no-window",
[debug] &amp#27;[35m[BaseDriver]&amp#27;[39m     "appium:deviceName": "android",
[debug] &amp#27;[35m[BaseDriver]&amp#27;[39m     "appium:platformVersion": "8.1"
[debug] &amp#27;[35m[BaseDriver]&amp#27;[39m   },
[debug] &amp#27;[35m[BaseDriver]&amp#27;[39m   "firstMatch": [
[debug] &amp#27;[35m[BaseDriver]&amp#27;[39m     {}
[debug] &amp#27;[35m[BaseDriver]&amp#27;[39m   ]
[debug] &amp#27;[35m[BaseDriver]&amp#27;[39m }
&amp#27;[35m[BaseDriver]&amp#27;[39m Session created with session id: 513a8026-baf5-4746-a28a-c3fb54812a44
&amp#27;[35m[BaseDriver]&amp#27;[39m Using local app '../AppiumCucumberProject/ApiDemos-debug.apk'
&amp#27;[35m[BaseDriver]&amp#27;[39m The current application path '../AppiumCucumberProject/ApiDemos-debug.apk' is not absolute and has been rewritten to 'C:\Users\namrotadutta\eclipse-workspace-new\AppiumCucumberProject\ApiDemos-debug.apk'. Consider using absolute paths rather than relative
[debug] &amp#27;[35m[UiAutomator2]&amp#27;[39m Checking whether app is actually present
&amp#27;[35m[ADB]&amp#27;[39m Using 'adb.exe' from 'C:\Users\namrotadutta\AppData\Local\Android\Sdk\platform-tools\adb.exe'
[debug] &amp#27;[35m[ADB]&amp#27;[39m Running 'C:\Users\namrotadutta\AppData\Local\Android\Sdk\platform-tools\adb.exe -P 5037 start-server'
&amp#27;[35m[AndroidDriver]&amp#27;[39m Retrieving device list
[debug] &amp#27;[35m[ADB]&amp#27;[39m Trying to find a connected android device
[debug] &amp#27;[35m[ADB]&amp#27;[39m Getting connected devices
[debug] &amp#27;[35m[ADB]&amp#27;[39m Connected devices: [{"udid":"emulator-5554","state":"device"}]
&amp#27;[35m[AndroidDriver]&amp#27;[39m Looking for a device with Android '8.1.0'
[debug] &amp#27;[35m[ADB]&amp#27;[39m Setting device id to emulator-5554
&amp#27;[35m[ADB]&amp#27;[39m Getting device platform version
[debug] &amp#27;[35m[ADB]&amp#27;[39m Running 'C:\Users\namrotadutta\AppData\Local\Android\Sdk\platform-tools\adb.exe -P 5037 -s emulator-5554 shell getprop ro.build.version.release'
[debug] &amp#27;[35m[ADB]&amp#27;[39m Current device property 'ro.build.version.release': 8.1.0
&amp#27;[35m[AndroidDriver]&amp#27;[39m Using device: emulator-5554
&amp#27;[35m[ADB]&amp#27;[39m Using 'adb.exe' from 'C:\Users\namrotadutta\AppData\Local\Android\Sdk\platform-tools\adb.exe'
[debug] &amp#27;[35m[ADB]&amp#27;[39m Running 'C:\Users\namrotadutta\AppData\Local\Android\Sdk\platform-tools\adb.exe -P 5037 start-server'
[debug] &amp#27;[35m[ADB]&amp#27;[39m Setting device id to emulator-5554
[debug] &amp#27;[35m[ADB]&amp#27;[39m Running 'C:\Users\namrotadutta\AppData\Local\Android\Sdk\platform-tools\adb.exe -P 5037 -s emulator-5554 shell getprop ro.build.version.sdk'
[debug] &amp#27;[35m[ADB]&amp#27;[39m Current device property 'ro.build.version.sdk': 27
[debug] &amp#27;[35m[ADB]&amp#27;[39m Device API level: 27
[debug] &amp#27;[35m[ADB]&amp#27;[39m Running 'C:\Users\namrotadutta\AppData\Local\Android\Sdk\platform-tools\adb.exe -P 5037 -s emulator-5554 wait-for-device'
[debug] &amp#27;[35m[ADB]&amp#27;[39m Running 'C:\Users\namrotadutta\AppData\Local\Android\Sdk\platform-tools\adb.exe -P 5037 -s emulator-5554 shell echo ping'
[debug] &amp#27;[35m[AndroidDriver]&amp#27;[39m Pushing settings apk to device...
[debug] &amp#27;[35m[ADB]&amp#27;[39m Getting install status for io.appium.settings
[debug] &amp#27;[35m[ADB]&amp#27;[39m Running 'C:\Users\namrotadutta\AppData\Local\Android\Sdk\platform-tools\adb.exe -P 5037 -s emulator-5554 shell dumpsys package io.appium.settings'
[debug] &amp#27;[35m[Instrumentation]&amp#27;[39m .
[debug] &amp#27;[35m[Instrumentation]&amp#27;[39m Time: 9.078
[debug] &amp#27;[35m[Instrumentation]&amp#27;[39m 
[debug] &amp#27;[35m[Instrumentation]&amp#27;[39m OK (1 test)
[debug] &amp#27;[35m[ADB]&amp#27;[39m 'io.appium.settings' is installed
[debug] &amp#27;[35m[ADB]&amp#27;[39m Getting package info for 'io.appium.settings'
[debug] &amp#27;[35m[ADB]&amp#27;[39m Running 'C:\Users\namrotadutta\AppData\Local\Android\Sdk\platform-tools\adb.exe -P 5037 -s emulator-5554 shell dumpsys package io.appium.settings'
[debug] &amp#27;[35m[ADB]&amp#27;[39m The version name of the installed 'io.appium.settings' is greater or equal to the application version name ('3.4.0' >= '3.4.0')
[debug] &amp#27;[35m[ADB]&amp#27;[39m There is no need to install/upgrade 'C:\Users\namrotadutta\AppData\Roaming\npm\node_modules\appium\node_modules\io.appium.settings\apks\settings_apk-debug.apk'
[debug] &amp#27;[35m[ADB]&amp#27;[39m Getting IDs of all 'io.appium.settings' processes
[debug] &amp#27;[35m[ADB]&amp#27;[39m Running 'C:\Users\namrotadutta\AppData\Local\Android\Sdk\platform-tools\adb.exe -P 5037 -s emulator-5554 shell 'pgrep --help; echo $?''
[debug] &amp#27;[35m[ADB]&amp#27;[39m Running 'C:\Users\namrotadutta\AppData\Local\Android\Sdk\platform-tools\adb.exe -P 5037 -s emulator-5554 shell pgrep -f \(\[\[:blank:\]\]\|\^\)io\.appium\.settings\(\[\[:blank:\]\]\|\$\)'
[debug] &amp#27;[35m[AndroidDriver]&amp#27;[39m io.appium.settings is already running. There is no need to reset its permissions.
[debug] &amp#27;[35m[Logcat]&amp#27;[39m Starting logs capture with command: C:\\Users\\namrotadutta\\AppData\\Local\\Android\\Sdk\\platform-tools\\adb.exe -P 5037 -s emulator-5554 logcat -v threadtime
[debug] &amp#27;[35m[Instrumentation]&amp#27;[39m The process has exited with code 0
[debug] &amp#27;[35m[UiAutomator2]&amp#27;[39m Forwarding UiAutomator2 Server port 6790 to local port 8200
[debug] &amp#27;[35m[ADB]&amp#27;[39m Forwarding system: 8200 to device: 6790
[debug] &amp#27;[35m[ADB]&amp#27;[39m Running 'C:\Users\namrotadutta\AppData\Local\Android\Sdk\platform-tools\adb.exe -P 5037 -s emulator-5554 forward tcp:8200 tcp:6790'
[debug] &amp#27;[35m[ADB]&amp#27;[39m Getting install status for io.appium.uiautomator2.server
[debug] &amp#27;[35m[ADB]&amp#27;[39m Running 'C:\Users\namrotadutta\AppData\Local\Android\Sdk\platform-tools\adb.exe -P 5037 -s emulator-5554 shell dumpsys package io.appium.uiautomator2.server'
[debug] &amp#27;[35m[ADB]&amp#27;[39m 'io.appium.uiautomator2.server' is installed
[debug] &amp#27;[35m[ADB]&amp#27;[39m Getting package info for 'io.appium.uiautomator2.server'
[debug] &amp#27;[35m[ADB]&amp#27;[39m Running 'C:\Users\namrotadutta\AppData\Local\Android\Sdk\platform-tools\adb.exe -P 5037 -s emulator-5554 shell dumpsys package io.appium.uiautomator2.server'
[debug] &amp#27;[35m[ADB]&amp#27;[39m The version name of the installed 'io.appium.uiautomator2.server' is greater or equal to the application version name ('4.27.0' >= '4.27.0')
[debug] &amp#27;[35m[UiAutomator2]&amp#27;[39m io.appium.uiautomator2.server installation state: sameVersionInstalled
[debug] &amp#27;[35m[ADB]&amp#27;[39m Checking app cert for C:\Users\namrotadutta\AppData\Roaming\npm\node_modules\appium\node_modules\appium-uiautomator2-server\apks\appium-uiautomator2-server-v4.27.0.apk
[debug] &amp#27;[35m[ADB]&amp#27;[39m Using the previously cached signature entry for 'appium-uiautomator2-server-v4.27.0.apk'
[debug] &amp#27;[35m[ADB]&amp#27;[39m sha256 hash did match for 'appium-uiautomator2-server-v4.27.0.apk'
[debug] &amp#27;[35m[ADB]&amp#27;[39m Getting install status for io.appium.uiautomator2.server.test
[debug] &amp#27;[35m[ADB]&amp#27;[39m Running 'C:\Users\namrotadutta\AppData\Local\Android\Sdk\platform-tools\adb.exe -P 5037 -s emulator-5554 shell dumpsys package io.appium.uiautomator2.server.test'
[debug] &amp#27;[35m[ADB]&amp#27;[39m 'io.appium.uiautomator2.server.test' is installed
[debug] &amp#27;[35m[ADB]&amp#27;[39m Checking app cert for C:\Users\namrotadutta\AppData\Roaming\npm\node_modules\appium\node_modules\appium-uiautomator2-server\apks\appium-uiautomator2-server-debug-androidTest.apk
[debug] &amp#27;[35m[ADB]&amp#27;[39m Using the previously cached signature entry for 'appium-uiautomator2-server-debug-androidTest.apk'
[debug] &amp#27;[35m[ADB]&amp#27;[39m sha256 hash did match for 'appium-uiautomator2-server-debug-androidTest.apk'
&amp#27;[35m[UiAutomator2]&amp#27;[39m Server packages are not going to be (re)installed
[debug] &amp#27;[35m[UiAutomator2]&amp#27;[39m Waiting up to 30000ms for services to be available
[debug] &amp#27;[35m[ADB]&amp#27;[39m Running 'C:\Users\namrotadutta\AppData\Local\Android\Sdk\platform-tools\adb.exe -P 5037 -s emulator-5554 shell pm list instrumentation'
[debug] &amp#27;[35m[UiAutomator2]&amp#27;[39m Instrumentation target 'io.appium.uiautomator2.server.test/androidx.test.runner.AndroidJUnitRunner' is available
&amp#27;[35m[ADB]&amp#27;[39m Adding packages ["io.appium.settings","io.appium.uiautomator2.server","io.appium.uiautomator2.server.test"] to Doze whitelist
[debug] &amp#27;[35m[ADB]&amp#27;[39m Got the following command chunks to execute: [["dumpsys","deviceidle","whitelist","+io.appium.settings",";","dumpsys","deviceidle","whitelist","+io.appium.uiautomator2.server",";","dumpsys","deviceidle","whitelist","+io.appium.uiautomator2.server.test",";"]]
[debug] &amp#27;[35m[ADB]&amp#27;[39m Running 'C:\Users\namrotadutta\AppData\Local\Android\Sdk\platform-tools\adb.exe -P 5037 -s emulator-5554 shell dumpsys deviceidle whitelist +io.appium.settings ; dumpsys deviceidle whitelist +io.appium.uiautomator2.server ; dumpsys deviceidle whitelist +io.appium.uiautomator2.server.test ;'
[debug] &amp#27;[35m[ADB]&amp#27;[39m Checking app cert for C:\Users\namrotadutta\eclipse-workspace-new\AppiumCucumberProject\ApiDemos-debug.apk
[debug] &amp#27;[35m[ADB]&amp#27;[39m Using the previously cached signature entry for 'ApiDemos-debug.apk'
[debug] &amp#27;[35m[ADB]&amp#27;[39m Getting install status for io.appium.android.apis
[debug] &amp#27;[35m[ADB]&amp#27;[39m Running 'C:\Users\namrotadutta\AppData\Local\Android\Sdk\platform-tools\adb.exe -P 5037 -s emulator-5554 shell dumpsys package io.appium.android.apis'
[debug] &amp#27;[35m[ADB]&amp#27;[39m 'io.appium.android.apis' is installed
[debug] &amp#27;[35m[ADB]&amp#27;[39m Getting package info for 'io.appium.android.apis'
[debug] &amp#27;[35m[ADB]&amp#27;[39m Running 'C:\Users\namrotadutta\AppData\Local\Android\Sdk\platform-tools\adb.exe -P 5037 -s emulator-5554 shell dumpsys package io.appium.android.apis'
&amp#27;[35m[ADB]&amp#27;[39m Cannot read version codes of 'C:\Users\namrotadutta\eclipse-workspace-new\AppiumCucumberProject\ApiDemos-debug.apk' and/or 'io.appium.android.apis'
&amp#27;[35m[ADB]&amp#27;[39m Cannot read version names of 'C:\Users\namrotadutta\eclipse-workspace-new\AppiumCucumberProject\ApiDemos-debug.apk' and/or 'io.appium.android.apis'
[debug] &amp#27;[35m[ADB]&amp#27;[39m The current install state of 'C:\Users\namrotadutta\eclipse-workspace-new\AppiumCucumberProject\ApiDemos-debug.apk' is unknown. Installing anyway
[debug] &amp#27;[35m[ADB]&amp#27;[39m Running 'C:\Users\namrotadutta\AppData\Local\Android\Sdk\platform-tools\adb.exe -P 5037 -s emulator-5554 features'
&amp#27;[35m[ADB]&amp#27;[39m The application at 'C:\Users\namrotadutta\eclipse-workspace-new\AppiumCucumberProject\ApiDemos-debug.apk' will not be cached, because the device under test has confirmed the support of streamed installs
[debug] &amp#27;[35m[ADB]&amp#27;[39m Running 'C:\Users\namrotadutta\AppData\Local\Android\Sdk\platform-tools\adb.exe -P 5037 -s emulator-5554 install -r C:\Users\namrotadutta\eclipse-workspace-new\AppiumCucumberProject\ApiDemos-debug.apk'
&amp#27;[35m[ADB]&amp#27;[39m The installation of 'ApiDemos-debug.apk' took 629ms
[debug] &amp#27;[35m[ADB]&amp#27;[39m Install command stdout: Performing Streamed Install
[debug] &amp#27;[35m[ADB]&amp#27;[39m Success
&amp#27;[35m[AndroidDriver]&amp#27;[39m Performing fast reset on 'io.appium.android.apis'
[debug] &amp#27;[35m[ADB]&amp#27;[39m Getting install status for io.appium.android.apis
[debug] &amp#27;[35m[ADB]&amp#27;[39m Running 'C:\Users\namrotadutta\AppData\Local\Android\Sdk\platform-tools\adb.exe -P 5037 -s emulator-5554 shell dumpsys package io.appium.android.apis'
[debug] &amp#27;[35m[ADB]&amp#27;[39m 'io.appium.android.apis' is installed
[debug] &amp#27;[35m[ADB]&amp#27;[39m Running 'C:\Users\namrotadutta\AppData\Local\Android\Sdk\platform-tools\adb.exe -P 5037 -s emulator-5554 shell am force-stop io.appium.android.apis'
[debug] &amp#27;[35m[ADB]&amp#27;[39m Running 'C:\Users\namrotadutta\AppData\Local\Android\Sdk\platform-tools\adb.exe -P 5037 -s emulator-5554 shell pm clear io.appium.android.apis'
[debug] &amp#27;[35m[AndroidDriver]&amp#27;[39m Performed fast reset on the installed 'io.appium.android.apis' application (stop and clear)
[debug] &amp#27;[35m[UiAutomator2]&amp#27;[39m Performing shallow cleanup of automation leftovers
[debug] &amp#27;[35m[UiAutomator2]&amp#27;[39m No obsolete sessions have been detected (socket hang up)
[debug] &amp#27;[35m[ADB]&amp#27;[39m Running 'C:\Users\namrotadutta\AppData\Local\Android\Sdk\platform-tools\adb.exe -P 5037 -s emulator-5554 shell am force-stop io.appium.uiautomator2.server.test'
&amp#27;[35m[UiAutomator2]&amp#27;[39m Starting UIAutomator2 server 4.27.0
&amp#27;[35m[UiAutomator2]&amp#27;[39m Using UIAutomator2 server from 'C:\Users\namrotadutta\AppData\Roaming\npm\node_modules\appium\node_modules\appium-uiautomator2-server\apks\appium-uiautomator2-server-v4.27.0.apk' and test from 'C:\Users\namrotadutta\AppData\Roaming\npm\node_modules\appium\node_modules\appium-uiautomator2-server\apks\appium-uiautomator2-server-debug-androidTest.apk'
&amp#27;[35m[UiAutomator2]&amp#27;[39m Waiting up to 30000ms for UiAutomator2 to be online...
[debug] &amp#27;[35m[ADB]&amp#27;[39m Creating ADB subprocess with args: ["-P",5037,"-s","emulator-5554","shell","am","instrument","-w","-e","disableAnalytics",true,"io.appium.uiautomator2.server.test/androidx.test.runner.AndroidJUnitRunner"]
[debug] &amp#27;[35m[WD Proxy]&amp#27;[39m Matched '/status' to command name 'getStatus'
[debug] &amp#27;[35m[WD Proxy]&amp#27;[39m Proxying [GET /status] to [GET http://127.0.0.1:8200/wd/hub/status] with no body
&amp#27;[35m[WD Proxy]&amp#27;[39m socket hang up
[debug] &amp#27;[35m[Instrumentation]&amp#27;[39m io.appium.uiautomator2.server.test.AppiumUiAutomator2Server:
[debug] &amp#27;[35m[WD Proxy]&amp#27;[39m Matched '/status' to command name 'getStatus'
[debug] &amp#27;[35m[WD Proxy]&amp#27;[39m Proxying [GET /status] to [GET http://127.0.0.1:8200/wd/hub/status] with no body
&amp#27;[35m[WD Proxy]&amp#27;[39m socket hang up
[debug] &amp#27;[35m[WD Proxy]&amp#27;[39m Matched '/status' to command name 'getStatus'
[debug] &amp#27;[35m[WD Proxy]&amp#27;[39m Proxying [GET /status] to [GET http://127.0.0.1:8200/wd/hub/status] with no body
[debug] &amp#27;[35m[WD Proxy]&amp#27;[39m Got response with status 200: {"sessionId":"None","value":{"message":"UiAutomator2 Server is ready to accept commands","ready":true}}
[debug] &amp#27;[35m[UiAutomator2]&amp#27;[39m The initialization of the instrumentation process took 2175ms
[debug] &amp#27;[35m[WD Proxy]&amp#27;[39m Matched '/session' to command name 'createSession'
[debug] &amp#27;[35m[WD Proxy]&amp#27;[39m Proxying [POST /session] to [POST http://127.0.0.1:8200/wd/hub/session] with body: {"capabilities":{"firstMatch":[{"platform":"LINUX","webStorageEnabled":false,"takesScreenshot":true,"javascriptEnabled":true,"databaseEnabled":false,"networkConnectionEnabled":true,"locationContextEnabled":false,"warnings":{},"desired":{"platformName":"android","isHeadless":true,"app":"../AppiumCucumberProject/ApiDemos-debug.apk","appActivity":"io.appium.android.apis.ApiDemos","appPackage":"io.appium.android.apis","avdArgs":"-no-window","deviceName":"android","platformVersion":"8.1"},"platformName":"android","isHeadless":true,"app":"../AppiumCucumberProject/ApiDemos-debug.apk","appActivity":"io.appium.android.apis.ApiDemos","appPackage":"io.appium.android.apis","avdArgs":"-no-window","deviceName":"emulator-5554","platformVersion":"8.1","deviceUDID":"emulator-5554"}],"alwaysMatch":{}}}
[debug] &amp#27;[35m[WD Proxy]&amp#27;[39m Got response with status 200: {"sessionId":"33a80dc9-2d90-44c7-8287-d02b6e0c1f5d","value":{"capabilities":{"firstMatch":[{"platform":"LINUX","webStorageEnabled":false,"takesScreenshot":true,"javascriptEnabled":true,"databaseEnabled":false,"networkConnectionEnabled":true,"locationContextEnabled":false,"warnings":{},"desired":{"platformName":"android","isHeadless":true,"app":"../AppiumCucumberProject/ApiDemos-debug.apk","appActivity":"io.appium.android.apis.ApiDemos","appPackage":"io.appium.android.apis","avdArgs":"-no-window","deviceName":"android","platformVersion":"8.1"},"platformName":"android","isHeadless":true,"app":"../AppiumCucumberProject/ApiDemos-debug.apk","appActivity":"io.appium.android.apis.ApiDemos","appPackage":"io.appium.android.apis","avdArgs":"-no-window","deviceName":"emulator-5554","platformVersion":"8.1","deviceUDID":"emulator-5554"}],"alwaysMatch":{}},"sessionId":"33a80dc9-2d90-44c7-8287-d02b6e0c1f5d"}}
&amp#27;[35m[WD Proxy]&amp#27;[39m Determined the downstream protocol as 'W3C'
[debug] &amp#27;[35m[WD Proxy]&amp#27;[39m Proxying [GET /appium/device/info] to [GET http://127.0.0.1:8200/wd/hub/session/33a80dc9-2d90-44c7-8287-d02b6e0c1f5d/appium/device/info] with no body
[debug] &amp#27;[35m[WD Proxy]&amp#27;[39m Got response with status 200: {"sessionId":"33a80dc9-2d90-44c7-8287-d02b6e0c1f5d","value":{"androidId":"7807f091a0b83f49","apiVersion":"27","bluetooth":null,"brand":"google","carrierName":"Android","displayDensity":420,"locale":"en_US","manufacturer":"Google","model":"Android SDK built for x86","networks":[{"capabilities":{"SSID":null,"linkDownBandwidthKbps":102400,"linkUpstreamBandwidthKbps":51200,"networkCapabilities":"NET_CAPABILITY_MMS,NET_CAPABILITY_SUPL,NET_CAPABILITY_DUN,NET_CAPABILITY_FOTA,NET_CAPABILITY_IMS,NET_CAPABILITY_CBS,NET_CAPABILITY_IA,NET_CAPABILITY_INTERNET,NET_CAPABILITY_NOT_RESTRICTED,NET_CAPABILITY_TRUSTED,NET_CAPABILITY_NOT_VPN,NET_CAPABILITY_VALIDATED","signalStrength":-2147483648,"transportTypes":"TRANSPORT_CELLULAR"},"detailedState":"CONNECTED","extraInfo":"epc.tmobile.com","isAvailable":true,"isConnected":true,"isFailover":false,"isRoaming":false,"state":"CONNECTED","subtype":13,"subtypeName":"LTE","type":0,"typeName":"MOBILE"},{"capabilities":{"SSID":null,"linkDownBandwidthKbps":1048576,"linkUpstreamBandwidt...
[debug] &amp#27;[35m[ADB]&amp#27;[39m Running 'C:\Users\namrotadutta\AppData\Local\Android\Sdk\platform-tools\adb.exe -P 5037 -s emulator-5554 shell dumpsys window'
&amp#27;[35m[AndroidDriver]&amp#27;[39m Screen already unlocked, doing nothing
&amp#27;[35m[UiAutomator2]&amp#27;[39m Starting 'io.appium.android.apis/io.appium.android.apis.ApiDemos and waiting for 'io.appium.android.apis/io.appium.android.apis.ApiDemos'
[debug] &amp#27;[35m[ADB]&amp#27;[39m Running 'C:\Users\namrotadutta\AppData\Local\Android\Sdk\platform-tools\adb.exe -P 5037 -s emulator-5554 shell am start -W -n io.appium.android.apis/io.appium.android.apis.ApiDemos -S -a android.intent.action.MAIN -c android.intent.category.LAUNCHER -f 0x10200000'
[debug] &amp#27;[35m[WD Proxy]&amp#27;[39m Proxying [GET /appium/device/pixel_ratio] to [GET http://127.0.0.1:8200/wd/hub/session/33a80dc9-2d90-44c7-8287-d02b6e0c1f5d/appium/device/pixel_ratio] with no body
[debug] &amp#27;[35m[WD Proxy]&amp#27;[39m Got response with status 200: {"sessionId":"33a80dc9-2d90-44c7-8287-d02b6e0c1f5d","value":2.625}
[debug] &amp#27;[35m[WD Proxy]&amp#27;[39m Matched '/appium/device/system_bars' to command name 'getSystemBars'
[debug] &amp#27;[35m[WD Proxy]&amp#27;[39m Proxying [GET /appium/device/system_bars] to [GET http://127.0.0.1:8200/wd/hub/session/33a80dc9-2d90-44c7-8287-d02b6e0c1f5d/appium/device/system_bars] with no body
[debug] &amp#27;[35m[WD Proxy]&amp#27;[39m Got response with status 200: {"sessionId":"33a80dc9-2d90-44c7-8287-d02b6e0c1f5d","value":{"statusBar":63}}
[debug] &amp#27;[35m[WD Proxy]&amp#27;[39m Matched '/window/current/size' to command name 'getWindowSize'
[debug] &amp#27;[35m[WD Proxy]&amp#27;[39m Proxying [GET /window/current/size] to [GET http://127.0.0.1:8200/wd/hub/session/33a80dc9-2d90-44c7-8287-d02b6e0c1f5d/window/current/size] with no body
[debug] &amp#27;[35m[WD Proxy]&amp#27;[39m Got response with status 200: {"sessionId":"33a80dc9-2d90-44c7-8287-d02b6e0c1f5d","value":{"height":1794,"width":1080}}
&amp#27;[35m[Appium]&amp#27;[39m New AndroidUiautomator2Driver session created successfully, session 513a8026-baf5-4746-a28a-c3fb54812a44 added to master session list
[debug] &amp#27;[35m[BaseDriver]&amp#27;[39m Event 'newSessionStarted' logged at 1647922726284 (09:48:46 GMT+0530 (India Standard Time))
[debug] &amp#27;[35m[W3C (513a8026)]&amp#27;[39m Cached the protocol value 'W3C' for the new session 513a8026-baf5-4746-a28a-c3fb54812a44
[debug] &amp#27;[35m[W3C (513a8026)]&amp#27;[39m Responding to client with driver.createSession() result: {"capabilities":{"platform":"LINUX","webStorageEnabled":false,"takesScreenshot":true,"javascriptEnabled":true,"databaseEnabled":false,"networkConnectionEnabled":true,"locationContextEnabled":false,"warnings":{},"desired":{"platformName":"android","isHeadless":true,"app":"../AppiumCucumberProject/ApiDemos-debug.apk","appActivity":"io.appium.android.apis.ApiDemos","appPackage":"io.appium.android.apis","avdArgs":"-no-window","deviceName":"android","platformVersion":"8.1"},"platformName":"android","isHeadless":true,"app":"../AppiumCucumberProject/ApiDemos-debug.apk","appActivity":"io.appium.android.apis.ApiDemos","appPackage":"io.appium.android.apis","avdArgs":"-no-window","deviceName":"emulator-5554","platformVersion":"8.1.0","deviceUDID":"emulator-5554","deviceApiLevel":27,"deviceScreenSize":"1080x1920","deviceScreenDensity":420,"deviceModel":"Android SDK built for x86","deviceManufacturer":"Google","pixelRatio":2.625,"statBarHeight":63,"viewportRect":{"left":0,"top":63,"width":1080,"height":1731}}}
&amp#27;[35m[HTTP]&amp#27;[39m &amp#27;[37m<-- POST /wd/hub/session &amp#27;[39m&amp#27;[32m200&amp#27;[39m &amp#27;[90m6279 ms - 1073&amp#27;[39m
&amp#27;[35m[HTTP]&amp#27;[39m &amp#27;[90m&amp#27;[39m
&amp#27;[35m[HTTP]&amp#27;[39m &amp#27;[37m-->&amp#27;[39m &amp#27;[37mGET&amp#27;[39m &amp#27;[37m/wd/hub/session/513a8026-baf5-4746-a28a-c3fb54812a44&amp#27;[39m
&amp#27;[35m[HTTP]&amp#27;[39m &amp#27;[90m{}&amp#27;[39m
[debug] &amp#27;[35m[W3C (513a8026)]&amp#27;[39m Calling AppiumDriver.getSession() with args: ["513a8026-baf5-4746-a28a-c3fb54812a44"]
[debug] &amp#27;[35m[UiAutomator2]&amp#27;[39m Getting session details from server to mix in
[debug] &amp#27;[35m[WD Proxy]&amp#27;[39m Matched '/' to command name 'getSession'
[debug] &amp#27;[35m[WD Proxy]&amp#27;[39m Proxying [GET /] to [GET http://127.0.0.1:8200/wd/hub/session/33a80dc9-2d90-44c7-8287-d02b6e0c1f5d] with no body
[debug] &amp#27;[35m[WD Proxy]&amp#27;[39m Got response with status 200: {"sessionId":"33a80dc9-2d90-44c7-8287-d02b6e0c1f5d","value":{"lastScrollData":null}}
[debug] &amp#27;[35m[W3C (513a8026)]&amp#27;[39m Responding to client with driver.getSession() result: {"platform":"LINUX","webStorageEnabled":false,"takesScreenshot":true,"javascriptEnabled":true,"databaseEnabled":false,"networkConnectionEnabled":true,"locationContextEnabled":false,"warnings":{},"desired":{"platformName":"android","isHeadless":true,"app":"../AppiumCucumberProject/ApiDemos-debug.apk","appActivity":"io.appium.android.apis.ApiDemos","appPackage":"io.appium.android.apis","avdArgs":"-no-window","deviceName":"android","platformVersion":"8.1"},"platformName":"android","isHeadless":true,"app":"../AppiumCucumberProject/ApiDemos-debug.apk","appActivity":"io.appium.android.apis.ApiDemos","appPackage":"io.appium.android.apis","avdArgs":"-no-window","deviceName":"emulator-5554","platformVersion":"8.1.0","deviceUDID":"emulator-5554","deviceApiLevel":27,"deviceScreenSize":"1080x1920","deviceScreenDensity":420,"deviceModel":"Android SDK built for x86","deviceManufacturer":"Google","pixelRatio":2.625,"statBarHeight":63,"viewportRect":{"left":0,"top":63,"width":1080,"height":1731},"lastScrollData":null}
&amp#27;[35m[HTTP]&amp#27;[39m &amp#27;[37m<-- GET /wd/hub/session/513a8026-baf5-4746-a28a-c3fb54812a44 &amp#27;[39m&amp#27;[32m200&amp#27;[39m &amp#27;[90m16 ms - 1027&amp#27;[39m
&amp#27;[35m[HTTP]&amp#27;[39m &amp#27;[90m&amp#27;[39m
&amp#27;[35m[HTTP]&amp#27;[39m &amp#27;[37m-->&amp#27;[39m &amp#27;[37mGET&amp#27;[39m &amp#27;[37m/wd/hub/session/513a8026-baf5-4746-a28a-c3fb54812a44&amp#27;[39m
&amp#27;[35m[HTTP]&amp#27;[39m &amp#27;[90m{}&amp#27;[39m
[debug] &amp#27;[35m[W3C (513a8026)]&amp#27;[39m Calling AppiumDriver.getSession() with args: ["513a8026-baf5-4746-a28a-c3fb54812a44"]
[debug] &amp#27;[35m[UiAutomator2]&amp#27;[39m Getting session details from server to mix in
[debug] &amp#27;[35m[WD Proxy]&amp#27;[39m Matched '/' to command name 'getSession'
[debug] &amp#27;[35m[WD Proxy]&amp#27;[39m Proxying [GET /] to [GET http://127.0.0.1:8200/wd/hub/session/33a80dc9-2d90-44c7-8287-d02b6e0c1f5d] with no body
[debug] &amp#27;[35m[WD Proxy]&amp#27;[39m Got response with status 200: {"sessionId":"33a80dc9-2d90-44c7-8287-d02b6e0c1f5d","value":{"lastScrollData":null}}
[debug] &amp#27;[35m[W3C (513a8026)]&amp#27;[39m Responding to client with driver.getSession() result: {"platform":"LINUX","webStorageEnabled":false,"takesScreenshot":true,"javascriptEnabled":true,"databaseEnabled":false,"networkConnectionEnabled":true,"locationContextEnabled":false,"warnings":{},"desired":{"platformName":"android","isHeadless":true,"app":"../AppiumCucumberProject/ApiDemos-debug.apk","appActivity":"io.appium.android.apis.ApiDemos","appPackage":"io.appium.android.apis","avdArgs":"-no-window","deviceName":"android","platformVersion":"8.1"},"platformName":"android","isHeadless":true,"app":"../AppiumCucumberProject/ApiDemos-debug.apk","appActivity":"io.appium.android.apis.ApiDemos","appPackage":"io.appium.android.apis","avdArgs":"-no-window","deviceName":"emulator-5554","platformVersion":"8.1.0","deviceUDID":"emulator-5554","deviceApiLevel":27,"deviceScreenSize":"1080x1920","deviceScreenDensity":420,"deviceModel":"Android SDK built for x86","deviceManufacturer":"Google","pixelRatio":2.625,"statBarHeight":63,"viewportRect":{"left":0,"top":63,"width":1080,"height":1731},"lastScrollData":null}
&amp#27;[35m[HTTP]&amp#27;[39m &amp#27;[37m<-- GET /wd/hub/session/513a8026-baf5-4746-a28a-c3fb54812a44 &amp#27;[39m&amp#27;[32m200&amp#27;[39m &amp#27;[90m14 ms - 1027&amp#27;[39m
&amp#27;[35m[HTTP]&amp#27;[39m &amp#27;[90m&amp#27;[39m
&amp#27;[35m[HTTP]&amp#27;[39m &amp#27;[37m-->&amp#27;[39m &amp#27;[37mPOST&amp#27;[39m &amp#27;[37m/wd/hub/session/513a8026-baf5-4746-a28a-c3fb54812a44/timeouts&amp#27;[39m
&amp#27;[35m[HTTP]&amp#27;[39m &amp#27;[90m{"implicit":20000}&amp#27;[39m
[debug] &amp#27;[35m[W3C (513a8026)]&amp#27;[39m Calling AppiumDriver.timeouts() with args: [null,null,null,null,20000,"513a8026-baf5-4746-a28a-c3fb54812a44"]
[debug] &amp#27;[35m[BaseDriver]&amp#27;[39m W3C timeout argument: {"implicit":20000}}
[debug] &amp#27;[35m[BaseDriver]&amp#27;[39m Set implicit wait to 20000ms
[debug] &amp#27;[35m[W3C (513a8026)]&amp#27;[39m Responding to client with driver.timeouts() result: null
&amp#27;[35m[HTTP]&amp#27;[39m &amp#27;[37m<-- POST /wd/hub/session/513a8026-baf5-4746-a28a-c3fb54812a44/timeouts &amp#27;[39m&amp#27;[32m200&amp#27;[39m &amp#27;[90m3 ms - 14&amp#27;[39m
&amp#27;[35m[HTTP]&amp#27;[39m &amp#27;[90m&amp#27;[39m
&amp#27;[35m[HTTP]&amp#27;[39m &amp#27;[37m-->&amp#27;[39m &amp#27;[37mGET&amp#27;[39m &amp#27;[37m/wd/hub/session/513a8026-baf5-4746-a28a-c3fb54812a44&amp#27;[39m
&amp#27;[35m[HTTP]&amp#27;[39m &amp#27;[90m{}&amp#27;[39m
[debug] &amp#27;[35m[W3C (513a8026)]&amp#27;[39m Calling AppiumDriver.getSession() with args: ["513a8026-baf5-4746-a28a-c3fb54812a44"]
[debug] &amp#27;[35m[UiAutomator2]&amp#27;[39m Getting session details from server to mix in
[debug] &amp#27;[35m[WD Proxy]&amp#27;[39m Matched '/' to command name 'getSession'
[debug] &amp#27;[35m[WD Proxy]&amp#27;[39m Proxying [GET /] to [GET http://127.0.0.1:8200/wd/hub/session/33a80dc9-2d90-44c7-8287-d02b6e0c1f5d] with no body
[debug] &amp#27;[35m[WD Proxy]&amp#27;[39m Got response with status 200: {"sessionId":"33a80dc9-2d90-44c7-8287-d02b6e0c1f5d","value":{"lastScrollData":null}}
[debug] &amp#27;[35m[W3C (513a8026)]&amp#27;[39m Responding to client with driver.getSession() result: {"platform":"LINUX","webStorageEnabled":false,"takesScreenshot":true,"javascriptEnabled":true,"databaseEnabled":false,"networkConnectionEnabled":true,"locationContextEnabled":false,"warnings":{},"desired":{"platformName":"android","isHeadless":true,"app":"../AppiumCucumberProject/ApiDemos-debug.apk","appActivity":"io.appium.android.apis.ApiDemos","appPackage":"io.appium.android.apis","avdArgs":"-no-window","deviceName":"android","platformVersion":"8.1"},"platformName":"android","isHeadless":true,"app":"../AppiumCucumberProject/ApiDemos-debug.apk","appActivity":"io.appium.android.apis.ApiDemos","appPackage":"io.appium.android.apis","avdArgs":"-no-window","deviceName":"emulator-5554","platformVersion":"8.1.0","deviceUDID":"emulator-5554","deviceApiLevel":27,"deviceScreenSize":"1080x1920","deviceScreenDensity":420,"deviceModel":"Android SDK built for x86","deviceManufacturer":"Google","pixelRatio":2.625,"statBarHeight":63,"viewportRect":{"left":0,"top":63,"width":1080,"height":1731},"lastScrollData":null}
&amp#27;[35m[HTTP]&amp#27;[39m &amp#27;[37m<-- GET /wd/hub/session/513a8026-baf5-4746-a28a-c3fb54812a44 &amp#27;[39m&amp#27;[32m200&amp#27;[39m &amp#27;[90m11 ms - 1027&amp#27;[39m
&amp#27;[35m[HTTP]&amp#27;[39m &amp#27;[90m&amp#27;[39m
&amp#27;[35m[HTTP]&amp#27;[39m &amp#27;[37m-->&amp#27;[39m &amp#27;[37mGET&amp#27;[39m &amp#27;[37m/wd/hub/session/513a8026-baf5-4746-a28a-c3fb54812a44&amp#27;[39m
&amp#27;[35m[HTTP]&amp#27;[39m &amp#27;[90m{}&amp#27;[39m
[debug] &amp#27;[35m[W3C (513a8026)]&amp#27;[39m Calling AppiumDriver.getSession() with args: ["513a8026-baf5-4746-a28a-c3fb54812a44"]
[debug] &amp#27;[35m[UiAutomator2]&amp#27;[39m Getting session details from server to mix in
[debug] &amp#27;[35m[WD Proxy]&amp#27;[39m Matched '/' to command name 'getSession'
[debug] &amp#27;[35m[WD Proxy]&amp#27;[39m Proxying [GET /] to [GET http://127.0.0.1:8200/wd/hub/session/33a80dc9-2d90-44c7-8287-d02b6e0c1f5d] with no body
[debug] &amp#27;[35m[WD Proxy]&amp#27;[39m Got response with status 200: {"sessionId":"33a80dc9-2d90-44c7-8287-d02b6e0c1f5d","value":{"lastScrollData":null}}
[debug] &amp#27;[35m[W3C (513a8026)]&amp#27;[39m Responding to client with driver.getSession() result: {"platform":"LINUX","webStorageEnabled":false,"takesScreenshot":true,"javascriptEnabled":true,"databaseEnabled":false,"networkConnectionEnabled":true,"locationContextEnabled":false,"warnings":{},"desired":{"platformName":"android","isHeadless":true,"app":"../AppiumCucumberProject/ApiDemos-debug.apk","appActivity":"io.appium.android.apis.ApiDemos","appPackage":"io.appium.android.apis","avdArgs":"-no-window","deviceName":"android","platformVersion":"8.1"},"platformName":"android","isHeadless":true,"app":"../AppiumCucumberProject/ApiDemos-debug.apk","appActivity":"io.appium.android.apis.ApiDemos","appPackage":"io.appium.android.apis","avdArgs":"-no-window","deviceName":"emulator-5554","platformVersion":"8.1.0","deviceUDID":"emulator-5554","deviceApiLevel":27,"deviceScreenSize":"1080x1920","deviceScreenDensity":420,"deviceModel":"Android SDK built for x86","deviceManufacturer":"Google","pixelRatio":2.625,"statBarHeight":63,"viewportRect":{"left":0,"top":63,"width":1080,"height":1731},"lastScrollData":null}
&amp#27;[35m[HTTP]&amp#27;[39m &amp#27;[37m<-- GET /wd/hub/session/513a8026-baf5-4746-a28a-c3fb54812a44 &amp#27;[39m&amp#27;[32m200&amp#27;[39m &amp#27;[90m11 ms - 1027&amp#27;[39m
&amp#27;[35m[HTTP]&amp#27;[39m &amp#27;[90m&amp#27;[39m
&amp#27;[35m[HTTP]&amp#27;[39m &amp#27;[37m-->&amp#27;[39m &amp#27;[37mGET&amp#27;[39m &amp#27;[37m/wd/hub/session/513a8026-baf5-4746-a28a-c3fb54812a44&amp#27;[39m
&amp#27;[35m[HTTP]&amp#27;[39m &amp#27;[90m{}&amp#27;[39m
[debug] &amp#27;[35m[W3C (513a8026)]&amp#27;[39m Calling AppiumDriver.getSession() with args: ["513a8026-baf5-4746-a28a-c3fb54812a44"]
[debug] &amp#27;[35m[UiAutomator2]&amp#27;[39m Getting session details from server to mix in
[debug] &amp#27;[35m[WD Proxy]&amp#27;[39m Matched '/' to command name 'getSession'
[debug] &amp#27;[35m[WD Proxy]&amp#27;[39m Proxying [GET /] to [GET http://127.0.0.1:8200/wd/hub/session/33a80dc9-2d90-44c7-8287-d02b6e0c1f5d] with no body
[debug] &amp#27;[35m[WD Proxy]&amp#27;[39m Got response with status 200: {"sessionId":"33a80dc9-2d90-44c7-8287-d02b6e0c1f5d","value":{"lastScrollData":null}}
[debug] &amp#27;[35m[W3C (513a8026)]&amp#27;[39m Responding to client with driver.getSession() result: {"platform":"LINUX","webStorageEnabled":false,"takesScreenshot":true,"javascriptEnabled":true,"databaseEnabled":false,"networkConnectionEnabled":true,"locationContextEnabled":false,"warnings":{},"desired":{"platformName":"android","isHeadless":true,"app":"../AppiumCucumberProject/ApiDemos-debug.apk","appActivity":"io.appium.android.apis.ApiDemos","appPackage":"io.appium.android.apis","avdArgs":"-no-window","deviceName":"android","platformVersion":"8.1"},"platformName":"android","isHeadless":true,"app":"../AppiumCucumberProject/ApiDemos-debug.apk","appActivity":"io.appium.android.apis.ApiDemos","appPackage":"io.appium.android.apis","avdArgs":"-no-window","deviceName":"emulator-5554","platformVersion":"8.1.0","deviceUDID":"emulator-5554","deviceApiLevel":27,"deviceScreenSize":"1080x1920","deviceScreenDensity":420,"deviceModel":"Android SDK built for x86","deviceManufacturer":"Google","pixelRatio":2.625,"statBarHeight":63,"viewportRect":{"left":0,"top":63,"width":1080,"height":1731},"lastScrollData":null}
&amp#27;[35m[HTTP]&amp#27;[39m &amp#27;[37m<-- GET /wd/hub/session/513a8026-baf5-4746-a28a-c3fb54812a44 &amp#27;[39m&amp#27;[32m200&amp#27;[39m &amp#27;[90m14 ms - 1027&amp#27;[39m
&amp#27;[35m[HTTP]&amp#27;[39m &amp#27;[90m&amp#27;[39m
&amp#27;[35m[HTTP]&amp#27;[39m &amp#27;[37m-->&amp#27;[39m &amp#27;[37mPOST&amp#27;[39m &amp#27;[37m/wd/hub/session/513a8026-baf5-4746-a28a-c3fb54812a44/element&amp#27;[39m
&amp#27;[35m[HTTP]&amp#27;[39m &amp#27;[90m{"using":"xpath","value":"/hierarchy/android.widget.FrameLayout/android.view.ViewGroup/android.widget.FrameLayout[1]/android.view.ViewGroup/android.widget.TextView"}&amp#27;[39m
[debug] &amp#27;[35m[W3C (513a8026)]&amp#27;[39m Calling AppiumDriver.findElement() with args: ["xpath","/hierarchy/android.widget.FrameLayout/android.view.ViewGroup/android.widget.FrameLayout[1]/android.view.ViewGroup/android.widget.TextView","513a8026-baf5-4746-a28a-c3fb54812a44"]
[debug] &amp#27;[35m[BaseDriver]&amp#27;[39m Valid locator strategies for this request: xpath, id, class name, accessibility id, css selector, -android uiautomator
[debug] &amp#27;[35m[BaseDriver]&amp#27;[39m Waiting up to 20000 ms for condition
[debug] &amp#27;[35m[WD Proxy]&amp#27;[39m Matched '/element' to command name 'findElement'
[debug] &amp#27;[35m[WD Proxy]&amp#27;[39m Proxying [POST /element] to [POST http://127.0.0.1:8200/wd/hub/session/33a80dc9-2d90-44c7-8287-d02b6e0c1f5d/element] with body: {"strategy":"xpath","selector":"/hierarchy/android.widget.FrameLayout/android.view.ViewGroup/android.widget.FrameLayout[1]/android.view.ViewGroup/android.widget.TextView","context":"","multiple":false}
[debug] &amp#27;[35m[WD Proxy]&amp#27;[39m Got response with status 200: {"sessionId":"33a80dc9-2d90-44c7-8287-d02b6e0c1f5d","value":{"ELEMENT":"00000000-0000-0069-ffff-ffff00000010","element-6066-11e4-a52e-4f735466cecf":"00000000-0000-0069-ffff-ffff00000010"}}
[debug] &amp#27;[35m[W3C (513a8026)]&amp#27;[39m Responding to client with driver.findElement() result: {"element-6066-11e4-a52e-4f735466cecf":"00000000-0000-0069-ffff-ffff00000010","ELEMENT":"00000000-0000-0069-ffff-ffff00000010"}
&amp#27;[35m[HTTP]&amp#27;[39m &amp#27;[37m<-- POST /wd/hub/session/513a8026-baf5-4746-a28a-c3fb54812a44/element &amp#27;[39m&amp#27;[32m200&amp#27;[39m &amp#27;[90m1237 ms - 137&amp#27;[39m
&amp#27;[35m[HTTP]&amp#27;[39m &amp#27;[90m&amp#27;[39m
&amp#27;[35m[HTTP]&amp#27;[39m &amp#27;[37m-->&amp#27;[39m &amp#27;[37mGET&amp#27;[39m &amp#27;[37m/wd/hub/session/513a8026-baf5-4746-a28a-c3fb54812a44/element/00000000-0000-0069-ffff-ffff00000010/text&amp#27;[39m
&amp#27;[35m[HTTP]&amp#27;[39m &amp#27;[90m{}&amp#27;[39m
&amp#27;[35m[W3C (513a8026)]&amp#27;[39m Driver proxy active, passing request on via HTTP proxy
[debug] &amp#27;[35m[WD Proxy]&amp#27;[39m Matched '/wd/hub/session/513a8026-baf5-4746-a28a-c3fb54812a44/element/00000000-0000-0069-ffff-ffff00000010/text' to command name 'getText'
[debug] &amp#27;[35m[WD Proxy]&amp#27;[39m Proxying [GET /wd/hub/session/513a8026-baf5-4746-a28a-c3fb54812a44/element/00000000-0000-0069-ffff-ffff00000010/text] to [GET http://127.0.0.1:8200/wd/hub/session/33a80dc9-2d90-44c7-8287-d02b6e0c1f5d/element/00000000-0000-0069-ffff-ffff00000010/text] with no body
[debug] &amp#27;[35m[WD Proxy]&amp#27;[39m Got response with status 200: {"sessionId":"33a80dc9-2d90-44c7-8287-d02b6e0c1f5d","value":"API Demos"}
&amp#27;[35m[WD Proxy]&amp#27;[39m Replacing sessionId 33a80dc9-2d90-44c7-8287-d02b6e0c1f5d with 513a8026-baf5-4746-a28a-c3fb54812a44
&amp#27;[35m[HTTP]&amp#27;[39m &amp#27;[37m<-- GET /wd/hub/session/513a8026-baf5-4746-a28a-c3fb54812a44/element/00000000-0000-0069-ffff-ffff00000010/text &amp#27;[39m&amp#27;[32m200&amp#27;[39m &amp#27;[90m43 ms - 72&amp#27;[39m
&amp#27;[35m[HTTP]&amp#27;[39m &amp#27;[90m&amp#27;[39m
&amp#27;[35m[HTTP]&amp#27;[39m &amp#27;[37m-->&amp#27;[39m &amp#27;[37mGET&amp#27;[39m &amp#27;[37m/wd/hub/session/513a8026-baf5-4746-a28a-c3fb54812a44&amp#27;[39m
&amp#27;[35m[HTTP]&amp#27;[39m &amp#27;[90m{}&amp#27;[39m
[debug] &amp#27;[35m[W3C (513a8026)]&amp#27;[39m Calling AppiumDriver.getSession() with args: ["513a8026-baf5-4746-a28a-c3fb54812a44"]
[debug] &amp#27;[35m[UiAutomator2]&amp#27;[39m Getting session details from server to mix in
[debug] &amp#27;[35m[WD Proxy]&amp#27;[39m Matched '/' to command name 'getSession'
[debug] &amp#27;[35m[WD Proxy]&amp#27;[39m Proxying [GET /] to [GET http://127.0.0.1:8200/wd/hub/session/33a80dc9-2d90-44c7-8287-d02b6e0c1f5d] with no body
[debug] &amp#27;[35m[WD Proxy]&amp#27;[39m Got response with status 200: {"sessionId":"33a80dc9-2d90-44c7-8287-d02b6e0c1f5d","value":{"lastScrollData":null}}
[debug] &amp#27;[35m[W3C (513a8026)]&amp#27;[39m Responding to client with driver.getSession() result: {"platform":"LINUX","webStorageEnabled":false,"takesScreenshot":true,"javascriptEnabled":true,"databaseEnabled":false,"networkConnectionEnabled":true,"locationContextEnabled":false,"warnings":{},"desired":{"platformName":"android","isHeadless":true,"app":"../AppiumCucumberProject/ApiDemos-debug.apk","appActivity":"io.appium.android.apis.ApiDemos","appPackage":"io.appium.android.apis","avdArgs":"-no-window","deviceName":"android","platformVersion":"8.1"},"platformName":"android","isHeadless":true,"app":"../AppiumCucumberProject/ApiDemos-debug.apk","appActivity":"io.appium.android.apis.ApiDemos","appPackage":"io.appium.android.apis","avdArgs":"-no-window","deviceName":"emulator-5554","platformVersion":"8.1.0","deviceUDID":"emulator-5554","deviceApiLevel":27,"deviceScreenSize":"1080x1920","deviceScreenDensity":420,"deviceModel":"Android SDK built for x86","deviceManufacturer":"Google","pixelRatio":2.625,"statBarHeight":63,"viewportRect":{"left":0,"top":63,"width":1080,"height":1731},"lastScrollData":null}
&amp#27;[35m[HTTP]&amp#27;[39m &amp#27;[37m<-- GET /wd/hub/session/513a8026-baf5-4746-a28a-c3fb54812a44 &amp#27;[39m&amp#27;[32m200&amp#27;[39m &amp#27;[90m18 ms - 1027&amp#27;[39m
&amp#27;[35m[HTTP]&amp#27;[39m &amp#27;[90m&amp#27;[39m
&amp#27;[35m[HTTP]&amp#27;[39m &amp#27;[37m-->&amp#27;[39m &amp#27;[37mPOST&amp#27;[39m &amp#27;[37m/wd/hub/session/513a8026-baf5-4746-a28a-c3fb54812a44/element&amp#27;[39m
&amp#27;[35m[HTTP]&amp#27;[39m &amp#27;[90m{"using":"xpath","value":"//android.widget.TextView[@content-desc=\"Animation\"]"}&amp#27;[39m
[debug] &amp#27;[35m[W3C (513a8026)]&amp#27;[39m Calling AppiumDriver.findElement() with args: ["xpath","//android.widget.TextView[@content-desc=\"Animation\"]","513a8026-baf5-4746-a28a-c3fb54812a44"]
[debug] &amp#27;[35m[BaseDriver]&amp#27;[39m Valid locator strategies for this request: xpath, id, class name, accessibility id, css selector, -android uiautomator
[debug] &amp#27;[35m[BaseDriver]&amp#27;[39m Waiting up to 20000 ms for condition
[debug] &amp#27;[35m[WD Proxy]&amp#27;[39m Matched '/element' to command name 'findElement'
[debug] &amp#27;[35m[WD Proxy]&amp#27;[39m Proxying [POST /element] to [POST http://127.0.0.1:8200/wd/hub/session/33a80dc9-2d90-44c7-8287-d02b6e0c1f5d/element] with body: {"strategy":"xpath","selector":"//android.widget.TextView[@content-desc=\"Animation\"]","context":"","multiple":false}
[debug] &amp#27;[35m[WD Proxy]&amp#27;[39m Got response with status 200: {"sessionId":"33a80dc9-2d90-44c7-8287-d02b6e0c1f5d","value":{"ELEMENT":"00000000-0000-0069-ffff-ffff00000006","element-6066-11e4-a52e-4f735466cecf":"00000000-0000-0069-ffff-ffff00000006"}}
[debug] &amp#27;[35m[W3C (513a8026)]&amp#27;[39m Responding to client with driver.findElement() result: {"element-6066-11e4-a52e-4f735466cecf":"00000000-0000-0069-ffff-ffff00000006","ELEMENT":"00000000-0000-0069-ffff-ffff00000006"}
&amp#27;[35m[HTTP]&amp#27;[39m &amp#27;[37m<-- POST /wd/hub/session/513a8026-baf5-4746-a28a-c3fb54812a44/element &amp#27;[39m&amp#27;[32m200&amp#27;[39m &amp#27;[90m104 ms - 137&amp#27;[39m
&amp#27;[35m[HTTP]&amp#27;[39m &amp#27;[90m&amp#27;[39m
&amp#27;[35m[HTTP]&amp#27;[39m &amp#27;[37m-->&amp#27;[39m &amp#27;[37mPOST&amp#27;[39m &amp#27;[37m/wd/hub/session/513a8026-baf5-4746-a28a-c3fb54812a44/element/00000000-0000-0069-ffff-ffff00000006/click&amp#27;[39m
&amp#27;[35m[HTTP]&amp#27;[39m &amp#27;[90m{"id":"00000000-0000-0069-ffff-ffff00000006"}&amp#27;[39m
[debug] &amp#27;[35m[W3C (513a8026)]&amp#27;[39m Calling AppiumDriver.click() with args: ["00000000-0000-0069-ffff-ffff00000006","513a8026-baf5-4746-a28a-c3fb54812a44"]
[debug] &amp#27;[35m[WD Proxy]&amp#27;[39m Matched '/element/00000000-0000-0069-ffff-ffff00000006/click' to command name 'click'
[debug] &amp#27;[35m[WD Proxy]&amp#27;[39m Proxying [POST /element/00000000-0000-0069-ffff-ffff00000006/click] to [POST http://127.0.0.1:8200/wd/hub/session/33a80dc9-2d90-44c7-8287-d02b6e0c1f5d/element/00000000-0000-0069-ffff-ffff00000006/click] with body: {"element":"00000000-0000-0069-ffff-ffff00000006"}
[debug] &amp#27;[35m[WD Proxy]&amp#27;[39m Got response with status 200: {"sessionId":"33a80dc9-2d90-44c7-8287-d02b6e0c1f5d","value":null}
[debug] &amp#27;[35m[W3C (513a8026)]&amp#27;[39m Responding to client with driver.click() result: null
&amp#27;[35m[HTTP]&amp#27;[39m &amp#27;[37m<-- POST /wd/hub/session/513a8026-baf5-4746-a28a-c3fb54812a44/element/00000000-0000-0069-ffff-ffff00000006/click &amp#27;[39m&amp#27;[32m200&amp#27;[39m &amp#27;[90m1212 ms - 14&amp#27;[39m
&amp#27;[35m[HTTP]&amp#27;[39m &amp#27;[90m&amp#27;[39m
[INFO ] 2022-03-22 09:48:49.079 [main] HideShowButton - user is in homepage and click in the Animation
&amp#27;[35m[HTTP]&amp#27;[39m &amp#27;[37m-->&amp#27;[39m &amp#27;[37mGET&amp#27;[39m &amp#27;[37m/wd/hub/session/513a8026-baf5-4746-a28a-c3fb54812a44/screenshot&amp#27;[39m
&amp#27;[35m[HTTP]&amp#27;[39m &amp#27;[90m{}&amp#27;[39m
[debug] &amp#27;[35m[W3C (513a8026)]&amp#27;[39m Calling AppiumDriver.getScreenshot() with args: ["513a8026-baf5-4746-a28a-c3fb54812a44"]
[debug] &amp#27;[35m[WD Proxy]&amp#27;[39m Matched '/screenshot' to command name 'getScreenshot'
[debug] &amp#27;[35m[WD Proxy]&amp#27;[39m Proxying [GET /screenshot] to [GET http://127.0.0.1:8200/wd/hub/session/33a80dc9-2d90-44c7-8287-d02b6e0c1f5d/screenshot] with no body
[debug] &amp#27;[35m[WD Proxy]&amp#27;[39m Got response with status 200: {"sessionId":"33a80dc9-2d90-44c7-8287-d02b6e0c1f5d","value":"iVBORw0KGgoAAAANSUhEUgAABDgAAAeACAYAAAArYecKAAAABHNCSVQICAgIfAhkiAAAIABJREFU\neJzs3Xd0VNXaBvDnTEmbVEgDUiQBAklAQSmJSJcEKYaWIFggFAtKEcV2ISDoRVFQ6UZE4XLVUASl\nC0gzYAPxklClhRAgIZ20ad8fWTMfYc4kk8nMJBOe31os15yy954U5Dyz97sFAFoQEREREREREdkx\nSX0PgIiIiIiIiIiorhhwEBEREREREZHdY8BBRERERERERHaPAQcRERERERER2T0GHERERERERERk\n9xhwEBEREREREZHdY8BBRERERERERHaPAQcRERERERER2T1ZfQ+AbEcQBCgUCkRERCA2NhYDBgxA\nYGCg6LVarRZpaWnYsmULDhw4gIsXL6KiogJardbGoyYiIiIiIiKqmQCAT6yNmCAIAICwsDB88MEH\nePjhhwEAEolpk3d0gYZKpcKOHTvwzjvvIC8vj0EHERERERERNSj3dcAhCAJkMhlkMvGJLFqtFiqV\nCiqVysYjswxBEBAaGoodO3bAxcXF5FCjOmq1Gjk5OXj44Yeh0WgsMErbEwQBEokEDg4OZt2v1WpR\nUVFhl+9f997vpVar62E0RERERERElnPfLlHRLdfo1KkTvL29Ra9Rq9W4du0aTp48aXchh4eHB9as\nWYMuXbpYJNjQkUql8PHxQbdu3ZCammqxdm1FEAQ4OjqiTZs2aNWqlVltKJVKXLx4EdnZ2cjNzW3Q\nPxuCIOiDPKlUCplMBoVCAZlMBkEQoNVqoVarUVhYCI1GA7VaDZVKZZfhDREREVlOREQE3N3dUVhY\niLS0tPoeDjUyOTk5Jl1n7DmNyJj7NuCQyWTo1KkTvv3222qvu3btGkaMGIGrV6/aaGR1IwgCunfv\nji+//BIKhcJqfUydOhVHjx7V...
[debug] &amp#27;[35m[W3C (513a8026)]&amp#27;[39m Responding to client with driver.getScreenshot() result: "iVBORw0KGgoAAAANSUhEUgAABDgAAAeACAYAAAArYecKAAAABHNCSVQICAgIfAhkiAAAIABJREFU\neJzs3Xd0VNXaBvDnTEmbVEgDUiQBAklAQSmJSJcEKYaWIFggFAtKEcV2ISDoRVFQ6UZE4XLVUASl\nC0gzYAPxklClhRAgIZ20ad8fWTMfYc4kk8nMJBOe31os15yy954U5Dyz97sFAFoQEREREREREdkx\nSX0PgIiIiIiIiIiorhhwEBEREREREZHdY8BBRERERERERHaPAQcRERERERER2T0GHERERERERERk\n9xhwEBEREREREZHdY8BBRERERERERHaPAQcRERERERER2T1ZfQ+AbEcQBCgUCkRERCA2NhYDBgxA\nYGCg6LVarRZpaWnYsmULDhw4gIsXL6KiogJardbGoyYiIiIiIiKqmQCAT6yNmCAIAICwsDB88MEH\nePjhhwEAEolpk3d0gYZKpcKOHTvwzjvvIC8vj0EHERERERERNSj3dcAhCAJkMhlkMvGJLFqtFiqV\nCiqVysYjswxBEBAaGoodO3bAxcXF5FCjOmq1Gjk5OXj44Yeh0WgsMErbEwQBEokEDg4OZt2v1WpR\nUVFhl+9f997vpVar62E0RERERERElnPfLlHRLdfo1KkTvL29Ra9Rq9W4du0aTp48aXchh4eHB9as\nWYMuXbpYJNjQkUql8PHxQbdu3ZCammqxdm1FEAQ4OjqiTZs2aNWqlVltKJVKXLx4EdnZ2cjNzW3Q\nPxuCIOiDPKlUCplMBoVCAZlMBkEQoNVqoVarUVhYCI1GA7VaDZVKZZfhDREREVlOREQE3N3dUVhY\niLS0tPoeDjUyOTk5Jl1n7DmNyJj7NuCQyWTo1KkTvv3222qvu3btGkaMGIGrV6/aaGR1IwgCunfv\nji+//BIKhcJqfUydOhVHjx7VL1XRPSw3ZLpwo0uXLliwYAEeeOABs9sqLy/H4cOHsXDhQvzvf/+z\n3CAtRB...
&amp#27;[35m[HTTP]&amp#27;[39m &amp#27;[37m<-- GET /wd/hub/session/513a8026-baf5-4746-a28a-c3fb54812a44/screenshot &amp#27;[39m&amp#27;[32m200&amp#27;[39m &amp#27;[90m247 ms - 135528&amp#27;[39m
&amp#27;[35m[HTTP]&amp#27;[39m &amp#27;[90m&amp#27;[39m
&amp#27;[35m[HTTP]&amp#27;[39m &amp#27;[37m-->&amp#27;[39m &amp#27;[37mGET&amp#27;[39m &amp#27;[37m/wd/hub/session/513a8026-baf5-4746-a28a-c3fb54812a44&amp#27;[39m
&amp#27;[35m[HTTP]&amp#27;[39m &amp#27;[90m{}&amp#27;[39m
[debug] &amp#27;[35m[W3C (513a8026)]&amp#27;[39m Calling AppiumDriver.getSession() with args: ["513a8026-baf5-4746-a28a-c3fb54812a44"]
[debug] &amp#27;[35m[UiAutomator2]&amp#27;[39m Getting session details from server to mix in
[debug] &amp#27;[35m[WD Proxy]&amp#27;[39m Matched '/' to command name 'getSession'
[debug] &amp#27;[35m[WD Proxy]&amp#27;[39m Proxying [GET /] to [GET http://127.0.0.1:8200/wd/hub/session/33a80dc9-2d90-44c7-8287-d02b6e0c1f5d] with no body
[debug] &amp#27;[35m[WD Proxy]&amp#27;[39m Got response with status 200: {"sessionId":"33a80dc9-2d90-44c7-8287-d02b6e0c1f5d","value":{"lastScrollData":null}}
[debug] &amp#27;[35m[W3C (513a8026)]&amp#27;[39m Responding to client with driver.getSession() result: {"platform":"LINUX","webStorageEnabled":false,"takesScreenshot":true,"javascriptEnabled":true,"databaseEnabled":false,"networkConnectionEnabled":true,"locationContextEnabled":false,"warnings":{},"desired":{"platformName":"android","isHeadless":true,"app":"../AppiumCucumberProject/ApiDemos-debug.apk","appActivity":"io.appium.android.apis.ApiDemos","appPackage":"io.appium.android.apis","avdArgs":"-no-window","deviceName":"android","platformVersion":"8.1"},"platformName":"android","isHeadless":true,"app":"../AppiumCucumberProject/ApiDemos-debug.apk","appActivity":"io.appium.android.apis.ApiDemos","appPackage":"io.appium.android.apis","avdArgs":"-no-window","deviceName":"emulator-5554","platformVersion":"8.1.0","deviceUDID":"emulator-5554","deviceApiLevel":27,"deviceScreenSize":"1080x1920","deviceScreenDensity":420,"deviceModel":"Android SDK built for x86","deviceManufacturer":"Google","pixelRatio":2.625,"statBarHeight":63,"viewportRect":{"left":0,"top":63,"width":1080,"height":1731},"lastScrollData":null}
&amp#27;[35m[HTTP]&amp#27;[39m &amp#27;[37m<-- GET /wd/hub/session/513a8026-baf5-4746-a28a-c3fb54812a44 &amp#27;[39m&amp#27;[32m200&amp#27;[39m &amp#27;[90m10 ms - 1027&amp#27;[39m
&amp#27;[35m[HTTP]&amp#27;[39m &amp#27;[90m&amp#27;[39m
&amp#27;[35m[HTTP]&amp#27;[39m &amp#27;[37m-->&amp#27;[39m &amp#27;[37mPOST&amp#27;[39m &amp#27;[37m/wd/hub/session/513a8026-baf5-4746-a28a-c3fb54812a44/element&amp#27;[39m
&amp#27;[35m[HTTP]&amp#27;[39m &amp#27;[90m{"using":"xpath","value":"//android.widget.TextView[@content-desc=\"Hide-Show Animations\"]"}&amp#27;[39m
[debug] &amp#27;[35m[W3C (513a8026)]&amp#27;[39m Calling AppiumDriver.findElement() with args: ["xpath","//android.widget.TextView[@content-desc=\"Hide-Show Animations\"]","513a8026-baf5-4746-a28a-c3fb54812a44"]
[debug] &amp#27;[35m[BaseDriver]&amp#27;[39m Valid locator strategies for this request: xpath, id, class name, accessibility id, css selector, -android uiautomator
[debug] &amp#27;[35m[BaseDriver]&amp#27;[39m Waiting up to 20000 ms for condition
[debug] &amp#27;[35m[WD Proxy]&amp#27;[39m Matched '/element' to command name 'findElement'
[debug] &amp#27;[35m[WD Proxy]&amp#27;[39m Proxying [POST /element] to [POST http://127.0.0.1:8200/wd/hub/session/33a80dc9-2d90-44c7-8287-d02b6e0c1f5d/element] with body: {"strategy":"xpath","selector":"//android.widget.TextView[@content-desc=\"Hide-Show Animations\"]","context":"","multiple":false}
[debug] &amp#27;[35m[WD Proxy]&amp#27;[39m Got response with status 200: {"sessionId":"33a80dc9-2d90-44c7-8287-d02b6e0c1f5d","value":{"ELEMENT":"00000000-0000-006a-ffff-ffff0000001e","element-6066-11e4-a52e-4f735466cecf":"00000000-0000-006a-ffff-ffff0000001e"}}
[debug] &amp#27;[35m[W3C (513a8026)]&amp#27;[39m Responding to client with driver.findElement() result: {"element-6066-11e4-a52e-4f735466cecf":"00000000-0000-006a-ffff-ffff0000001e","ELEMENT":"00000000-0000-006a-ffff-ffff0000001e"}
&amp#27;[35m[HTTP]&amp#27;[39m &amp#27;[37m<-- POST /wd/hub/session/513a8026-baf5-4746-a28a-c3fb54812a44/element &amp#27;[39m&amp#27;[32m200&amp#27;[39m &amp#27;[90m63 ms - 137&amp#27;[39m
&amp#27;[35m[HTTP]&amp#27;[39m &amp#27;[90m&amp#27;[39m
&amp#27;[35m[HTTP]&amp#27;[39m &amp#27;[37m-->&amp#27;[39m &amp#27;[37mPOST&amp#27;[39m &amp#27;[37m/wd/hub/session/513a8026-baf5-4746-a28a-c3fb54812a44/element/00000000-0000-006a-ffff-ffff0000001e/click&amp#27;[39m
&amp#27;[35m[HTTP]&amp#27;[39m &amp#27;[90m{"id":"00000000-0000-006a-ffff-ffff0000001e"}&amp#27;[39m
[debug] &amp#27;[35m[W3C (513a8026)]&amp#27;[39m Calling AppiumDriver.click() with args: ["00000000-0000-006a-ffff-ffff0000001e","513a8026-baf5-4746-a28a-c3fb54812a44"]
[debug] &amp#27;[35m[WD Proxy]&amp#27;[39m Matched '/element/00000000-0000-006a-ffff-ffff0000001e/click' to command name 'click'
[debug] &amp#27;[35m[WD Proxy]&amp#27;[39m Proxying [POST /element/00000000-0000-006a-ffff-ffff0000001e/click] to [POST http://127.0.0.1:8200/wd/hub/session/33a80dc9-2d90-44c7-8287-d02b6e0c1f5d/element/00000000-0000-006a-ffff-ffff0000001e/click] with body: {"element":"00000000-0000-006a-ffff-ffff0000001e"}
[debug] &amp#27;[35m[WD Proxy]&amp#27;[39m Got response with status 200: {"sessionId":"33a80dc9-2d90-44c7-8287-d02b6e0c1f5d","value":null}
[debug] &amp#27;[35m[W3C (513a8026)]&amp#27;[39m Responding to client with driver.click() result: null
&amp#27;[35m[HTTP]&amp#27;[39m &amp#27;[37m<-- POST /wd/hub/session/513a8026-baf5-4746-a28a-c3fb54812a44/element/00000000-0000-006a-ffff-ffff0000001e/click &amp#27;[39m&amp#27;[32m200&amp#27;[39m &amp#27;[90m1108 ms - 14&amp#27;[39m
&amp#27;[35m[HTTP]&amp#27;[39m &amp#27;[90m&amp#27;[39m
[INFO ] 2022-03-22 09:48:50.575 [main] HideShowButton - user click in the hide-show button
&amp#27;[35m[HTTP]&amp#27;[39m &amp#27;[37m-->&amp#27;[39m &amp#27;[37mGET&amp#27;[39m &amp#27;[37m/wd/hub/session/513a8026-baf5-4746-a28a-c3fb54812a44&amp#27;[39m
&amp#27;[35m[HTTP]&amp#27;[39m &amp#27;[90m{}&amp#27;[39m
[debug] &amp#27;[35m[W3C (513a8026)]&amp#27;[39m Calling AppiumDriver.getSession() with args: ["513a8026-baf5-4746-a28a-c3fb54812a44"]
[debug] &amp#27;[35m[UiAutomator2]&amp#27;[39m Getting session details from server to mix in
[debug] &amp#27;[35m[WD Proxy]&amp#27;[39m Matched '/' to command name 'getSession'
[debug] &amp#27;[35m[WD Proxy]&amp#27;[39m Proxying [GET /] to [GET http://127.0.0.1:8200/wd/hub/session/33a80dc9-2d90-44c7-8287-d02b6e0c1f5d] with no body
[debug] &amp#27;[35m[WD Proxy]&amp#27;[39m Got response with status 200: {"sessionId":"33a80dc9-2d90-44c7-8287-d02b6e0c1f5d","value":{"lastScrollData":null}}
[debug] &amp#27;[35m[W3C (513a8026)]&amp#27;[39m Responding to client with driver.getSession() result: {"platform":"LINUX","webStorageEnabled":false,"takesScreenshot":true,"javascriptEnabled":true,"databaseEnabled":false,"networkConnectionEnabled":true,"locationContextEnabled":false,"warnings":{},"desired":{"platformName":"android","isHeadless":true,"app":"../AppiumCucumberProject/ApiDemos-debug.apk","appActivity":"io.appium.android.apis.ApiDemos","appPackage":"io.appium.android.apis","avdArgs":"-no-window","deviceName":"android","platformVersion":"8.1"},"platformName":"android","isHeadless":true,"app":"../AppiumCucumberProject/ApiDemos-debug.apk","appActivity":"io.appium.android.apis.ApiDemos","appPackage":"io.appium.android.apis","avdArgs":"-no-window","deviceName":"emulator-5554","platformVersion":"8.1.0","deviceUDID":"emulator-5554","deviceApiLevel":27,"deviceScreenSize":"1080x1920","deviceScreenDensity":420,"deviceModel":"Android SDK built for x86","deviceManufacturer":"Google","pixelRatio":2.625,"statBarHeight":63,"viewportRect":{"left":0,"top":63,"width":1080,"height":1731},"lastScrollData":null}
&amp#27;[35m[HTTP]&amp#27;[39m &amp#27;[37m<-- GET /wd/hub/session/513a8026-baf5-4746-a28a-c3fb54812a44 &amp#27;[39m&amp#27;[32m200&amp#27;[39m &amp#27;[90m19 ms - 1027&amp#27;[39m
&amp#27;[35m[HTTP]&amp#27;[39m &amp#27;[90m&amp#27;[39m
&amp#27;[35m[HTTP]&amp#27;[39m &amp#27;[37m-->&amp#27;[39m &amp#27;[37mPOST&amp#27;[39m &amp#27;[37m/wd/hub/session/513a8026-baf5-4746-a28a-c3fb54812a44/element&amp#27;[39m
&amp#27;[35m[HTTP]&amp#27;[39m &amp#27;[90m{"using":"xpath","value":"/hierarchy/android.widget.FrameLayout/android.view.ViewGroup/android.widget.FrameLayout[1]/android.view.ViewGroup/android.widget.TextView"}&amp#27;[39m
[debug] &amp#27;[35m[W3C (513a8026)]&amp#27;[39m Calling AppiumDriver.findElement() with args: ["xpath","/hierarchy/android.widget.FrameLayout/android.view.ViewGroup/android.widget.FrameLayout[1]/android.view.ViewGroup/android.widget.TextView","513a8026-baf5-4746-a28a-c3fb54812a44"]
[debug] &amp#27;[35m[BaseDriver]&amp#27;[39m Valid locator strategies for this request: xpath, id, class name, accessibility id, css selector, -android uiautomator
[debug] &amp#27;[35m[BaseDriver]&amp#27;[39m Waiting up to 20000 ms for condition
[debug] &amp#27;[35m[WD Proxy]&amp#27;[39m Matched '/element' to command name 'findElement'
[debug] &amp#27;[35m[WD Proxy]&amp#27;[39m Proxying [POST /element] to [POST http://127.0.0.1:8200/wd/hub/session/33a80dc9-2d90-44c7-8287-d02b6e0c1f5d/element] with body: {"strategy":"xpath","selector":"/hierarchy/android.widget.FrameLayout/android.view.ViewGroup/android.widget.FrameLayout[1]/android.view.ViewGroup/android.widget.TextView","context":"","multiple":false}
[debug] &amp#27;[35m[WD Proxy]&amp#27;[39m Got response with status 200: {"sessionId":"33a80dc9-2d90-44c7-8287-d02b6e0c1f5d","value":{"ELEMENT":"00000000-0000-006b-ffff-ffff0000002a","element-6066-11e4-a52e-4f735466cecf":"00000000-0000-006b-ffff-ffff0000002a"}}
[debug] &amp#27;[35m[W3C (513a8026)]&amp#27;[39m Responding to client with driver.findElement() result: {"element-6066-11e4-a52e-4f735466cecf":"00000000-0000-006b-ffff-ffff0000002a","ELEMENT":"00000000-0000-006b-ffff-ffff0000002a"}
&amp#27;[35m[HTTP]&amp#27;[39m &amp#27;[37m<-- POST /wd/hub/session/513a8026-baf5-4746-a28a-c3fb54812a44/element &amp#27;[39m&amp#27;[32m200&amp#27;[39m &amp#27;[90m89 ms - 137&amp#27;[39m
&amp#27;[35m[HTTP]&amp#27;[39m &amp#27;[90m&amp#27;[39m
&amp#27;[35m[HTTP]&amp#27;[39m &amp#27;[37m-->&amp#27;[39m &amp#27;[37mGET&amp#27;[39m &amp#27;[37m/wd/hub/session/513a8026-baf5-4746-a28a-c3fb54812a44/element/00000000-0000-006b-ffff-ffff0000002a/text&amp#27;[39m
&amp#27;[35m[HTTP]&amp#27;[39m &amp#27;[90m{}&amp#27;[39m
&amp#27;[35m[W3C (513a8026)]&amp#27;[39m Driver proxy active, passing request on via HTTP proxy
[debug] &amp#27;[35m[WD Proxy]&amp#27;[39m Matched '/wd/hub/session/513a8026-baf5-4746-a28a-c3fb54812a44/element/00000000-0000-006b-ffff-ffff0000002a/text' to command name 'getText'
[debug] &amp#27;[35m[WD Proxy]&amp#27;[39m Proxying [GET /wd/hub/session/513a8026-baf5-4746-a28a-c3fb54812a44/element/00000000-0000-006b-ffff-ffff0000002a/text] to [GET http://127.0.0.1:8200/wd/hub/session/33a80dc9-2d90-44c7-8287-d02b6e0c1f5d/element/00000000-0000-006b-ffff-ffff0000002a/text] with no body
[debug] &amp#27;[35m[WD Proxy]&amp#27;[39m Got response with status 200: {"sessionId":"33a80dc9-2d90-44c7-8287-d02b6e0c1f5d","value":"Animation/Hide-Show Animations"}
&amp#27;[35m[WD Proxy]&amp#27;[39m Replacing sessionId 33a80dc9-2d90-44c7-8287-d02b6e0c1f5d with 513a8026-baf5-4746-a28a-c3fb54812a44
&amp#27;[35m[HTTP]&amp#27;[39m &amp#27;[37m<-- GET /wd/hub/session/513a8026-baf5-4746-a28a-c3fb54812a44/element/00000000-0000-006b-ffff-ffff0000002a/text &amp#27;[39m&amp#27;[32m200&amp#27;[39m &amp#27;[90m15 ms - 93&amp#27;[39m
&amp#27;[35m[HTTP]&amp#27;[39m &amp#27;[90m&amp#27;[39m
&amp#27;[35m[HTTP]&amp#27;[39m &amp#27;[37m-->&amp#27;[39m &amp#27;[37mGET&amp#27;[39m &amp#27;[37m/wd/hub/session/513a8026-baf5-4746-a28a-c3fb54812a44&amp#27;[39m
&amp#27;[35m[HTTP]&amp#27;[39m &amp#27;[90m{}&amp#27;[39m
[debug] &amp#27;[35m[W3C (513a8026)]&amp#27;[39m Calling AppiumDriver.getSession() with args: ["513a8026-baf5-4746-a28a-c3fb54812a44"]
[debug] &amp#27;[35m[UiAutomator2]&amp#27;[39m Getting session details from server to mix in
[debug] &amp#27;[35m[WD Proxy]&amp#27;[39m Matched '/' to command name 'getSession'
[debug] &amp#27;[35m[WD Proxy]&amp#27;[39m Proxying [GET /] to [GET http://127.0.0.1:8200/wd/hub/session/33a80dc9-2d90-44c7-8287-d02b6e0c1f5d] with no body
[debug] &amp#27;[35m[WD Proxy]&amp#27;[39m Got response with status 200: {"sessionId":"33a80dc9-2d90-44c7-8287-d02b6e0c1f5d","value":{"lastScrollData":null}}
[debug] &amp#27;[35m[W3C (513a8026)]&amp#27;[39m Responding to client with driver.getSession() result: {"platform":"LINUX","webStorageEnabled":false,"takesScreenshot":true,"javascriptEnabled":true,"databaseEnabled":false,"networkConnectionEnabled":true,"locationContextEnabled":false,"warnings":{},"desired":{"platformName":"android","isHeadless":true,"app":"../AppiumCucumberProject/ApiDemos-debug.apk","appActivity":"io.appium.android.apis.ApiDemos","appPackage":"io.appium.android.apis","avdArgs":"-no-window","deviceName":"android","platformVersion":"8.1"},"platformName":"android","isHeadless":true,"app":"../AppiumCucumberProject/ApiDemos-debug.apk","appActivity":"io.appium.android.apis.ApiDemos","appPackage":"io.appium.android.apis","avdArgs":"-no-window","deviceName":"emulator-5554","platformVersion":"8.1.0","deviceUDID":"emulator-5554","deviceApiLevel":27,"deviceScreenSize":"1080x1920","deviceScreenDensity":420,"deviceModel":"Android SDK built for x86","deviceManufacturer":"Google","pixelRatio":2.625,"statBarHeight":63,"viewportRect":{"left":0,"top":63,"width":1080,"height":1731},"lastScrollData":null}
&amp#27;[35m[HTTP]&amp#27;[39m &amp#27;[37m<-- GET /wd/hub/session/513a8026-baf5-4746-a28a-c3fb54812a44 &amp#27;[39m&amp#27;[32m200&amp#27;[39m &amp#27;[90m11 ms - 1027&amp#27;[39m
&amp#27;[35m[HTTP]&amp#27;[39m &amp#27;[90m&amp#27;[39m
&amp#27;[35m[HTTP]&amp#27;[39m &amp#27;[37m-->&amp#27;[39m &amp#27;[37mPOST&amp#27;[39m &amp#27;[37m/wd/hub/session/513a8026-baf5-4746-a28a-c3fb54812a44/element&amp#27;[39m
&amp#27;[35m[HTTP]&amp#27;[39m &amp#27;[90m{"using":"id","value":"io.appium.android.apis:id/hideGoneCB"}&amp#27;[39m
[debug] &amp#27;[35m[W3C (513a8026)]&amp#27;[39m Calling AppiumDriver.findElement() with args: ["id","io.appium.android.apis:id/hideGoneCB","513a8026-baf5-4746-a28a-c3fb54812a44"]
[debug] &amp#27;[35m[BaseDriver]&amp#27;[39m Valid locator strategies for this request: xpath, id, class name, accessibility id, css selector, -android uiautomator
[debug] &amp#27;[35m[BaseDriver]&amp#27;[39m Waiting up to 20000 ms for condition
[debug] &amp#27;[35m[WD Proxy]&amp#27;[39m Matched '/element' to command name 'findElement'
[debug] &amp#27;[35m[WD Proxy]&amp#27;[39m Proxying [POST /element] to [POST http://127.0.0.1:8200/wd/hub/session/33a80dc9-2d90-44c7-8287-d02b6e0c1f5d/element] with body: {"strategy":"id","selector":"io.appium.android.apis:id/hideGoneCB","context":"","multiple":false}
[debug] &amp#27;[35m[WD Proxy]&amp#27;[39m Got response with status 200: {"sessionId":"33a80dc9-2d90-44c7-8287-d02b6e0c1f5d","value":{"ELEMENT":"00000000-0000-006b-ffff-ffff00000031","element-6066-11e4-a52e-4f735466cecf":"00000000-0000-006b-ffff-ffff00000031"}}
[debug] &amp#27;[35m[W3C (513a8026)]&amp#27;[39m Responding to client with driver.findElement() result: {"element-6066-11e4-a52e-4f735466cecf":"00000000-0000-006b-ffff-ffff00000031","ELEMENT":"00000000-0000-006b-ffff-ffff00000031"}
&amp#27;[35m[HTTP]&amp#27;[39m &amp#27;[37m<-- POST /wd/hub/session/513a8026-baf5-4746-a28a-c3fb54812a44/element &amp#27;[39m&amp#27;[32m200&amp#27;[39m &amp#27;[90m36 ms - 137&amp#27;[39m
&amp#27;[35m[HTTP]&amp#27;[39m &amp#27;[90m&amp#27;[39m
&amp#27;[35m[HTTP]&amp#27;[39m &amp#27;[37m-->&amp#27;[39m &amp#27;[37mPOST&amp#27;[39m &amp#27;[37m/wd/hub/session/513a8026-baf5-4746-a28a-c3fb54812a44/element/00000000-0000-006b-ffff-ffff00000031/click&amp#27;[39m
&amp#27;[35m[HTTP]&amp#27;[39m &amp#27;[90m{"id":"00000000-0000-006b-ffff-ffff00000031"}&amp#27;[39m
[debug] &amp#27;[35m[W3C (513a8026)]&amp#27;[39m Calling AppiumDriver.click() with args: ["00000000-0000-006b-ffff-ffff00000031","513a8026-baf5-4746-a28a-c3fb54812a44"]
[debug] &amp#27;[35m[WD Proxy]&amp#27;[39m Matched '/element/00000000-0000-006b-ffff-ffff00000031/click' to command name 'click'
[debug] &amp#27;[35m[WD Proxy]&amp#27;[39m Proxying [POST /element/00000000-0000-006b-ffff-ffff00000031/click] to [POST http://127.0.0.1:8200/wd/hub/session/33a80dc9-2d90-44c7-8287-d02b6e0c1f5d/element/00000000-0000-006b-ffff-ffff00000031/click] with body: {"element":"00000000-0000-006b-ffff-ffff00000031"}
[debug] &amp#27;[35m[WD Proxy]&amp#27;[39m Got response with status 200: {"sessionId":"33a80dc9-2d90-44c7-8287-d02b6e0c1f5d","value":null}
[debug] &amp#27;[35m[W3C (513a8026)]&amp#27;[39m Responding to client with driver.click() result: null
&amp#27;[35m[HTTP]&amp#27;[39m &amp#27;[37m<-- POST /wd/hub/session/513a8026-baf5-4746-a28a-c3fb54812a44/element/00000000-0000-006b-ffff-ffff00000031/click &amp#27;[39m&amp#27;[32m200&amp#27;[39m &amp#27;[90m27 ms - 14&amp#27;[39m
&amp#27;[35m[HTTP]&amp#27;[39m &amp#27;[90m&amp#27;[39m
[INFO ] 2022-03-22 09:48:50.824 [main] HideShowButton - user click in the hide checkbox
&amp#27;[35m[HTTP]&amp#27;[39m &amp#27;[37m-->&amp#27;[39m &amp#27;[37mGET&amp#27;[39m &amp#27;[37m/wd/hub/session/513a8026-baf5-4746-a28a-c3fb54812a44/screenshot&amp#27;[39m
&amp#27;[35m[HTTP]&amp#27;[39m &amp#27;[90m{}&amp#27;[39m
[debug] &amp#27;[35m[W3C (513a8026)]&amp#27;[39m Calling AppiumDriver.getScreenshot() with args: ["513a8026-baf5-4746-a28a-c3fb54812a44"]
[debug] &amp#27;[35m[WD Proxy]&amp#27;[39m Matched '/screenshot' to command name 'getScreenshot'
[debug] &amp#27;[35m[WD Proxy]&amp#27;[39m Proxying [GET /screenshot] to [GET http://127.0.0.1:8200/wd/hub/session/33a80dc9-2d90-44c7-8287-d02b6e0c1f5d/screenshot] with no body
[debug] &amp#27;[35m[WD Proxy]&amp#27;[39m Got response with status 200: {"sessionId":"33a80dc9-2d90-44c7-8287-d02b6e0c1f5d","value":"iVBORw0KGgoAAAANSUhEUgAABDgAAAeACAYAAAArYecKAAAABHNCSVQICAgIfAhkiAAAIABJREFU\neJzs3Xd0VNX6N/DvmZI2qRBSJAUSahKqdOkgCYYqodi4EIpYQIqg6IVQ1IsgIE1RVJTf6xUBEZQu\n0o2IWFASkBJKgEAS0kmb9v6RNXMZ5kwymUzJhO9nLRYr+5yzz57Mmck+z9n72QIALYiIiIiIiIiI\nnJjE0Q0gIiIiIiIiIqopBjiIiIiIiIiIyOkxwEFERERERERETo8BDiIiIiIiIiJyegxwEBERERER\nEZHTY4CDiIiIiIiIiJweAxxERERERERE5PQY4CAiIiIiIiIipydzdAPIfgRBgEKhQHR0NOLi4jBw\n4ECEhoaK7qvVapGSkoIdO3bgyJEjSEtLQ3l5ObRarZ1bTURERERERFQ1AQDvWOswQRAAAM2bN8e7\n776LRx99FAAgkZg3eEcX0FCpVNizZw/efPNN5ObmMtBBREREREREtcpDHeAQBAEymQwymfhAFq1W\nC5VKBZVKZeeWWYcgCIiMjMSePXvg4eFhdlCjMmq1GtnZ2Xj00Ueh0Wis0Er7EwQBEokELi4uFh2v\n1WpRXl7ulK9f99ofpFarHdAaIiIiIiIi63lop6jopmu0b98e/v7+ovuo1WrcuHEDZ86ccbogh4+P\nDzZu3IhOnTpZJbChI5VK0aBBA3Tp0gXJyclWq9deBEGAq6srmjVrhiZNmlhUh1KpRFpaGrKyspCT\nk1Orrw1BEPSBPKlUCplMBoVCAZlMBkEQoNVqoVarUVBQAI1GA7VaDZVK5ZTBGyIiIrKe6OhoeHt7\no6CgACkpKY5uDtUx2dnZZu1n6j6NyJSHNsAhk8nQvn17bN68udL9bty4gYSEBFy/ft1OLasZQRDQ\nvXt3fPbZZ1AoFDY7xyuvvIKf...
[debug] &amp#27;[35m[W3C (513a8026)]&amp#27;[39m Responding to client with driver.getScreenshot() result: "iVBORw0KGgoAAAANSUhEUgAABDgAAAeACAYAAAArYecKAAAABHNCSVQICAgIfAhkiAAAIABJREFU\neJzs3Xd0VNX6N/DvmZI2qRBSJAUSahKqdOkgCYYqodi4EIpYQIqg6IVQ1IsgIE1RVJTf6xUBEZQu\n0o2IWFASkBJKgEAS0kmb9v6RNXMZ5kwymUzJhO9nLRYr+5yzz57Mmck+z9n72QIALYiIiIiIiIiI\nnJjE0Q0gIiIiIiIiIqopBjiIiIiIiIiIyOkxwEFERERERERETo8BDiIiIiIiIiJyegxwEBERERER\nEZHTY4CDiIiIiIiIiJweAxxERERERERE5PQY4CAiIiIiIiIipydzdAPIfgRBgEKhQHR0NOLi4jBw\n4ECEhoaK7qvVapGSkoIdO3bgyJEjSEtLQ3l5ObRarZ1bTURERERERFQ1AQDvWOswQRAAAM2bN8e7\n776LRx99FAAgkZg3eEcX0FCpVNizZw/efPNN5ObmMtBBREREREREtcpDHeAQBAEymQwymfhAFq1W\nC5VKBZVKZeeWWYcgCIiMjMSePXvg4eFhdlCjMmq1GtnZ2Xj00Ueh0Wis0Er7EwQBEokELi4uFh2v\n1WpRXl7ulK9f99ofpFarHdAaIiIiIiIi63lop6jopmu0b98e/v7+ovuo1WrcuHEDZ86ccbogh4+P\nDzZu3IhOnTpZJbChI5VK0aBBA3Tp0gXJyclWq9deBEGAq6srmjVrhiZNmlhUh1KpRFpaGrKyspCT\nk1Orrw1BEPSBPKlUCplMBoVCAZlMBkEQoNVqoVarUVBQAI1GA7VaDZVK5ZTBGyIiIrKe6OhoeHt7\no6CgACkpKY5uDtUx2dnZZu1n6j6NyJSHNsAhk8nQvn17bN68udL9bty4gYSEBFy/ft1OLasZQRDQ\nvXt3fPbZZ1AoFDY7xyuvvIKff/5ZP1VFd7Ncm+mCG506dcKSJUvQqFEji+sqKyvD8ePHsWzZMvz9\n99/Wa6...
&amp#27;[35m[HTTP]&amp#27;[39m &amp#27;[37m<-- GET /wd/hub/session/513a8026-baf5-4746-a28a-c3fb54812a44/screenshot &amp#27;[39m&amp#27;[32m200&amp#27;[39m &amp#27;[90m241 ms - 84790&amp#27;[39m
&amp#27;[35m[HTTP]&amp#27;[39m &amp#27;[90m&amp#27;[39m
&amp#27;[35m[HTTP]&amp#27;[39m &amp#27;[37m-->&amp#27;[39m &amp#27;[37mGET&amp#27;[39m &amp#27;[37m/wd/hub/session/513a8026-baf5-4746-a28a-c3fb54812a44&amp#27;[39m
&amp#27;[35m[HTTP]&amp#27;[39m &amp#27;[90m{}&amp#27;[39m
[debug] &amp#27;[35m[W3C (513a8026)]&amp#27;[39m Calling AppiumDriver.getSession() with args: ["513a8026-baf5-4746-a28a-c3fb54812a44"]
[debug] &amp#27;[35m[UiAutomator2]&amp#27;[39m Getting session details from server to mix in
[debug] &amp#27;[35m[WD Proxy]&amp#27;[39m Matched '/' to command name 'getSession'
[debug] &amp#27;[35m[WD Proxy]&amp#27;[39m Proxying [GET /] to [GET http://127.0.0.1:8200/wd/hub/session/33a80dc9-2d90-44c7-8287-d02b6e0c1f5d] with no body
[debug] &amp#27;[35m[WD Proxy]&amp#27;[39m Got response with status 200: {"sessionId":"33a80dc9-2d90-44c7-8287-d02b6e0c1f5d","value":{"lastScrollData":null}}
[debug] &amp#27;[35m[W3C (513a8026)]&amp#27;[39m Responding to client with driver.getSession() result: {"platform":"LINUX","webStorageEnabled":false,"takesScreenshot":true,"javascriptEnabled":true,"databaseEnabled":false,"networkConnectionEnabled":true,"locationContextEnabled":false,"warnings":{},"desired":{"platformName":"android","isHeadless":true,"app":"../AppiumCucumberProject/ApiDemos-debug.apk","appActivity":"io.appium.android.apis.ApiDemos","appPackage":"io.appium.android.apis","avdArgs":"-no-window","deviceName":"android","platformVersion":"8.1"},"platformName":"android","isHeadless":true,"app":"../AppiumCucumberProject/ApiDemos-debug.apk","appActivity":"io.appium.android.apis.ApiDemos","appPackage":"io.appium.android.apis","avdArgs":"-no-window","deviceName":"emulator-5554","platformVersion":"8.1.0","deviceUDID":"emulator-5554","deviceApiLevel":27,"deviceScreenSize":"1080x1920","deviceScreenDensity":420,"deviceModel":"Android SDK built for x86","deviceManufacturer":"Google","pixelRatio":2.625,"statBarHeight":63,"viewportRect":{"left":0,"top":63,"width":1080,"height":1731},"lastScrollData":null}
&amp#27;[35m[HTTP]&amp#27;[39m &amp#27;[37m<-- GET /wd/hub/session/513a8026-baf5-4746-a28a-c3fb54812a44 &amp#27;[39m&amp#27;[32m200&amp#27;[39m &amp#27;[90m14 ms - 1027&amp#27;[39m
&amp#27;[35m[HTTP]&amp#27;[39m &amp#27;[90m&amp#27;[39m
&amp#27;[35m[HTTP]&amp#27;[39m &amp#27;[37m-->&amp#27;[39m &amp#27;[37mPOST&amp#27;[39m &amp#27;[37m/wd/hub/session/513a8026-baf5-4746-a28a-c3fb54812a44/element&amp#27;[39m
&amp#27;[35m[HTTP]&amp#27;[39m &amp#27;[90m{"using":"xpath","value":"/hierarchy/android.widget.FrameLayout/android.view.ViewGroup/android.widget.FrameLayout[2]/android.widget.LinearLayout/android.widget.LinearLayout[3]/android.widget.Button[2]"}&amp#27;[39m
[debug] &amp#27;[35m[W3C (513a8026)]&amp#27;[39m Calling AppiumDriver.findElement() with args: ["xpath","/hierarchy/android.widget.FrameLayout/android.view.ViewGroup/android.widget.FrameLayout[2]/android.widget.LinearLayout/android.widget.LinearLayout[3]/android.widget.Button[2]","513a8026-baf5-4746-a28a-c3fb54812a44"]
[debug] &amp#27;[35m[BaseDriver]&amp#27;[39m Valid locator strategies for this request: xpath, id, class name, accessibility id, css selector, -android uiautomator
[debug] &amp#27;[35m[BaseDriver]&amp#27;[39m Waiting up to 20000 ms for condition
[debug] &amp#27;[35m[WD Proxy]&amp#27;[39m Matched '/element' to command name 'findElement'
[debug] &amp#27;[35m[WD Proxy]&amp#27;[39m Proxying [POST /element] to [POST http://127.0.0.1:8200/wd/hub/session/33a80dc9-2d90-44c7-8287-d02b6e0c1f5d/element] with body: {"strategy":"xpath","selector":"/hierarchy/android.widget.FrameLayout/android.view.ViewGroup/android.widget.FrameLayout[2]/android.widget.LinearLayout/android.widget.LinearLayout[3]/android.widget.Button[2]","context":"","multiple":false}
[debug] &amp#27;[35m[WD Proxy]&amp#27;[39m Got response with status 200: {"sessionId":"33a80dc9-2d90-44c7-8287-d02b6e0c1f5d","value":{"ELEMENT":"00000000-0000-006b-ffff-ffff00000033","element-6066-11e4-a52e-4f735466cecf":"00000000-0000-006b-ffff-ffff00000033"}}
[debug] &amp#27;[35m[W3C (513a8026)]&amp#27;[39m Responding to client with driver.findElement() result: {"element-6066-11e4-a52e-4f735466cecf":"00000000-0000-006b-ffff-ffff00000033","ELEMENT":"00000000-0000-006b-ffff-ffff00000033"}
&amp#27;[35m[HTTP]&amp#27;[39m &amp#27;[37m<-- POST /wd/hub/session/513a8026-baf5-4746-a28a-c3fb54812a44/element &amp#27;[39m&amp#27;[32m200&amp#27;[39m &amp#27;[90m282 ms - 137&amp#27;[39m
&amp#27;[35m[HTTP]&amp#27;[39m &amp#27;[90m&amp#27;[39m
&amp#27;[35m[HTTP]&amp#27;[39m &amp#27;[37m-->&amp#27;[39m &amp#27;[37mPOST&amp#27;[39m &amp#27;[37m/wd/hub/session/513a8026-baf5-4746-a28a-c3fb54812a44/element/00000000-0000-006b-ffff-ffff00000033/click&amp#27;[39m
&amp#27;[35m[HTTP]&amp#27;[39m &amp#27;[90m{"id":"00000000-0000-006b-ffff-ffff00000033"}&amp#27;[39m
[debug] &amp#27;[35m[W3C (513a8026)]&amp#27;[39m Calling AppiumDriver.click() with args: ["00000000-0000-006b-ffff-ffff00000033","513a8026-baf5-4746-a28a-c3fb54812a44"]
[debug] &amp#27;[35m[WD Proxy]&amp#27;[39m Matched '/element/00000000-0000-006b-ffff-ffff00000033/click' to command name 'click'
[debug] &amp#27;[35m[WD Proxy]&amp#27;[39m Proxying [POST /element/00000000-0000-006b-ffff-ffff00000033/click] to [POST http://127.0.0.1:8200/wd/hub/session/33a80dc9-2d90-44c7-8287-d02b6e0c1f5d/element/00000000-0000-006b-ffff-ffff00000033/click] with body: {"element":"00000000-0000-006b-ffff-ffff00000033"}
[debug] &amp#27;[35m[WD Proxy]&amp#27;[39m Got response with status 200: {"sessionId":"33a80dc9-2d90-44c7-8287-d02b6e0c1f5d","value":null}
[debug] &amp#27;[35m[W3C (513a8026)]&amp#27;[39m Responding to client with driver.click() result: null
&amp#27;[35m[HTTP]&amp#27;[39m &amp#27;[37m<-- POST /wd/hub/session/513a8026-baf5-4746-a28a-c3fb54812a44/element/00000000-0000-006b-ffff-ffff00000033/click &amp#27;[39m&amp#27;[32m200&amp#27;[39m &amp#27;[90m20 ms - 14&amp#27;[39m
&amp#27;[35m[HTTP]&amp#27;[39m &amp#27;[90m&amp#27;[39m
&amp#27;[35m[HTTP]&amp#27;[39m &amp#27;[37m-->&amp#27;[39m &amp#27;[37mGET&amp#27;[39m &amp#27;[37m/wd/hub/session/513a8026-baf5-4746-a28a-c3fb54812a44&amp#27;[39m
&amp#27;[35m[HTTP]&amp#27;[39m &amp#27;[90m{}&amp#27;[39m
[debug] &amp#27;[35m[W3C (513a8026)]&amp#27;[39m Calling AppiumDriver.getSession() with args: ["513a8026-baf5-4746-a28a-c3fb54812a44"]
[debug] &amp#27;[35m[UiAutomator2]&amp#27;[39m Getting session details from server to mix in
[debug] &amp#27;[35m[WD Proxy]&amp#27;[39m Matched '/' to command name 'getSession'
[debug] &amp#27;[35m[WD Proxy]&amp#27;[39m Proxying [GET /] to [GET http://127.0.0.1:8200/wd/hub/session/33a80dc9-2d90-44c7-8287-d02b6e0c1f5d] with no body
[debug] &amp#27;[35m[WD Proxy]&amp#27;[39m Got response with status 200: {"sessionId":"33a80dc9-2d90-44c7-8287-d02b6e0c1f5d","value":{"lastScrollData":null}}
[debug] &amp#27;[35m[W3C (513a8026)]&amp#27;[39m Responding to client with driver.getSession() result: {"platform":"LINUX","webStorageEnabled":false,"takesScreenshot":true,"javascriptEnabled":true,"databaseEnabled":false,"networkConnectionEnabled":true,"locationContextEnabled":false,"warnings":{},"desired":{"platformName":"android","isHeadless":true,"app":"../AppiumCucumberProject/ApiDemos-debug.apk","appActivity":"io.appium.android.apis.ApiDemos","appPackage":"io.appium.android.apis","avdArgs":"-no-window","deviceName":"android","platformVersion":"8.1"},"platformName":"android","isHeadless":true,"app":"../AppiumCucumberProject/ApiDemos-debug.apk","appActivity":"io.appium.android.apis.ApiDemos","appPackage":"io.appium.android.apis","avdArgs":"-no-window","deviceName":"emulator-5554","platformVersion":"8.1.0","deviceUDID":"emulator-5554","deviceApiLevel":27,"deviceScreenSize":"1080x1920","deviceScreenDensity":420,"deviceModel":"Android SDK built for x86","deviceManufacturer":"Google","pixelRatio":2.625,"statBarHeight":63,"viewportRect":{"left":0,"top":63,"width":1080,"height":1731},"lastScrollData":null}
&amp#27;[35m[HTTP]&amp#27;[39m &amp#27;[37m<-- GET /wd/hub/session/513a8026-baf5-4746-a28a-c3fb54812a44 &amp#27;[39m&amp#27;[32m200&amp#27;[39m &amp#27;[90m13 ms - 1027&amp#27;[39m
&amp#27;[35m[HTTP]&amp#27;[39m &amp#27;[90m&amp#27;[39m
&amp#27;[35m[HTTP]&amp#27;[39m &amp#27;[37m-->&amp#27;[39m &amp#27;[37mPOST&amp#27;[39m &amp#27;[37m/wd/hub/session/513a8026-baf5-4746-a28a-c3fb54812a44/element&amp#27;[39m
&amp#27;[35m[HTTP]&amp#27;[39m &amp#27;[90m{"using":"xpath","value":"/hierarchy/android.widget.FrameLayout/android.view.ViewGroup/android.widget.FrameLayout[2]/android.widget.LinearLayout/android.widget.LinearLayout[3]/android.widget.Button[3]"}&amp#27;[39m
[debug] &amp#27;[35m[W3C (513a8026)]&amp#27;[39m Calling AppiumDriver.findElement() with args: ["xpath","/hierarchy/android.widget.FrameLayout/android.view.ViewGroup/android.widget.FrameLayout[2]/android.widget.LinearLayout/android.widget.LinearLayout[3]/android.widget.Button[3]","513a8026-baf5-4746-a28a-c3fb54812a44"]
[debug] &amp#27;[35m[BaseDriver]&amp#27;[39m Valid locator strategies for this request: xpath, id, class name, accessibility id, css selector, -android uiautomator
[debug] &amp#27;[35m[BaseDriver]&amp#27;[39m Waiting up to 20000 ms for condition
[debug] &amp#27;[35m[WD Proxy]&amp#27;[39m Matched '/element' to command name 'findElement'
[debug] &amp#27;[35m[WD Proxy]&amp#27;[39m Proxying [POST /element] to [POST http://127.0.0.1:8200/wd/hub/session/33a80dc9-2d90-44c7-8287-d02b6e0c1f5d/element] with body: {"strategy":"xpath","selector":"/hierarchy/android.widget.FrameLayout/android.view.ViewGroup/android.widget.FrameLayout[2]/android.widget.LinearLayout/android.widget.LinearLayout[3]/android.widget.Button[3]","context":"","multiple":false}
[debug] &amp#27;[35m[WD Proxy]&amp#27;[39m Got response with status 200: {"sessionId":"33a80dc9-2d90-44c7-8287-d02b6e0c1f5d","value":{"ELEMENT":"00000000-0000-006b-ffff-ffff00000035","element-6066-11e4-a52e-4f735466cecf":"00000000-0000-006b-ffff-ffff00000035"}}
[debug] &amp#27;[35m[W3C (513a8026)]&amp#27;[39m Responding to client with driver.findElement() result: {"element-6066-11e4-a52e-4f735466cecf":"00000000-0000-006b-ffff-ffff00000035","ELEMENT":"00000000-0000-006b-ffff-ffff00000035"}
&amp#27;[35m[HTTP]&amp#27;[39m &amp#27;[37m<-- POST /wd/hub/session/513a8026-baf5-4746-a28a-c3fb54812a44/element &amp#27;[39m&amp#27;[32m200&amp#27;[39m &amp#27;[90m86 ms - 137&amp#27;[39m
&amp#27;[35m[HTTP]&amp#27;[39m &amp#27;[90m&amp#27;[39m
&amp#27;[35m[HTTP]&amp#27;[39m &amp#27;[37m-->&amp#27;[39m &amp#27;[37mPOST&amp#27;[39m &amp#27;[37m/wd/hub/session/513a8026-baf5-4746-a28a-c3fb54812a44/element/00000000-0000-006b-ffff-ffff00000035/click&amp#27;[39m
&amp#27;[35m[HTTP]&amp#27;[39m &amp#27;[90m{"id":"00000000-0000-006b-ffff-ffff00000035"}&amp#27;[39m
[debug] &amp#27;[35m[W3C (513a8026)]&amp#27;[39m Calling AppiumDriver.click() with args: ["00000000-0000-006b-ffff-ffff00000035","513a8026-baf5-4746-a28a-c3fb54812a44"]
[debug] &amp#27;[35m[WD Proxy]&amp#27;[39m Matched '/element/00000000-0000-006b-ffff-ffff00000035/click' to command name 'click'
[debug] &amp#27;[35m[WD Proxy]&amp#27;[39m Proxying [POST /element/00000000-0000-006b-ffff-ffff00000035/click] to [POST http://127.0.0.1:8200/wd/hub/session/33a80dc9-2d90-44c7-8287-d02b6e0c1f5d/element/00000000-0000-006b-ffff-ffff00000035/click] with body: {"element":"00000000-0000-006b-ffff-ffff00000035"}
[debug] &amp#27;[35m[WD Proxy]&amp#27;[39m Got response with status 200: {"sessionId":"33a80dc9-2d90-44c7-8287-d02b6e0c1f5d","value":null}
[debug] &amp#27;[35m[W3C (513a8026)]&amp#27;[39m Responding to client with driver.click() result: null
&amp#27;[35m[HTTP]&amp#27;[39m &amp#27;[37m<-- POST /wd/hub/session/513a8026-baf5-4746-a28a-c3fb54812a44/element/00000000-0000-006b-ffff-ffff00000035/click &amp#27;[39m&amp#27;[32m200&amp#27;[39m &amp#27;[90m535 ms - 14&amp#27;[39m
&amp#27;[35m[HTTP]&amp#27;[39m &amp#27;[90m&amp#27;[39m
&amp#27;[35m[HTTP]&amp#27;[39m &amp#27;[37m-->&amp#27;[39m &amp#27;[37mDELETE&amp#27;[39m &amp#27;[37m/wd/hub/session/513a8026-baf5-4746-a28a-c3fb54812a44&amp#27;[39m
&amp#27;[35m[HTTP]&amp#27;[39m &amp#27;[90m{}&amp#27;[39m
[debug] &amp#27;[35m[W3C (513a8026)]&amp#27;[39m Calling AppiumDriver.deleteSession() with args: ["513a8026-baf5-4746-a28a-c3fb54812a44"]
[debug] &amp#27;[35m[BaseDriver]&amp#27;[39m Event 'quitSessionRequested' logged at 1647922732116 (09:48:52 GMT+0530 (India Standard Time))
&amp#27;[35m[Appium]&amp#27;[39m Removing session 513a8026-baf5-4746-a28a-c3fb54812a44 from our master session list
[debug] &amp#27;[35m[UiAutomator2]&amp#27;[39m Deleting UiAutomator2 session
[debug] &amp#27;[35m[UiAutomator2]&amp#27;[39m Deleting UiAutomator2 server session
[debug] &amp#27;[35m[WD Proxy]&amp#27;[39m Matched '/' to command name 'deleteSession'
[debug] &amp#27;[35m[WD Proxy]&amp#27;[39m Proxying [DELETE /] to [DELETE http://127.0.0.1:8200/wd/hub/session/33a80dc9-2d90-44c7-8287-d02b6e0c1f5d] with no body
[debug] &amp#27;[35m[WD Proxy]&amp#27;[39m Got response with status 200: {"sessionId":"33a80dc9-2d90-44c7-8287-d02b6e0c1f5d","value":null}
[debug] &amp#27;[35m[ADB]&amp#27;[39m Running 'C:\Users\namrotadutta\AppData\Local\Android\Sdk\platform-tools\adb.exe -P 5037 -s emulator-5554 shell am force-stop io.appium.android.apis'
[debug] &amp#27;[35m[Logcat]&amp#27;[39m Stopping logcat capture
[debug] &amp#27;[35m[ADB]&amp#27;[39m Removing forwarded port socket connection: 8200 
[debug] &amp#27;[35m[ADB]&amp#27;[39m Running 'C:\Users\namrotadutta\AppData\Local\Android\Sdk\platform-tools\adb.exe -P 5037 -s emulator-5554 forward --remove tcp:8200'
[debug] &amp#27;[35m[BaseDriver]&amp#27;[39m Event 'quitSessionFinished' logged at 1647922732313 (09:48:52 GMT+0530 (India Standard Time))
[debug] &amp#27;[35m[W3C (513a8026)]&amp#27;[39m Received response: null
[debug] &amp#27;[35m[W3C (513a8026)]&amp#27;[39m But deleting session, so not returning
[debug] &amp#27;[35m[W3C (513a8026)]&amp#27;[39m Responding to client with driver.deleteSession() result: null
&amp#27;[35m[HTTP]&amp#27;[39m &amp#27;[37m<-- DELETE /wd/hub/session/513a8026-baf5-4746-a28a-c3fb54812a44 &amp#27;[39m&amp#27;[32m200&amp#27;[39m &amp#27;[90m201 ms - 14&amp#27;[39m
&amp#27;[35m[HTTP]&amp#27;[39m &amp#27;[90m&amp#27;[39m
&amp#27;[35m[HTTP]&amp#27;[39m &amp#27;[37m-->&amp#27;[39m &amp#27;[37mPOST&amp#27;[39m &amp#27;[37m/wd/hub/session&amp#27;[39m
&amp#27;[35m[HTTP]&amp#27;[39m &amp#27;[90m{"desiredCapabilities":{"app":"../AppiumCucumberProject/ApiDemos-debug.apk","appActivity":"io.appium.android.apis.ApiDemos","appPackage":"io.appium.android.apis","isHeadless":true,"avdArgs":"-no-window","platformVersion":"8.1","platformName":"Android","deviceName":"android"},"capabilities":{"alwaysMatch":{"appium:app":"../AppiumCucumberProject/ApiDemos-debug.apk","appium:appActivity":"io.appium.android.apis.ApiDemos","appium:appPackage":"io.appium.android.apis","appium:avdArgs":"-no-window","appium:deviceName":"android","isHeadless":true,"platformName":"android","appium:platformVersion":"8.1"},"firstMatch":[{}]}}&amp#27;[39m
[debug] &amp#27;[35m[W3C]&amp#27;[39m Calling AppiumDriver.createSession() with args: [{"app":"../AppiumCucumberProject/ApiDemos-debug.apk","appActivity":"io.appium.android.apis.ApiDemos","appPackage":"io.appium.android.apis","isHeadless":true,"avdArgs":"-no-window","platformVersion":"8.1","platformName":"Android","deviceName":"android"},null,{"alwaysMatch":{"appium:app":"../AppiumCucumberProject/ApiDemos-debug.apk","appium:appActivity":"io.appium.android.apis.ApiDemos","appium:appPackage":"io.appium.android.apis","appium:avdArgs":"-no-window","appium:deviceName":"android","isHeadless":true,"platformName":"android","appium:platformVersion":"8.1"},"firstMatch":[{}]}]
[debug] &amp#27;[35m[BaseDriver]&amp#27;[39m Event 'newSessionRequested' logged at 1647922732331 (09:48:52 GMT+0530 (India Standard Time))
&amp#27;[35m[BaseDriver]&amp#27;[39m The following capabilities are not standard capabilities and should have an extension prefix:
&amp#27;[35m[BaseDriver]&amp#27;[39m   isHeadless
&amp#27;[35m[Appium]&amp#27;[39m 
&amp#27;[35m[Appium]&amp#27;[39m ======================================================================
&amp#27;[35m[Appium]&amp#27;[39m   DEPRECATION WARNING:
&amp#27;[35m[Appium]&amp#27;[39m 
&amp#27;[35m[Appium]&amp#27;[39m   The 'automationName' capability was not provided in the desired 
&amp#27;[35m[Appium]&amp#27;[39m   capabilities for this Android session
&amp#27;[35m[Appium]&amp#27;[39m 
&amp#27;[35m[Appium]&amp#27;[39m   Setting 'automationName=UiAutomator2' by default and using the 
&amp#27;[35m[Appium]&amp#27;[39m   UiAutomator2 Driver
&amp#27;[35m[Appium]&amp#27;[39m 
&amp#27;[35m[Appium]&amp#27;[39m   The next major version of Appium (2.x) will **require** the 
&amp#27;[35m[Appium]&amp#27;[39m   'automationName' capability to be set for all sessions on all 
&amp#27;[35m[Appium]&amp#27;[39m   platforms
&amp#27;[35m[Appium]&amp#27;[39m 
&amp#27;[35m[Appium]&amp#27;[39m   In previous versions (Appium <= 1.13.x), the default was 
&amp#27;[35m[Appium]&amp#27;[39m   'automationName=UiAutomator1'
&amp#27;[35m[Appium]&amp#27;[39m 
&amp#27;[35m[Appium]&amp#27;[39m   If you wish to use that automation instead of UiAutomator2, please 
&amp#27;[35m[Appium]&amp#27;[39m   add 'automationName=UiAutomator1' to your desired capabilities
&amp#27;[35m[Appium]&amp#27;[39m 
&amp#27;[35m[Appium]&amp#27;[39m   For more information about drivers, please visit 
&amp#27;[35m[Appium]&amp#27;[39m   http://appium.io/docs/en/about-appium/intro/ and explore the 
&amp#27;[35m[Appium]&amp#27;[39m   'Drivers' menu
&amp#27;[35m[Appium]&amp#27;[39m 
&amp#27;[35m[Appium]&amp#27;[39m ======================================================================
&amp#27;[35m[Appium]&amp#27;[39m 
&amp#27;[35m[Appium]&amp#27;[39m Appium v1.22.2 creating new AndroidUiautomator2Driver (v1.70.1) session
[debug] &amp#27;[35m[BaseDriver]&amp#27;[39m W3C capabilities and MJSONWP desired capabilities were provided
[debug] &amp#27;[35m[BaseDriver]&amp#27;[39m Creating session with W3C capabilities: {
[debug] &amp#27;[35m[BaseDriver]&amp#27;[39m   "alwaysMatch": {
[debug] &amp#27;[35m[BaseDriver]&amp#27;[39m     "appium:isHeadless": true,
[debug] &amp#27;[35m[BaseDriver]&amp#27;[39m     "platformName": "android",
[debug] &amp#27;[35m[BaseDriver]&amp#27;[39m     "appium:app": "../AppiumCucumberProject/ApiDemos-debug.apk",
[debug] &amp#27;[35m[BaseDriver]&amp#27;[39m     "appium:appActivity": "io.appium.android.apis.ApiDemos",
[debug] &amp#27;[35m[BaseDriver]&amp#27;[39m     "appium:appPackage": "io.appium.android.apis",
[debug] &amp#27;[35m[BaseDriver]&amp#27;[39m     "appium:avdArgs": "-no-window",
[debug] &amp#27;[35m[BaseDriver]&amp#27;[39m     "appium:deviceName": "android",
[debug] &amp#27;[35m[BaseDriver]&amp#27;[39m     "appium:platformVersion": "8.1"
[debug] &amp#27;[35m[BaseDriver]&amp#27;[39m   },
[debug] &amp#27;[35m[BaseDriver]&amp#27;[39m   "firstMatch": [
[debug] &amp#27;[35m[BaseDriver]&amp#27;[39m     {}
[debug] &amp#27;[35m[BaseDriver]&amp#27;[39m   ]
[debug] &amp#27;[35m[BaseDriver]&amp#27;[39m }
&amp#27;[35m[BaseDriver]&amp#27;[39m Session created with session id: 3be5c56b-9c46-4d6d-88be-a7723025e2c2
&amp#27;[35m[BaseDriver]&amp#27;[39m Using local app '../AppiumCucumberProject/ApiDemos-debug.apk'
&amp#27;[35m[BaseDriver]&amp#27;[39m The current application path '../AppiumCucumberProject/ApiDemos-debug.apk' is not absolute and has been rewritten to 'C:\Users\namrotadutta\eclipse-workspace-new\AppiumCucumberProject\ApiDemos-debug.apk'. Consider using absolute paths rather than relative
[debug] &amp#27;[35m[UiAutomator2]&amp#27;[39m Checking whether app is actually present
&amp#27;[35m[ADB]&amp#27;[39m Using 'adb.exe' from 'C:\Users\namrotadutta\AppData\Local\Android\Sdk\platform-tools\adb.exe'
[debug] &amp#27;[35m[ADB]&amp#27;[39m Running 'C:\Users\namrotadutta\AppData\Local\Android\Sdk\platform-tools\adb.exe -P 5037 start-server'
&amp#27;[35m[AndroidDriver]&amp#27;[39m Retrieving device list
[debug] &amp#27;[35m[ADB]&amp#27;[39m Trying to find a connected android device
[debug] &amp#27;[35m[ADB]&amp#27;[39m Getting connected devices
[debug] &amp#27;[35m[ADB]&amp#27;[39m Connected devices: [{"udid":"emulator-5554","state":"device"}]
&amp#27;[35m[AndroidDriver]&amp#27;[39m Looking for a device with Android '8.1.0'
[debug] &amp#27;[35m[ADB]&amp#27;[39m Setting device id to emulator-5554
&amp#27;[35m[ADB]&amp#27;[39m Getting device platform version
[debug] &amp#27;[35m[ADB]&amp#27;[39m Running 'C:\Users\namrotadutta\AppData\Local\Android\Sdk\platform-tools\adb.exe -P 5037 -s emulator-5554 shell getprop ro.build.version.release'
[debug] &amp#27;[35m[ADB]&amp#27;[39m Current device property 'ro.build.version.release': 8.1.0
&amp#27;[35m[AndroidDriver]&amp#27;[39m Using device: emulator-5554
&amp#27;[35m[ADB]&amp#27;[39m Using 'adb.exe' from 'C:\Users\namrotadutta\AppData\Local\Android\Sdk\platform-tools\adb.exe'
[debug] &amp#27;[35m[ADB]&amp#27;[39m Running 'C:\Users\namrotadutta\AppData\Local\Android\Sdk\platform-tools\adb.exe -P 5037 start-server'
[debug] &amp#27;[35m[ADB]&amp#27;[39m Setting device id to emulator-5554
[debug] &amp#27;[35m[ADB]&amp#27;[39m Running 'C:\Users\namrotadutta\AppData\Local\Android\Sdk\platform-tools\adb.exe -P 5037 -s emulator-5554 shell getprop ro.build.version.sdk'
[debug] &amp#27;[35m[ADB]&amp#27;[39m Current device property 'ro.build.version.sdk': 27
[debug] &amp#27;[35m[ADB]&amp#27;[39m Device API level: 27
[debug] &amp#27;[35m[ADB]&amp#27;[39m Running 'C:\Users\namrotadutta\AppData\Local\Android\Sdk\platform-tools\adb.exe -P 5037 -s emulator-5554 wait-for-device'
[debug] &amp#27;[35m[ADB]&amp#27;[39m Running 'C:\Users\namrotadutta\AppData\Local\Android\Sdk\platform-tools\adb.exe -P 5037 -s emulator-5554 shell echo ping'
[debug] &amp#27;[35m[AndroidDriver]&amp#27;[39m Pushing settings apk to device...
[debug] &amp#27;[35m[ADB]&amp#27;[39m Getting install status for io.appium.settings
[debug] &amp#27;[35m[ADB]&amp#27;[39m Running 'C:\Users\namrotadutta\AppData\Local\Android\Sdk\platform-tools\adb.exe -P 5037 -s emulator-5554 shell dumpsys package io.appium.settings'
[debug] &amp#27;[35m[ADB]&amp#27;[39m 'io.appium.settings' is installed
[debug] &amp#27;[35m[ADB]&amp#27;[39m Getting package info for 'io.appium.settings'
[debug] &amp#27;[35m[ADB]&amp#27;[39m Running 'C:\Users\namrotadutta\AppData\Local\Android\Sdk\platform-tools\adb.exe -P 5037 -s emulator-5554 shell dumpsys package io.appium.settings'
[debug] &amp#27;[35m[ADB]&amp#27;[39m The version name of the installed 'io.appium.settings' is greater or equal to the application version name ('3.4.0' >= '3.4.0')
[debug] &amp#27;[35m[ADB]&amp#27;[39m There is no need to install/upgrade 'C:\Users\namrotadutta\AppData\Roaming\npm\node_modules\appium\node_modules\io.appium.settings\apks\settings_apk-debug.apk'
[debug] &amp#27;[35m[ADB]&amp#27;[39m Getting IDs of all 'io.appium.settings' processes
[debug] &amp#27;[35m[ADB]&amp#27;[39m Running 'C:\Users\namrotadutta\AppData\Local\Android\Sdk\platform-tools\adb.exe -P 5037 -s emulator-5554 shell 'pgrep --help; echo $?''
[debug] &amp#27;[35m[Instrumentation]&amp#27;[39m .
[debug] &amp#27;[35m[Instrumentation]&amp#27;[39m Time: 9.075
[debug] &amp#27;[35m[Instrumentation]&amp#27;[39m 
[debug] &amp#27;[35m[Instrumentation]&amp#27;[39m OK (1 test)
[debug] &amp#27;[35m[ADB]&amp#27;[39m Running 'C:\Users\namrotadutta\AppData\Local\Android\Sdk\platform-tools\adb.exe -P 5037 -s emulator-5554 shell pgrep -f \(\[\[:blank:\]\]\|\^\)io\.appium\.settings\(\[\[:blank:\]\]\|\$\)'
[debug] &amp#27;[35m[AndroidDriver]&amp#27;[39m io.appium.settings is already running. There is no need to reset its permissions.
[debug] &amp#27;[35m[Logcat]&amp#27;[39m Starting logs capture with command: C:\\Users\\namrotadutta\\AppData\\Local\\Android\\Sdk\\platform-tools\\adb.exe -P 5037 -s emulator-5554 logcat -v threadtime
[debug] &amp#27;[35m[UiAutomator2]&amp#27;[39m Forwarding UiAutomator2 Server port 6790 to local port 8200
[debug] &amp#27;[35m[ADB]&amp#27;[39m Forwarding system: 8200 to device: 6790
[debug] &amp#27;[35m[ADB]&amp#27;[39m Running 'C:\Users\namrotadutta\AppData\Local\Android\Sdk\platform-tools\adb.exe -P 5037 -s emulator-5554 forward tcp:8200 tcp:6790'
[debug] &amp#27;[35m[ADB]&amp#27;[39m Getting install status for io.appium.uiautomator2.server
[debug] &amp#27;[35m[ADB]&amp#27;[39m Running 'C:\Users\namrotadutta\AppData\Local\Android\Sdk\platform-tools\adb.exe -P 5037 -s emulator-5554 shell dumpsys package io.appium.uiautomator2.server'
[debug] &amp#27;[35m[Instrumentation]&amp#27;[39m The process has exited with code 0
[debug] &amp#27;[35m[ADB]&amp#27;[39m 'io.appium.uiautomator2.server' is installed
[debug] &amp#27;[35m[ADB]&amp#27;[39m Getting package info for 'io.appium.uiautomator2.server'
[debug] &amp#27;[35m[ADB]&amp#27;[39m Running 'C:\Users\namrotadutta\AppData\Local\Android\Sdk\platform-tools\adb.exe -P 5037 -s emulator-5554 shell dumpsys package io.appium.uiautomator2.server'
[debug] &amp#27;[35m[ADB]&amp#27;[39m The version name of the installed 'io.appium.uiautomator2.server' is greater or equal to the application version name ('4.27.0' >= '4.27.0')
[debug] &amp#27;[35m[UiAutomator2]&amp#27;[39m io.appium.uiautomator2.server installation state: sameVersionInstalled
[debug] &amp#27;[35m[ADB]&amp#27;[39m Checking app cert for C:\Users\namrotadutta\AppData\Roaming\npm\node_modules\appium\node_modules\appium-uiautomator2-server\apks\appium-uiautomator2-server-v4.27.0.apk
[debug] &amp#27;[35m[ADB]&amp#27;[39m Using the previously cached signature entry for 'appium-uiautomator2-server-v4.27.0.apk'
[debug] &amp#27;[35m[ADB]&amp#27;[39m sha256 hash did match for 'appium-uiautomator2-server-v4.27.0.apk'
[debug] &amp#27;[35m[ADB]&amp#27;[39m Getting install status for io.appium.uiautomator2.server.test
[debug] &amp#27;[35m[ADB]&amp#27;[39m Running 'C:\Users\namrotadutta\AppData\Local\Android\Sdk\platform-tools\adb.exe -P 5037 -s emulator-5554 shell dumpsys package io.appium.uiautomator2.server.test'
[debug] &amp#27;[35m[ADB]&amp#27;[39m 'io.appium.uiautomator2.server.test' is installed
[debug] &amp#27;[35m[ADB]&amp#27;[39m Checking app cert for C:\Users\namrotadutta\AppData\Roaming\npm\node_modules\appium\node_modules\appium-uiautomator2-server\apks\appium-uiautomator2-server-debug-androidTest.apk
[debug] &amp#27;[35m[ADB]&amp#27;[39m Using the previously cached signature entry for 'appium-uiautomator2-server-debug-androidTest.apk'
[debug] &amp#27;[35m[ADB]&amp#27;[39m sha256 hash did match for 'appium-uiautomator2-server-debug-androidTest.apk'
&amp#27;[35m[UiAutomator2]&amp#27;[39m Server packages are not going to be (re)installed
[debug] &amp#27;[35m[UiAutomator2]&amp#27;[39m Waiting up to 30000ms for services to be available
[debug] &amp#27;[35m[ADB]&amp#27;[39m Running 'C:\Users\namrotadutta\AppData\Local\Android\Sdk\platform-tools\adb.exe -P 5037 -s emulator-5554 shell pm list instrumentation'
[debug] &amp#27;[35m[UiAutomator2]&amp#27;[39m Instrumentation target 'io.appium.uiautomator2.server.test/androidx.test.runner.AndroidJUnitRunner' is available
&amp#27;[35m[ADB]&amp#27;[39m Adding packages ["io.appium.settings","io.appium.uiautomator2.server","io.appium.uiautomator2.server.test"] to Doze whitelist
[debug] &amp#27;[35m[ADB]&amp#27;[39m Got the following command chunks to execute: [["dumpsys","deviceidle","whitelist","+io.appium.settings",";","dumpsys","deviceidle","whitelist","+io.appium.uiautomator2.server",";","dumpsys","deviceidle","whitelist","+io.appium.uiautomator2.server.test",";"]]
[debug] &amp#27;[35m[ADB]&amp#27;[39m Running 'C:\Users\namrotadutta\AppData\Local\Android\Sdk\platform-tools\adb.exe -P 5037 -s emulator-5554 shell dumpsys deviceidle whitelist +io.appium.settings ; dumpsys deviceidle whitelist +io.appium.uiautomator2.server ; dumpsys deviceidle whitelist +io.appium.uiautomator2.server.test ;'
[debug] &amp#27;[35m[ADB]&amp#27;[39m Checking app cert for C:\Users\namrotadutta\eclipse-workspace-new\AppiumCucumberProject\ApiDemos-debug.apk
[debug] &amp#27;[35m[ADB]&amp#27;[39m Using the previously cached signature entry for 'ApiDemos-debug.apk'
[debug] &amp#27;[35m[ADB]&amp#27;[39m Getting install status for io.appium.android.apis
[debug] &amp#27;[35m[ADB]&amp#27;[39m Running 'C:\Users\namrotadutta\AppData\Local\Android\Sdk\platform-tools\adb.exe -P 5037 -s emulator-5554 shell dumpsys package io.appium.android.apis'
[debug] &amp#27;[35m[ADB]&amp#27;[39m 'io.appium.android.apis' is installed
[debug] &amp#27;[35m[ADB]&amp#27;[39m Getting package info for 'io.appium.android.apis'
[debug] &amp#27;[35m[ADB]&amp#27;[39m Running 'C:\Users\namrotadutta\AppData\Local\Android\Sdk\platform-tools\adb.exe -P 5037 -s emulator-5554 shell dumpsys package io.appium.android.apis'
&amp#27;[35m[ADB]&amp#27;[39m Cannot read version codes of 'C:\Users\namrotadutta\eclipse-workspace-new\AppiumCucumberProject\ApiDemos-debug.apk' and/or 'io.appium.android.apis'
&amp#27;[35m[ADB]&amp#27;[39m Cannot read version names of 'C:\Users\namrotadutta\eclipse-workspace-new\AppiumCucumberProject\ApiDemos-debug.apk' and/or 'io.appium.android.apis'
[debug] &amp#27;[35m[ADB]&amp#27;[39m The current install state of 'C:\Users\namrotadutta\eclipse-workspace-new\AppiumCucumberProject\ApiDemos-debug.apk' is unknown. Installing anyway
[debug] &amp#27;[35m[ADB]&amp#27;[39m Running 'C:\Users\namrotadutta\AppData\Local\Android\Sdk\platform-tools\adb.exe -P 5037 -s emulator-5554 features'
&amp#27;[35m[ADB]&amp#27;[39m The application at 'C:\Users\namrotadutta\eclipse-workspace-new\AppiumCucumberProject\ApiDemos-debug.apk' will not be cached, because the device under test has confirmed the support of streamed installs
[debug] &amp#27;[35m[ADB]&amp#27;[39m Running 'C:\Users\namrotadutta\AppData\Local\Android\Sdk\platform-tools\adb.exe -P 5037 -s emulator-5554 install -r C:\Users\namrotadutta\eclipse-workspace-new\AppiumCucumberProject\ApiDemos-debug.apk'
&amp#27;[35m[ADB]&amp#27;[39m The installation of 'ApiDemos-debug.apk' took 585ms
[debug] &amp#27;[35m[ADB]&amp#27;[39m Install command stdout: Performing Streamed Install
[debug] &amp#27;[35m[ADB]&amp#27;[39m Success
&amp#27;[35m[AndroidDriver]&amp#27;[39m Performing fast reset on 'io.appium.android.apis'
[debug] &amp#27;[35m[ADB]&amp#27;[39m Getting install status for io.appium.android.apis
[debug] &amp#27;[35m[ADB]&amp#27;[39m Running 'C:\Users\namrotadutta\AppData\Local\Android\Sdk\platform-tools\adb.exe -P 5037 -s emulator-5554 shell dumpsys package io.appium.android.apis'
[debug] &amp#27;[35m[ADB]&amp#27;[39m 'io.appium.android.apis' is installed
[debug] &amp#27;[35m[ADB]&amp#27;[39m Running 'C:\Users\namrotadutta\AppData\Local\Android\Sdk\platform-tools\adb.exe -P 5037 -s emulator-5554 shell am force-stop io.appium.android.apis'
[debug] &amp#27;[35m[ADB]&amp#27;[39m Running 'C:\Users\namrotadutta\AppData\Local\Android\Sdk\platform-tools\adb.exe -P 5037 -s emulator-5554 shell pm clear io.appium.android.apis'
[debug] &amp#27;[35m[AndroidDriver]&amp#27;[39m Performed fast reset on the installed 'io.appium.android.apis' application (stop and clear)
[debug] &amp#27;[35m[UiAutomator2]&amp#27;[39m Performing shallow cleanup of automation leftovers
[debug] &amp#27;[35m[UiAutomator2]&amp#27;[39m No obsolete sessions have been detected (socket hang up)
[debug] &amp#27;[35m[ADB]&amp#27;[39m Running 'C:\Users\namrotadutta\AppData\Local\Android\Sdk\platform-tools\adb.exe -P 5037 -s emulator-5554 shell am force-stop io.appium.uiautomator2.server.test'
&amp#27;[35m[UiAutomator2]&amp#27;[39m Starting UIAutomator2 server 4.27.0
&amp#27;[35m[UiAutomator2]&amp#27;[39m Using UIAutomator2 server from 'C:\Users\namrotadutta\AppData\Roaming\npm\node_modules\appium\node_modules\appium-uiautomator2-server\apks\appium-uiautomator2-server-v4.27.0.apk' and test from 'C:\Users\namrotadutta\AppData\Roaming\npm\node_modules\appium\node_modules\appium-uiautomator2-server\apks\appium-uiautomator2-server-debug-androidTest.apk'
&amp#27;[35m[UiAutomator2]&amp#27;[39m Waiting up to 30000ms for UiAutomator2 to be online...
[debug] &amp#27;[35m[ADB]&amp#27;[39m Creating ADB subprocess with args: ["-P",5037,"-s","emulator-5554","shell","am","instrument","-w","-e","disableAnalytics",true,"io.appium.uiautomator2.server.test/androidx.test.runner.AndroidJUnitRunner"]
[debug] &amp#27;[35m[WD Proxy]&amp#27;[39m Matched '/status' to command name 'getStatus'
[debug] &amp#27;[35m[WD Proxy]&amp#27;[39m Proxying [GET /status] to [GET http://127.0.0.1:8200/wd/hub/status] with no body
&amp#27;[35m[WD Proxy]&amp#27;[39m socket hang up
[debug] &amp#27;[35m[Instrumentation]&amp#27;[39m io.appium.uiautomator2.server.test.AppiumUiAutomator2Server:
[debug] &amp#27;[35m[WD Proxy]&amp#27;[39m Matched '/status' to command name 'getStatus'
[debug] &amp#27;[35m[WD Proxy]&amp#27;[39m Proxying [GET /status] to [GET http://127.0.0.1:8200/wd/hub/status] with no body
&amp#27;[35m[WD Proxy]&amp#27;[39m socket hang up
[debug] &amp#27;[35m[WD Proxy]&amp#27;[39m Matched '/status' to command name 'getStatus'
[debug] &amp#27;[35m[WD Proxy]&amp#27;[39m Proxying [GET /status] to [GET http://127.0.0.1:8200/wd/hub/status] with no body
[debug] &amp#27;[35m[WD Proxy]&amp#27;[39m Got response with status 200: {"sessionId":"None","value":{"message":"UiAutomator2 Server is ready to accept commands","ready":true}}
[debug] &amp#27;[35m[UiAutomator2]&amp#27;[39m The initialization of the instrumentation process took 2134ms
[debug] &amp#27;[35m[WD Proxy]&amp#27;[39m Matched '/session' to command name 'createSession'
[debug] &amp#27;[35m[WD Proxy]&amp#27;[39m Proxying [POST /session] to [POST http://127.0.0.1:8200/wd/hub/session] with body: {"capabilities":{"firstMatch":[{"platform":"LINUX","webStorageEnabled":false,"takesScreenshot":true,"javascriptEnabled":true,"databaseEnabled":false,"networkConnectionEnabled":true,"locationContextEnabled":false,"warnings":{},"desired":{"platformName":"android","isHeadless":true,"app":"../AppiumCucumberProject/ApiDemos-debug.apk","appActivity":"io.appium.android.apis.ApiDemos","appPackage":"io.appium.android.apis","avdArgs":"-no-window","deviceName":"android","platformVersion":"8.1"},"platformName":"android","isHeadless":true,"app":"../AppiumCucumberProject/ApiDemos-debug.apk","appActivity":"io.appium.android.apis.ApiDemos","appPackage":"io.appium.android.apis","avdArgs":"-no-window","deviceName":"emulator-5554","platformVersion":"8.1","deviceUDID":"emulator-5554"}],"alwaysMatch":{}}}
[debug] &amp#27;[35m[WD Proxy]&amp#27;[39m Got response with status 200: {"sessionId":"6fb6aaf1-6aba-4f75-b3b5-603450be3338","value":{"capabilities":{"firstMatch":[{"platform":"LINUX","webStorageEnabled":false,"takesScreenshot":true,"javascriptEnabled":true,"databaseEnabled":false,"networkConnectionEnabled":true,"locationContextEnabled":false,"warnings":{},"desired":{"platformName":"android","isHeadless":true,"app":"../AppiumCucumberProject/ApiDemos-debug.apk","appActivity":"io.appium.android.apis.ApiDemos","appPackage":"io.appium.android.apis","avdArgs":"-no-window","deviceName":"android","platformVersion":"8.1"},"platformName":"android","isHeadless":true,"app":"../AppiumCucumberProject/ApiDemos-debug.apk","appActivity":"io.appium.android.apis.ApiDemos","appPackage":"io.appium.android.apis","avdArgs":"-no-window","deviceName":"emulator-5554","platformVersion":"8.1","deviceUDID":"emulator-5554"}],"alwaysMatch":{}},"sessionId":"6fb6aaf1-6aba-4f75-b3b5-603450be3338"}}
&amp#27;[35m[WD Proxy]&amp#27;[39m Determined the downstream protocol as 'W3C'
[debug] &amp#27;[35m[WD Proxy]&amp#27;[39m Proxying [GET /appium/device/info] to [GET http://127.0.0.1:8200/wd/hub/session/6fb6aaf1-6aba-4f75-b3b5-603450be3338/appium/device/info] with no body
[debug] &amp#27;[35m[WD Proxy]&amp#27;[39m Got response with status 200: {"sessionId":"6fb6aaf1-6aba-4f75-b3b5-603450be3338","value":{"androidId":"7807f091a0b83f49","apiVersion":"27","bluetooth":null,"brand":"google","carrierName":"Android","displayDensity":420,"locale":"en_US","manufacturer":"Google","model":"Android SDK built for x86","networks":[{"capabilities":{"SSID":null,"linkDownBandwidthKbps":102400,"linkUpstreamBandwidthKbps":51200,"networkCapabilities":"NET_CAPABILITY_MMS,NET_CAPABILITY_SUPL,NET_CAPABILITY_DUN,NET_CAPABILITY_FOTA,NET_CAPABILITY_IMS,NET_CAPABILITY_CBS,NET_CAPABILITY_IA,NET_CAPABILITY_INTERNET,NET_CAPABILITY_NOT_RESTRICTED,NET_CAPABILITY_TRUSTED,NET_CAPABILITY_NOT_VPN,NET_CAPABILITY_VALIDATED","signalStrength":-2147483648,"transportTypes":"TRANSPORT_CELLULAR"},"detailedState":"CONNECTED","extraInfo":"epc.tmobile.com","isAvailable":true,"isConnected":true,"isFailover":false,"isRoaming":false,"state":"CONNECTED","subtype":13,"subtypeName":"LTE","type":0,"typeName":"MOBILE"},{"capabilities":{"SSID":null,"linkDownBandwidthKbps":1048576,"linkUpstreamBandwidt...
[debug] &amp#27;[35m[ADB]&amp#27;[39m Running 'C:\Users\namrotadutta\AppData\Local\Android\Sdk\platform-tools\adb.exe -P 5037 -s emulator-5554 shell dumpsys window'
&amp#27;[35m[AndroidDriver]&amp#27;[39m Screen already unlocked, doing nothing
&amp#27;[35m[UiAutomator2]&amp#27;[39m Starting 'io.appium.android.apis/io.appium.android.apis.ApiDemos and waiting for 'io.appium.android.apis/io.appium.android.apis.ApiDemos'
[debug] &amp#27;[35m[ADB]&amp#27;[39m Running 'C:\Users\namrotadutta\AppData\Local\Android\Sdk\platform-tools\adb.exe -P 5037 -s emulator-5554 shell am start -W -n io.appium.android.apis/io.appium.android.apis.ApiDemos -S -a android.intent.action.MAIN -c android.intent.category.LAUNCHER -f 0x10200000'
[debug] &amp#27;[35m[WD Proxy]&amp#27;[39m Proxying [GET /appium/device/pixel_ratio] to [GET http://127.0.0.1:8200/wd/hub/session/6fb6aaf1-6aba-4f75-b3b5-603450be3338/appium/device/pixel_ratio] with no body
[debug] &amp#27;[35m[WD Proxy]&amp#27;[39m Got response with status 200: {"sessionId":"6fb6aaf1-6aba-4f75-b3b5-603450be3338","value":2.625}
[debug] &amp#27;[35m[WD Proxy]&amp#27;[39m Matched '/appium/device/system_bars' to command name 'getSystemBars'
[debug] &amp#27;[35m[WD Proxy]&amp#27;[39m Proxying [GET /appium/device/system_bars] to [GET http://127.0.0.1:8200/wd/hub/session/6fb6aaf1-6aba-4f75-b3b5-603450be3338/appium/device/system_bars] with no body
[debug] &amp#27;[35m[WD Proxy]&amp#27;[39m Got response with status 200: {"sessionId":"6fb6aaf1-6aba-4f75-b3b5-603450be3338","value":{"statusBar":63}}
[debug] &amp#27;[35m[WD Proxy]&amp#27;[39m Matched '/window/current/size' to command name 'getWindowSize'
[debug] &amp#27;[35m[WD Proxy]&amp#27;[39m Proxying [GET /window/current/size] to [GET http://127.0.0.1:8200/wd/hub/session/6fb6aaf1-6aba-4f75-b3b5-603450be3338/window/current/size] with no body
[debug] &amp#27;[35m[WD Proxy]&amp#27;[39m Got response with status 200: {"sessionId":"6fb6aaf1-6aba-4f75-b3b5-603450be3338","value":{"height":1794,"width":1080}}
&amp#27;[35m[Appium]&amp#27;[39m New AndroidUiautomator2Driver session created successfully, session 3be5c56b-9c46-4d6d-88be-a7723025e2c2 added to master session list
[debug] &amp#27;[35m[BaseDriver]&amp#27;[39m Event 'newSessionStarted' logged at 1647922738568 (09:48:58 GMT+0530 (India Standard Time))
[debug] &amp#27;[35m[W3C (3be5c56b)]&amp#27;[39m Cached the protocol value 'W3C' for the new session 3be5c56b-9c46-4d6d-88be-a7723025e2c2
[debug] &amp#27;[35m[W3C (3be5c56b)]&amp#27;[39m Responding to client with driver.createSession() result: {"capabilities":{"platform":"LINUX","webStorageEnabled":false,"takesScreenshot":true,"javascriptEnabled":true,"databaseEnabled":false,"networkConnectionEnabled":true,"locationContextEnabled":false,"warnings":{},"desired":{"platformName":"android","isHeadless":true,"app":"../AppiumCucumberProject/ApiDemos-debug.apk","appActivity":"io.appium.android.apis.ApiDemos","appPackage":"io.appium.android.apis","avdArgs":"-no-window","deviceName":"android","platformVersion":"8.1"},"platformName":"android","isHeadless":true,"app":"../AppiumCucumberProject/ApiDemos-debug.apk","appActivity":"io.appium.android.apis.ApiDemos","appPackage":"io.appium.android.apis","avdArgs":"-no-window","deviceName":"emulator-5554","platformVersion":"8.1.0","deviceUDID":"emulator-5554","deviceApiLevel":27,"deviceScreenSize":"1080x1920","deviceScreenDensity":420,"deviceModel":"Android SDK built for x86","deviceManufacturer":"Google","pixelRatio":2.625,"statBarHeight":63,"viewportRect":{"left":0,"top":63,"width":1080,"height":1731}}}
&amp#27;[35m[HTTP]&amp#27;[39m &amp#27;[37m<-- POST /wd/hub/session &amp#27;[39m&amp#27;[32m200&amp#27;[39m &amp#27;[90m6241 ms - 1073&amp#27;[39m
&amp#27;[35m[HTTP]&amp#27;[39m &amp#27;[90m&amp#27;[39m
&amp#27;[35m[HTTP]&amp#27;[39m &amp#27;[37m-->&amp#27;[39m &amp#27;[37mGET&amp#27;[39m &amp#27;[37m/wd/hub/session/3be5c56b-9c46-4d6d-88be-a7723025e2c2&amp#27;[39m
&amp#27;[35m[HTTP]&amp#27;[39m &amp#27;[90m{}&amp#27;[39m
[debug] &amp#27;[35m[W3C (3be5c56b)]&amp#27;[39m Calling AppiumDriver.getSession() with args: ["3be5c56b-9c46-4d6d-88be-a7723025e2c2"]
[debug] &amp#27;[35m[UiAutomator2]&amp#27;[39m Getting session details from server to mix in
[debug] &amp#27;[35m[WD Proxy]&amp#27;[39m Matched '/' to command name 'getSession'
[debug] &amp#27;[35m[WD Proxy]&amp#27;[39m Proxying [GET /] to [GET http://127.0.0.1:8200/wd/hub/session/6fb6aaf1-6aba-4f75-b3b5-603450be3338] with no body
[debug] &amp#27;[35m[WD Proxy]&amp#27;[39m Got response with status 200: {"sessionId":"6fb6aaf1-6aba-4f75-b3b5-603450be3338","value":{"lastScrollData":null}}
[debug] &amp#27;[35m[W3C (3be5c56b)]&amp#27;[39m Responding to client with driver.getSession() result: {"platform":"LINUX","webStorageEnabled":false,"takesScreenshot":true,"javascriptEnabled":true,"databaseEnabled":false,"networkConnectionEnabled":true,"locationContextEnabled":false,"warnings":{},"desired":{"platformName":"android","isHeadless":true,"app":"../AppiumCucumberProject/ApiDemos-debug.apk","appActivity":"io.appium.android.apis.ApiDemos","appPackage":"io.appium.android.apis","avdArgs":"-no-window","deviceName":"android","platformVersion":"8.1"},"platformName":"android","isHeadless":true,"app":"../AppiumCucumberProject/ApiDemos-debug.apk","appActivity":"io.appium.android.apis.ApiDemos","appPackage":"io.appium.android.apis","avdArgs":"-no-window","deviceName":"emulator-5554","platformVersion":"8.1.0","deviceUDID":"emulator-5554","deviceApiLevel":27,"deviceScreenSize":"1080x1920","deviceScreenDensity":420,"deviceModel":"Android SDK built for x86","deviceManufacturer":"Google","pixelRatio":2.625,"statBarHeight":63,"viewportRect":{"left":0,"top":63,"width":1080,"height":1731},"lastScrollData":null}
&amp#27;[35m[HTTP]&amp#27;[39m &amp#27;[37m<-- GET /wd/hub/session/3be5c56b-9c46-4d6d-88be-a7723025e2c2 &amp#27;[39m&amp#27;[32m200&amp#27;[39m &amp#27;[90m16 ms - 1027&amp#27;[39m
&amp#27;[35m[HTTP]&amp#27;[39m &amp#27;[90m&amp#27;[39m
&amp#27;[35m[HTTP]&amp#27;[39m &amp#27;[37m-->&amp#27;[39m &amp#27;[37mGET&amp#27;[39m &amp#27;[37m/wd/hub/session/3be5c56b-9c46-4d6d-88be-a7723025e2c2&amp#27;[39m
&amp#27;[35m[HTTP]&amp#27;[39m &amp#27;[90m{}&amp#27;[39m
[debug] &amp#27;[35m[W3C (3be5c56b)]&amp#27;[39m Calling AppiumDriver.getSession() with args: ["3be5c56b-9c46-4d6d-88be-a7723025e2c2"]
[debug] &amp#27;[35m[UiAutomator2]&amp#27;[39m Getting session details from server to mix in
[debug] &amp#27;[35m[WD Proxy]&amp#27;[39m Matched '/' to command name 'getSession'
[debug] &amp#27;[35m[WD Proxy]&amp#27;[39m Proxying [GET /] to [GET http://127.0.0.1:8200/wd/hub/session/6fb6aaf1-6aba-4f75-b3b5-603450be3338] with no body
[debug] &amp#27;[35m[WD Proxy]&amp#27;[39m Got response with status 200: {"sessionId":"6fb6aaf1-6aba-4f75-b3b5-603450be3338","value":{"lastScrollData":null}}
[debug] &amp#27;[35m[W3C (3be5c56b)]&amp#27;[39m Responding to client with driver.getSession() result: {"platform":"LINUX","webStorageEnabled":false,"takesScreenshot":true,"javascriptEnabled":true,"databaseEnabled":false,"networkConnectionEnabled":true,"locationContextEnabled":false,"warnings":{},"desired":{"platformName":"android","isHeadless":true,"app":"../AppiumCucumberProject/ApiDemos-debug.apk","appActivity":"io.appium.android.apis.ApiDemos","appPackage":"io.appium.android.apis","avdArgs":"-no-window","deviceName":"android","platformVersion":"8.1"},"platformName":"android","isHeadless":true,"app":"../AppiumCucumberProject/ApiDemos-debug.apk","appActivity":"io.appium.android.apis.ApiDemos","appPackage":"io.appium.android.apis","avdArgs":"-no-window","deviceName":"emulator-5554","platformVersion":"8.1.0","deviceUDID":"emulator-5554","deviceApiLevel":27,"deviceScreenSize":"1080x1920","deviceScreenDensity":420,"deviceModel":"Android SDK built for x86","deviceManufacturer":"Google","pixelRatio":2.625,"statBarHeight":63,"viewportRect":{"left":0,"top":63,"width":1080,"height":1731},"lastScrollData":null}
&amp#27;[35m[HTTP]&amp#27;[39m &amp#27;[37m<-- GET /wd/hub/session/3be5c56b-9c46-4d6d-88be-a7723025e2c2 &amp#27;[39m&amp#27;[32m200&amp#27;[39m &amp#27;[90m12 ms - 1027&amp#27;[39m
&amp#27;[35m[HTTP]&amp#27;[39m &amp#27;[90m&amp#27;[39m
&amp#27;[35m[HTTP]&amp#27;[39m &amp#27;[37m-->&amp#27;[39m &amp#27;[37mPOST&amp#27;[39m &amp#27;[37m/wd/hub/session/3be5c56b-9c46-4d6d-88be-a7723025e2c2/timeouts&amp#27;[39m
&amp#27;[35m[HTTP]&amp#27;[39m &amp#27;[90m{"implicit":20000}&amp#27;[39m
[debug] &amp#27;[35m[W3C (3be5c56b)]&amp#27;[39m Calling AppiumDriver.timeouts() with args: [null,null,null,null,20000,"3be5c56b-9c46-4d6d-88be-a7723025e2c2"]
[debug] &amp#27;[35m[BaseDriver]&amp#27;[39m W3C timeout argument: {"implicit":20000}}
[debug] &amp#27;[35m[BaseDriver]&amp#27;[39m Set implicit wait to 20000ms
[debug] &amp#27;[35m[W3C (3be5c56b)]&amp#27;[39m Responding to client with driver.timeouts() result: null
&amp#27;[35m[HTTP]&amp#27;[39m &amp#27;[37m<-- POST /wd/hub/session/3be5c56b-9c46-4d6d-88be-a7723025e2c2/timeouts &amp#27;[39m&amp#27;[32m200&amp#27;[39m &amp#27;[90m2 ms - 14&amp#27;[39m
&amp#27;[35m[HTTP]&amp#27;[39m &amp#27;[90m&amp#27;[39m
&amp#27;[35m[HTTP]&amp#27;[39m &amp#27;[37m-->&amp#27;[39m &amp#27;[37mGET&amp#27;[39m &amp#27;[37m/wd/hub/session/3be5c56b-9c46-4d6d-88be-a7723025e2c2&amp#27;[39m
&amp#27;[35m[HTTP]&amp#27;[39m &amp#27;[90m{}&amp#27;[39m
[debug] &amp#27;[35m[W3C (3be5c56b)]&amp#27;[39m Calling AppiumDriver.getSession() with args: ["3be5c56b-9c46-4d6d-88be-a7723025e2c2"]
[debug] &amp#27;[35m[UiAutomator2]&amp#27;[39m Getting session details from server to mix in
[debug] &amp#27;[35m[WD Proxy]&amp#27;[39m Matched '/' to command name 'getSession'
[debug] &amp#27;[35m[WD Proxy]&amp#27;[39m Proxying [GET /] to [GET http://127.0.0.1:8200/wd/hub/session/6fb6aaf1-6aba-4f75-b3b5-603450be3338] with no body
[debug] &amp#27;[35m[WD Proxy]&amp#27;[39m Got response with status 200: {"sessionId":"6fb6aaf1-6aba-4f75-b3b5-603450be3338","value":{"lastScrollData":null}}
[debug] &amp#27;[35m[W3C (3be5c56b)]&amp#27;[39m Responding to client with driver.getSession() result: {"platform":"LINUX","webStorageEnabled":false,"takesScreenshot":true,"javascriptEnabled":true,"databaseEnabled":false,"networkConnectionEnabled":true,"locationContextEnabled":false,"warnings":{},"desired":{"platformName":"android","isHeadless":true,"app":"../AppiumCucumberProject/ApiDemos-debug.apk","appActivity":"io.appium.android.apis.ApiDemos","appPackage":"io.appium.android.apis","avdArgs":"-no-window","deviceName":"android","platformVersion":"8.1"},"platformName":"android","isHeadless":true,"app":"../AppiumCucumberProject/ApiDemos-debug.apk","appActivity":"io.appium.android.apis.ApiDemos","appPackage":"io.appium.android.apis","avdArgs":"-no-window","deviceName":"emulator-5554","platformVersion":"8.1.0","deviceUDID":"emulator-5554","deviceApiLevel":27,"deviceScreenSize":"1080x1920","deviceScreenDensity":420,"deviceModel":"Android SDK built for x86","deviceManufacturer":"Google","pixelRatio":2.625,"statBarHeight":63,"viewportRect":{"left":0,"top":63,"width":1080,"height":1731},"lastScrollData":null}
&amp#27;[35m[HTTP]&amp#27;[39m &amp#27;[37m<-- GET /wd/hub/session/3be5c56b-9c46-4d6d-88be-a7723025e2c2 &amp#27;[39m&amp#27;[32m200&amp#27;[39m &amp#27;[90m12 ms - 1027&amp#27;[39m
&amp#27;[35m[HTTP]&amp#27;[39m &amp#27;[90m&amp#27;[39m
&amp#27;[35m[HTTP]&amp#27;[39m &amp#27;[37m-->&amp#27;[39m &amp#27;[37mGET&amp#27;[39m &amp#27;[37m/wd/hub/session/3be5c56b-9c46-4d6d-88be-a7723025e2c2&amp#27;[39m
&amp#27;[35m[HTTP]&amp#27;[39m &amp#27;[90m{}&amp#27;[39m
[debug] &amp#27;[35m[W3C (3be5c56b)]&amp#27;[39m Calling AppiumDriver.getSession() with args: ["3be5c56b-9c46-4d6d-88be-a7723025e2c2"]
[debug] &amp#27;[35m[UiAutomator2]&amp#27;[39m Getting session details from server to mix in
[debug] &amp#27;[35m[WD Proxy]&amp#27;[39m Matched '/' to command name 'getSession'
[debug] &amp#27;[35m[WD Proxy]&amp#27;[39m Proxying [GET /] to [GET http://127.0.0.1:8200/wd/hub/session/6fb6aaf1-6aba-4f75-b3b5-603450be3338] with no body
[debug] &amp#27;[35m[WD Proxy]&amp#27;[39m Got response with status 200: {"sessionId":"6fb6aaf1-6aba-4f75-b3b5-603450be3338","value":{"lastScrollData":null}}
[debug] &amp#27;[35m[W3C (3be5c56b)]&amp#27;[39m Responding to client with driver.getSession() result: {"platform":"LINUX","webStorageEnabled":false,"takesScreenshot":true,"javascriptEnabled":true,"databaseEnabled":false,"networkConnectionEnabled":true,"locationContextEnabled":false,"warnings":{},"desired":{"platformName":"android","isHeadless":true,"app":"../AppiumCucumberProject/ApiDemos-debug.apk","appActivity":"io.appium.android.apis.ApiDemos","appPackage":"io.appium.android.apis","avdArgs":"-no-window","deviceName":"android","platformVersion":"8.1"},"platformName":"android","isHeadless":true,"app":"../AppiumCucumberProject/ApiDemos-debug.apk","appActivity":"io.appium.android.apis.ApiDemos","appPackage":"io.appium.android.apis","avdArgs":"-no-window","deviceName":"emulator-5554","platformVersion":"8.1.0","deviceUDID":"emulator-5554","deviceApiLevel":27,"deviceScreenSize":"1080x1920","deviceScreenDensity":420,"deviceModel":"Android SDK built for x86","deviceManufacturer":"Google","pixelRatio":2.625,"statBarHeight":63,"viewportRect":{"left":0,"top":63,"width":1080,"height":1731},"lastScrollData":null}
&amp#27;[35m[HTTP]&amp#27;[39m &amp#27;[37m<-- GET /wd/hub/session/3be5c56b-9c46-4d6d-88be-a7723025e2c2 &amp#27;[39m&amp#27;[32m200&amp#27;[39m &amp#27;[90m13 ms - 1027&amp#27;[39m
&amp#27;[35m[HTTP]&amp#27;[39m &amp#27;[90m&amp#27;[39m
&amp#27;[35m[HTTP]&amp#27;[39m &amp#27;[37m-->&amp#27;[39m &amp#27;[37mGET&amp#27;[39m &amp#27;[37m/wd/hub/session/3be5c56b-9c46-4d6d-88be-a7723025e2c2&amp#27;[39m
&amp#27;[35m[HTTP]&amp#27;[39m &amp#27;[90m{}&amp#27;[39m
[debug] &amp#27;[35m[W3C (3be5c56b)]&amp#27;[39m Calling AppiumDriver.getSession() with args: ["3be5c56b-9c46-4d6d-88be-a7723025e2c2"]
[debug] &amp#27;[35m[UiAutomator2]&amp#27;[39m Getting session details from server to mix in
[debug] &amp#27;[35m[WD Proxy]&amp#27;[39m Matched '/' to command name 'getSession'
[debug] &amp#27;[35m[WD Proxy]&amp#27;[39m Proxying [GET /] to [GET http://127.0.0.1:8200/wd/hub/session/6fb6aaf1-6aba-4f75-b3b5-603450be3338] with no body
[debug] &amp#27;[35m[WD Proxy]&amp#27;[39m Got response with status 200: {"sessionId":"6fb6aaf1-6aba-4f75-b3b5-603450be3338","value":{"lastScrollData":null}}
[debug] &amp#27;[35m[W3C (3be5c56b)]&amp#27;[39m Responding to client with driver.getSession() result: {"platform":"LINUX","webStorageEnabled":false,"takesScreenshot":true,"javascriptEnabled":true,"databaseEnabled":false,"networkConnectionEnabled":true,"locationContextEnabled":false,"warnings":{},"desired":{"platformName":"android","isHeadless":true,"app":"../AppiumCucumberProject/ApiDemos-debug.apk","appActivity":"io.appium.android.apis.ApiDemos","appPackage":"io.appium.android.apis","avdArgs":"-no-window","deviceName":"android","platformVersion":"8.1"},"platformName":"android","isHeadless":true,"app":"../AppiumCucumberProject/ApiDemos-debug.apk","appActivity":"io.appium.android.apis.ApiDemos","appPackage":"io.appium.android.apis","avdArgs":"-no-window","deviceName":"emulator-5554","platformVersion":"8.1.0","deviceUDID":"emulator-5554","deviceApiLevel":27,"deviceScreenSize":"1080x1920","deviceScreenDensity":420,"deviceModel":"Android SDK built for x86","deviceManufacturer":"Google","pixelRatio":2.625,"statBarHeight":63,"viewportRect":{"left":0,"top":63,"width":1080,"height":1731},"lastScrollData":null}
&amp#27;[35m[HTTP]&amp#27;[39m &amp#27;[37m<-- GET /wd/hub/session/3be5c56b-9c46-4d6d-88be-a7723025e2c2 &amp#27;[39m&amp#27;[32m200&amp#27;[39m &amp#27;[90m13 ms - 1027&amp#27;[39m
&amp#27;[35m[HTTP]&amp#27;[39m &amp#27;[90m&amp#27;[39m
&amp#27;[35m[HTTP]&amp#27;[39m &amp#27;[37m-->&amp#27;[39m &amp#27;[37mPOST&amp#27;[39m &amp#27;[37m/wd/hub/session/3be5c56b-9c46-4d6d-88be-a7723025e2c2/element&amp#27;[39m
&amp#27;[35m[HTTP]&amp#27;[39m &amp#27;[90m{"using":"xpath","value":"//android.widget.TextView[@content-desc=\"Animation\"]"}&amp#27;[39m
[debug] &amp#27;[35m[W3C (3be5c56b)]&amp#27;[39m Calling AppiumDriver.findElement() with args: ["xpath","//android.widget.TextView[@content-desc=\"Animation\"]","3be5c56b-9c46-4d6d-88be-a7723025e2c2"]
[debug] &amp#27;[35m[BaseDriver]&amp#27;[39m Valid locator strategies for this request: xpath, id, class name, accessibility id, css selector, -android uiautomator
[debug] &amp#27;[35m[BaseDriver]&amp#27;[39m Waiting up to 20000 ms for condition
[debug] &amp#27;[35m[WD Proxy]&amp#27;[39m Matched '/element' to command name 'findElement'
[debug] &amp#27;[35m[WD Proxy]&amp#27;[39m Proxying [POST /element] to [POST http://127.0.0.1:8200/wd/hub/session/6fb6aaf1-6aba-4f75-b3b5-603450be3338/element] with body: {"strategy":"xpath","selector":"//android.widget.TextView[@content-desc=\"Animation\"]","context":"","multiple":false}
[debug] &amp#27;[35m[WD Proxy]&amp#27;[39m Got response with status 200: {"sessionId":"6fb6aaf1-6aba-4f75-b3b5-603450be3338","value":{"ELEMENT":"00000000-0000-0074-ffff-ffff00000006","element-6066-11e4-a52e-4f735466cecf":"00000000-0000-0074-ffff-ffff00000006"}}
[debug] &amp#27;[35m[W3C (3be5c56b)]&amp#27;[39m Responding to client with driver.findElement() result: {"element-6066-11e4-a52e-4f735466cecf":"00000000-0000-0074-ffff-ffff00000006","ELEMENT":"00000000-0000-0074-ffff-ffff00000006"}
&amp#27;[35m[HTTP]&amp#27;[39m &amp#27;[37m<-- POST /wd/hub/session/3be5c56b-9c46-4d6d-88be-a7723025e2c2/element &amp#27;[39m&amp#27;[32m200&amp#27;[39m &amp#27;[90m985 ms - 137&amp#27;[39m
&amp#27;[35m[HTTP]&amp#27;[39m &amp#27;[90m&amp#27;[39m
&amp#27;[35m[HTTP]&amp#27;[39m &amp#27;[37m-->&amp#27;[39m &amp#27;[37mPOST&amp#27;[39m &amp#27;[37m/wd/hub/session/3be5c56b-9c46-4d6d-88be-a7723025e2c2/element/00000000-0000-0074-ffff-ffff00000006/click&amp#27;[39m
&amp#27;[35m[HTTP]&amp#27;[39m &amp#27;[90m{"id":"00000000-0000-0074-ffff-ffff00000006"}&amp#27;[39m
[debug] &amp#27;[35m[W3C (3be5c56b)]&amp#27;[39m Calling AppiumDriver.click() with args: ["00000000-0000-0074-ffff-ffff00000006","3be5c56b-9c46-4d6d-88be-a7723025e2c2"]
[debug] &amp#27;[35m[WD Proxy]&amp#27;[39m Matched '/element/00000000-0000-0074-ffff-ffff00000006/click' to command name 'click'
[debug] &amp#27;[35m[WD Proxy]&amp#27;[39m Proxying [POST /element/00000000-0000-0074-ffff-ffff00000006/click] to [POST http://127.0.0.1:8200/wd/hub/session/6fb6aaf1-6aba-4f75-b3b5-603450be3338/element/00000000-0000-0074-ffff-ffff00000006/click] with body: {"element":"00000000-0000-0074-ffff-ffff00000006"}
[debug] &amp#27;[35m[WD Proxy]&amp#27;[39m Got response with status 200: {"sessionId":"6fb6aaf1-6aba-4f75-b3b5-603450be3338","value":null}
[debug] &amp#27;[35m[W3C (3be5c56b)]&amp#27;[39m Responding to client with driver.click() result: null
&amp#27;[35m[HTTP]&amp#27;[39m &amp#27;[37m<-- POST /wd/hub/session/3be5c56b-9c46-4d6d-88be-a7723025e2c2/element/00000000-0000-0074-ffff-ffff00000006/click &amp#27;[39m&amp#27;[32m200&amp#27;[39m &amp#27;[90m33 ms - 14&amp#27;[39m
&amp#27;[35m[HTTP]&amp#27;[39m &amp#27;[90m&amp#27;[39m
[INFO ] 2022-03-22 09:48:59.738 [main] HideShowButton - user is in homepage and click in the Animation
&amp#27;[35m[HTTP]&amp#27;[39m &amp#27;[37m-->&amp#27;[39m &amp#27;[37mGET&amp#27;[39m &amp#27;[37m/wd/hub/session/3be5c56b-9c46-4d6d-88be-a7723025e2c2/screenshot&amp#27;[39m
&amp#27;[35m[HTTP]&amp#27;[39m &amp#27;[90m{}&amp#27;[39m
[debug] &amp#27;[35m[W3C (3be5c56b)]&amp#27;[39m Calling AppiumDriver.getScreenshot() with args: ["3be5c56b-9c46-4d6d-88be-a7723025e2c2"]
[debug] &amp#27;[35m[WD Proxy]&amp#27;[39m Matched '/screenshot' to command name 'getScreenshot'
[debug] &amp#27;[35m[WD Proxy]&amp#27;[39m Proxying [GET /screenshot] to [GET http://127.0.0.1:8200/wd/hub/session/6fb6aaf1-6aba-4f75-b3b5-603450be3338/screenshot] with no body
[debug] &amp#27;[35m[WD Proxy]&amp#27;[39m Got response with status 200: {"sessionId":"6fb6aaf1-6aba-4f75-b3b5-603450be3338","value":"iVBORw0KGgoAAAANSUhEUgAABDgAAAeACAYAAAArYecKAAAABHNCSVQICAgIfAhkiAAAIABJREFU\neJzs3Xd0VNXaBvDnTEmbVEgDUiQBAklAQSmJSJcEKYaWIFggFAtKEcV2ISDoRVFQ6UZE4XLVUASl\nC0gzYAPxklClhRAgIZ20ad8fWTMfYc4kk8nMJBOe31os15yy954U5Dyz97sFAFoQEREREREREdkx\nSX0PgIiIiIiIiIiorhhwEBEREREREZHdY8BBRERERERERHaPAQcRERERERER2T0GHERERERERERk\n9xhwEBEREREREZHdY8BBRERERERERHaPAQcRERERERER2T1ZfQ+AbEcQBCgUCkRERCA2NhYDBgxA\nYGCg6LVarRZpaWnYsmULDhw4gIsXL6KiogJardbGoyYiIiIiIiKqmQCAT6yNmCAIAICwsDB88MEH\nePjhhwEAEolpk3d0gYZKpcKOHTvwzjvvIC8vj0EHERERERERNSj3dcAhCAJkMhlkMvGJLFqtFiqV\nCiqVysYjswxBEBAaGoodO3bAxcXF5FCjOmq1Gjk5OXj44Yeh0WgsMErbEwQBEokEDg4OZt2v1WpR\nUVFhl+9f997vpVar62E0RERERERElnPfLlHRLdfo1KkTvL29Ra9Rq9W4du0aTp48aXchh4eHB9as\nWYMuXbpYJNjQkUql8PHxQbdu3ZCammqxdm1FEAQ4OjqiTZs2aNWqlVltKJVKXLx4EdnZ2cjNzW3Q\nPxuCIOiDPKlUCplMBoVCAZlMBkEQoNVqoVarUVhYCI1GA7VaDZVKZZfhDREREVlOREQE3N3dUVhY\niLS0tPoeDjUyOTk5Jl1n7DmNyJj7NuCQyWTo1KkTvv3222qvu3btGkaMGIGrV6/aaGR1IwgCunfv\nji+//BIKhcJqfUydOhVHjx7V...
[debug] &amp#27;[35m[W3C (3be5c56b)]&amp#27;[39m Responding to client with driver.getScreenshot() result: "iVBORw0KGgoAAAANSUhEUgAABDgAAAeACAYAAAArYecKAAAABHNCSVQICAgIfAhkiAAAIABJREFU\neJzs3Xd0VNXaBvDnTEmbVEgDUiQBAklAQSmJSJcEKYaWIFggFAtKEcV2ISDoRVFQ6UZE4XLVUASl\nC0gzYAPxklClhRAgIZ20ad8fWTMfYc4kk8nMJBOe31os15yy954U5Dyz97sFAFoQEREREREREdkx\nSX0PgIiIiIiIiIiorhhwEBEREREREZHdY8BBRERERERERHaPAQcRERERERER2T0GHERERERERERk\n9xhwEBEREREREZHdY8BBRERERERERHaPAQcRERERERER2T1ZfQ+AbEcQBCgUCkRERCA2NhYDBgxA\nYGCg6LVarRZpaWnYsmULDhw4gIsXL6KiogJardbGoyYiIiIiIiKqmQCAT6yNmCAIAICwsDB88MEH\nePjhhwEAEolpk3d0gYZKpcKOHTvwzjvvIC8vj0EHERERERERNSj3dcAhCAJkMhlkMvGJLFqtFiqV\nCiqVysYjswxBEBAaGoodO3bAxcXF5FCjOmq1Gjk5OXj44Yeh0WgsMErbEwQBEokEDg4OZt2v1WpR\nUVFhl+9f997vpVar62E0RERERERElnPfLlHRLdfo1KkTvL29Ra9Rq9W4du0aTp48aXchh4eHB9as\nWYMuXbpYJNjQkUql8PHxQbdu3ZCammqxdm1FEAQ4OjqiTZs2aNWqlVltKJVKXLx4EdnZ2cjNzW3Q\nPxuCIOiDPKlUCplMBoVCAZlMBkEQoNVqoVarUVhYCI1GA7VaDZVKZZfhDREREVlOREQE3N3dUVhY\niLS0tPoeDjUyOTk5Jl1n7DmNyJj7NuCQyWTo1KkTvv3222qvu3btGkaMGIGrV6/aaGR1IwgCunfv\nji+//BIKhcJqfUydOhVHjx7VL1XRPSw3ZLpwo0uXLliwYAEeeOABs9sqLy/H4cOHsXDhQvzvf/+z\n3CAtRB...
&amp#27;[35m[HTTP]&amp#27;[39m &amp#27;[37m<-- GET /wd/hub/session/3be5c56b-9c46-4d6d-88be-a7723025e2c2/screenshot &amp#27;[39m&amp#27;[32m200&amp#27;[39m &amp#27;[90m295 ms - 97686&amp#27;[39m
&amp#27;[35m[HTTP]&amp#27;[39m &amp#27;[90m&amp#27;[39m
&amp#27;[35m[HTTP]&amp#27;[39m &amp#27;[37m-->&amp#27;[39m &amp#27;[37mGET&amp#27;[39m &amp#27;[37m/wd/hub/session/3be5c56b-9c46-4d6d-88be-a7723025e2c2&amp#27;[39m
&amp#27;[35m[HTTP]&amp#27;[39m &amp#27;[90m{}&amp#27;[39m
[debug] &amp#27;[35m[W3C (3be5c56b)]&amp#27;[39m Calling AppiumDriver.getSession() with args: ["3be5c56b-9c46-4d6d-88be-a7723025e2c2"]
[debug] &amp#27;[35m[UiAutomator2]&amp#27;[39m Getting session details from server to mix in
[debug] &amp#27;[35m[WD Proxy]&amp#27;[39m Matched '/' to command name 'getSession'
[debug] &amp#27;[35m[WD Proxy]&amp#27;[39m Proxying [GET /] to [GET http://127.0.0.1:8200/wd/hub/session/6fb6aaf1-6aba-4f75-b3b5-603450be3338] with no body
[debug] &amp#27;[35m[WD Proxy]&amp#27;[39m Got response with status 200: {"sessionId":"6fb6aaf1-6aba-4f75-b3b5-603450be3338","value":{"lastScrollData":null}}
[debug] &amp#27;[35m[W3C (3be5c56b)]&amp#27;[39m Responding to client with driver.getSession() result: {"platform":"LINUX","webStorageEnabled":false,"takesScreenshot":true,"javascriptEnabled":true,"databaseEnabled":false,"networkConnectionEnabled":true,"locationContextEnabled":false,"warnings":{},"desired":{"platformName":"android","isHeadless":true,"app":"../AppiumCucumberProject/ApiDemos-debug.apk","appActivity":"io.appium.android.apis.ApiDemos","appPackage":"io.appium.android.apis","avdArgs":"-no-window","deviceName":"android","platformVersion":"8.1"},"platformName":"android","isHeadless":true,"app":"../AppiumCucumberProject/ApiDemos-debug.apk","appActivity":"io.appium.android.apis.ApiDemos","appPackage":"io.appium.android.apis","avdArgs":"-no-window","deviceName":"emulator-5554","platformVersion":"8.1.0","deviceUDID":"emulator-5554","deviceApiLevel":27,"deviceScreenSize":"1080x1920","deviceScreenDensity":420,"deviceModel":"Android SDK built for x86","deviceManufacturer":"Google","pixelRatio":2.625,"statBarHeight":63,"viewportRect":{"left":0,"top":63,"width":1080,"height":1731},"lastScrollData":null}
&amp#27;[35m[HTTP]&amp#27;[39m &amp#27;[37m<-- GET /wd/hub/session/3be5c56b-9c46-4d6d-88be-a7723025e2c2 &amp#27;[39m&amp#27;[32m200&amp#27;[39m &amp#27;[90m13 ms - 1027&amp#27;[39m
&amp#27;[35m[HTTP]&amp#27;[39m &amp#27;[90m&amp#27;[39m
&amp#27;[35m[HTTP]&amp#27;[39m &amp#27;[37m-->&amp#27;[39m &amp#27;[37mPOST&amp#27;[39m &amp#27;[37m/wd/hub/session/3be5c56b-9c46-4d6d-88be-a7723025e2c2/element&amp#27;[39m
&amp#27;[35m[HTTP]&amp#27;[39m &amp#27;[90m{"using":"xpath","value":"//android.widget.TextView[@content-desc=\"Hide-Show Animations\"]"}&amp#27;[39m
[debug] &amp#27;[35m[W3C (3be5c56b)]&amp#27;[39m Calling AppiumDriver.findElement() with args: ["xpath","//android.widget.TextView[@content-desc=\"Hide-Show Animations\"]","3be5c56b-9c46-4d6d-88be-a7723025e2c2"]
[debug] &amp#27;[35m[BaseDriver]&amp#27;[39m Valid locator strategies for this request: xpath, id, class name, accessibility id, css selector, -android uiautomator
[debug] &amp#27;[35m[BaseDriver]&amp#27;[39m Waiting up to 20000 ms for condition
[debug] &amp#27;[35m[WD Proxy]&amp#27;[39m Matched '/element' to command name 'findElement'
[debug] &amp#27;[35m[WD Proxy]&amp#27;[39m Proxying [POST /element] to [POST http://127.0.0.1:8200/wd/hub/session/6fb6aaf1-6aba-4f75-b3b5-603450be3338/element] with body: {"strategy":"xpath","selector":"//android.widget.TextView[@content-desc=\"Hide-Show Animations\"]","context":"","multiple":false}
[debug] &amp#27;[35m[WD Proxy]&amp#27;[39m Got response with status 200: {"sessionId":"6fb6aaf1-6aba-4f75-b3b5-603450be3338","value":{"ELEMENT":"00000000-0000-0075-ffff-ffff0000001c","element-6066-11e4-a52e-4f735466cecf":"00000000-0000-0075-ffff-ffff0000001c"}}
[debug] &amp#27;[35m[W3C (3be5c56b)]&amp#27;[39m Responding to client with driver.findElement() result: {"element-6066-11e4-a52e-4f735466cecf":"00000000-0000-0075-ffff-ffff0000001c","ELEMENT":"00000000-0000-0075-ffff-ffff0000001c"}
&amp#27;[35m[HTTP]&amp#27;[39m &amp#27;[37m<-- POST /wd/hub/session/3be5c56b-9c46-4d6d-88be-a7723025e2c2/element &amp#27;[39m&amp#27;[32m200&amp#27;[39m &amp#27;[90m860 ms - 137&amp#27;[39m
&amp#27;[35m[HTTP]&amp#27;[39m &amp#27;[90m&amp#27;[39m
&amp#27;[35m[HTTP]&amp#27;[39m &amp#27;[37m-->&amp#27;[39m &amp#27;[37mPOST&amp#27;[39m &amp#27;[37m/wd/hub/session/3be5c56b-9c46-4d6d-88be-a7723025e2c2/element/00000000-0000-0075-ffff-ffff0000001c/click&amp#27;[39m
&amp#27;[35m[HTTP]&amp#27;[39m &amp#27;[90m{"id":"00000000-0000-0075-ffff-ffff0000001c"}&amp#27;[39m
[debug] &amp#27;[35m[W3C (3be5c56b)]&amp#27;[39m Calling AppiumDriver.click() with args: ["00000000-0000-0075-ffff-ffff0000001c","3be5c56b-9c46-4d6d-88be-a7723025e2c2"]
[debug] &amp#27;[35m[WD Proxy]&amp#27;[39m Matched '/element/00000000-0000-0075-ffff-ffff0000001c/click' to command name 'click'
[debug] &amp#27;[35m[WD Proxy]&amp#27;[39m Proxying [POST /element/00000000-0000-0075-ffff-ffff0000001c/click] to [POST http://127.0.0.1:8200/wd/hub/session/6fb6aaf1-6aba-4f75-b3b5-603450be3338/element/00000000-0000-0075-ffff-ffff0000001c/click] with body: {"element":"00000000-0000-0075-ffff-ffff0000001c"}
[debug] &amp#27;[35m[WD Proxy]&amp#27;[39m Got response with status 200: {"sessionId":"6fb6aaf1-6aba-4f75-b3b5-603450be3338","value":null}
[debug] &amp#27;[35m[W3C (3be5c56b)]&amp#27;[39m Responding to client with driver.click() result: null
&amp#27;[35m[HTTP]&amp#27;[39m &amp#27;[37m<-- POST /wd/hub/session/3be5c56b-9c46-4d6d-88be-a7723025e2c2/element/00000000-0000-0075-ffff-ffff0000001c/click &amp#27;[39m&amp#27;[32m200&amp#27;[39m &amp#27;[90m1166 ms - 14&amp#27;[39m
&amp#27;[35m[HTTP]&amp#27;[39m &amp#27;[90m&amp#27;[39m
[INFO ] 2022-03-22 09:49:02.159 [main] HideShowButton - user click in the hide-show button
&amp#27;[35m[HTTP]&amp#27;[39m &amp#27;[37m-->&amp#27;[39m &amp#27;[37mGET&amp#27;[39m &amp#27;[37m/wd/hub/session/3be5c56b-9c46-4d6d-88be-a7723025e2c2&amp#27;[39m
&amp#27;[35m[HTTP]&amp#27;[39m &amp#27;[90m{}&amp#27;[39m
[debug] &amp#27;[35m[W3C (3be5c56b)]&amp#27;[39m Calling AppiumDriver.getSession() with args: ["3be5c56b-9c46-4d6d-88be-a7723025e2c2"]
[debug] &amp#27;[35m[UiAutomator2]&amp#27;[39m Getting session details from server to mix in
[debug] &amp#27;[35m[WD Proxy]&amp#27;[39m Matched '/' to command name 'getSession'
[debug] &amp#27;[35m[WD Proxy]&amp#27;[39m Proxying [GET /] to [GET http://127.0.0.1:8200/wd/hub/session/6fb6aaf1-6aba-4f75-b3b5-603450be3338] with no body
[debug] &amp#27;[35m[WD Proxy]&amp#27;[39m Got response with status 200: {"sessionId":"6fb6aaf1-6aba-4f75-b3b5-603450be3338","value":{"lastScrollData":null}}
[debug] &amp#27;[35m[W3C (3be5c56b)]&amp#27;[39m Responding to client with driver.getSession() result: {"platform":"LINUX","webStorageEnabled":false,"takesScreenshot":true,"javascriptEnabled":true,"databaseEnabled":false,"networkConnectionEnabled":true,"locationContextEnabled":false,"warnings":{},"desired":{"platformName":"android","isHeadless":true,"app":"../AppiumCucumberProject/ApiDemos-debug.apk","appActivity":"io.appium.android.apis.ApiDemos","appPackage":"io.appium.android.apis","avdArgs":"-no-window","deviceName":"android","platformVersion":"8.1"},"platformName":"android","isHeadless":true,"app":"../AppiumCucumberProject/ApiDemos-debug.apk","appActivity":"io.appium.android.apis.ApiDemos","appPackage":"io.appium.android.apis","avdArgs":"-no-window","deviceName":"emulator-5554","platformVersion":"8.1.0","deviceUDID":"emulator-5554","deviceApiLevel":27,"deviceScreenSize":"1080x1920","deviceScreenDensity":420,"deviceModel":"Android SDK built for x86","deviceManufacturer":"Google","pixelRatio":2.625,"statBarHeight":63,"viewportRect":{"left":0,"top":63,"width":1080,"height":1731},"lastScrollData":null}
&amp#27;[35m[HTTP]&amp#27;[39m &amp#27;[37m<-- GET /wd/hub/session/3be5c56b-9c46-4d6d-88be-a7723025e2c2 &amp#27;[39m&amp#27;[32m200&amp#27;[39m &amp#27;[90m12 ms - 1027&amp#27;[39m
&amp#27;[35m[HTTP]&amp#27;[39m &amp#27;[90m&amp#27;[39m
&amp#27;[35m[HTTP]&amp#27;[39m &amp#27;[37m-->&amp#27;[39m &amp#27;[37mPOST&amp#27;[39m &amp#27;[37m/wd/hub/session/3be5c56b-9c46-4d6d-88be-a7723025e2c2/element&amp#27;[39m
&amp#27;[35m[HTTP]&amp#27;[39m &amp#27;[90m{"using":"xpath","value":"/hierarchy/android.widget.FrameLayout/android.view.ViewGroup/android.widget.FrameLayout[2]/android.widget.LinearLayout/android.widget.LinearLayout[3]/android.widget.Button[2]"}&amp#27;[39m
[debug] &amp#27;[35m[W3C (3be5c56b)]&amp#27;[39m Calling AppiumDriver.findElement() with args: ["xpath","/hierarchy/android.widget.FrameLayout/android.view.ViewGroup/android.widget.FrameLayout[2]/android.widget.LinearLayout/android.widget.LinearLayout[3]/android.widget.Button[2]","3be5c56b-9c46-4d6d-88be-a7723025e2c2"]
[debug] &amp#27;[35m[BaseDriver]&amp#27;[39m Valid locator strategies for this request: xpath, id, class name, accessibility id, css selector, -android uiautomator
[debug] &amp#27;[35m[BaseDriver]&amp#27;[39m Waiting up to 20000 ms for condition
[debug] &amp#27;[35m[WD Proxy]&amp#27;[39m Matched '/element' to command name 'findElement'
[debug] &amp#27;[35m[WD Proxy]&amp#27;[39m Proxying [POST /element] to [POST http://127.0.0.1:8200/wd/hub/session/6fb6aaf1-6aba-4f75-b3b5-603450be3338/element] with body: {"strategy":"xpath","selector":"/hierarchy/android.widget.FrameLayout/android.view.ViewGroup/android.widget.FrameLayout[2]/android.widget.LinearLayout/android.widget.LinearLayout[3]/android.widget.Button[2]","context":"","multiple":false}
[debug] &amp#27;[35m[WD Proxy]&amp#27;[39m Got response with status 200: {"sessionId":"6fb6aaf1-6aba-4f75-b3b5-603450be3338","value":{"ELEMENT":"00000000-0000-0076-ffff-ffff00000031","element-6066-11e4-a52e-4f735466cecf":"00000000-0000-0076-ffff-ffff00000031"}}
[debug] &amp#27;[35m[W3C (3be5c56b)]&amp#27;[39m Responding to client with driver.findElement() result: {"element-6066-11e4-a52e-4f735466cecf":"00000000-0000-0076-ffff-ffff00000031","ELEMENT":"00000000-0000-0076-ffff-ffff00000031"}
&amp#27;[35m[HTTP]&amp#27;[39m &amp#27;[37m<-- POST /wd/hub/session/3be5c56b-9c46-4d6d-88be-a7723025e2c2/element &amp#27;[39m&amp#27;[32m200&amp#27;[39m &amp#27;[90m63 ms - 137&amp#27;[39m
&amp#27;[35m[HTTP]&amp#27;[39m &amp#27;[90m&amp#27;[39m
&amp#27;[35m[HTTP]&amp#27;[39m &amp#27;[37m-->&amp#27;[39m &amp#27;[37mPOST&amp#27;[39m &amp#27;[37m/wd/hub/session/3be5c56b-9c46-4d6d-88be-a7723025e2c2/element/00000000-0000-0076-ffff-ffff00000031/click&amp#27;[39m
&amp#27;[35m[HTTP]&amp#27;[39m &amp#27;[90m{"id":"00000000-0000-0076-ffff-ffff00000031"}&amp#27;[39m
[debug] &amp#27;[35m[W3C (3be5c56b)]&amp#27;[39m Calling AppiumDriver.click() with args: ["00000000-0000-0076-ffff-ffff00000031","3be5c56b-9c46-4d6d-88be-a7723025e2c2"]
[debug] &amp#27;[35m[WD Proxy]&amp#27;[39m Matched '/element/00000000-0000-0076-ffff-ffff00000031/click' to command name 'click'
[debug] &amp#27;[35m[WD Proxy]&amp#27;[39m Proxying [POST /element/00000000-0000-0076-ffff-ffff00000031/click] to [POST http://127.0.0.1:8200/wd/hub/session/6fb6aaf1-6aba-4f75-b3b5-603450be3338/element/00000000-0000-0076-ffff-ffff00000031/click] with body: {"element":"00000000-0000-0076-ffff-ffff00000031"}
[debug] &amp#27;[35m[WD Proxy]&amp#27;[39m Got response with status 200: {"sessionId":"6fb6aaf1-6aba-4f75-b3b5-603450be3338","value":null}
[debug] &amp#27;[35m[W3C (3be5c56b)]&amp#27;[39m Responding to client with driver.click() result: null
&amp#27;[35m[HTTP]&amp#27;[39m &amp#27;[37m<-- POST /wd/hub/session/3be5c56b-9c46-4d6d-88be-a7723025e2c2/element/00000000-0000-0076-ffff-ffff00000031/click &amp#27;[39m&amp#27;[32m200&amp#27;[39m &amp#27;[90m20 ms - 14&amp#27;[39m
&amp#27;[35m[HTTP]&amp#27;[39m &amp#27;[90m&amp#27;[39m
&amp#27;[35m[HTTP]&amp#27;[39m &amp#27;[37m-->&amp#27;[39m &amp#27;[37mGET&amp#27;[39m &amp#27;[37m/wd/hub/session/3be5c56b-9c46-4d6d-88be-a7723025e2c2&amp#27;[39m
&amp#27;[35m[HTTP]&amp#27;[39m &amp#27;[90m{}&amp#27;[39m
[debug] &amp#27;[35m[W3C (3be5c56b)]&amp#27;[39m Calling AppiumDriver.getSession() with args: ["3be5c56b-9c46-4d6d-88be-a7723025e2c2"]
[debug] &amp#27;[35m[UiAutomator2]&amp#27;[39m Getting session details from server to mix in
[debug] &amp#27;[35m[WD Proxy]&amp#27;[39m Matched '/' to command name 'getSession'
[debug] &amp#27;[35m[WD Proxy]&amp#27;[39m Proxying [GET /] to [GET http://127.0.0.1:8200/wd/hub/session/6fb6aaf1-6aba-4f75-b3b5-603450be3338] with no body
[debug] &amp#27;[35m[WD Proxy]&amp#27;[39m Got response with status 200: {"sessionId":"6fb6aaf1-6aba-4f75-b3b5-603450be3338","value":{"lastScrollData":null}}
[debug] &amp#27;[35m[W3C (3be5c56b)]&amp#27;[39m Responding to client with driver.getSession() result: {"platform":"LINUX","webStorageEnabled":false,"takesScreenshot":true,"javascriptEnabled":true,"databaseEnabled":false,"networkConnectionEnabled":true,"locationContextEnabled":false,"warnings":{},"desired":{"platformName":"android","isHeadless":true,"app":"../AppiumCucumberProject/ApiDemos-debug.apk","appActivity":"io.appium.android.apis.ApiDemos","appPackage":"io.appium.android.apis","avdArgs":"-no-window","deviceName":"android","platformVersion":"8.1"},"platformName":"android","isHeadless":true,"app":"../AppiumCucumberProject/ApiDemos-debug.apk","appActivity":"io.appium.android.apis.ApiDemos","appPackage":"io.appium.android.apis","avdArgs":"-no-window","deviceName":"emulator-5554","platformVersion":"8.1.0","deviceUDID":"emulator-5554","deviceApiLevel":27,"deviceScreenSize":"1080x1920","deviceScreenDensity":420,"deviceModel":"Android SDK built for x86","deviceManufacturer":"Google","pixelRatio":2.625,"statBarHeight":63,"viewportRect":{"left":0,"top":63,"width":1080,"height":1731},"lastScrollData":null}
&amp#27;[35m[HTTP]&amp#27;[39m &amp#27;[37m<-- GET /wd/hub/session/3be5c56b-9c46-4d6d-88be-a7723025e2c2 &amp#27;[39m&amp#27;[32m200&amp#27;[39m &amp#27;[90m18 ms - 1027&amp#27;[39m
&amp#27;[35m[HTTP]&amp#27;[39m &amp#27;[90m&amp#27;[39m
&amp#27;[35m[HTTP]&amp#27;[39m &amp#27;[37m-->&amp#27;[39m &amp#27;[37mPOST&amp#27;[39m &amp#27;[37m/wd/hub/session/3be5c56b-9c46-4d6d-88be-a7723025e2c2/element&amp#27;[39m
&amp#27;[35m[HTTP]&amp#27;[39m &amp#27;[90m{"using":"xpath","value":"/hierarchy/android.widget.FrameLayout/android.view.ViewGroup/android.widget.FrameLayout[2]/android.widget.LinearLayout/android.widget.LinearLayout[3]/android.widget.Button[3]"}&amp#27;[39m
[debug] &amp#27;[35m[W3C (3be5c56b)]&amp#27;[39m Calling AppiumDriver.findElement() with args: ["xpath","/hierarchy/android.widget.FrameLayout/android.view.ViewGroup/android.widget.FrameLayout[2]/android.widget.LinearLayout/android.widget.LinearLayout[3]/android.widget.Button[3]","3be5c56b-9c46-4d6d-88be-a7723025e2c2"]
[debug] &amp#27;[35m[BaseDriver]&amp#27;[39m Valid locator strategies for this request: xpath, id, class name, accessibility id, css selector, -android uiautomator
[debug] &amp#27;[35m[BaseDriver]&amp#27;[39m Waiting up to 20000 ms for condition
[debug] &amp#27;[35m[WD Proxy]&amp#27;[39m Matched '/element' to command name 'findElement'
[debug] &amp#27;[35m[WD Proxy]&amp#27;[39m Proxying [POST /element] to [POST http://127.0.0.1:8200/wd/hub/session/6fb6aaf1-6aba-4f75-b3b5-603450be3338/element] with body: {"strategy":"xpath","selector":"/hierarchy/android.widget.FrameLayout/android.view.ViewGroup/android.widget.FrameLayout[2]/android.widget.LinearLayout/android.widget.LinearLayout[3]/android.widget.Button[3]","context":"","multiple":false}
[debug] &amp#27;[35m[WD Proxy]&amp#27;[39m Got response with status 200: {"sessionId":"6fb6aaf1-6aba-4f75-b3b5-603450be3338","value":{"ELEMENT":"00000000-0000-0076-ffff-ffff00000033","element-6066-11e4-a52e-4f735466cecf":"00000000-0000-0076-ffff-ffff00000033"}}
[debug] &amp#27;[35m[W3C (3be5c56b)]&amp#27;[39m Responding to client with driver.findElement() result: {"element-6066-11e4-a52e-4f735466cecf":"00000000-0000-0076-ffff-ffff00000033","ELEMENT":"00000000-0000-0076-ffff-ffff00000033"}
&amp#27;[35m[HTTP]&amp#27;[39m &amp#27;[37m<-- POST /wd/hub/session/3be5c56b-9c46-4d6d-88be-a7723025e2c2/element &amp#27;[39m&amp#27;[32m200&amp#27;[39m &amp#27;[90m96 ms - 137&amp#27;[39m
&amp#27;[35m[HTTP]&amp#27;[39m &amp#27;[90m&amp#27;[39m
&amp#27;[35m[HTTP]&amp#27;[39m &amp#27;[37m-->&amp#27;[39m &amp#27;[37mPOST&amp#27;[39m &amp#27;[37m/wd/hub/session/3be5c56b-9c46-4d6d-88be-a7723025e2c2/element/00000000-0000-0076-ffff-ffff00000033/click&amp#27;[39m
&amp#27;[35m[HTTP]&amp#27;[39m &amp#27;[90m{"id":"00000000-0000-0076-ffff-ffff00000033"}&amp#27;[39m
[debug] &amp#27;[35m[W3C (3be5c56b)]&amp#27;[39m Calling AppiumDriver.click() with args: ["00000000-0000-0076-ffff-ffff00000033","3be5c56b-9c46-4d6d-88be-a7723025e2c2"]
[debug] &amp#27;[35m[WD Proxy]&amp#27;[39m Matched '/element/00000000-0000-0076-ffff-ffff00000033/click' to command name 'click'
[debug] &amp#27;[35m[WD Proxy]&amp#27;[39m Proxying [POST /element/00000000-0000-0076-ffff-ffff00000033/click] to [POST http://127.0.0.1:8200/wd/hub/session/6fb6aaf1-6aba-4f75-b3b5-603450be3338/element/00000000-0000-0076-ffff-ffff00000033/click] with body: {"element":"00000000-0000-0076-ffff-ffff00000033"}
[debug] &amp#27;[35m[WD Proxy]&amp#27;[39m Got response with status 200: {"sessionId":"6fb6aaf1-6aba-4f75-b3b5-603450be3338","value":null}
[debug] &amp#27;[35m[W3C (3be5c56b)]&amp#27;[39m Responding to client with driver.click() result: null
&amp#27;[35m[HTTP]&amp#27;[39m &amp#27;[37m<-- POST /wd/hub/session/3be5c56b-9c46-4d6d-88be-a7723025e2c2/element/00000000-0000-0076-ffff-ffff00000033/click &amp#27;[39m&amp#27;[32m200&amp#27;[39m &amp#27;[90m31 ms - 14&amp#27;[39m
&amp#27;[35m[HTTP]&amp#27;[39m &amp#27;[90m&amp#27;[39m
&amp#27;[35m[HTTP]&amp#27;[39m &amp#27;[37m-->&amp#27;[39m &amp#27;[37mGET&amp#27;[39m &amp#27;[37m/wd/hub/session/3be5c56b-9c46-4d6d-88be-a7723025e2c2&amp#27;[39m
&amp#27;[35m[HTTP]&amp#27;[39m &amp#27;[90m{}&amp#27;[39m
[debug] &amp#27;[35m[W3C (3be5c56b)]&amp#27;[39m Calling AppiumDriver.getSession() with args: ["3be5c56b-9c46-4d6d-88be-a7723025e2c2"]
[debug] &amp#27;[35m[UiAutomator2]&amp#27;[39m Getting session details from server to mix in
[debug] &amp#27;[35m[WD Proxy]&amp#27;[39m Matched '/' to command name 'getSession'
[debug] &amp#27;[35m[WD Proxy]&amp#27;[39m Proxying [GET /] to [GET http://127.0.0.1:8200/wd/hub/session/6fb6aaf1-6aba-4f75-b3b5-603450be3338] with no body
[debug] &amp#27;[35m[WD Proxy]&amp#27;[39m Got response with status 200: {"sessionId":"6fb6aaf1-6aba-4f75-b3b5-603450be3338","value":{"lastScrollData":null}}
[debug] &amp#27;[35m[W3C (3be5c56b)]&amp#27;[39m Responding to client with driver.getSession() result: {"platform":"LINUX","webStorageEnabled":false,"takesScreenshot":true,"javascriptEnabled":true,"databaseEnabled":false,"networkConnectionEnabled":true,"locationContextEnabled":false,"warnings":{},"desired":{"platformName":"android","isHeadless":true,"app":"../AppiumCucumberProject/ApiDemos-debug.apk","appActivity":"io.appium.android.apis.ApiDemos","appPackage":"io.appium.android.apis","avdArgs":"-no-window","deviceName":"android","platformVersion":"8.1"},"platformName":"android","isHeadless":true,"app":"../AppiumCucumberProject/ApiDemos-debug.apk","appActivity":"io.appium.android.apis.ApiDemos","appPackage":"io.appium.android.apis","avdArgs":"-no-window","deviceName":"emulator-5554","platformVersion":"8.1.0","deviceUDID":"emulator-5554","deviceApiLevel":27,"deviceScreenSize":"1080x1920","deviceScreenDensity":420,"deviceModel":"Android SDK built for x86","deviceManufacturer":"Google","pixelRatio":2.625,"statBarHeight":63,"viewportRect":{"left":0,"top":63,"width":1080,"height":1731},"lastScrollData":null}
&amp#27;[35m[HTTP]&amp#27;[39m &amp#27;[37m<-- GET /wd/hub/session/3be5c56b-9c46-4d6d-88be-a7723025e2c2 &amp#27;[39m&amp#27;[32m200&amp#27;[39m &amp#27;[90m10 ms - 1027&amp#27;[39m
&amp#27;[35m[HTTP]&amp#27;[39m &amp#27;[90m&amp#27;[39m
&amp#27;[35m[HTTP]&amp#27;[39m &amp#27;[37m-->&amp#27;[39m &amp#27;[37mPOST&amp#27;[39m &amp#27;[37m/wd/hub/session/3be5c56b-9c46-4d6d-88be-a7723025e2c2/element&amp#27;[39m
&amp#27;[35m[HTTP]&amp#27;[39m &amp#27;[90m{"using":"id","value":"io.appium.android.apis:id/addNewButton"}&amp#27;[39m
[debug] &amp#27;[35m[W3C (3be5c56b)]&amp#27;[39m Calling AppiumDriver.findElement() with args: ["id","io.appium.android.apis:id/addNewButton","3be5c56b-9c46-4d6d-88be-a7723025e2c2"]
[debug] &amp#27;[35m[BaseDriver]&amp#27;[39m Valid locator strategies for this request: xpath, id, class name, accessibility id, css selector, -android uiautomator
[debug] &amp#27;[35m[BaseDriver]&amp#27;[39m Waiting up to 20000 ms for condition
[debug] &amp#27;[35m[WD Proxy]&amp#27;[39m Matched '/element' to command name 'findElement'
[debug] &amp#27;[35m[WD Proxy]&amp#27;[39m Proxying [POST /element] to [POST http://127.0.0.1:8200/wd/hub/session/6fb6aaf1-6aba-4f75-b3b5-603450be3338/element] with body: {"strategy":"id","selector":"io.appium.android.apis:id/addNewButton","context":"","multiple":false}
[debug] &amp#27;[35m[WD Proxy]&amp#27;[39m Got response with status 200: {"sessionId":"6fb6aaf1-6aba-4f75-b3b5-603450be3338","value":{"ELEMENT":"00000000-0000-0076-ffff-ffff0000002d","element-6066-11e4-a52e-4f735466cecf":"00000000-0000-0076-ffff-ffff0000002d"}}
[debug] &amp#27;[35m[W3C (3be5c56b)]&amp#27;[39m Responding to client with driver.findElement() result: {"element-6066-11e4-a52e-4f735466cecf":"00000000-0000-0076-ffff-ffff0000002d","ELEMENT":"00000000-0000-0076-ffff-ffff0000002d"}
&amp#27;[35m[HTTP]&amp#27;[39m &amp#27;[37m<-- POST /wd/hub/session/3be5c56b-9c46-4d6d-88be-a7723025e2c2/element &amp#27;[39m&amp#27;[32m200&amp#27;[39m &amp#27;[90m30 ms - 137&amp#27;[39m
&amp#27;[35m[HTTP]&amp#27;[39m &amp#27;[90m&amp#27;[39m
&amp#27;[35m[HTTP]&amp#27;[39m &amp#27;[37m-->&amp#27;[39m &amp#27;[37mPOST&amp#27;[39m &amp#27;[37m/wd/hub/session/3be5c56b-9c46-4d6d-88be-a7723025e2c2/element/00000000-0000-0076-ffff-ffff0000002d/click&amp#27;[39m
&amp#27;[35m[HTTP]&amp#27;[39m &amp#27;[90m{"id":"00000000-0000-0076-ffff-ffff0000002d"}&amp#27;[39m
[debug] &amp#27;[35m[W3C (3be5c56b)]&amp#27;[39m Calling AppiumDriver.click() with args: ["00000000-0000-0076-ffff-ffff0000002d","3be5c56b-9c46-4d6d-88be-a7723025e2c2"]
[debug] &amp#27;[35m[WD Proxy]&amp#27;[39m Matched '/element/00000000-0000-0076-ffff-ffff0000002d/click' to command name 'click'
[debug] &amp#27;[35m[WD Proxy]&amp#27;[39m Proxying [POST /element/00000000-0000-0076-ffff-ffff0000002d/click] to [POST http://127.0.0.1:8200/wd/hub/session/6fb6aaf1-6aba-4f75-b3b5-603450be3338/element/00000000-0000-0076-ffff-ffff0000002d/click] with body: {"element":"00000000-0000-0076-ffff-ffff0000002d"}
[debug] &amp#27;[35m[WD Proxy]&amp#27;[39m Got response with status 200: {"sessionId":"6fb6aaf1-6aba-4f75-b3b5-603450be3338","value":null}
[debug] &amp#27;[35m[W3C (3be5c56b)]&amp#27;[39m Responding to client with driver.click() result: null
&amp#27;[35m[HTTP]&amp#27;[39m &amp#27;[37m<-- POST /wd/hub/session/3be5c56b-9c46-4d6d-88be-a7723025e2c2/element/00000000-0000-0076-ffff-ffff0000002d/click &amp#27;[39m&amp#27;[32m200&amp#27;[39m &amp#27;[90m26 ms - 14&amp#27;[39m
&amp#27;[35m[HTTP]&amp#27;[39m &amp#27;[90m&amp#27;[39m
&amp#27;[35m[HTTP]&amp#27;[39m &amp#27;[37m-->&amp#27;[39m &amp#27;[37mDELETE&amp#27;[39m &amp#27;[37m/wd/hub/session/3be5c56b-9c46-4d6d-88be-a7723025e2c2&amp#27;[39m
&amp#27;[35m[HTTP]&amp#27;[39m &amp#27;[90m{}&amp#27;[39m
[debug] &amp#27;[35m[W3C (3be5c56b)]&amp#27;[39m Calling AppiumDriver.deleteSession() with args: ["3be5c56b-9c46-4d6d-88be-a7723025e2c2"]
[debug] &amp#27;[35m[BaseDriver]&amp#27;[39m Event 'quitSessionRequested' logged at 1647922742589 (09:49:02 GMT+0530 (India Standard Time))
&amp#27;[35m[Appium]&amp#27;[39m Removing session 3be5c56b-9c46-4d6d-88be-a7723025e2c2 from our master session list
[debug] &amp#27;[35m[UiAutomator2]&amp#27;[39m Deleting UiAutomator2 session
[debug] &amp#27;[35m[UiAutomator2]&amp#27;[39m Deleting UiAutomator2 server session
[debug] &amp#27;[35m[WD Proxy]&amp#27;[39m Matched '/' to command name 'deleteSession'
[debug] &amp#27;[35m[WD Proxy]&amp#27;[39m Proxying [DELETE /] to [DELETE http://127.0.0.1:8200/wd/hub/session/6fb6aaf1-6aba-4f75-b3b5-603450be3338] with no body
[debug] &amp#27;[35m[WD Proxy]&amp#27;[39m Got response with status 200: {"sessionId":"6fb6aaf1-6aba-4f75-b3b5-603450be3338","value":null}
[debug] &amp#27;[35m[ADB]&amp#27;[39m Running 'C:\Users\namrotadutta\AppData\Local\Android\Sdk\platform-tools\adb.exe -P 5037 -s emulator-5554 shell am force-stop io.appium.android.apis'
[debug] &amp#27;[35m[Logcat]&amp#27;[39m Stopping logcat capture
[debug] &amp#27;[35m[ADB]&amp#27;[39m Removing forwarded port socket connection: 8200 
[debug] &amp#27;[35m[ADB]&amp#27;[39m Running 'C:\Users\namrotadutta\AppData\Local\Android\Sdk\platform-tools\adb.exe -P 5037 -s emulator-5554 forward --remove tcp:8200'
[debug] &amp#27;[35m[BaseDriver]&amp#27;[39m Event 'quitSessionFinished' logged at 1647922742772 (09:49:02 GMT+0530 (India Standard Time))
[debug] &amp#27;[35m[W3C (3be5c56b)]&amp#27;[39m Received response: null
[debug] &amp#27;[35m[W3C (3be5c56b)]&amp#27;[39m But deleting session, so not returning
[debug] &amp#27;[35m[W3C (3be5c56b)]&amp#27;[39m Responding to client with driver.deleteSession() result: null
&amp#27;[35m[HTTP]&amp#27;[39m &amp#27;[37m<-- DELETE /wd/hub/session/3be5c56b-9c46-4d6d-88be-a7723025e2c2 &amp#27;[39m&amp#27;[32m200&amp#27;[39m &amp#27;[90m185 ms - 14&amp#27;[39m
&amp#27;[35m[HTTP]&amp#27;[39m &amp#27;[90m&amp#27;[39m
]]></system-out>
    <system-err><![CDATA[Mar 22, 2022 9:48:46 AM io.appium.java_client.remote.AppiumCommandExecutor$1 lambda$0
INFO: Detected dialect: W3C
Mar 22, 2022 9:48:58 AM io.appium.java_client.remote.AppiumCommandExecutor$1 lambda$0
INFO: Detected dialect: W3C
]]></system-err>
  </testcase>
  <testcase name="feature[Text to speech](4)" classname="com.Runner.Runner" time="10.828">
    <system-out><![CDATA[&amp#27;[35m[HTTP]&amp#27;[39m &amp#27;[37m-->&amp#27;[39m &amp#27;[37mPOST&amp#27;[39m &amp#27;[37m/wd/hub/session&amp#27;[39m
&amp#27;[35m[HTTP]&amp#27;[39m &amp#27;[90m{"desiredCapabilities":{"app":"../AppiumCucumberProject/ApiDemos-debug.apk","appActivity":"io.appium.android.apis.ApiDemos","appPackage":"io.appium.android.apis","isHeadless":true,"avdArgs":"-no-window","platformVersion":"8.1","platformName":"Android","deviceName":"android"},"capabilities":{"alwaysMatch":{"appium:app":"../AppiumCucumberProject/ApiDemos-debug.apk","appium:appActivity":"io.appium.android.apis.ApiDemos","appium:appPackage":"io.appium.android.apis","appium:avdArgs":"-no-window","appium:deviceName":"android","isHeadless":true,"platformName":"android","appium:platformVersion":"8.1"},"firstMatch":[{}]}}&amp#27;[39m
[debug] &amp#27;[35m[W3C]&amp#27;[39m Calling AppiumDriver.createSession() with args: [{"app":"../AppiumCucumberProject/ApiDemos-debug.apk","appActivity":"io.appium.android.apis.ApiDemos","appPackage":"io.appium.android.apis","isHeadless":true,"avdArgs":"-no-window","platformVersion":"8.1","platformName":"Android","deviceName":"android"},null,{"alwaysMatch":{"appium:app":"../AppiumCucumberProject/ApiDemos-debug.apk","appium:appActivity":"io.appium.android.apis.ApiDemos","appium:appPackage":"io.appium.android.apis","appium:avdArgs":"-no-window","appium:deviceName":"android","isHeadless":true,"platformName":"android","appium:platformVersion":"8.1"},"firstMatch":[{}]}]
[debug] &amp#27;[35m[BaseDriver]&amp#27;[39m Event 'newSessionRequested' logged at 1647922742789 (09:49:02 GMT+0530 (India Standard Time))
&amp#27;[35m[BaseDriver]&amp#27;[39m The following capabilities are not standard capabilities and should have an extension prefix:
&amp#27;[35m[BaseDriver]&amp#27;[39m   isHeadless
&amp#27;[35m[Appium]&amp#27;[39m 
&amp#27;[35m[Appium]&amp#27;[39m ======================================================================
&amp#27;[35m[Appium]&amp#27;[39m   DEPRECATION WARNING:
&amp#27;[35m[Appium]&amp#27;[39m 
&amp#27;[35m[Appium]&amp#27;[39m   The 'automationName' capability was not provided in the desired 
&amp#27;[35m[Appium]&amp#27;[39m   capabilities for this Android session
&amp#27;[35m[Appium]&amp#27;[39m 
&amp#27;[35m[Appium]&amp#27;[39m   Setting 'automationName=UiAutomator2' by default and using the 
&amp#27;[35m[Appium]&amp#27;[39m   UiAutomator2 Driver
&amp#27;[35m[Appium]&amp#27;[39m 
&amp#27;[35m[Appium]&amp#27;[39m   The next major version of Appium (2.x) will **require** the 
&amp#27;[35m[Appium]&amp#27;[39m   'automationName' capability to be set for all sessions on all 
&amp#27;[35m[Appium]&amp#27;[39m   platforms
&amp#27;[35m[Appium]&amp#27;[39m 
&amp#27;[35m[Appium]&amp#27;[39m   In previous versions (Appium <= 1.13.x), the default was 
&amp#27;[35m[Appium]&amp#27;[39m   'automationName=UiAutomator1'
&amp#27;[35m[Appium]&amp#27;[39m 
&amp#27;[35m[Appium]&amp#27;[39m   If you wish to use that automation instead of UiAutomator2, please 
&amp#27;[35m[Appium]&amp#27;[39m   add 'automationName=UiAutomator1' to your desired capabilities
&amp#27;[35m[Appium]&amp#27;[39m 
&amp#27;[35m[Appium]&amp#27;[39m   For more information about drivers, please visit 
&amp#27;[35m[Appium]&amp#27;[39m   http://appium.io/docs/en/about-appium/intro/ and explore the 
&amp#27;[35m[Appium]&amp#27;[39m   'Drivers' menu
&amp#27;[35m[Appium]&amp#27;[39m 
&amp#27;[35m[Appium]&amp#27;[39m ======================================================================
&amp#27;[35m[Appium]&amp#27;[39m 
&amp#27;[35m[Appium]&amp#27;[39m Appium v1.22.2 creating new AndroidUiautomator2Driver (v1.70.1) session
[debug] &amp#27;[35m[BaseDriver]&amp#27;[39m W3C capabilities and MJSONWP desired capabilities were provided
[debug] &amp#27;[35m[BaseDriver]&amp#27;[39m Creating session with W3C capabilities: {
[debug] &amp#27;[35m[BaseDriver]&amp#27;[39m   "alwaysMatch": {
[debug] &amp#27;[35m[BaseDriver]&amp#27;[39m     "appium:isHeadless": true,
[debug] &amp#27;[35m[BaseDriver]&amp#27;[39m     "platformName": "android",
[debug] &amp#27;[35m[BaseDriver]&amp#27;[39m     "appium:app": "../AppiumCucumberProject/ApiDemos-debug.apk",
[debug] &amp#27;[35m[BaseDriver]&amp#27;[39m     "appium:appActivity": "io.appium.android.apis.ApiDemos",
[debug] &amp#27;[35m[BaseDriver]&amp#27;[39m     "appium:appPackage": "io.appium.android.apis",
[debug] &amp#27;[35m[BaseDriver]&amp#27;[39m     "appium:avdArgs": "-no-window",
[debug] &amp#27;[35m[BaseDriver]&amp#27;[39m     "appium:deviceName": "android",
[debug] &amp#27;[35m[BaseDriver]&amp#27;[39m     "appium:platformVersion": "8.1"
[debug] &amp#27;[35m[BaseDriver]&amp#27;[39m   },
[debug] &amp#27;[35m[BaseDriver]&amp#27;[39m   "firstMatch": [
[debug] &amp#27;[35m[BaseDriver]&amp#27;[39m     {}
[debug] &amp#27;[35m[BaseDriver]&amp#27;[39m   ]
[debug] &amp#27;[35m[BaseDriver]&amp#27;[39m }
&amp#27;[35m[BaseDriver]&amp#27;[39m Session created with session id: 0e1a3d19-a8a6-43ff-92e0-47c63a57a010
&amp#27;[35m[BaseDriver]&amp#27;[39m Using local app '../AppiumCucumberProject/ApiDemos-debug.apk'
&amp#27;[35m[BaseDriver]&amp#27;[39m The current application path '../AppiumCucumberProject/ApiDemos-debug.apk' is not absolute and has been rewritten to 'C:\Users\namrotadutta\eclipse-workspace-new\AppiumCucumberProject\ApiDemos-debug.apk'. Consider using absolute paths rather than relative
[debug] &amp#27;[35m[UiAutomator2]&amp#27;[39m Checking whether app is actually present
&amp#27;[35m[ADB]&amp#27;[39m Using 'adb.exe' from 'C:\Users\namrotadutta\AppData\Local\Android\Sdk\platform-tools\adb.exe'
[debug] &amp#27;[35m[ADB]&amp#27;[39m Running 'C:\Users\namrotadutta\AppData\Local\Android\Sdk\platform-tools\adb.exe -P 5037 start-server'
&amp#27;[35m[AndroidDriver]&amp#27;[39m Retrieving device list
[debug] &amp#27;[35m[ADB]&amp#27;[39m Trying to find a connected android device
[debug] &amp#27;[35m[ADB]&amp#27;[39m Getting connected devices
[debug] &amp#27;[35m[ADB]&amp#27;[39m Connected devices: [{"udid":"emulator-5554","state":"device"}]
&amp#27;[35m[AndroidDriver]&amp#27;[39m Looking for a device with Android '8.1.0'
[debug] &amp#27;[35m[ADB]&amp#27;[39m Setting device id to emulator-5554
&amp#27;[35m[ADB]&amp#27;[39m Getting device platform version
[debug] &amp#27;[35m[ADB]&amp#27;[39m Running 'C:\Users\namrotadutta\AppData\Local\Android\Sdk\platform-tools\adb.exe -P 5037 -s emulator-5554 shell getprop ro.build.version.release'
[debug] &amp#27;[35m[ADB]&amp#27;[39m Current device property 'ro.build.version.release': 8.1.0
&amp#27;[35m[AndroidDriver]&amp#27;[39m Using device: emulator-5554
&amp#27;[35m[ADB]&amp#27;[39m Using 'adb.exe' from 'C:\Users\namrotadutta\AppData\Local\Android\Sdk\platform-tools\adb.exe'
[debug] &amp#27;[35m[ADB]&amp#27;[39m Running 'C:\Users\namrotadutta\AppData\Local\Android\Sdk\platform-tools\adb.exe -P 5037 start-server'
[debug] &amp#27;[35m[ADB]&amp#27;[39m Setting device id to emulator-5554
[debug] &amp#27;[35m[ADB]&amp#27;[39m Running 'C:\Users\namrotadutta\AppData\Local\Android\Sdk\platform-tools\adb.exe -P 5037 -s emulator-5554 shell getprop ro.build.version.sdk'
[debug] &amp#27;[35m[Instrumentation]&amp#27;[39m .
[debug] &amp#27;[35m[ADB]&amp#27;[39m Current device property 'ro.build.version.sdk': 27
[debug] &amp#27;[35m[ADB]&amp#27;[39m Device API level: 27
[debug] &amp#27;[35m[ADB]&amp#27;[39m Running 'C:\Users\namrotadutta\AppData\Local\Android\Sdk\platform-tools\adb.exe -P 5037 -s emulator-5554 wait-for-device'
[debug] &amp#27;[35m[Instrumentation]&amp#27;[39m Time: 7.07
[debug] &amp#27;[35m[Instrumentation]&amp#27;[39m 
[debug] &amp#27;[35m[Instrumentation]&amp#27;[39m OK (1 test)
[debug] &amp#27;[35m[ADB]&amp#27;[39m Running 'C:\Users\namrotadutta\AppData\Local\Android\Sdk\platform-tools\adb.exe -P 5037 -s emulator-5554 shell echo ping'
[debug] &amp#27;[35m[AndroidDriver]&amp#27;[39m Pushing settings apk to device...
[debug] &amp#27;[35m[ADB]&amp#27;[39m Getting install status for io.appium.settings
[debug] &amp#27;[35m[ADB]&amp#27;[39m Running 'C:\Users\namrotadutta\AppData\Local\Android\Sdk\platform-tools\adb.exe -P 5037 -s emulator-5554 shell dumpsys package io.appium.settings'
[debug] &amp#27;[35m[ADB]&amp#27;[39m 'io.appium.settings' is installed
[debug] &amp#27;[35m[ADB]&amp#27;[39m Getting package info for 'io.appium.settings'
[debug] &amp#27;[35m[ADB]&amp#27;[39m Running 'C:\Users\namrotadutta\AppData\Local\Android\Sdk\platform-tools\adb.exe -P 5037 -s emulator-5554 shell dumpsys package io.appium.settings'
[debug] &amp#27;[35m[Instrumentation]&amp#27;[39m The process has exited with code 0
[debug] &amp#27;[35m[ADB]&amp#27;[39m The version name of the installed 'io.appium.settings' is greater or equal to the application version name ('3.4.0' >= '3.4.0')
[debug] &amp#27;[35m[ADB]&amp#27;[39m There is no need to install/upgrade 'C:\Users\namrotadutta\AppData\Roaming\npm\node_modules\appium\node_modules\io.appium.settings\apks\settings_apk-debug.apk'
[debug] &amp#27;[35m[ADB]&amp#27;[39m Getting IDs of all 'io.appium.settings' processes
[debug] &amp#27;[35m[ADB]&amp#27;[39m Running 'C:\Users\namrotadutta\AppData\Local\Android\Sdk\platform-tools\adb.exe -P 5037 -s emulator-5554 shell 'pgrep --help; echo $?''
[debug] &amp#27;[35m[ADB]&amp#27;[39m Running 'C:\Users\namrotadutta\AppData\Local\Android\Sdk\platform-tools\adb.exe -P 5037 -s emulator-5554 shell pgrep -f \(\[\[:blank:\]\]\|\^\)io\.appium\.settings\(\[\[:blank:\]\]\|\$\)'
[debug] &amp#27;[35m[AndroidDriver]&amp#27;[39m io.appium.settings is already running. There is no need to reset its permissions.
[debug] &amp#27;[35m[Logcat]&amp#27;[39m Starting logs capture with command: C:\\Users\\namrotadutta\\AppData\\Local\\Android\\Sdk\\platform-tools\\adb.exe -P 5037 -s emulator-5554 logcat -v threadtime
[debug] &amp#27;[35m[UiAutomator2]&amp#27;[39m Forwarding UiAutomator2 Server port 6790 to local port 8200
[debug] &amp#27;[35m[ADB]&amp#27;[39m Forwarding system: 8200 to device: 6790
[debug] &amp#27;[35m[ADB]&amp#27;[39m Running 'C:\Users\namrotadutta\AppData\Local\Android\Sdk\platform-tools\adb.exe -P 5037 -s emulator-5554 forward tcp:8200 tcp:6790'
[debug] &amp#27;[35m[ADB]&amp#27;[39m Getting install status for io.appium.uiautomator2.server
[debug] &amp#27;[35m[ADB]&amp#27;[39m Running 'C:\Users\namrotadutta\AppData\Local\Android\Sdk\platform-tools\adb.exe -P 5037 -s emulator-5554 shell dumpsys package io.appium.uiautomator2.server'
[debug] &amp#27;[35m[ADB]&amp#27;[39m 'io.appium.uiautomator2.server' is installed
[debug] &amp#27;[35m[ADB]&amp#27;[39m Getting package info for 'io.appium.uiautomator2.server'
[debug] &amp#27;[35m[ADB]&amp#27;[39m Running 'C:\Users\namrotadutta\AppData\Local\Android\Sdk\platform-tools\adb.exe -P 5037 -s emulator-5554 shell dumpsys package io.appium.uiautomator2.server'
[debug] &amp#27;[35m[ADB]&amp#27;[39m The version name of the installed 'io.appium.uiautomator2.server' is greater or equal to the application version name ('4.27.0' >= '4.27.0')
[debug] &amp#27;[35m[UiAutomator2]&amp#27;[39m io.appium.uiautomator2.server installation state: sameVersionInstalled
[debug] &amp#27;[35m[ADB]&amp#27;[39m Checking app cert for C:\Users\namrotadutta\AppData\Roaming\npm\node_modules\appium\node_modules\appium-uiautomator2-server\apks\appium-uiautomator2-server-v4.27.0.apk
[debug] &amp#27;[35m[ADB]&amp#27;[39m Using the previously cached signature entry for 'appium-uiautomator2-server-v4.27.0.apk'
[debug] &amp#27;[35m[ADB]&amp#27;[39m sha256 hash did match for 'appium-uiautomator2-server-v4.27.0.apk'
[debug] &amp#27;[35m[ADB]&amp#27;[39m Getting install status for io.appium.uiautomator2.server.test
[debug] &amp#27;[35m[ADB]&amp#27;[39m Running 'C:\Users\namrotadutta\AppData\Local\Android\Sdk\platform-tools\adb.exe -P 5037 -s emulator-5554 shell dumpsys package io.appium.uiautomator2.server.test'
[debug] &amp#27;[35m[ADB]&amp#27;[39m 'io.appium.uiautomator2.server.test' is installed
[debug] &amp#27;[35m[ADB]&amp#27;[39m Checking app cert for C:\Users\namrotadutta\AppData\Roaming\npm\node_modules\appium\node_modules\appium-uiautomator2-server\apks\appium-uiautomator2-server-debug-androidTest.apk
[debug] &amp#27;[35m[ADB]&amp#27;[39m Using the previously cached signature entry for 'appium-uiautomator2-server-debug-androidTest.apk'
[debug] &amp#27;[35m[ADB]&amp#27;[39m sha256 hash did match for 'appium-uiautomator2-server-debug-androidTest.apk'
&amp#27;[35m[UiAutomator2]&amp#27;[39m Server packages are not going to be (re)installed
[debug] &amp#27;[35m[UiAutomator2]&amp#27;[39m Waiting up to 30000ms for services to be available
[debug] &amp#27;[35m[ADB]&amp#27;[39m Running 'C:\Users\namrotadutta\AppData\Local\Android\Sdk\platform-tools\adb.exe -P 5037 -s emulator-5554 shell pm list instrumentation'
[debug] &amp#27;[35m[UiAutomator2]&amp#27;[39m Instrumentation target 'io.appium.uiautomator2.server.test/androidx.test.runner.AndroidJUnitRunner' is available
&amp#27;[35m[ADB]&amp#27;[39m Adding packages ["io.appium.settings","io.appium.uiautomator2.server","io.appium.uiautomator2.server.test"] to Doze whitelist
[debug] &amp#27;[35m[ADB]&amp#27;[39m Got the following command chunks to execute: [["dumpsys","deviceidle","whitelist","+io.appium.settings",";","dumpsys","deviceidle","whitelist","+io.appium.uiautomator2.server",";","dumpsys","deviceidle","whitelist","+io.appium.uiautomator2.server.test",";"]]
[debug] &amp#27;[35m[ADB]&amp#27;[39m Running 'C:\Users\namrotadutta\AppData\Local\Android\Sdk\platform-tools\adb.exe -P 5037 -s emulator-5554 shell dumpsys deviceidle whitelist +io.appium.settings ; dumpsys deviceidle whitelist +io.appium.uiautomator2.server ; dumpsys deviceidle whitelist +io.appium.uiautomator2.server.test ;'
[debug] &amp#27;[35m[ADB]&amp#27;[39m Checking app cert for C:\Users\namrotadutta\eclipse-workspace-new\AppiumCucumberProject\ApiDemos-debug.apk
[debug] &amp#27;[35m[ADB]&amp#27;[39m Using the previously cached signature entry for 'ApiDemos-debug.apk'
[debug] &amp#27;[35m[ADB]&amp#27;[39m Getting install status for io.appium.android.apis
[debug] &amp#27;[35m[ADB]&amp#27;[39m Running 'C:\Users\namrotadutta\AppData\Local\Android\Sdk\platform-tools\adb.exe -P 5037 -s emulator-5554 shell dumpsys package io.appium.android.apis'
[debug] &amp#27;[35m[ADB]&amp#27;[39m 'io.appium.android.apis' is installed
[debug] &amp#27;[35m[ADB]&amp#27;[39m Getting package info for 'io.appium.android.apis'
[debug] &amp#27;[35m[ADB]&amp#27;[39m Running 'C:\Users\namrotadutta\AppData\Local\Android\Sdk\platform-tools\adb.exe -P 5037 -s emulator-5554 shell dumpsys package io.appium.android.apis'
&amp#27;[35m[ADB]&amp#27;[39m Cannot read version codes of 'C:\Users\namrotadutta\eclipse-workspace-new\AppiumCucumberProject\ApiDemos-debug.apk' and/or 'io.appium.android.apis'
&amp#27;[35m[ADB]&amp#27;[39m Cannot read version names of 'C:\Users\namrotadutta\eclipse-workspace-new\AppiumCucumberProject\ApiDemos-debug.apk' and/or 'io.appium.android.apis'
[debug] &amp#27;[35m[ADB]&amp#27;[39m The current install state of 'C:\Users\namrotadutta\eclipse-workspace-new\AppiumCucumberProject\ApiDemos-debug.apk' is unknown. Installing anyway
[debug] &amp#27;[35m[ADB]&amp#27;[39m Running 'C:\Users\namrotadutta\AppData\Local\Android\Sdk\platform-tools\adb.exe -P 5037 -s emulator-5554 features'
&amp#27;[35m[ADB]&amp#27;[39m The application at 'C:\Users\namrotadutta\eclipse-workspace-new\AppiumCucumberProject\ApiDemos-debug.apk' will not be cached, because the device under test has confirmed the support of streamed installs
[debug] &amp#27;[35m[ADB]&amp#27;[39m Running 'C:\Users\namrotadutta\AppData\Local\Android\Sdk\platform-tools\adb.exe -P 5037 -s emulator-5554 install -r C:\Users\namrotadutta\eclipse-workspace-new\AppiumCucumberProject\ApiDemos-debug.apk'
&amp#27;[35m[ADB]&amp#27;[39m The installation of 'ApiDemos-debug.apk' took 710ms
[debug] &amp#27;[35m[ADB]&amp#27;[39m Install command stdout: Performing Streamed Install
[debug] &amp#27;[35m[ADB]&amp#27;[39m Success
&amp#27;[35m[AndroidDriver]&amp#27;[39m Performing fast reset on 'io.appium.android.apis'
[debug] &amp#27;[35m[ADB]&amp#27;[39m Getting install status for io.appium.android.apis
[debug] &amp#27;[35m[ADB]&amp#27;[39m Running 'C:\Users\namrotadutta\AppData\Local\Android\Sdk\platform-tools\adb.exe -P 5037 -s emulator-5554 shell dumpsys package io.appium.android.apis'
[debug] &amp#27;[35m[ADB]&amp#27;[39m 'io.appium.android.apis' is installed
[debug] &amp#27;[35m[ADB]&amp#27;[39m Running 'C:\Users\namrotadutta\AppData\Local\Android\Sdk\platform-tools\adb.exe -P 5037 -s emulator-5554 shell am force-stop io.appium.android.apis'
[debug] &amp#27;[35m[ADB]&amp#27;[39m Running 'C:\Users\namrotadutta\AppData\Local\Android\Sdk\platform-tools\adb.exe -P 5037 -s emulator-5554 shell pm clear io.appium.android.apis'
[debug] &amp#27;[35m[AndroidDriver]&amp#27;[39m Performed fast reset on the installed 'io.appium.android.apis' application (stop and clear)
[debug] &amp#27;[35m[UiAutomator2]&amp#27;[39m Performing shallow cleanup of automation leftovers
[debug] &amp#27;[35m[UiAutomator2]&amp#27;[39m No obsolete sessions have been detected (socket hang up)
[debug] &amp#27;[35m[ADB]&amp#27;[39m Running 'C:\Users\namrotadutta\AppData\Local\Android\Sdk\platform-tools\adb.exe -P 5037 -s emulator-5554 shell am force-stop io.appium.uiautomator2.server.test'
&amp#27;[35m[UiAutomator2]&amp#27;[39m Starting UIAutomator2 server 4.27.0
&amp#27;[35m[UiAutomator2]&amp#27;[39m Using UIAutomator2 server from 'C:\Users\namrotadutta\AppData\Roaming\npm\node_modules\appium\node_modules\appium-uiautomator2-server\apks\appium-uiautomator2-server-v4.27.0.apk' and test from 'C:\Users\namrotadutta\AppData\Roaming\npm\node_modules\appium\node_modules\appium-uiautomator2-server\apks\appium-uiautomator2-server-debug-androidTest.apk'
&amp#27;[35m[UiAutomator2]&amp#27;[39m Waiting up to 30000ms for UiAutomator2 to be online...
[debug] &amp#27;[35m[ADB]&amp#27;[39m Creating ADB subprocess with args: ["-P",5037,"-s","emulator-5554","shell","am","instrument","-w","-e","disableAnalytics",true,"io.appium.uiautomator2.server.test/androidx.test.runner.AndroidJUnitRunner"]
[debug] &amp#27;[35m[WD Proxy]&amp#27;[39m Matched '/status' to command name 'getStatus'
[debug] &amp#27;[35m[WD Proxy]&amp#27;[39m Proxying [GET /status] to [GET http://127.0.0.1:8200/wd/hub/status] with no body
&amp#27;[35m[WD Proxy]&amp#27;[39m socket hang up
[debug] &amp#27;[35m[Instrumentation]&amp#27;[39m io.appium.uiautomator2.server.test.AppiumUiAutomator2Server:
[debug] &amp#27;[35m[WD Proxy]&amp#27;[39m Matched '/status' to command name 'getStatus'
[debug] &amp#27;[35m[WD Proxy]&amp#27;[39m Proxying [GET /status] to [GET http://127.0.0.1:8200/wd/hub/status] with no body
&amp#27;[35m[WD Proxy]&amp#27;[39m socket hang up
[debug] &amp#27;[35m[WD Proxy]&amp#27;[39m Matched '/status' to command name 'getStatus'
[debug] &amp#27;[35m[WD Proxy]&amp#27;[39m Proxying [GET /status] to [GET http://127.0.0.1:8200/wd/hub/status] with no body
[debug] &amp#27;[35m[WD Proxy]&amp#27;[39m Got response with status 200: {"sessionId":"None","value":{"message":"UiAutomator2 Server is ready to accept commands","ready":true}}
[debug] &amp#27;[35m[UiAutomator2]&amp#27;[39m The initialization of the instrumentation process took 2157ms
[debug] &amp#27;[35m[WD Proxy]&amp#27;[39m Matched '/session' to command name 'createSession'
[debug] &amp#27;[35m[WD Proxy]&amp#27;[39m Proxying [POST /session] to [POST http://127.0.0.1:8200/wd/hub/session] with body: {"capabilities":{"firstMatch":[{"platform":"LINUX","webStorageEnabled":false,"takesScreenshot":true,"javascriptEnabled":true,"databaseEnabled":false,"networkConnectionEnabled":true,"locationContextEnabled":false,"warnings":{},"desired":{"platformName":"android","isHeadless":true,"app":"../AppiumCucumberProject/ApiDemos-debug.apk","appActivity":"io.appium.android.apis.ApiDemos","appPackage":"io.appium.android.apis","avdArgs":"-no-window","deviceName":"android","platformVersion":"8.1"},"platformName":"android","isHeadless":true,"app":"../AppiumCucumberProject/ApiDemos-debug.apk","appActivity":"io.appium.android.apis.ApiDemos","appPackage":"io.appium.android.apis","avdArgs":"-no-window","deviceName":"emulator-5554","platformVersion":"8.1","deviceUDID":"emulator-5554"}],"alwaysMatch":{}}}
[debug] &amp#27;[35m[WD Proxy]&amp#27;[39m Got response with status 200: {"sessionId":"04edc72f-05bf-4a82-a354-501c51271413","value":{"capabilities":{"firstMatch":[{"platform":"LINUX","webStorageEnabled":false,"takesScreenshot":true,"javascriptEnabled":true,"databaseEnabled":false,"networkConnectionEnabled":true,"locationContextEnabled":false,"warnings":{},"desired":{"platformName":"android","isHeadless":true,"app":"../AppiumCucumberProject/ApiDemos-debug.apk","appActivity":"io.appium.android.apis.ApiDemos","appPackage":"io.appium.android.apis","avdArgs":"-no-window","deviceName":"android","platformVersion":"8.1"},"platformName":"android","isHeadless":true,"app":"../AppiumCucumberProject/ApiDemos-debug.apk","appActivity":"io.appium.android.apis.ApiDemos","appPackage":"io.appium.android.apis","avdArgs":"-no-window","deviceName":"emulator-5554","platformVersion":"8.1","deviceUDID":"emulator-5554"}],"alwaysMatch":{}},"sessionId":"04edc72f-05bf-4a82-a354-501c51271413"}}
&amp#27;[35m[WD Proxy]&amp#27;[39m Determined the downstream protocol as 'W3C'
[debug] &amp#27;[35m[WD Proxy]&amp#27;[39m Proxying [GET /appium/device/info] to [GET http://127.0.0.1:8200/wd/hub/session/04edc72f-05bf-4a82-a354-501c51271413/appium/device/info] with no body
[debug] &amp#27;[35m[WD Proxy]&amp#27;[39m Got response with status 200: {"sessionId":"04edc72f-05bf-4a82-a354-501c51271413","value":{"androidId":"7807f091a0b83f49","apiVersion":"27","bluetooth":null,"brand":"google","carrierName":"Android","displayDensity":420,"locale":"en_US","manufacturer":"Google","model":"Android SDK built for x86","networks":[{"capabilities":{"SSID":null,"linkDownBandwidthKbps":102400,"linkUpstreamBandwidthKbps":51200,"networkCapabilities":"NET_CAPABILITY_MMS,NET_CAPABILITY_SUPL,NET_CAPABILITY_DUN,NET_CAPABILITY_FOTA,NET_CAPABILITY_IMS,NET_CAPABILITY_CBS,NET_CAPABILITY_IA,NET_CAPABILITY_INTERNET,NET_CAPABILITY_NOT_RESTRICTED,NET_CAPABILITY_TRUSTED,NET_CAPABILITY_NOT_VPN,NET_CAPABILITY_VALIDATED","signalStrength":-2147483648,"transportTypes":"TRANSPORT_CELLULAR"},"detailedState":"CONNECTED","extraInfo":"epc.tmobile.com","isAvailable":true,"isConnected":true,"isFailover":false,"isRoaming":false,"state":"CONNECTED","subtype":13,"subtypeName":"LTE","type":0,"typeName":"MOBILE"},{"capabilities":{"SSID":null,"linkDownBandwidthKbps":1048576,"linkUpstreamBandwidt...
[debug] &amp#27;[35m[ADB]&amp#27;[39m Running 'C:\Users\namrotadutta\AppData\Local\Android\Sdk\platform-tools\adb.exe -P 5037 -s emulator-5554 shell dumpsys window'
&amp#27;[35m[AndroidDriver]&amp#27;[39m Screen already unlocked, doing nothing
&amp#27;[35m[UiAutomator2]&amp#27;[39m Starting 'io.appium.android.apis/io.appium.android.apis.ApiDemos and waiting for 'io.appium.android.apis/io.appium.android.apis.ApiDemos'
[debug] &amp#27;[35m[ADB]&amp#27;[39m Running 'C:\Users\namrotadutta\AppData\Local\Android\Sdk\platform-tools\adb.exe -P 5037 -s emulator-5554 shell am start -W -n io.appium.android.apis/io.appium.android.apis.ApiDemos -S -a android.intent.action.MAIN -c android.intent.category.LAUNCHER -f 0x10200000'
[debug] &amp#27;[35m[WD Proxy]&amp#27;[39m Proxying [GET /appium/device/pixel_ratio] to [GET http://127.0.0.1:8200/wd/hub/session/04edc72f-05bf-4a82-a354-501c51271413/appium/device/pixel_ratio] with no body
[debug] &amp#27;[35m[WD Proxy]&amp#27;[39m Got response with status 200: {"sessionId":"04edc72f-05bf-4a82-a354-501c51271413","value":2.625}
[debug] &amp#27;[35m[WD Proxy]&amp#27;[39m Matched '/appium/device/system_bars' to command name 'getSystemBars'
[debug] &amp#27;[35m[WD Proxy]&amp#27;[39m Proxying [GET /appium/device/system_bars] to [GET http://127.0.0.1:8200/wd/hub/session/04edc72f-05bf-4a82-a354-501c51271413/appium/device/system_bars] with no body
[debug] &amp#27;[35m[WD Proxy]&amp#27;[39m Got response with status 200: {"sessionId":"04edc72f-05bf-4a82-a354-501c51271413","value":{"statusBar":63}}
[debug] &amp#27;[35m[WD Proxy]&amp#27;[39m Matched '/window/current/size' to command name 'getWindowSize'
[debug] &amp#27;[35m[WD Proxy]&amp#27;[39m Proxying [GET /window/current/size] to [GET http://127.0.0.1:8200/wd/hub/session/04edc72f-05bf-4a82-a354-501c51271413/window/current/size] with no body
[debug] &amp#27;[35m[WD Proxy]&amp#27;[39m Got response with status 200: {"sessionId":"04edc72f-05bf-4a82-a354-501c51271413","value":{"height":1794,"width":1080}}
&amp#27;[35m[Appium]&amp#27;[39m New AndroidUiautomator2Driver session created successfully, session 0e1a3d19-a8a6-43ff-92e0-47c63a57a010 added to master session list
[debug] &amp#27;[35m[BaseDriver]&amp#27;[39m Event 'newSessionStarted' logged at 1647922749198 (09:49:09 GMT+0530 (India Standard Time))
[debug] &amp#27;[35m[W3C (0e1a3d19)]&amp#27;[39m Cached the protocol value 'W3C' for the new session 0e1a3d19-a8a6-43ff-92e0-47c63a57a010
[debug] &amp#27;[35m[W3C (0e1a3d19)]&amp#27;[39m Responding to client with driver.createSession() result: {"capabilities":{"platform":"LINUX","webStorageEnabled":false,"takesScreenshot":true,"javascriptEnabled":true,"databaseEnabled":false,"networkConnectionEnabled":true,"locationContextEnabled":false,"warnings":{},"desired":{"platformName":"android","isHeadless":true,"app":"../AppiumCucumberProject/ApiDemos-debug.apk","appActivity":"io.appium.android.apis.ApiDemos","appPackage":"io.appium.android.apis","avdArgs":"-no-window","deviceName":"android","platformVersion":"8.1"},"platformName":"android","isHeadless":true,"app":"../AppiumCucumberProject/ApiDemos-debug.apk","appActivity":"io.appium.android.apis.ApiDemos","appPackage":"io.appium.android.apis","avdArgs":"-no-window","deviceName":"emulator-5554","platformVersion":"8.1.0","deviceUDID":"emulator-5554","deviceApiLevel":27,"deviceScreenSize":"1080x1920","deviceScreenDensity":420,"deviceModel":"Android SDK built for x86","deviceManufacturer":"Google","pixelRatio":2.625,"statBarHeight":63,"viewportRect":{"left":0,"top":63,"width":1080,"height":1731}}}
&amp#27;[35m[HTTP]&amp#27;[39m &amp#27;[37m<-- POST /wd/hub/session &amp#27;[39m&amp#27;[32m200&amp#27;[39m &amp#27;[90m6411 ms - 1073&amp#27;[39m
&amp#27;[35m[HTTP]&amp#27;[39m &amp#27;[90m&amp#27;[39m
&amp#27;[35m[HTTP]&amp#27;[39m &amp#27;[37m-->&amp#27;[39m &amp#27;[37mGET&amp#27;[39m &amp#27;[37m/wd/hub/session/0e1a3d19-a8a6-43ff-92e0-47c63a57a010&amp#27;[39m
&amp#27;[35m[HTTP]&amp#27;[39m &amp#27;[90m{}&amp#27;[39m
[debug] &amp#27;[35m[W3C (0e1a3d19)]&amp#27;[39m Calling AppiumDriver.getSession() with args: ["0e1a3d19-a8a6-43ff-92e0-47c63a57a010"]
[debug] &amp#27;[35m[UiAutomator2]&amp#27;[39m Getting session details from server to mix in
[debug] &amp#27;[35m[WD Proxy]&amp#27;[39m Matched '/' to command name 'getSession'
[debug] &amp#27;[35m[WD Proxy]&amp#27;[39m Proxying [GET /] to [GET http://127.0.0.1:8200/wd/hub/session/04edc72f-05bf-4a82-a354-501c51271413] with no body
[debug] &amp#27;[35m[WD Proxy]&amp#27;[39m Got response with status 200: {"sessionId":"04edc72f-05bf-4a82-a354-501c51271413","value":{"lastScrollData":null}}
[debug] &amp#27;[35m[W3C (0e1a3d19)]&amp#27;[39m Responding to client with driver.getSession() result: {"platform":"LINUX","webStorageEnabled":false,"takesScreenshot":true,"javascriptEnabled":true,"databaseEnabled":false,"networkConnectionEnabled":true,"locationContextEnabled":false,"warnings":{},"desired":{"platformName":"android","isHeadless":true,"app":"../AppiumCucumberProject/ApiDemos-debug.apk","appActivity":"io.appium.android.apis.ApiDemos","appPackage":"io.appium.android.apis","avdArgs":"-no-window","deviceName":"android","platformVersion":"8.1"},"platformName":"android","isHeadless":true,"app":"../AppiumCucumberProject/ApiDemos-debug.apk","appActivity":"io.appium.android.apis.ApiDemos","appPackage":"io.appium.android.apis","avdArgs":"-no-window","deviceName":"emulator-5554","platformVersion":"8.1.0","deviceUDID":"emulator-5554","deviceApiLevel":27,"deviceScreenSize":"1080x1920","deviceScreenDensity":420,"deviceModel":"Android SDK built for x86","deviceManufacturer":"Google","pixelRatio":2.625,"statBarHeight":63,"viewportRect":{"left":0,"top":63,"width":1080,"height":1731},"lastScrollData":null}
&amp#27;[35m[HTTP]&amp#27;[39m &amp#27;[37m<-- GET /wd/hub/session/0e1a3d19-a8a6-43ff-92e0-47c63a57a010 &amp#27;[39m&amp#27;[32m200&amp#27;[39m &amp#27;[90m12 ms - 1027&amp#27;[39m
&amp#27;[35m[HTTP]&amp#27;[39m &amp#27;[90m&amp#27;[39m
&amp#27;[35m[HTTP]&amp#27;[39m &amp#27;[37m-->&amp#27;[39m &amp#27;[37mGET&amp#27;[39m &amp#27;[37m/wd/hub/session/0e1a3d19-a8a6-43ff-92e0-47c63a57a010&amp#27;[39m
&amp#27;[35m[HTTP]&amp#27;[39m &amp#27;[90m{}&amp#27;[39m
[debug] &amp#27;[35m[W3C (0e1a3d19)]&amp#27;[39m Calling AppiumDriver.getSession() with args: ["0e1a3d19-a8a6-43ff-92e0-47c63a57a010"]
[debug] &amp#27;[35m[UiAutomator2]&amp#27;[39m Getting session details from server to mix in
[debug] &amp#27;[35m[WD Proxy]&amp#27;[39m Matched '/' to command name 'getSession'
[debug] &amp#27;[35m[WD Proxy]&amp#27;[39m Proxying [GET /] to [GET http://127.0.0.1:8200/wd/hub/session/04edc72f-05bf-4a82-a354-501c51271413] with no body
[debug] &amp#27;[35m[WD Proxy]&amp#27;[39m Got response with status 200: {"sessionId":"04edc72f-05bf-4a82-a354-501c51271413","value":{"lastScrollData":null}}
[debug] &amp#27;[35m[W3C (0e1a3d19)]&amp#27;[39m Responding to client with driver.getSession() result: {"platform":"LINUX","webStorageEnabled":false,"takesScreenshot":true,"javascriptEnabled":true,"databaseEnabled":false,"networkConnectionEnabled":true,"locationContextEnabled":false,"warnings":{},"desired":{"platformName":"android","isHeadless":true,"app":"../AppiumCucumberProject/ApiDemos-debug.apk","appActivity":"io.appium.android.apis.ApiDemos","appPackage":"io.appium.android.apis","avdArgs":"-no-window","deviceName":"android","platformVersion":"8.1"},"platformName":"android","isHeadless":true,"app":"../AppiumCucumberProject/ApiDemos-debug.apk","appActivity":"io.appium.android.apis.ApiDemos","appPackage":"io.appium.android.apis","avdArgs":"-no-window","deviceName":"emulator-5554","platformVersion":"8.1.0","deviceUDID":"emulator-5554","deviceApiLevel":27,"deviceScreenSize":"1080x1920","deviceScreenDensity":420,"deviceModel":"Android SDK built for x86","deviceManufacturer":"Google","pixelRatio":2.625,"statBarHeight":63,"viewportRect":{"left":0,"top":63,"width":1080,"height":1731},"lastScrollData":null}
&amp#27;[35m[HTTP]&amp#27;[39m &amp#27;[37m<-- GET /wd/hub/session/0e1a3d19-a8a6-43ff-92e0-47c63a57a010 &amp#27;[39m&amp#27;[32m200&amp#27;[39m &amp#27;[90m11 ms - 1027&amp#27;[39m
&amp#27;[35m[HTTP]&amp#27;[39m &amp#27;[90m&amp#27;[39m
&amp#27;[35m[HTTP]&amp#27;[39m &amp#27;[37m-->&amp#27;[39m &amp#27;[37mPOST&amp#27;[39m &amp#27;[37m/wd/hub/session/0e1a3d19-a8a6-43ff-92e0-47c63a57a010/timeouts&amp#27;[39m
&amp#27;[35m[HTTP]&amp#27;[39m &amp#27;[90m{"implicit":20000}&amp#27;[39m
[debug] &amp#27;[35m[W3C (0e1a3d19)]&amp#27;[39m Calling AppiumDriver.timeouts() with args: [null,null,null,null,20000,"0e1a3d19-a8a6-43ff-92e0-47c63a57a010"]
[debug] &amp#27;[35m[BaseDriver]&amp#27;[39m W3C timeout argument: {"implicit":20000}}
[debug] &amp#27;[35m[BaseDriver]&amp#27;[39m Set implicit wait to 20000ms
[debug] &amp#27;[35m[W3C (0e1a3d19)]&amp#27;[39m Responding to client with driver.timeouts() result: null
&amp#27;[35m[HTTP]&amp#27;[39m &amp#27;[37m<-- POST /wd/hub/session/0e1a3d19-a8a6-43ff-92e0-47c63a57a010/timeouts &amp#27;[39m&amp#27;[32m200&amp#27;[39m &amp#27;[90m3 ms - 14&amp#27;[39m
&amp#27;[35m[HTTP]&amp#27;[39m &amp#27;[90m&amp#27;[39m
&amp#27;[35m[HTTP]&amp#27;[39m &amp#27;[37m-->&amp#27;[39m &amp#27;[37mGET&amp#27;[39m &amp#27;[37m/wd/hub/session/0e1a3d19-a8a6-43ff-92e0-47c63a57a010&amp#27;[39m
&amp#27;[35m[HTTP]&amp#27;[39m &amp#27;[90m{}&amp#27;[39m
[debug] &amp#27;[35m[W3C (0e1a3d19)]&amp#27;[39m Calling AppiumDriver.getSession() with args: ["0e1a3d19-a8a6-43ff-92e0-47c63a57a010"]
[debug] &amp#27;[35m[UiAutomator2]&amp#27;[39m Getting session details from server to mix in
[debug] &amp#27;[35m[WD Proxy]&amp#27;[39m Matched '/' to command name 'getSession'
[debug] &amp#27;[35m[WD Proxy]&amp#27;[39m Proxying [GET /] to [GET http://127.0.0.1:8200/wd/hub/session/04edc72f-05bf-4a82-a354-501c51271413] with no body
[debug] &amp#27;[35m[WD Proxy]&amp#27;[39m Got response with status 200: {"sessionId":"04edc72f-05bf-4a82-a354-501c51271413","value":{"lastScrollData":null}}
[debug] &amp#27;[35m[W3C (0e1a3d19)]&amp#27;[39m Responding to client with driver.getSession() result: {"platform":"LINUX","webStorageEnabled":false,"takesScreenshot":true,"javascriptEnabled":true,"databaseEnabled":false,"networkConnectionEnabled":true,"locationContextEnabled":false,"warnings":{},"desired":{"platformName":"android","isHeadless":true,"app":"../AppiumCucumberProject/ApiDemos-debug.apk","appActivity":"io.appium.android.apis.ApiDemos","appPackage":"io.appium.android.apis","avdArgs":"-no-window","deviceName":"android","platformVersion":"8.1"},"platformName":"android","isHeadless":true,"app":"../AppiumCucumberProject/ApiDemos-debug.apk","appActivity":"io.appium.android.apis.ApiDemos","appPackage":"io.appium.android.apis","avdArgs":"-no-window","deviceName":"emulator-5554","platformVersion":"8.1.0","deviceUDID":"emulator-5554","deviceApiLevel":27,"deviceScreenSize":"1080x1920","deviceScreenDensity":420,"deviceModel":"Android SDK built for x86","deviceManufacturer":"Google","pixelRatio":2.625,"statBarHeight":63,"viewportRect":{"left":0,"top":63,"width":1080,"height":1731},"lastScrollData":null}
&amp#27;[35m[HTTP]&amp#27;[39m &amp#27;[37m<-- GET /wd/hub/session/0e1a3d19-a8a6-43ff-92e0-47c63a57a010 &amp#27;[39m&amp#27;[32m200&amp#27;[39m &amp#27;[90m13 ms - 1027&amp#27;[39m
&amp#27;[35m[HTTP]&amp#27;[39m &amp#27;[90m&amp#27;[39m
&amp#27;[35m[HTTP]&amp#27;[39m &amp#27;[37m-->&amp#27;[39m &amp#27;[37mGET&amp#27;[39m &amp#27;[37m/wd/hub/session/0e1a3d19-a8a6-43ff-92e0-47c63a57a010&amp#27;[39m
&amp#27;[35m[HTTP]&amp#27;[39m &amp#27;[90m{}&amp#27;[39m
[debug] &amp#27;[35m[W3C (0e1a3d19)]&amp#27;[39m Calling AppiumDriver.getSession() with args: ["0e1a3d19-a8a6-43ff-92e0-47c63a57a010"]
[debug] &amp#27;[35m[UiAutomator2]&amp#27;[39m Getting session details from server to mix in
[debug] &amp#27;[35m[WD Proxy]&amp#27;[39m Matched '/' to command name 'getSession'
[debug] &amp#27;[35m[WD Proxy]&amp#27;[39m Proxying [GET /] to [GET http://127.0.0.1:8200/wd/hub/session/04edc72f-05bf-4a82-a354-501c51271413] with no body
[debug] &amp#27;[35m[WD Proxy]&amp#27;[39m Got response with status 200: {"sessionId":"04edc72f-05bf-4a82-a354-501c51271413","value":{"lastScrollData":null}}
[debug] &amp#27;[35m[W3C (0e1a3d19)]&amp#27;[39m Responding to client with driver.getSession() result: {"platform":"LINUX","webStorageEnabled":false,"takesScreenshot":true,"javascriptEnabled":true,"databaseEnabled":false,"networkConnectionEnabled":true,"locationContextEnabled":false,"warnings":{},"desired":{"platformName":"android","isHeadless":true,"app":"../AppiumCucumberProject/ApiDemos-debug.apk","appActivity":"io.appium.android.apis.ApiDemos","appPackage":"io.appium.android.apis","avdArgs":"-no-window","deviceName":"android","platformVersion":"8.1"},"platformName":"android","isHeadless":true,"app":"../AppiumCucumberProject/ApiDemos-debug.apk","appActivity":"io.appium.android.apis.ApiDemos","appPackage":"io.appium.android.apis","avdArgs":"-no-window","deviceName":"emulator-5554","platformVersion":"8.1.0","deviceUDID":"emulator-5554","deviceApiLevel":27,"deviceScreenSize":"1080x1920","deviceScreenDensity":420,"deviceModel":"Android SDK built for x86","deviceManufacturer":"Google","pixelRatio":2.625,"statBarHeight":63,"viewportRect":{"left":0,"top":63,"width":1080,"height":1731},"lastScrollData":null}
&amp#27;[35m[HTTP]&amp#27;[39m &amp#27;[37m<-- GET /wd/hub/session/0e1a3d19-a8a6-43ff-92e0-47c63a57a010 &amp#27;[39m&amp#27;[32m200&amp#27;[39m &amp#27;[90m14 ms - 1027&amp#27;[39m
&amp#27;[35m[HTTP]&amp#27;[39m &amp#27;[90m&amp#27;[39m
&amp#27;[35m[HTTP]&amp#27;[39m &amp#27;[37m-->&amp#27;[39m &amp#27;[37mGET&amp#27;[39m &amp#27;[37m/wd/hub/session/0e1a3d19-a8a6-43ff-92e0-47c63a57a010&amp#27;[39m
&amp#27;[35m[HTTP]&amp#27;[39m &amp#27;[90m{}&amp#27;[39m
[debug] &amp#27;[35m[W3C (0e1a3d19)]&amp#27;[39m Calling AppiumDriver.getSession() with args: ["0e1a3d19-a8a6-43ff-92e0-47c63a57a010"]
[debug] &amp#27;[35m[UiAutomator2]&amp#27;[39m Getting session details from server to mix in
[debug] &amp#27;[35m[WD Proxy]&amp#27;[39m Matched '/' to command name 'getSession'
[debug] &amp#27;[35m[WD Proxy]&amp#27;[39m Proxying [GET /] to [GET http://127.0.0.1:8200/wd/hub/session/04edc72f-05bf-4a82-a354-501c51271413] with no body
[debug] &amp#27;[35m[WD Proxy]&amp#27;[39m Got response with status 200: {"sessionId":"04edc72f-05bf-4a82-a354-501c51271413","value":{"lastScrollData":null}}
[debug] &amp#27;[35m[W3C (0e1a3d19)]&amp#27;[39m Responding to client with driver.getSession() result: {"platform":"LINUX","webStorageEnabled":false,"takesScreenshot":true,"javascriptEnabled":true,"databaseEnabled":false,"networkConnectionEnabled":true,"locationContextEnabled":false,"warnings":{},"desired":{"platformName":"android","isHeadless":true,"app":"../AppiumCucumberProject/ApiDemos-debug.apk","appActivity":"io.appium.android.apis.ApiDemos","appPackage":"io.appium.android.apis","avdArgs":"-no-window","deviceName":"android","platformVersion":"8.1"},"platformName":"android","isHeadless":true,"app":"../AppiumCucumberProject/ApiDemos-debug.apk","appActivity":"io.appium.android.apis.ApiDemos","appPackage":"io.appium.android.apis","avdArgs":"-no-window","deviceName":"emulator-5554","platformVersion":"8.1.0","deviceUDID":"emulator-5554","deviceApiLevel":27,"deviceScreenSize":"1080x1920","deviceScreenDensity":420,"deviceModel":"Android SDK built for x86","deviceManufacturer":"Google","pixelRatio":2.625,"statBarHeight":63,"viewportRect":{"left":0,"top":63,"width":1080,"height":1731},"lastScrollData":null}
&amp#27;[35m[HTTP]&amp#27;[39m &amp#27;[37m<-- GET /wd/hub/session/0e1a3d19-a8a6-43ff-92e0-47c63a57a010 &amp#27;[39m&amp#27;[32m200&amp#27;[39m &amp#27;[90m15 ms - 1027&amp#27;[39m
&amp#27;[35m[HTTP]&amp#27;[39m &amp#27;[90m&amp#27;[39m
&amp#27;[35m[HTTP]&amp#27;[39m &amp#27;[37m-->&amp#27;[39m &amp#27;[37mPOST&amp#27;[39m &amp#27;[37m/wd/hub/session/0e1a3d19-a8a6-43ff-92e0-47c63a57a010/element&amp#27;[39m
&amp#27;[35m[HTTP]&amp#27;[39m &amp#27;[90m{"using":"xpath","value":"//android.widget.TextView[@content-desc=\"App\"]"}&amp#27;[39m
[debug] &amp#27;[35m[W3C (0e1a3d19)]&amp#27;[39m Calling AppiumDriver.findElement() with args: ["xpath","//android.widget.TextView[@content-desc=\"App\"]","0e1a3d19-a8a6-43ff-92e0-47c63a57a010"]
[debug] &amp#27;[35m[BaseDriver]&amp#27;[39m Valid locator strategies for this request: xpath, id, class name, accessibility id, css selector, -android uiautomator
[debug] &amp#27;[35m[BaseDriver]&amp#27;[39m Waiting up to 20000 ms for condition
[debug] &amp#27;[35m[WD Proxy]&amp#27;[39m Matched '/element' to command name 'findElement'
[debug] &amp#27;[35m[WD Proxy]&amp#27;[39m Proxying [POST /element] to [POST http://127.0.0.1:8200/wd/hub/session/04edc72f-05bf-4a82-a354-501c51271413/element] with body: {"strategy":"xpath","selector":"//android.widget.TextView[@content-desc=\"App\"]","context":"","multiple":false}
[debug] &amp#27;[35m[WD Proxy]&amp#27;[39m Got response with status 200: {"sessionId":"04edc72f-05bf-4a82-a354-501c51271413","value":{"ELEMENT":"00000000-0000-007f-ffff-ffff00000007","element-6066-11e4-a52e-4f735466cecf":"00000000-0000-007f-ffff-ffff00000007"}}
[debug] &amp#27;[35m[W3C (0e1a3d19)]&amp#27;[39m Responding to client with driver.findElement() result: {"element-6066-11e4-a52e-4f735466cecf":"00000000-0000-007f-ffff-ffff00000007","ELEMENT":"00000000-0000-007f-ffff-ffff00000007"}
&amp#27;[35m[HTTP]&amp#27;[39m &amp#27;[37m<-- POST /wd/hub/session/0e1a3d19-a8a6-43ff-92e0-47c63a57a010/element &amp#27;[39m&amp#27;[32m200&amp#27;[39m &amp#27;[90m1012 ms - 137&amp#27;[39m
&amp#27;[35m[HTTP]&amp#27;[39m &amp#27;[90m&amp#27;[39m
&amp#27;[35m[HTTP]&amp#27;[39m &amp#27;[37m-->&amp#27;[39m &amp#27;[37mPOST&amp#27;[39m &amp#27;[37m/wd/hub/session/0e1a3d19-a8a6-43ff-92e0-47c63a57a010/element/00000000-0000-007f-ffff-ffff00000007/click&amp#27;[39m
&amp#27;[35m[HTTP]&amp#27;[39m &amp#27;[90m{"id":"00000000-0000-007f-ffff-ffff00000007"}&amp#27;[39m
[debug] &amp#27;[35m[W3C (0e1a3d19)]&amp#27;[39m Calling AppiumDriver.click() with args: ["00000000-0000-007f-ffff-ffff00000007","0e1a3d19-a8a6-43ff-92e0-47c63a57a010"]
[debug] &amp#27;[35m[WD Proxy]&amp#27;[39m Matched '/element/00000000-0000-007f-ffff-ffff00000007/click' to command name 'click'
[debug] &amp#27;[35m[WD Proxy]&amp#27;[39m Proxying [POST /element/00000000-0000-007f-ffff-ffff00000007/click] to [POST http://127.0.0.1:8200/wd/hub/session/04edc72f-05bf-4a82-a354-501c51271413/element/00000000-0000-007f-ffff-ffff00000007/click] with body: {"element":"00000000-0000-007f-ffff-ffff00000007"}
[debug] &amp#27;[35m[WD Proxy]&amp#27;[39m Got response with status 200: {"sessionId":"04edc72f-05bf-4a82-a354-501c51271413","value":null}
[debug] &amp#27;[35m[W3C (0e1a3d19)]&amp#27;[39m Responding to client with driver.click() result: null
&amp#27;[35m[HTTP]&amp#27;[39m &amp#27;[37m<-- POST /wd/hub/session/0e1a3d19-a8a6-43ff-92e0-47c63a57a010/element/00000000-0000-007f-ffff-ffff00000007/click &amp#27;[39m&amp#27;[32m200&amp#27;[39m &amp#27;[90m1185 ms - 14&amp#27;[39m
&amp#27;[35m[HTT[INFO ] 2022-03-22 09:49:11.534 [main] TextToSpeechScreen - user is in homepage and click in the app
P]&amp#27;[39m &amp#27;[90m&amp#27;[39m
&amp#27;[35m[HTTP]&amp#27;[39m &amp#27;[37m-->&amp#27;[39m &amp#27;[37mGET&amp#27;[39m &amp#27;[37m/wd/hub/session/0e1a3d19-a8a6-43ff-92e0-47c63a57a010&amp#27;[39m
&amp#27;[35m[HTTP]&amp#27;[39m &amp#27;[90m{}&amp#27;[39m
[debug] &amp#27;[35m[W3C (0e1a3d19)]&amp#27;[39m Calling AppiumDriver.getSession() with args: ["0e1a3d19-a8a6-43ff-92e0-47c63a57a010"]
[debug] &amp#27;[35m[UiAutomator2]&amp#27;[39m Getting session details from server to mix in
[debug] &amp#27;[35m[WD Proxy]&amp#27;[39m Matched '/' to command name 'getSession'
[debug] &amp#27;[35m[WD Proxy]&amp#27;[39m Proxying [GET /] to [GET http://127.0.0.1:8200/wd/hub/session/04edc72f-05bf-4a82-a354-501c51271413] with no body
[debug] &amp#27;[35m[WD Proxy]&amp#27;[39m Got response with status 200: {"sessionId":"04edc72f-05bf-4a82-a354-501c51271413","value":{"lastScrollData":null}}
[debug] &amp#27;[35m[W3C (0e1a3d19)]&amp#27;[39m Responding to client with driver.getSession() result: {"platform":"LINUX","webStorageEnabled":false,"takesScreenshot":true,"javascriptEnabled":true,"databaseEnabled":false,"networkConnectionEnabled":true,"locationContextEnabled":false,"warnings":{},"desired":{"platformName":"android","isHeadless":true,"app":"../AppiumCucumberProject/ApiDemos-debug.apk","appActivity":"io.appium.android.apis.ApiDemos","appPackage":"io.appium.android.apis","avdArgs":"-no-window","deviceName":"android","platformVersion":"8.1"},"platformName":"android","isHeadless":true,"app":"../AppiumCucumberProject/ApiDemos-debug.apk","appActivity":"io.appium.android.apis.ApiDemos","appPackage":"io.appium.android.apis","avdArgs":"-no-window","deviceName":"emulator-5554","platformVersion":"8.1.0","deviceUDID":"emulator-5554","deviceApiLevel":27,"deviceScreenSize":"1080x1920","deviceScreenDensity":420,"deviceModel":"Android SDK built for x86","deviceManufacturer":"Google","pixelRatio":2.625,"statBarHeight":63,"viewportRect":{"left":0,"top":63,"width":1080,"height":1731},"lastScrollData":null}
&amp#27;[35m[HTTP]&amp#27;[39m &amp#27;[37m<-- GET /wd/hub/session/0e1a3d19-a8a6-43ff-92e0-47c63a57a010 &amp#27;[39m&amp#27;[32m200&amp#27;[39m &amp#27;[90m14 ms - 1027&amp#27;[39m
&amp#27;[35m[HTTP]&amp#27;[39m &amp#27;[90m&amp#27;[39m
&amp#27;[35m[HTTP]&amp#27;[39m &amp#27;[37m-->&amp#27;[39m &amp#27;[37mPOST&amp#27;[39m &amp#27;[37m/wd/hub/session/0e1a3d19-a8a6-43ff-92e0-47c63a57a010/element&amp#27;[39m
&amp#27;[35m[HTTP]&amp#27;[39m &amp#27;[90m{"using":"xpath","value":"//android.widget.TextView[@content-desc=\"Text-To-Speech\"]"}&amp#27;[39m
[debug] &amp#27;[35m[W3C (0e1a3d19)]&amp#27;[39m Calling AppiumDriver.findElement() with args: ["xpath","//android.widget.TextView[@content-desc=\"Text-To-Speech\"]","0e1a3d19-a8a6-43ff-92e0-47c63a57a010"]
[debug] &amp#27;[35m[BaseDriver]&amp#27;[39m Valid locator strategies for this request: xpath, id, class name, accessibility id, css selector, -android uiautomator
[debug] &amp#27;[35m[BaseDriver]&amp#27;[39m Waiting up to 20000 ms for condition
[debug] &amp#27;[35m[WD Proxy]&amp#27;[39m Matched '/element' to command name 'findElement'
[debug] &amp#27;[35m[WD Proxy]&amp#27;[39m Proxying [POST /element] to [POST http://127.0.0.1:8200/wd/hub/session/04edc72f-05bf-4a82-a354-501c51271413/element] with body: {"strategy":"xpath","selector":"//android.widget.TextView[@content-desc=\"Text-To-Speech\"]","context":"","multiple":false}
[debug] &amp#27;[35m[WD Proxy]&amp#27;[39m Got response with status 200: {"sessionId":"04edc72f-05bf-4a82-a354-501c51271413","value":{"ELEMENT":"00000000-0000-0080-ffff-ffff00000025","element-6066-11e4-a52e-4f735466cecf":"00000000-0000-0080-ffff-ffff00000025"}}
[debug] &amp#27;[35m[W3C (0e1a3d19)]&amp#27;[39m Responding to client with driver.findElement() result: {"element-6066-11e4-a52e-4f735466cecf":"00000000-0000-0080-ffff-ffff00000025","ELEMENT":"00000000-0000-0080-ffff-ffff00000025"}
&amp#27;[35m[HTTP]&amp#27;[39m &amp#27;[37m<-- POST /wd/hub/session/0e1a3d19-a8a6-43ff-92e0-47c63a57a010/element &amp#27;[39m&amp#27;[32m200&amp#27;[39m &amp#27;[90m97 ms - 137&amp#27;[39m
&amp#27;[35m[HTTP]&amp#27;[39m &amp#27;[90m&amp#27;[39m
&amp#27;[35m[HTTP]&amp#27;[39m &amp#27;[37m-->&amp#27;[39m &amp#27;[37mPOST&amp#27;[39m &amp#27;[37m/wd/hub/session/0e1a3d19-a8a6-43ff-92e0-47c63a57a010/element/00000000-0000-0080-ffff-ffff00000025/click&amp#27;[39m
&amp#27;[35m[HTTP]&amp#27;[39m &amp#27;[90m{"id":"00000000-0000-0080-ffff-ffff00000025"}&amp#27;[39m
[debug] &amp#27;[35m[W3C (0e1a3d19)]&amp#27;[39m Calling AppiumDriver.click() with args: ["00000000-0000-0080-ffff-ffff00000025","0e1a3d19-a8a6-43ff-92e0-47c63a57a010"]
[debug] &amp#27;[35m[WD Proxy]&amp#27;[39m Matched '/element/00000000-0000-0080-ffff-ffff00000025/click' to command name 'click'
[debug] &amp#27;[35m[WD Proxy]&amp#27;[39m Proxying [POST /element/00000000-0000-0080-ffff-ffff00000025/click] to [POST http://127.0.0.1:8200/wd/hub/session/04edc72f-05bf-4a82-a354-501c51271413/element/00000000-0000-0080-ffff-ffff00000025/click] with body: {"element":"00000000-0000-0080-ffff-ffff00000025"}
[debug] &amp#27;[35m[WD Proxy]&amp#27;[39m Got response with status 200: {"sessionId":"04edc72f-05bf-4a82-a354-501c51271413","value":null}
[debug] &amp#27;[35m[W3C (0e1a3d19)]&amp#27;[39m Responding to client with driver.click() result: null
&amp#27;[35m[HTTP]&amp#27;[39m &amp#27;[37m<-- POST /wd/hub/session/0e1a3d19-a8a6-43ff-92e0-47c63a57a010/element/00000000-0000-0080-ffff-ffff00000025/click &amp#27;[39m&amp#27;[32m200&amp#27;[39m &amp#27;[90m1119 ms[INFO ] 2022-03-22 09:49:12.796 [main] TextToSpeechScreen - user click in the text to speech 
 - 14&amp#27;[39m
&amp#27;[35m[HTTP]&amp#27;[39m &amp#27;[90m&amp#27;[39m
&amp#27;[35m[HTTP]&amp#27;[39m &amp#27;[37m-->&amp#27;[39m &amp#27;[37mGET&amp#27;[39m &amp#27;[37m/wd/hub/session/0e1a3d19-a8a6-43ff-92e0-47c63a57a010&amp#27;[39m
&amp#27;[35m[HTTP]&amp#27;[39m &amp#27;[90m{}&amp#27;[39m
[debug] &amp#27;[35m[W3C (0e1a3d19)]&amp#27;[39m Calling AppiumDriver.getSession() with args: ["0e1a3d19-a8a6-43ff-92e0-47c63a57a010"]
[debug] &amp#27;[35m[UiAutomator2]&amp#27;[39m Getting session details from server to mix in
[debug] &amp#27;[35m[WD Proxy]&amp#27;[39m Matched '/' to command name 'getSession'
[debug] &amp#27;[35m[WD Proxy]&amp#27;[39m Proxying [GET /] to [GET http://127.0.0.1:8200/wd/hub/session/04edc72f-05bf-4a82-a354-501c51271413] with no body
[debug] &amp#27;[35m[WD Proxy]&amp#27;[39m Got response with status 200: {"sessionId":"04edc72f-05bf-4a82-a354-501c51271413","value":{"lastScrollData":null}}
[debug] &amp#27;[35m[W3C (0e1a3d19)]&amp#27;[39m Responding to client with driver.getSession() result: {"platform":"LINUX","webStorageEnabled":false,"takesScreenshot":true,"javascriptEnabled":true,"databaseEnabled":false,"networkConnectionEnabled":true,"locationContextEnabled":false,"warnings":{},"desired":{"platformName":"android","isHeadless":true,"app":"../AppiumCucumberProject/ApiDemos-debug.apk","appActivity":"io.appium.android.apis.ApiDemos","appPackage":"io.appium.android.apis","avdArgs":"-no-window","deviceName":"android","platformVersion":"8.1"},"platformName":"android","isHeadless":true,"app":"../AppiumCucumberProject/ApiDemos-debug.apk","appActivity":"io.appium.android.apis.ApiDemos","appPackage":"io.appium.android.apis","avdArgs":"-no-window","deviceName":"emulator-5554","platformVersion":"8.1.0","deviceUDID":"emulator-5554","deviceApiLevel":27,"deviceScreenSize":"1080x1920","deviceScreenDensity":420,"deviceModel":"Android SDK built for x86","deviceManufacturer":"Google","pixelRatio":2.625,"statBarHeight":63,"viewportRect":{"left":0,"top":63,"width":1080,"height":1731},"lastScrollData":null}
&amp#27;[35m[HTTP]&amp#27;[39m &amp#27;[37m<-- GET /wd/hub/session/0e1a3d19-a8a6-43ff-92e0-47c63a57a010 &amp#27;[39m&amp#27;[32m200&amp#27;[39m &amp#27;[90m15 ms - 1027&amp#27;[39m
&amp#27;[35m[HTTP]&amp#27;[39m &amp#27;[90m&amp#27;[39m
&amp#27;[35m[HTTP]&amp#27;[39m &amp#27;[37m-->&amp#27;[39m &amp#27;[37mPOST&amp#27;[39m &amp#27;[37m/wd/hub/session/0e1a3d19-a8a6-43ff-92e0-47c63a57a010/element&amp#27;[39m
&amp#27;[35m[HTTP]&amp#27;[39m &amp#27;[90m{"using":"id","value":"io.appium.android.apis:id/again_button"}&amp#27;[39m
[debug] &amp#27;[35m[W3C (0e1a3d19)]&amp#27;[39m Calling AppiumDriver.findElement() with args: ["id","io.appium.android.apis:id/again_button","0e1a3d19-a8a6-43ff-92e0-47c63a57a010"]
[debug] &amp#27;[35m[BaseDriver]&amp#27;[39m Valid locator strategies for this request: xpath, id, class name, accessibility id, css selector, -android uiautomator
[debug] &amp#27;[35m[BaseDriver]&amp#27;[39m Waiting up to 20000 ms for condition
[debug] &amp#27;[35m[WD Proxy]&amp#27;[39m Matched '/element' to command name 'findElement'
[debug] &amp#27;[35m[WD Proxy]&amp#27;[39m Proxying [POST /element] to [POST http://127.0.0.1:8200/wd/hub/session/04edc72f-05bf-4a82-a354-501c51271413/element] with body: {"strategy":"id","selector":"io.appium.android.apis:id/again_button","context":"","multiple":false}
[debug] &amp#27;[35m[WD Proxy]&amp#27;[39m Got response with status 200: {"sessionId":"04edc72f-05bf-4a82-a354-501c51271413","value":{"ELEMENT":"00000000-0000-0081-ffff-ffff0000002d","element-6066-11e4-a52e-4f735466cecf":"00000000-0000-0081-ffff-ffff0000002d"}}
[debug] &amp#27;[35m[W3C (0e1a3d19)]&amp#27;[39m Responding to client with driver.findElement() result: {"element-6066-11e4-a52e-4f735466cecf":"00000000-0000-0081-ffff-ffff0000002d","ELEMENT":"00000000-0000-0081-ffff-ffff0000002d"}
&amp#27;[35m[HTTP]&amp#27;[39m &amp#27;[37m<-- POST /wd/hub/session/0e1a3d19-a8a6-43ff-92e0-47c63a57a010/element &amp#27;[39m&amp#27;[32m200&amp#27;[39m &amp#27;[90m36 ms - 137&amp#27;[39m
&amp#27;[35m[HTTP]&amp#27;[39m &amp#27;[90m&amp#27;[39m
&amp#27;[35m[HTTP]&amp#27;[39m &amp#27;[37m-->&amp#27;[39m &amp#27;[37mPOST&amp#27;[39m &amp#27;[37m/wd/hub/session/0e1a3d19-a8a6-43ff-92e0-47c63a57a010/element/00000000-0000-0081-ffff-ffff0000002d/click&amp#27;[39m
&amp#27;[35m[HTTP]&amp#27;[39m &amp#27;[90m{"id":"00000000-0000-0081-ffff-ffff0000002d"}&amp#27;[39m
[debug] &amp#27;[35m[W3C (0e1a3d19)]&amp#27;[39m Calling AppiumDriver.click() with args: ["00000000-0000-0081-ffff-ffff0000002d","0e1a3d19-a8a6-43ff-92e0-47c63a57a010"]
[debug] &amp#27;[35m[WD Proxy]&amp#27;[39m Matched '/element/00000000-0000-0081-ffff-ffff0000002d/click' to command name 'click'
[debug] &amp#27;[35m[WD Proxy]&amp#27;[39m Proxying [POST /element/00000000-0000-0081-ffff-ffff0000002d/click] to [POST http://127.0.0.1:8200/wd/hub/session/04edc72f-05bf-4a82-a354-501c51271413/element/00000000-0000-0081-ffff-ffff0000002d/click] with body: {"element":"00000000-0000-0081-ffff-ffff0000002d"}
[debug] &amp#27;[35m[WD Proxy]&amp#27;[39m Got response with status 200: {"sessionId":"04edc72f-05bf-4a82-a354-501c51271413","value":null}
[debug] &amp#27;[35m[W3C (0e1a3d19)]&amp#27;[39m Responding to client with driver.click() result: null
&amp#27;[35m[HTTP]&amp#27;[39m &amp#27;[37m<-- POST /wd/hub/session/0e1a3d19-a8a6-43ff-92e0-47c63a57a010/element/00000000-0000-0081-ffff-ffff0000002d/click &amp#27;[39m&amp#27;[32m200&amp#27;[39m &amp#27;[90m27 ms - 14&amp#27;[39m
&amp#27;[35m[HTTP]&amp#27;[39m &amp#27;[90m&amp#27;[39m
[INFO ] 2022-03-22 09:49:12.896 [main] TextToSpeechScreen - user click again to hear speech again
&amp#27;[35m[HTTP]&amp#27;[39m &amp#27;[37m-->&amp#27;[39m &amp#27;[37mGET&amp#27;[39m &amp#27;[37m/wd/hub/session/0e1a3d19-a8a6-43ff-92e0-47c63a57a010/screenshot&amp#27;[39m
&amp#27;[35m[HTTP]&amp#27;[39m &amp#27;[90m{}&amp#27;[39m
[debug] &amp#27;[35m[W3C (0e1a3d19)]&amp#27;[39m Calling AppiumDriver.getScreenshot() with args: ["0e1a3d19-a8a6-43ff-92e0-47c63a57a010"]
[debug] &amp#27;[35m[WD Proxy]&amp#27;[39m Matched '/screenshot' to command name 'getScreenshot'
[debug] &amp#27;[35m[WD Proxy]&amp#27;[39m Proxying [GET /screenshot] to [GET http://127.0.0.1:8200/wd/hub/session/04edc72f-05bf-4a82-a354-501c51271413/screenshot] with no body
[debug] &amp#27;[35m[WD Proxy]&amp#27;[39m Got response with status 200: {"sessionId":"04edc72f-05bf-4a82-a354-501c51271413","value":"iVBORw0KGgoAAAANSUhEUgAABDgAAAeACAYAAAArYecKAAAABHNCSVQICAgIfAhkiAAAIABJREFU\neJzs3Xd0VNXaBvDnTEmvEJJQktBLEqq0IB0lQboEAupVCEUsIIgiiDQLH4KABURFxIt6xYAIKiU0\n6SAgXJUEJLQQQgkhjbTJtO+PrJlLmDPJzGRqeH5rse7NPvvsvc9kZsx5z97vFgBoQURERERERETk\nwiSOHgARERERERERUXUxwEFERERERERELo8BDiIiIiIiIiJyeQxwEBEREREREZHLY4CDiIiIiIiI\niFweAxxERERERERE5PIY4CAiIiIiIiIil8cABxERERERERG5PJmjB0D2IwgCvL29ERUVhbi4OAwY\nMABhYWGidbVaLVJSUrBlyxbs378fly9fRllZGbRarZ1HTURERERERFQ1AQDvWGswQRAAAC1atMD7\n77+PRx55BAAgkZg2eUcX0FCpVNi+fTvmzJmD3NxcBjqIiIiIiIjIqTzUAQ5BECCTySCTiU9k0Wq1\nUKlUUKlUdh6ZdQiCgCZNmmD79u3w8vIyOahRGbVajezsbDzyyCPQaDRWGKX9CYIAiUQCNzc3i87X\narUoKytzyevXXfuD1Gq1A0ZDRERERERkPQ/tEhXdco0OHTogKChItI5arcb169fx559/ulyQw9/f\nH+vWrUPnzp2tEtjQkUqlqFOnDrp27YqjR49arV17EQQB7u7uaN68OZo2bWpRG0qlEpcvX8adO3eQ\nk5Pj1O8NQRD0gTypVAqZTAZvb2/IZDIIggCtVgu1Wo2CggJoNBqo1WqoVCqXDN4QERGR9URFRcHP\nzw8FBQVISUlx9HCohsnOzjapnrH7NCJjHtoAh0wmQ4cOHbBhw4ZK612/fh3x8fG4du2anUZWPYIg\noHv37vjqq6/g7e1tsz5eeeUV...
[debug] &amp#27;[35m[W3C (0e1a3d19)]&amp#27;[39m Responding to client with driver.getScreenshot() result: "iVBORw0KGgoAAAANSUhEUgAABDgAAAeACAYAAAArYecKAAAABHNCSVQICAgIfAhkiAAAIABJREFU\neJzs3Xd0VNXaBvDnTEmvEJJQktBLEqq0IB0lQboEAupVCEUsIIgiiDQLH4KABURFxIt6xYAIKiU0\n6SAgXJUEJLQQQgkhjbTJtO+PrJlLmDPJzGRqeH5rse7NPvvsvc9kZsx5z97vFgBoQURERERERETk\nwiSOHgARERERERERUXUxwEFERERERERELo8BDiIiIiIiIiJyeQxwEBEREREREZHLY4CDiIiIiIiI\niFweAxxERERERERE5PIY4CAiIiIiIiIil8cABxERERERERG5PJmjB0D2IwgCvL29ERUVhbi4OAwY\nMABhYWGidbVaLVJSUrBlyxbs378fly9fRllZGbRarZ1HTURERERERFQ1AQDvWGswQRAAAC1atMD7\n77+PRx55BAAgkZg2eUcX0FCpVNi+fTvmzJmD3NxcBjqIiIiIiIjIqTzUAQ5BECCTySCTiU9k0Wq1\nUKlUUKlUdh6ZdQiCgCZNmmD79u3w8vIyOahRGbVajezsbDzyyCPQaDRWGKX9CYIAiUQCNzc3i87X\narUoKytzyevXXfuD1Gq1A0ZDRERERERkPQ/tEhXdco0OHTogKChItI5arcb169fx559/ulyQw9/f\nH+vWrUPnzp2tEtjQkUqlqFOnDrp27YqjR49arV17EQQB7u7uaN68OZo2bWpRG0qlEpcvX8adO3eQ\nk5Pj1O8NQRD0gTypVAqZTAZvb2/IZDIIggCtVgu1Wo2CggJoNBqo1WqoVCqXDN4QERGR9URFRcHP\nzw8FBQVISUlx9HCohsnOzjapnrH7NCJjHtoAh0wmQ4cOHbBhw4ZK612/fh3x8fG4du2anUZWPYIg\noHv37vjqq6/g7e1tsz5eeeUVHDt2TL9URXez7Mx0wY3OnTtj8eLFaNiwocVtKRQKHDp0CEuXLsXf\nf/9tvU...
&amp#27;[35m[HTTP]&amp#27;[39m &amp#27;[37m<-- GET /wd/hub/session/0e1a3d19-a8a6-43ff-92e0-47c63a57a010/screenshot &amp#27;[39m&amp#27;[32m200&amp#27;[39m &amp#27;[90m294 ms - 56378&amp#27;[39m
&amp#27;[35m[HTTP]&amp#27;[39m &amp#27;[90m&amp#27;[39m
&amp#27;[35m[HTTP]&amp#27;[39m &amp#27;[37m-->&amp#27;[39m &amp#27;[37mGET&amp#27;[39m &amp#27;[37m/wd/hub/session/0e1a3d19-a8a6-43ff-92e0-47c63a57a010&amp#27;[39m
&amp#27;[35m[HTTP]&amp#27;[39m &amp#27;[90m{}&amp#27;[39m
[debug] &amp#27;[35m[W3C (0e1a3d19)]&amp#27;[39m Calling AppiumDriver.getSession() with args: ["0e1a3d19-a8a6-43ff-92e0-47c63a57a010"]
[debug] &amp#27;[35m[UiAutomator2]&amp#27;[39m Getting session details from server to mix in
[debug] &amp#27;[35m[WD Proxy]&amp#27;[39m Matched '/' to command name 'getSession'
[debug] &amp#27;[35m[WD Proxy]&amp#27;[39m Proxying [GET /] to [GET http://127.0.0.1:8200/wd/hub/session/04edc72f-05bf-4a82-a354-501c51271413] with no body
[debug] &amp#27;[35m[WD Proxy]&amp#27;[39m Got response with status 200: {"sessionId":"04edc72f-05bf-4a82-a354-501c51271413","value":{"lastScrollData":null}}
[debug] &amp#27;[35m[W3C (0e1a3d19)]&amp#27;[39m Responding to client with driver.getSession() result: {"platform":"LINUX","webStorageEnabled":false,"takesScreenshot":true,"javascriptEnabled":true,"databaseEnabled":false,"networkConnectionEnabled":true,"locationContextEnabled":false,"warnings":{},"desired":{"platformName":"android","isHeadless":true,"app":"../AppiumCucumberProject/ApiDemos-debug.apk","appActivity":"io.appium.android.apis.ApiDemos","appPackage":"io.appium.android.apis","avdArgs":"-no-window","deviceName":"android","platformVersion":"8.1"},"platformName":"android","isHeadless":true,"app":"../AppiumCucumberProject/ApiDemos-debug.apk","appActivity":"io.appium.android.apis.ApiDemos","appPackage":"io.appium.android.apis","avdArgs":"-no-window","deviceName":"emulator-5554","platformVersion":"8.1.0","deviceUDID":"emulator-5554","deviceApiLevel":27,"deviceScreenSize":"1080x1920","deviceScreenDensity":420,"deviceModel":"Android SDK built for x86","deviceManufacturer":"Google","pixelRatio":2.625,"statBarHeight":63,"viewportRect":{"left":0,"top":63,"width":1080,"height":1731},"lastScrollData":null}
&amp#27;[35m[HTTP]&amp#27;[39m &amp#27;[37m<-- GET /wd/hub/session/0e1a3d19-a8a6-43ff-92e0-47c63a57a010 &amp#27;[39m&amp#27;[32m200&amp#27;[39m &amp#27;[90m15 ms - 1027&amp#27;[39m
&amp#27;[35m[HTTP]&amp#27;[39m &amp#27;[90m&amp#27;[39m
&amp#27;[35m[HTTP]&amp#27;[39m &amp#27;[37m-->&amp#27;[39m &amp#27;[37mPOST&amp#27;[39m &amp#27;[37m/wd/hub/session/0e1a3d19-a8a6-43ff-92e0-47c63a57a010/element&amp#27;[39m
&amp#27;[35m[HTTP]&amp#27;[39m &amp#27;[90m{"using":"xpath","value":"/hierarchy/android.widget.FrameLayout/android.view.ViewGroup/android.widget.FrameLayout[1]/android.view.ViewGroup/android.widget.TextView"}&amp#27;[39m
[debug] &amp#27;[35m[W3C (0e1a3d19)]&amp#27;[39m Calling AppiumDriver.findElement() with args: ["xpath","/hierarchy/android.widget.FrameLayout/android.view.ViewGroup/android.widget.FrameLayout[1]/android.view.ViewGroup/android.widget.TextView","0e1a3d19-a8a6-43ff-92e0-47c63a57a010"]
[debug] &amp#27;[35m[BaseDriver]&amp#27;[39m Valid locator strategies for this request: xpath, id, class name, accessibility id, css selector, -android uiautomator
[debug] &amp#27;[35m[BaseDriver]&amp#27;[39m Waiting up to 20000 ms for condition
[debug] &amp#27;[35m[WD Proxy]&amp#27;[39m Matched '/element' to command name 'findElement'
[debug] &amp#27;[35m[WD Proxy]&amp#27;[39m Proxying [POST /element] to [POST http://127.0.0.1:8200/wd/hub/session/04edc72f-05bf-4a82-a354-501c51271413/element] with body: {"strategy":"xpath","selector":"/hierarchy/android.widget.FrameLayout/android.view.ViewGroup/android.widget.FrameLayout[1]/android.view.ViewGroup/android.widget.TextView","context":"","multiple":false}
[debug] &amp#27;[35m[WD Proxy]&amp#27;[39m Got response with status 200: {"sessionId":"04edc72f-05bf-4a82-a354-501c51271413","value":{"ELEMENT":"00000000-0000-0081-ffff-ffff0000002b","element-6066-11e4-a52e-4f735466cecf":"00000000-0000-0081-ffff-ffff0000002b"}}
[debug] &amp#27;[35m[W3C (0e1a3d19)]&amp#27;[39m Responding to client with driver.findElement() result: {"element-6066-11e4-a52e-4f735466cecf":"00000000-0000-0081-ffff-ffff0000002b","ELEMENT":"00000000-0000-0081-ffff-ffff0000002b"}
&amp#27;[35m[HTTP]&amp#27;[39m &amp#27;[37m<-- POST /wd/hub/session/0e1a3d19-a8a6-43ff-92e0-47c63a57a010/element &amp#27;[39m&amp#27;[32m200&amp#27;[39m &amp#27;[90m222 ms - 137&amp#27;[39m
&amp#27;[35m[HTTP]&amp#27;[39m &amp#27;[90m&amp#27;[39m
&amp#27;[35m[HTTP]&amp#27;[39m &amp#27;[37m-->&amp#27;[39m &amp#27;[37mGET&amp#27;[39m &amp#27;[37m/wd/hub/session/0e1a3d19-a8a6-43ff-92e0-47c63a57a010/element/00000000-0000-0081-ffff-ffff0000002b/text&amp#27;[39m
&amp#27;[35m[HTTP]&amp#27;[39m &amp#27;[90m{}&amp#27;[39m
&amp#27;[35m[W3C (0e1a3d19)]&amp#27;[39m Driver proxy active, passing request on via HTTP proxy
[debug] &amp#27;[35m[WD Proxy]&amp#27;[39m Matched '/wd/hub/session/0e1a3d19-a8a6-43ff-92e0-47c63a57a010/element/00000000-0000-0081-ffff-ffff0000002b/text' to command name 'getText'
[debug] &amp#27;[35m[WD Proxy]&amp#27;[39m Proxying [GET /wd/hub/session/0e1a3d19-a8a6-43ff-92e0-47c63a57a010/element/00000000-0000-0081-ffff-ffff0000002b/text] to [GET http://127.0.0.1:8200/wd/hub/session/04edc72f-05bf-4a82-a354-501c51271413/element/00000000-0000-0081-ffff-ffff0000002b/text] with no body
[debug] &amp#27;[35m[WD Proxy]&amp#27;[39m Got response with status 200: {"sessionId":"04edc72f-05bf-4a82-a354-501c51271413","value":"App/Text-To-Speech"}
&amp#27;[35m[WD Proxy]&amp#27;[39m Replacing sessionId 04edc72f-05bf-4a82-a354-501c51271413 with 0e1a3d19-a8a6-43ff-92e0-47c63a57a010
&amp#27;[35m[HTTP]&amp#27;[39m &amp#27;[37m<-- GET /wd/hub/session/0e1a3d19-a8a6-43ff-92e0-47c63a57a010/element/00000000-0000-0081-ffff-ffff0000002b/text &amp#27;[39m&amp#27;[32m200&amp#27;[39m &amp#27;[90m18 ms - 81&amp#27;[39m
&amp#27;[35m[HTTP]&amp#27;[39m &amp#27;[90m&amp#27;[39m
&amp#27;[35m[HTTP]&amp#27;[39m &amp#27;[37m-->&amp#27;[39m &amp#27;[37mGET&amp#27;[39m &amp#27;[37m/wd/hub/session/0e1a3d19-a8a6-43ff-92e0-47c63a57a010/screenshot&amp#27;[39m
&amp#27;[35m[HTTP]&amp#27;[39m &amp#27;[90m{}&amp#27;[39m
[debug] &amp#27;[35m[W3C (0e1a3d19)]&amp#27;[39m Calling AppiumDriver.getScreenshot() with args: ["0e1a3d19-a8a6-43ff-92e0-47c63a57a010"]
[debug] &amp#27;[35m[WD Proxy]&amp#27;[39m Matched '/screenshot' to command name 'getScreenshot'
[debug] &amp#27;[35m[WD Proxy]&amp#27;[39m Proxying [GET /screenshot] to [GET http://127.0.0.1:8200/wd/hub/session/04edc72f-05bf-4a82-a354-501c51271413/screenshot] with no body
[debug] &amp#27;[35m[WD Proxy]&amp#27;[39m Got response with status 200: {"sessionId":"04edc72f-05bf-4a82-a354-501c51271413","value":"iVBORw0KGgoAAAANSUhEUgAABDgAAAeACAYAAAArYecKAAAABHNCSVQICAgIfAhkiAAAIABJREFU\neJzs3Xd0VNXaBvDnTEmvEJJQktBLEqq0IB0lQboEAupVCEUsIIgiiDQLH4KABURFxIt6xYAIKiU0\n6SAgXJUEJLQQQgkhjbTJtO+PrJlLmDPJzGRqeH5rse7NPvvsvc9kZsx5z97vFgBoQURERERERETk\nwiSOHgARERERERERUXUxwEFERERERERELo8BDiIiIiIiIiJyeQxwEBEREREREZHLY4CDiIiIiIiI\niFweAxxERERERERE5PIY4CAiIiIiIiIil8cABxERERERERG5PJmjB0D2IwgCvL29ERUVhbi4OAwY\nMABhYWGidbVaLVJSUrBlyxbs378fly9fRllZGbRarZ1HTURERERERFQ1AQDvWGswQRAAAC1atMD7\n77+PRx55BAAgkZg2eUcX0FCpVNi+fTvmzJmD3NxcBjqIiIiIiIjIqTzUAQ5BECCTySCTiU9k0Wq1\nUKlUUKlUdh6ZdQiCgCZNmmD79u3w8vIyOahRGbVajezsbDzyyCPQaDRWGKX9CYIAiUQCNzc3i87X\narUoKytzyevXXfuD1Gq1A0ZDRERERERkPQ/tEhXdco0OHTogKChItI5arcb169fx559/ulyQw9/f\nH+vWrUPnzp2tEtjQkUqlqFOnDrp27YqjR49arV17EQQB7u7uaN68OZo2bWpRG0qlEpcvX8adO3eQ\nk5Pj1O8NQRD0gTypVAqZTAZvb2/IZDIIggCtVgu1Wo2CggJoNBqo1WqoVCqXDN4QERGR9URFRcHP\nzw8FBQVISUlx9HCohsnOzjapnrH7NCJjHtoAh0wmQ4cOHbBhw4ZK612/fh3x8fG4du2anUZWPYIg\noHv37vjqq6/g7e1tsz5eeeUV...
[debug] &amp#27;[35m[W3C (0e1a3d19)]&amp#27;[39m Responding to client with driver.getScreenshot() result: "iVBORw0KGgoAAAANSUhEUgAABDgAAAeACAYAAAArYecKAAAABHNCSVQICAgIfAhkiAAAIABJREFU\neJzs3Xd0VNXaBvDnTEmvEJJQktBLEqq0IB0lQboEAupVCEUsIIgiiDQLH4KABURFxIt6xYAIKiU0\n6SAgXJUEJLQQQgkhjbTJtO+PrJlLmDPJzGRqeH5rse7NPvvsvc9kZsx5z97vFgBoQURERERERETk\nwiSOHgARERERERERUXUxwEFERERERERELo8BDiIiIiIiIiJyeQxwEBEREREREZHLY4CDiIiIiIiI\niFweAxxERERERERE5PIY4CAiIiIiIiIil8cABxERERERERG5PJmjB0D2IwgCvL29ERUVhbi4OAwY\nMABhYWGidbVaLVJSUrBlyxbs378fly9fRllZGbRarZ1HTURERERERFQ1AQDvWGswQRAAAC1atMD7\n77+PRx55BAAgkZg2eUcX0FCpVNi+fTvmzJmD3NxcBjqIiIiIiIjIqTzUAQ5BECCTySCTiU9k0Wq1\nUKlUUKlUdh6ZdQiCgCZNmmD79u3w8vIyOahRGbVajezsbDzyyCPQaDRWGKX9CYIAiUQCNzc3i87X\narUoKytzyevXXfuD1Gq1A0ZDRERERERkPQ/tEhXdco0OHTogKChItI5arcb169fx559/ulyQw9/f\nH+vWrUPnzp2tEtjQkUqlqFOnDrp27YqjR49arV17EQQB7u7uaN68OZo2bWpRG0qlEpcvX8adO3eQ\nk5Pj1O8NQRD0gTypVAqZTAZvb2/IZDIIggCtVgu1Wo2CggJoNBqo1WqoVCqXDN4QERGR9URFRcHP\nzw8FBQVISUlx9HCohsnOzjapnrH7NCJjHtoAh0wmQ4cOHbBhw4ZK612/fh3x8fG4du2anUZWPYIg\noHv37vjqq6/g7e1tsz5eeeUVHDt2TL9URXez7Mx0wY3OnTtj8eLFaNiwocVtKRQKHDp0CEuXLsXf\nf/9tvU...
&amp#27;[35m[HTTP]&amp#27;[39m &amp#27;[37m<-- GET /wd/hub/session/0e1a3d19-a8a6-43ff-92e0-47c63a57a010/screenshot &amp#27;[39m&amp#27;[32m200&amp#27;[39m &amp#27;[90m260 ms - 54170&amp#27;[39m
&amp#27;[35m[HTTP]&amp#27;[39m &amp#27;[90m&amp#27;[39m
&amp#27;[35m[HTTP]&amp#27;[39m &amp#27;[37m-->&amp#27;[39m &amp#27;[37mDELETE&amp#27;[39m &amp#27;[37m/wd/hub/session/0e1a3d19-a8a6-43ff-92e0-47c63a57a010&amp#27;[39m
&amp#27;[35m[HTTP]&amp#27;[39m &amp#27;[90m{}&amp#27;[39m
[debug] &amp#27;[35m[W3C (0e1a3d19)]&amp#27;[39m Calling AppiumDriver.deleteSession() with args: ["0e1a3d19-a8a6-43ff-92e0-47c63a57a010"]
[debug] &amp#27;[35m[BaseDriver]&amp#27;[39m Event 'quitSessionRequested' logged at 1647922753779 (09:49:13 GMT+0530 (India Standard Time))
&amp#27;[35m[Appium]&amp#27;[39m Removing session 0e1a3d19-a8a6-43ff-92e0-47c63a57a010 from our master session list
[debug] &amp#27;[35m[UiAutomator2]&amp#27;[39m Deleting UiAutomator2 session
[debug] &amp#27;[35m[UiAutomator2]&amp#27;[39m Deleting UiAutomator2 server session
[debug] &amp#27;[35m[WD Proxy]&amp#27;[39m Matched '/' to command name 'deleteSession'
[debug] &amp#27;[35m[WD Proxy]&amp#27;[39m Proxying [DELETE /] to [DELETE http://127.0.0.1:8200/wd/hub/session/04edc72f-05bf-4a82-a354-501c51271413] with no body
[debug] &amp#27;[35m[WD Proxy]&amp#27;[39m Got response with status 200: {"sessionId":"04edc72f-05bf-4a82-a354-501c51271413","value":null}
[debug] &amp#27;[35m[ADB]&amp#27;[39m Running 'C:\Users\namrotadutta\AppData\Local\Android\Sdk\platform-tools\adb.exe -P 5037 -s emulator-5554 shell am force-stop io.appium.android.apis'
[debug] &amp#27;[35m[Logcat]&amp#27;[39m Stopping logcat capture
[debug] &amp#27;[35m[ADB]&amp#27;[39m Removing forwarded port socket connection: 8200 
[debug] &amp#27;[35m[ADB]&amp#27;[39m Running 'C:\Users\namrotadutta\AppData\Local\Android\Sdk\platform-tools\adb.exe -P 5037 -s emulator-5554 forward --remove tcp:8200'
[debug] &amp#27;[35m[BaseDriver]&amp#27;[39m Event 'quitSessionFinished' logged at 1647922753972 (09:49:13 GMT+0530 (India Standard Time))
[debug] &amp#27;[35m[W3C (0e1a3d19)]&amp#27;[39m Received response: null
[debug] &amp#27;[35m[W3C (0e1a3d19)]&amp#27;[39m But deleting session, so not returning
[debug] &amp#27;[35m[W3C (0e1a3d19)]&amp#27;[39m Responding to client with driver.deleteSession() result: null
&amp#27;[35m[HTTP]&amp#27;[39m &amp#27;[37m<-- DELETE /wd/hub/session/0e1a3d19-a8a6-43ff-92e0-47c63a57a010 &amp#27;[39m&amp#27;[32m200&amp#27;[39m &amp#27;[90m195 ms - 14&amp#27;[39m
&amp#27;[35m[HTTP]&amp#27;[39m &amp#27;[90m&amp#27;[39m
]]></system-out>
    <system-err><![CDATA[Mar 22, 2022 9:49:09 AM io.appium.java_client.remote.AppiumCommandExecutor$1 lambda$0
INFO: Detected dialect: W3C
]]></system-err>
  </testcase>
</testsuite>