<?xml version="1.0" encoding="UTF-8"?>
<!-- Generated by org.testng.reporters.JUnitReportReporter -->
<testsuite skipped="0" hostname="IN-PG02NKED" name="com.Runner.Runner" tests="4" failures="0" timestamp="17 Mar 2022 06:55:06 GMT" time="59.817" errors="0">
  <testcase name="feature" time="21.915" classname="com.Runner.Runner"/>
  <testcase name="feature" time="14.111" classname="com.Runner.Runner"/>
  <testcase name="feature" time="11.091" classname="com.Runner.Runner"/>
  <testcase name="feature" time="12.700" classname="com.Runner.Runner"/>
</testsuite> <!-- com.Runner.Runner -->
