<?xml version="1.0" encoding="UTF-8"?>
<!-- Generated by org.testng.reporters.JUnitReportReporter -->
<testsuite skipped="0" hostname="IN-PG02NKED" name="com.stepDefinitions.newRunner" tests="1" failures="0" timestamp="09 Mar 2022 15:33:29 GMT" time="0.039" errors="0">
  <testcase name="feature" time="0.039" classname="com.stepDefinitions.newRunner"/>
</testsuite> <!-- com.stepDefinitions.newRunner -->
