<?xml version="1.0" encoding="UTF-8"?>
<!-- Generated by org.testng.reporters.JUnitReportReporter -->
<testsuite hostname="IN-PG02NKED" failures="0" tests="4" name="com.Runner.Runner" time="61.134" errors="0" timestamp="22 Mar 2022 12:02:23 GMT" skipped="0">
  <testcase classname="com.Runner.Runner" name="feature" time="11.373"/>
  <testcase classname="com.Runner.Runner" name="feature" time="22.194"/>
  <testcase classname="com.Runner.Runner" name="feature" time="10.767"/>
  <testcase classname="com.Runner.Runner" name="feature" time="16.800"/>
</testsuite> <!-- com.Runner.Runner -->
