<?xml version="1.0" encoding="UTF-8"?>
<!-- Generated by org.testng.reporters.JUnitReportReporter -->
<testsuite hostname="IN-PG02NKED" failures="0" tests="4" name="com.Runner.Runner" time="56.727" errors="0" timestamp="22 Mar 2022 07:01:49 GMT" skipped="0">
  <testcase classname="com.Runner.Runner" name="feature" time="20.835"/>
  <testcase classname="com.Runner.Runner" name="feature" time="10.408"/>
  <testcase classname="com.Runner.Runner" name="feature" time="14.120"/>
  <testcase classname="com.Runner.Runner" name="feature" time="11.364"/>
</testsuite> <!-- com.Runner.Runner -->
