<?xml version="1.0" encoding="UTF-8"?>
<!-- Generated by org.testng.reporters.JUnitReportReporter -->
<testsuite skipped="0" hostname="IN-PG02NKED" name="com.Runner.Runner" tests="4" failures="0" timestamp="22 Mar 2022 04:19:14 GMT" time="61.830" errors="0">
  <testcase name="feature" time="15.379" classname="com.Runner.Runner"/>
  <testcase name="feature" time="22.786" classname="com.Runner.Runner"/>
  <testcase name="feature" time="11.200" classname="com.Runner.Runner"/>
  <testcase name="feature" time="12.465" classname="com.Runner.Runner"/>
</testsuite> <!-- com.Runner.Runner -->
