<?xml version="1.0" encoding="UTF-8"?>
<!-- Generated by org.testng.reporters.JUnitReportReporter -->
<testsuite skipped="0" hostname="IN-PG02NKED" name="com.Runner.Runner" tests="4" failures="0" timestamp="17 Mar 2022 06:51:05 GMT" time="62.862" errors="0">
  <testcase name="feature" time="18.048" classname="com.Runner.Runner"/>
  <testcase name="feature" time="11.427" classname="com.Runner.Runner"/>
  <testcase name="feature" time="10.699" classname="com.Runner.Runner"/>
  <testcase name="feature" time="22.688" classname="com.Runner.Runner"/>
</testsuite> <!-- com.Runner.Runner -->
