<?xml version="1.0" encoding="UTF-8"?>
<!-- Generated by org.testng.reporters.JUnitReportReporter -->
<testsuite skipped="0" hostname="IN-PG02NKED" name="com.Runner.Runner" tests="4" failures="0" timestamp="22 Mar 2022 07:31:12 GMT" time="69.381" errors="0">
  <testcase name="feature" time="12.969" classname="com.Runner.Runner"/>
  <testcase name="feature" time="16.705" classname="com.Runner.Runner"/>
  <testcase name="feature" time="26.482" classname="com.Runner.Runner"/>
  <testcase name="feature" time="13.225" classname="com.Runner.Runner"/>
</testsuite> <!-- com.Runner.Runner -->
